==========================================
日めくりサービス体裁チェック開始: Fri May 29 01:00:06 JST 2026
バッチサイズ: 30件 / チャンクサイズ: 8件
==========================================
チェック対象: 30件
チャンク数: 4

--- チャンク 1/4: 8件  開始=01:00:23 ---
  [DELETE] _schedule_: name・shortName・category・description・triviaすべて空。serviceId自体がプレースホルダーで実サービスのエントリではない
  [FIX  ] svc-quicksight-48: descriptionとtriviaで複数特徴/事実が句点のみで区切られており\nが欠如 → 変更: description, trivia
  [FIX  ] svc-backup-54: descriptionとtriviaで複数特徴/事実が句点のみで区切られており\nが欠如 → 変更: description, trivia
  [FIX  ] svc-neptune-55: descriptionとtriviaで複数特徴/事実が句点のみで区切られており\nが欠如 → 変更: description, trivia
  [FIX  ] svc-kinesis-18: descriptionが143字で上限120字超過。triviaの複数事実にも\nが欠如 → 変更: description, trivia
  [FIX  ] svc-keyspaces-104: triviaの1番目と2番目の事実の間に\nが欠如 → 変更: trivia
  [FIX  ] svc-personalize-102: triviaの2番目と3番目の事実の間に\nが欠如 → 変更: trivia
  [FIX  ] svc-elasticache-20: descriptionとtriviaで複数特徴/事実が句点のみで区切られており\nが欠如 → 変更: description, trivia
  → 更新完了: OK=0 修正=7 削除=1
  終了=01:09:12  経過=529秒

--- チャンク 2/4: 8件  開始=01:09:12 ---
⚠️  チャンク 2 でエラー（exit 1）。このチャンクをスキップして続行
stderr: 
stdout: You've hit your session limit · resets 6am (Asia/Tokyo)

--- チャンク 3/4: 8件  開始=01:09:15 ---
⚠️  チャンク 3 でエラー（exit 1）。このチャンクをスキップして続行
stderr: 
stdout: You've hit your session limit · resets 6am (Asia/Tokyo)

--- チャンク 4/4: 6件  開始=01:09:17 ---
⚠️  チャンク 4 でエラー（exit 1）。このチャンクをスキップして続行
stderr: 
stdout: You've hit your session limit · resets 6am (Asia/Tokyo)

完了サマリー: 問題なし=0件 / 自動修正=7件 / 削除=1件

==========================================
チェック終了: Fri May 29 01:09:19 JST 2026
==========================================
