==========================================
問題自動生成 開始: Sun May 31 07:02:49 JST 2026
==========================================
対象資格: CLF SAA SAP DVA SOA DEA DOP AIF MLA GAI ANS SCS
問題数キャッシュを使用...
  CLF: 230問 (キャッシュ)
  SAA: 211問 (キャッシュ)
  SAP: 205問 (キャッシュ)
  DVA: 205問 (キャッシュ)
  SOA: 206問 (キャッシュ)
  DEA: 165問 (キャッシュ)
  DOP: 334問 (キャッシュ)
  AIF: 209問 (キャッシュ)
  MLA: 209問 (キャッシュ)
  GAI: 205問 (キャッシュ)
  ANS: 145問 (キャッシュ)
  SCS: 153問 (キャッシュ)
選択: ANS (現在145問 — 最少)
ドメイン数: 4  /  基本 5問/ドメイン（重み付きで配分）  /  合計予算 20問
開始ドメイン: [1] ネットワーク実装

--- Cognito 認証中 ---
✓ 認証完了

--- ドメイン別問題数を取得・割り当て計算中 ---
  ネットワーク実装: 34問
  ネットワーク管理と運用: 35問
  ネットワーク設計: 38問
  ネットワークのセキュリティ、コンプライアンス、ガバナンス: 38問

ドメイン別生成数（逆数重み付き割り当て）:
  8問 → ネットワーク実装 (現在34問)
  6問 → ネットワーク管理と運用 (現在35問)
  3問 → ネットワーク設計 (現在38問)
  3問 → ネットワークのセキュリティ、コンプライアンス、ガバナンス (現在38問)
  合計: 20問

--- [ネットワーク実装] 8問 生成中 (5問×2チャンク) --- 開始=07:03:22
  チャンク 1/2: 5問 生成中...
⚠️  レート制限を検出。残りをスキップ
出力: You've hit your session limit · resets 7:30am (Asia/Tokyo)
  🔒 レート制限ロックファイル記録: 2026-05-31 07:30 JST
  終了=07:03:24  経過=2秒

合計インポート: 0問 / 20問

--- 問題数キャッシュを再構築中（DynamoDBから正確な値を取得）---
  CLF: 230問
  SAA: 211問
  SAP: 205問
  DVA: 205問
  SOA: 206問
  DEA: 165問
  DOP: 334問
  AIF: 209問
  MLA: 209問
  GAI: 205問
  ANS: 145問
  SCS: 153問
キャッシュ更新完了
