==========================================
問題自動生成 開始: Fri Jun 19 11:40:49 JST 2026
==========================================
対象資格: CLF SAA SAP DVA SOA DEA DOP AIF MLA GAI ANS SCS
問題数キャッシュを使用...
  CLF: 253問 (キャッシュ)
  SAA: 245問 (キャッシュ)
  SAP: 243問 (キャッシュ)
  DVA: 252問 (キャッシュ)
  SOA: 251問 (キャッシュ)
  DEA: 242問 (キャッシュ)
  DOP: 349問 (キャッシュ)
  AIF: 246問 (キャッシュ)
  MLA: 249問 (キャッシュ)
  GAI: 245問 (キャッシュ)
  ANS: 243問 (キャッシュ)
  SCS: 240問 (キャッシュ)
選択: SCS (現在240問 — 最少)
ドメイン数: 6  /  基本 5問/ドメイン（重み付きで配分）  /  合計予算 30問
開始ドメイン: [5] セキュリティの基盤とガバナンス

--- Cognito 認証中 ---
✓ 認証完了

--- ドメイン別問題数を取得・割り当て計算中 ---
  データ保護: 36問
  インシデント対応: 38問
  検出: 40問
  セキュリティの基盤とガバナンス: 42問
  インフラストラクチャのセキュリティ: 42問
  アイデンティティとアクセス管理: 42問

ドメイン別生成数（逆数重み付き割り当て）:
  9問 → データ保護 (現在36問)
  7問 → インシデント対応 (現在38問)
  5問 → 検出 (現在40問)
  3問 → インフラストラクチャのセキュリティ (現在42問)
  3問 → アイデンティティとアクセス管理 (現在42問)
  3問 → セキュリティの基盤とガバナンス (現在42問)
  合計: 30問
処理順（問題数少ない順）: データ保護,インシデント対応,検出,アイデンティティとアクセス管理,インフラストラクチャのセキュリティ,セキュリティの基盤とガバナンス

--- [データ保護] 9問 生成中 (3問×3チャンク) --- 開始=11:41:22
  チャンク 1/3: 3問 生成中...
  抽出: 3問 → APIインポート中...
  ✓ チャンク1 インポート成功: 3件: scs-0bb93938, scs-d9572562, scs-66627ee9
  チャンク 2/3: 3問 生成中...
⚠️  レート制限を検出。残りをスキップ
出力: You've hit your session limit · resets 12pm (Asia/Tokyo)
  終了=11:48:15  経過=413秒

合計インポート: 0問 / 30問

--- 問題数キャッシュを再構築中（DynamoDBから正確な値を取得）---
  CLF: 253問
  SAA: 245問
  SAP: 243問
  DVA: 252問
  SOA: 251問
  DEA: 242問
  DOP: 349問
  AIF: 246問
  MLA: 249問
  GAI: 245問
  ANS: 243問
  SCS: 243問
キャッシュ更新完了
