==========================================
問題自動生成 開始: Thu Jun 18 23:15:23 JST 2026
==========================================
対象資格: CLF SAA SAP DVA SOA DEA DOP AIF MLA GAI ANS SCS
問題数キャッシュを使用...
  CLF: 253問 (キャッシュ)
  SAA: 245問 (キャッシュ)
  SAP: 243問 (キャッシュ)
  DVA: 239問 (キャッシュ)
  SOA: 239問 (キャッシュ)
  DEA: 242問 (キャッシュ)
  DOP: 349問 (キャッシュ)
  AIF: 246問 (キャッシュ)
  MLA: 249問 (キャッシュ)
  GAI: 245問 (キャッシュ)
  ANS: 239問 (キャッシュ)
  SCS: 240問 (キャッシュ)
選択: DVA (現在239問 — 最少)
ドメイン数: 4  /  基本 5問/ドメイン（重み付きで配分）  /  合計予算 20問
開始ドメイン: [2] デプロイ

--- Cognito 認証中 ---
✓ 認証完了

--- ドメイン別問題数を取得・割り当て計算中 ---
  デプロイ: 56問
  AWSのサービスを使用した開発: 61問
  セキュリティ: 61問
  トラブルシューティングと最適化: 61問

ドメイン別生成数（逆数重み付き割り当て）:
  9問 → デプロイ (現在56問)
  4問 → AWSのサービスを使用した開発 (現在61問)
  4問 → セキュリティ (現在61問)
  3問 → トラブルシューティングと最適化 (現在61問)
  合計: 20問
処理順（問題数少ない順）: デプロイ,AWSのサービスを使用した開発,セキュリティ,トラブルシューティングと最適化

--- [デプロイ] 9問 生成中 (5問×2チャンク) --- 開始=23:15:57
  チャンク 1/2: 5問 生成中...
  抽出: 5問 → APIインポート中...
  ✓ チャンク1 インポート成功: 5件: dva-0c155982, dva-68eec8b9, dva-ce806bf3...
  チャンク 2/2: 4問 生成中...
  抽出: 4問 → APIインポート中...
  ✓ チャンク2 インポート成功: 4件: dva-70d41e6c, dva-65d753e3, dva-6e9a11d8...
  [デプロイ] 合計 9/9問 インポート
  終了=23:29:47  経過=830秒

--- [AWSのサービスを使用した開発] 4問 生成中 --- 開始=23:29:47
  抽出: 4問 → APIインポート中...
  ✓ チャンク1 インポート成功: 4件: dva-14242093, dva-ac0b6d99, dva-ddefe608...
  [AWSのサービスを使用した開発] 合計 4/4問 インポート
  終了=23:35:53  経過=366秒

--- [セキュリティ] 4問 生成中 --- 開始=23:35:53
⚠️  レート制限を検出。残りをスキップ
出力: You've hit your session limit · resets 2am (Asia/Tokyo)
  終了=23:40:29  経過=276秒

合計インポート: 13問 / 20問

--- 問題数キャッシュを再構築中（DynamoDBから正確な値を取得）---
  CLF: 253問
  SAA: 245問
  SAP: 243問
  DVA: 252問
  SOA: 239問
  DEA: 242問
  DOP: 349問
  AIF: 246問
  MLA: 249問
  GAI: 245問
  ANS: 239問
  SCS: 240問
キャッシュ更新完了
