==========================================
問題自動生成 開始: Sat Jun 13 11:12:49 JST 2026
==========================================
対象資格: CLF SAA SAP DVA SOA DEA DOP AIF MLA GAI ANS SCS
問題数キャッシュを使用...
  CLF: 233問 (キャッシュ)
  SAA: 231問 (キャッシュ)
  SAP: 228問 (キャッシュ)
  DVA: 239問 (キャッシュ)
  SOA: 239問 (キャッシュ)
  DEA: 242問 (キャッシュ)
  DOP: 349問 (キャッシュ)
  AIF: 238問 (キャッシュ)
  MLA: 227問 (キャッシュ)
  GAI: 230問 (キャッシュ)
  ANS: 227問 (キャッシュ)
  SCS: 234問 (キャッシュ)
選択: MLA (現在227問 — 最少)
ドメイン数: 4  /  基本 5問/ドメイン（重み付きで配分）  /  合計予算 20問
開始ドメイン: [0] 機械学習のためのデータ準備

--- Cognito 認証中 ---
✓ 認証完了

--- ドメイン別問題数を取得・割り当て計算中 ---
  MLソリューションの監視、メンテナンス、セキュリティ: 46問
  機械学習のためのデータ準備: 55問
  MLモデルの開発: 57問
  MLワークフローのデプロイとオーケストレーション: 69問

ドメイン別生成数（逆数重み付き割り当て）:
  14問 → MLソリューションの監視、メンテナンス、セキュリティ (現在46問)
  4問 → 機械学習のためのデータ準備 (現在55問)
  2問 → MLモデルの開発 (現在57問)
  0問 → MLワークフローのデプロイとオーケストレーション (現在69問)
  合計: 20問

--- [機械学習のためのデータ準備] 4問 生成中 --- 開始=11:13:22
  抽出: 4問 → APIインポート中...
  ✓ チャンク1 インポート成功: 4件: mla-28d51f50, mla-f2a502df, mla-4ced5795...
  [機械学習のためのデータ準備] 合計 4/4問 インポート
  終了=11:22:14  経過=532秒

--- [MLモデルの開発] 2問 生成中 --- 開始=11:22:14
  抽出: 2問 → APIインポート中...
  ✓ チャンク1 インポート成功: 2件: mla-c1f29f55, mla-e8d20bb9
  [MLモデルの開発] 合計 2/2問 インポート
  終了=11:27:40  経過=326秒

--- [MLワークフローのデプロイとオーケストレーション] 0問 生成中 --- 開始=11:27:40
  [MLワークフローのデプロイとオーケストレーション] 合計 0/0問 インポート
  終了=11:27:40  経過=0秒

--- [MLソリューションの監視、メンテナンス、セキュリティ] 14問 生成中 (5問×3チャンク) --- 開始=11:27:40
  チャンク 1/3: 5問 生成中...
