==========================================
問題自動生成 開始: Fri May 22 17:15:12 JST 2026
==========================================
対象資格: CLF SAA SAP DVA SOA DOP AIF MLA GAI
各資格の問題数を取得中...
  CLF: 224問
  SAA: 203問
  SAP: 205問
  DVA: 205問
  SOA: 206問
  DOP: 334問
  AIF: 209問
  MLA: 209問
  GAI: 205問
選択: SAA (現在203問 — 最少)
ドメイン数: 4  /  基本 2問/ドメイン（重み付きで配分）  /  合計予算 8問
開始ドメイン: [2] 高性能なアーキテクチャの設計

--- Cognito 認証中 ---
✓ 認証完了

--- ドメイン別問題数を取得・割り当て計算中 ---
  コスト最適化されたアーキテクチャの設計: 40問
  高性能なアーキテクチャの設計: 51問
  弾力性に優れたアーキテクチャの設計: 52問
  セキュアなアーキテクチャの設計: 60問

ドメイン別生成数（逆数重み付き割り当て）:
  2問 → セキュアなアーキテクチャの設計 (現在60問)
  2問 → 弾力性に優れたアーキテクチャの設計 (現在52問)
  2問 → 高性能なアーキテクチャの設計 (現在51問)
  2問 → コスト最適化されたアーキテクチャの設計 (現在40問)
  合計: 8問

--- [高性能なアーキテクチャの設計] 2問 生成中 --- 開始=17:18:07
  抽出: 2問 → APIインポート中...
  ✓ チャンク1 インポート成功: 2件: saa-d629db07, saa-8f0338c5
  [高性能なアーキテクチャの設計] 合計 2/2問 インポート
  終了=17:19:28  経過=81秒

--- [コスト最適化されたアーキテクチャの設計] 2問 生成中 --- 開始=17:19:28
  抽出: 2問 → APIインポート中...
  ✓ チャンク1 インポート成功: 2件: saa-3fb0a6c3, saa-73269a70
  [コスト最適化されたアーキテクチャの設計] 合計 2/2問 インポート
  終了=17:21:42  経過=134秒

--- [セキュアなアーキテクチャの設計] 2問 生成中 --- 開始=17:21:42
  抽出: 2問 → APIインポート中...
  ✓ チャンク1 インポート成功: 2件: saa-f70a5888, saa-d49a8058
  [セキュアなアーキテクチャの設計] 合計 2/2問 インポート
  終了=17:23:52  経過=130秒

--- [弾力性に優れたアーキテクチャの設計] 2問 生成中 --- 開始=17:23:52
  抽出: 2問 → APIインポート中...
  ✓ チャンク1 インポート成功: 2件: saa-ec4f4bd4, saa-f3b23f03
  [弾力性に優れたアーキテクチャの設計] 合計 2/2問 インポート
  終了=17:25:58  経過=126秒

合計インポート: 8問 / 8問
インポート完了: SAA +8問

==========================================
完了: Fri May 22 17:25:58 JST 2026
==========================================
