==========================================
問題自動生成 開始: Wed May 20 11:30:49 JST 2026
==========================================
対象資格: CLF SAA SAP DVA SOA DOP AIF MLA GAI
各資格の問題数を取得中...
  CLF: 196問
  SAA: 203問
  SAP: 197問
  DVA: 205問
  SOA: 196問
  DOP: 259問
  AIF: 199問
  MLA: 199問
  GAI: 205問
選択: CLF (現在196問 — 最少)
ドメイン数: 4  /  基本 5問/ドメイン（重み付きで配分）  /  合計予算 20問
開始ドメイン: [0] クラウドの概念

--- Cognito 認証中 ---
✓ 認証完了

--- ドメイン別問題数を取得・割り当て計算中 ---
  クラウドの概念: 43問
  請求、料金、およびサポート: 44問
  セキュリティとコンプライアンス: 49問
  クラウドのテクノロジーとサービス: 60問

ドメイン別生成数（逆数重み付き割り当て）:
  6問 → クラウドの概念 (現在43問)
  5問 → セキュリティとコンプライアンス (現在49問)
  5問 → 請求、料金、およびサポート (現在44問)
  4問 → クラウドのテクノロジーとサービス (現在60問)
  合計: 20問

--- [クラウドの概念] 5問 生成中 --- 開始=11:33:46
抽出: 5問 → APIインポート中...
✓ [クラウドの概念] インポート成功: 5件: clf-3092915d, clf-5696b34e, clf-669362db...
  終了=11:36:56  経過=190秒

--- [セキュリティとコンプライアンス] 5問 生成中 --- 開始=11:36:56
抽出: 5問 → APIインポート中...
✓ [セキュリティとコンプライアンス] インポート成功: 5件: clf-80c3d811, clf-c18bfee3, clf-3902dad9...
  終了=11:39:40  経過=164秒

--- [クラウドのテクノロジーとサービス] 5問 生成中 --- 開始=11:39:40
抽出: 5問 → APIインポート中...
✓ [クラウドのテクノロジーとサービス] インポート成功: 5件: clf-d35ae3b9, clf-5153eee0, clf-0ca7da66...
  終了=11:41:27  経過=107秒

--- [請求、料金、およびサポート] 5問 生成中 --- 開始=11:41:27
抽出: 5問 → APIインポート中...
✓ [請求、料金、およびサポート] インポート成功: 5件: clf-6bd5e9a2, clf-0dc975a1, clf-b41a9482...
  終了=11:44:29  経過=182秒

合計インポート: 20問 / 20問
インポート完了: CLF +20問

==========================================
完了: Wed May 20 11:44:29 JST 2026
==========================================
