==========================================
問題自動生成 開始: Thu May 21 12:24:16 JST 2026
==========================================
対象資格: CLF SAA SAP DVA SOA DOP AIF MLA GAI
指定資格: DOP
ドメイン数: 6  /  基本 5問/ドメイン（重み付きで配分）  /  合計予算 30問
開始ドメイン: [5] セキュリティとコンプライアンス

--- Cognito 認証中 ---
✓ 認証完了

--- ドメイン別問題数を取得・割り当て計算中 ---
  インシデントとイベントへの対応: 21問
  セキュリティとコンプライアンス: 48問
  弾力性に優れたクラウドソリューション: 50問
  モニタリングとロギング: 51問
  SDLC の自動化: 57問
  構成管理と Infrastructure as Code (IaC): 59問

ドメイン別生成数（逆数重み付き割り当て）:
  10問 → インシデントとイベントへの対応 (現在21問)
  4問 → SDLC の自動化 (現在57問)
  4問 → 構成管理と Infrastructure as Code (IaC) (現在59問)
  4問 → 弾力性に優れたクラウドソリューション (現在50問)
  4問 → モニタリングとロギング (現在51問)
  4問 → セキュリティとコンプライアンス (現在48問)
  合計: 30問

--- [セキュリティとコンプライアンス] 5問 生成中 --- 開始=12:24:51
抽出: 5問 → APIインポート中...
✓ [セキュリティとコンプライアンス] インポート成功: 5件: dop-7a116bdf, dop-6ef2e74b, dop-2a639c15...
  終了=12:28:33  経過=223秒

--- [SDLC の自動化] 5問 生成中 --- 開始=12:28:33
抽出: 5問 → APIインポート中...
✓ [SDLC の自動化] インポート成功: 5件: dop-2fdfc046, dop-6b995132, dop-efc67da9...
  終了=12:31:22  経過=169秒

--- [構成管理と Infrastructure as Code (IaC)] 5問 生成中 --- 開始=12:31:22
抽出: 5問 → APIインポート中...
✓ [構成管理と Infrastructure as Code (IaC)] インポート成功: 5件: dop-b2d8a213, dop-33ee4e0d, dop-533f4e64...
  終了=12:39:06  経過=464秒

--- [弾力性に優れたクラウドソリューション] 5問 生成中 --- 開始=12:39:06
抽出: 5問 → APIインポート中...
✓ [弾力性に優れたクラウドソリューション] インポート成功: 5件: dop-afedb089, dop-3e90afa4, dop-4fb39acc...
  終了=12:46:35  経過=449秒

--- [モニタリングとロギング] 5問 生成中 --- 開始=12:46:35
⚠️  レート制限を検出。残りドメインをスキップ
出力: You've hit your session limit · resets 1pm (Asia/Tokyo)
  🔒 レート制限ロックファイル記録: 2026-05-21 13:00 JST
  終了=12:46:39  経過=4秒

合計インポート: 20問 / 30問
