==========================================
問題自動生成 開始: Mon Jun  8 16:54:02 JST 2026
==========================================
対象資格: CLF SAA SAP DVA SOA DEA DOP AIF MLA GAI ANS SCS
問題数キャッシュを使用...
  CLF: 233問 (キャッシュ)
  SAA: 211問 (キャッシュ)
  SAP: 228問 (キャッシュ)
  DVA: 224問 (キャッシュ)
  SOA: 213問 (キャッシュ)
  DEA: 214問 (キャッシュ)
  DOP: 349問 (キャッシュ)
  AIF: 238問 (キャッシュ)
  MLA: 227問 (キャッシュ)
  GAI: 217問 (キャッシュ)
  ANS: 227問 (キャッシュ)
  SCS: 210問 (キャッシュ)
選択: SCS (現在210問 — 最少)
ドメイン数: 6  /  基本 5問/ドメイン（重み付きで配分）  /  合計予算 30問
開始ドメイン: [0] 検出

--- Cognito 認証中 ---
✓ 認証完了

--- ドメイン別問題数を取得・割り当て計算中 ---
  インシデント対応: 32問
  検出: 34問
  データ保護: 36問
  セキュリティの基盤とガバナンス: 36問
  インフラストラクチャのセキュリティ: 36問
  アイデンティティとアクセス管理: 36問

ドメイン別生成数（逆数重み付き割り当て）:
  8問 → インシデント対応 (現在32問)
  6問 → 検出 (現在34問)
  4問 → インフラストラクチャのセキュリティ (現在36問)
  4問 → アイデンティティとアクセス管理 (現在36問)
  4問 → データ保護 (現在36問)
  4問 → セキュリティの基盤とガバナンス (現在36問)
  合計: 30問

--- [検出] 6問 生成中 (3問×2チャンク) --- 開始=16:54:45
  チャンク 1/2: 3問 生成中...
⚠️  レート制限を検出。残りをスキップ
出力: API Error: Unable to connect to API (FailedToOpenSocket)
  🔒 レート制限ロックファイル記録: 2026-06-08 23:02 JST
  終了=17:02:30  経過=465秒

合計インポート: 0問 / 30問

--- 問題数キャッシュを再構築中（DynamoDBから正確な値を取得）---
  CLF: 0問
  SAA: 0問
  SAP: 0問
  DVA: 0問
  SOA: 0問
  DEA: 0問
  DOP: 0問
  AIF: 0問
  MLA: 0問
  GAI: 0問
  ANS: 0問
  SCS: 0問
キャッシュ更新完了
