==========================================
問題自動生成 開始: Mon Jun  1 08:02:49 JST 2026
==========================================
対象資格: CLF SAA SAP DVA SOA DEA DOP AIF MLA GAI ANS SCS
問題数キャッシュを使用...
  CLF: 229問 (キャッシュ)
  SAA: 211問 (キャッシュ)
  SAP: 203問 (キャッシュ)
  DVA: 204問 (キャッシュ)
  SOA: 206問 (キャッシュ)
  DEA: 185問 (キャッシュ)
  DOP: 333問 (キャッシュ)
  AIF: 208問 (キャッシュ)
  MLA: 207問 (キャッシュ)
  GAI: 202問 (キャッシュ)
  ANS: 171問 (キャッシュ)
  SCS: 172問 (キャッシュ)
選択: ANS (現在171問 — 最少)
ドメイン数: 4  /  基本 5問/ドメイン（重み付きで配分）  /  合計予算 20問
開始ドメイン: [0] ネットワーク設計

--- Cognito 認証中 ---
✓ 認証完了

--- ドメイン別問題数を取得・割り当て計算中 ---
  ネットワーク設計: 38問
  ネットワークのセキュリティ、コンプライアンス、ガバナンス: 41問
  ネットワーク実装: 42問
  ネットワーク管理と運用: 50問

ドメイン別生成数（逆数重み付き割り当て）:
  9問 → ネットワーク設計 (現在38問)
  6問 → ネットワークのセキュリティ、コンプライアンス、ガバナンス (現在41問)
  5問 → ネットワーク実装 (現在42問)
  0問 → ネットワーク管理と運用 (現在50問)
  合計: 20問

--- [ネットワーク設計] 9問 生成中 (5問×2チャンク) --- 開始=08:03:22
  チャンク 1/2: 5問 生成中...
⚠️  レート制限を検出。残りをスキップ
出力: You've hit your session limit · resets 8:30am (Asia/Tokyo)
  🔒 レート制限ロックファイル記録: 2026-06-01 08:30 JST
  終了=08:03:25  経過=3秒

合計インポート: 0問 / 20問

--- 問題数キャッシュを再構築中（DynamoDBから正確な値を取得）---
  CLF: 229問
  SAA: 211問
  SAP: 203問
  DVA: 204問
  SOA: 206問
  DEA: 185問
  DOP: 333問
  AIF: 208問
  MLA: 207問
  GAI: 202問
  ANS: 171問
  SCS: 172問
キャッシュ更新完了
