==========================================
問題自動生成 開始: Sat Jun 13 16:10:49 JST 2026
==========================================
対象資格: CLF SAA SAP DVA SOA DEA DOP AIF MLA GAI ANS SCS
問題数キャッシュを使用...
  CLF: 233問 (キャッシュ)
  SAA: 231問 (キャッシュ)
  SAP: 228問 (キャッシュ)
  DVA: 239問 (キャッシュ)
  SOA: 239問 (キャッシュ)
  DEA: 242問 (キャッシュ)
  DOP: 349問 (キャッシュ)
  AIF: 238問 (キャッシュ)
  MLA: 233問 (キャッシュ)
  GAI: 230問 (キャッシュ)
  ANS: 227問 (キャッシュ)
  SCS: 234問 (キャッシュ)
選択: ANS (現在227問 — 最少)
ドメイン数: 4  /  基本 5問/ドメイン（重み付きで配分）  /  合計予算 20問
開始ドメイン: [1] ネットワーク実装

--- Cognito 認証中 ---
✓ 認証完了

--- ドメイン別問題数を取得・割り当て計算中 ---
  ネットワーク実装: 54問
  ネットワーク管理と運用: 55問
  ネットワークのセキュリティ、コンプライアンス、ガバナンス: 55問
  ネットワーク設計: 63問

ドメイン別生成数（逆数重み付き割り当て）:
  8問 → ネットワーク実装 (現在54問)
  6問 → ネットワーク管理と運用 (現在55問)
  6問 → ネットワークのセキュリティ、コンプライアンス、ガバナンス (現在55問)
  0問 → ネットワーク設計 (現在63問)
  合計: 20問
Traceback (most recent call last):
  File "<stdin>", line 3, in <module>
  File "/usr/lib/python3.12/json/__init__.py", line 293, in load
    return loads(fp.read(),
           ^^^^^^^^^^^^^^^^
  File "/usr/lib/python3.12/json/__init__.py", line 346, in loads
    return _default_decoder.decode(s)
           ^^^^^^^^^^^^^^^^^^^^^^^^^^
  File "/usr/lib/python3.12/json/decoder.py", line 340, in decode
    raise JSONDecodeError("Extra data", s, end)
json.decoder.JSONDecodeError: Extra data: line 1 column 359 (char 358)
処理順（問題数少ない順）: 

合計インポート: 0問 / 20問

--- 問題数キャッシュを再構築中（DynamoDBから正確な値を取得）---
  CLF: 233問
  SAA: 231問
  SAP: 228問
  DVA: 239問
  SOA: 239問
  DEA: 242問
  DOP: 349問
  AIF: 238問
  MLA: 233問
  GAI: 230問
  ANS: 227問
  SCS: 234問
キャッシュ更新完了

==========================================
完了: Sat Jun 13 16:14:30 JST 2026
==========================================
