==========================================
問題自動生成 開始: Sun May 24 01:00:08 JST 2026
==========================================
対象資格: CLF SAA SAP DVA SOA DEA DOP AIF MLA GAI ANS SCS
各資格の問題数を取得中...
  CLF: 229問
  SAA: 211問
  SAP: 205問
  DVA: 205問
  SOA: 206問
  DEA: 28問
  DOP: 334問
  AIF: 209問
  MLA: 209問
  GAI: 205問
  ANS: 8問
  SCS: 10問
選択: ANS (現在8問 — 最少)
ドメイン数: 4  /  基本 2問/ドメイン（重み付きで配分）  /  合計予算 8問
開始ドメイン: [0] ネットワーク設計

--- Cognito 認証中 ---
✓ 認証完了

--- ドメイン別問題数を取得・割り当て計算中 ---
  ネットワーク設計: 2問
  ネットワークのセキュリティ、コンプライアンス、ガバナンス: 2問
  ネットワーク管理と運用: 2問
  ネットワーク実装: 2問

ドメイン別生成数（逆数重み付き割り当て）:
  2問 → ネットワーク設計 (現在2問)
  2問 → ネットワーク実装 (現在2問)
  2問 → ネットワーク管理と運用 (現在2問)
  2問 → ネットワークのセキュリティ、コンプライアンス、ガバナンス (現在2問)
  合計: 8問

--- [ネットワーク設計] 2問 生成中 --- 開始=01:03:49
  抽出: 2問 → APIインポート中...
  ✓ チャンク1 インポート成功: 2件: ans-5016c947, ans-2b504127
  [ネットワーク設計] 合計 2/2問 インポート
  終了=01:06:51  経過=182秒

--- [ネットワーク実装] 2問 生成中 --- 開始=01:06:52
  抽出: 2問 → APIインポート中...
  ✓ チャンク1 インポート成功: 2件: ans-bb8085a4, ans-572bda00
  [ネットワーク実装] 合計 2/2問 インポート
  終了=01:09:14  経過=143秒

--- [ネットワーク管理と運用] 2問 生成中 --- 開始=01:09:14
  抽出: 2問 → APIインポート中...
  ✓ チャンク1 インポート成功: 2件: ans-21fa3173, ans-0cee916b
  [ネットワーク管理と運用] 合計 2/2問 インポート
  終了=01:12:41  経過=207秒

--- [ネットワークのセキュリティ、コンプライアンス、ガバナンス] 2問 生成中 --- 開始=01:12:41
  抽出: 2問 → APIインポート中...
  ✓ チャンク1 インポート成功: 2件: ans-8b8b420f, ans-d7196c63
  [ネットワークのセキュリティ、コンプライアンス、ガバナンス] 合計 2/2問 インポート
  終了=01:16:30  経過=229秒

合計インポート: 8問 / 8問
インポート完了: ANS +8問

==========================================
完了: Sun May 24 01:16:30 JST 2026
==========================================
