==========================================
問題自動生成 開始: Thu Jun 25 03:13:08 JST 2026
==========================================
対象資格: CLF SAA SAP DVA SOA DEA DOP AIF MLA AIP ANS SCS
問題数キャッシュを使用...
  CLF: 272問 (キャッシュ)
  SAA: 263問 (キャッシュ)
  SAP: 264問 (キャッシュ)
  DVA: 259問 (キャッシュ)
  SOA: 258問 (キャッシュ)
  DEA: 258問 (キャッシュ)
  DOP: 349問 (キャッシュ)
  AIF: 256問 (キャッシュ)
  MLA: 254問 (キャッシュ)
  AIP: 254問 (キャッシュ)
  ANS: 269問 (キャッシュ)
  SCS: 264問 (キャッシュ)
選択: MLA (現在254問 — 最少)
試験ガイドURL: https://aws.amazon.com/jp/certification/certified-machine-learning-engineer-associate/
ドメイン数: 4  /  基本 5問/ドメイン（重み付きで配分）  /  合計予算 20問
開始ドメイン: [0] 機械学習のためのデータ準備

--- Cognito 認証中 ---
✓ 認証完了

--- ドメイン別問題数を取得・割り当て計算中 ---
  機械学習のためのデータ準備: 59問
  MLソリューションの監視、メンテナンス、セキュリティ: 62問
  MLモデルの開発: 64問
  MLワークフローのデプロイとオーケストレーション: 69問

ドメイン別生成数（逆数重み付き割り当て）:
  10問 → 機械学習のためのデータ準備 (現在59問)
  6問 → MLソリューションの監視、メンテナンス、セキュリティ (現在62問)
  4問 → MLモデルの開発 (現在64問)
  0問 → MLワークフローのデプロイとオーケストレーション (現在69問)
  合計: 20問
処理順（問題数少ない順）: 機械学習のためのデータ準備,MLソリューションの監視、メンテナンス、セキュリティ,MLモデルの開発,MLワークフローのデプロイとオーケストレーション

--- [機械学習のためのデータ準備] 10問 生成中 (5問×2チャンク) --- 開始=03:13:45
  チャンク 1/2: 5問 生成中...
  抽出: 5問 → APIインポート中...
  ✓ チャンク1 インポート成功: 5件: mla-5b8536b3, mla-2bdacd56, mla-58c923b7...
  チャンク 2/2: 5問 生成中...
  抽出: 5問 → APIインポート中...
  ✓ チャンク2 インポート成功: 5件: mla-34b3a983, mla-69d29a10, mla-c717f901...
  [機械学習のためのデータ準備] 合計 10/10問 インポート
  終了=03:29:31  経過=946秒

--- [MLソリューションの監視、メンテナンス、セキュリティ] 6問 生成中 --- 開始=03:29:31
  抽出: 6問 → APIインポート中...
  ✓ チャンク1 インポート成功: 6件: mla-c0267e92, mla-880af1dc, mla-ecd805ab...
  [MLソリューションの監視、メンテナンス、セキュリティ] 合計 6/6問 インポート
  終了=03:45:52  経過=981秒

--- [MLモデルの開発] 4問 生成中 --- 開始=03:45:52
  抽出: 4問 → APIインポート中...
  ✓ チャンク1 インポート成功: 4件: mla-05b2285f, mla-332d243f, mla-f8fa093d...
  [MLモデルの開発] 合計 4/4問 インポート
  終了=03:51:30  経過=338秒

--- [MLワークフローのデプロイとオーケストレーション] 0問 生成中 --- 開始=03:51:30
  [MLワークフローのデプロイとオーケストレーション] 合計 0/0問 インポート
  終了=03:51:30  経過=0秒

合計インポート: 20問 / 20問

--- 問題数キャッシュを再構築中（DynamoDBから正確な値を取得）---
  CLF: 272問
  SAA: 263問
  SAP: 264問
  DVA: 259問
  SOA: 258問
  DEA: 258問
  DOP: 349問
  AIF: 256問
  MLA: 274問
  AIP: 254問
  ANS: 269問
  SCS: 264問
キャッシュ更新完了
インポート完了: MLA +20問
✓ Cloudflare Pages 再ビルドを 05:54 にスケジュールしました

==========================================
完了: Thu Jun 25 03:54:40 JST 2026
==========================================
