==========================================
問題自動生成 開始: Fri May 29 20:00:49 JST 2026
==========================================
対象資格: CLF SAA SAP DVA SOA DEA DOP AIF MLA GAI ANS SCS
問題数キャッシュを使用...
  CLF: 230問 (キャッシュ)
  SAA: 211問 (キャッシュ)
  SAP: 205問 (キャッシュ)
  DVA: 205問 (キャッシュ)
  SOA: 206問 (キャッシュ)
  DEA: 116問 (キャッシュ)
  DOP: 334問 (キャッシュ)
  AIF: 209問 (キャッシュ)
  MLA: 209問 (キャッシュ)
  GAI: 205問 (キャッシュ)
  ANS: 117問 (キャッシュ)
  SCS: 114問 (キャッシュ)
選択: SCS (現在114問 — 最少)
ドメイン数: 6  /  基本 5問/ドメイン（重み付きで配分）  /  合計予算 30問
開始ドメイン: [3] アイデンティティとアクセス管理

--- Cognito 認証中 ---
✓ 認証完了

--- ドメイン別問題数を取得・割り当て計算中 ---
  データ保護: 16問
  アイデンティティとアクセス管理: 16問
  インシデント対応: 20問
  インフラストラクチャのセキュリティ: 20問
  検出: 21問
  セキュリティの基盤とガバナンス: 21問

ドメイン別生成数（逆数重み付き割り当て）:
  8問 → アイデンティティとアクセス管理 (現在16問)
  8問 → データ保護 (現在16問)
  4問 → インシデント対応 (現在20問)
  4問 → インフラストラクチャのセキュリティ (現在20問)
  3問 → 検出 (現在21問)
  3問 → セキュリティの基盤とガバナンス (現在21問)
  合計: 30問

--- [アイデンティティとアクセス管理] 8問 生成中 (5問×2チャンク) --- 開始=20:01:22
  チャンク 1/2: 5問 生成中...
  抽出: 5問 → APIインポート中...
  ✓ チャンク1 インポート成功: 5件: scs-87a8e0b9, scs-0a3e98a5, scs-552bbf5a...
  チャンク 2/2: 3問 生成中...
  抽出: 3問 → APIインポート中...
  ✓ チャンク2 インポート成功: 3件: scs-cfcd9e3f, scs-be702fff, scs-a6f4db63
  [アイデンティティとアクセス管理] 合計 8/8問 インポート
  終了=20:10:21  経過=539秒

--- [データ保護] 8問 生成中 (5問×2チャンク) --- 開始=20:10:21
  チャンク 1/2: 5問 生成中...
  抽出: 5問 → APIインポート中...
  ✓ チャンク1 インポート成功: 5件: scs-7f672362, scs-e410c46a, scs-586b4d75...
  チャンク 2/2: 3問 生成中...
⚠️  レート制限を検出。残りをスキップ
出力: You've hit your session limit · resets 8:30pm (Asia/Tokyo)
  🔒 レート制限ロックファイル記録: 2026-05-29 20:30 JST
  終了=20:14:41  経過=260秒

合計インポート: 8問 / 30問

--- 問題数キャッシュを再構築中（DynamoDBから正確な値を取得）---
  CLF: 230問
  SAA: 211問
  SAP: 205問
  DVA: 205問
  SOA: 206問
  DEA: 116問
  DOP: 334問
  AIF: 209問
  MLA: 209問
  GAI: 205問
  ANS: 117問
  SCS: 127問
キャッシュ更新完了
