==========================================
問題自動生成 開始: Wed Jun 17 00:00:08 JST 2026
==========================================
対象資格: CLF SAA SAP DVA SOA DEA DOP AIF MLA GAI ANS SCS
問題数キャッシュを使用...
  CLF: 253問 (キャッシュ)
  SAA: 245問 (キャッシュ)
  SAP: 237問 (キャッシュ)
  DVA: 239問 (キャッシュ)
  SOA: 239問 (キャッシュ)
  DEA: 242問 (キャッシュ)
  DOP: 349問 (キャッシュ)
  AIF: 238問 (キャッシュ)
  MLA: 249問 (キャッシュ)
  GAI: 235問 (キャッシュ)
  ANS: 239問 (キャッシュ)
  SCS: 240問 (キャッシュ)
選択: GAI (現在235問 — 最少)
ドメイン数: 5  /  基本 5問/ドメイン（重み付きで配分）  /  合計予算 25問
開始ドメイン: [2] AIの安全性、セキュリティ、ガバナンス

--- Cognito 認証中 ---
✓ 認証完了

--- ドメイン別問題数を取得・割り当て計算中 ---
  テスト、検証、トラブルシューティング: 37問
  基盤モデルの統合、データ管理、コンプライアンス: 44問
  AIの安全性、セキュリティ、ガバナンス: 45問
  生成AIアプリケーションの運用効率と最適化: 50問
  実装と統合: 59問

ドメイン別生成数（逆数重み付き割り当て）:
  14問 → テスト、検証、トラブルシューティング (現在37問)
  6問 → 基盤モデルの統合、データ管理、コンプライアンス (現在44問)
  5問 → AIの安全性、セキュリティ、ガバナンス (現在45問)
  0問 → 実装と統合 (現在59問)
  0問 → 生成AIアプリケーションの運用効率と最適化 (現在50問)
  合計: 25問
処理順（問題数少ない順）: テスト、検証、トラブルシューティング,基盤モデルの統合、データ管理、コンプライアンス,AIの安全性、セキュリティ、ガバナンス,実装と統合,生成AIアプリケーションの運用効率と最適化

--- [テスト、検証、トラブルシューティング] 14問 生成中 (5問×3チャンク) --- 開始=00:00:41
  チャンク 1/3: 5問 生成中...
  抽出: 5問 → APIインポート中...
  ✓ チャンク1 インポート成功: 5件: gai-84b00143, gai-a7d39f57, gai-0730900e...
  チャンク 2/3: 5問 生成中...
  抽出: 5問 → APIインポート中...
  ✓ チャンク2 インポート成功: 5件: gai-dccd8193, gai-e0bd3d1f, gai-df52bde4...
  チャンク 3/3: 4問 生成中...
⚠️  レート制限を検出。残りをスキップ
出力: You've hit your session limit · resets 5am (Asia/Tokyo)
  終了=00:23:16  経過=1355秒

合計インポート: 0問 / 25問

--- 問題数キャッシュを再構築中（DynamoDBから正確な値を取得）---
  CLF: 253問
  SAA: 245問
  SAP: 237問
  DVA: 239問
  SOA: 239問
  DEA: 242問
  DOP: 349問
  AIF: 238問
  MLA: 249問
  GAI: 245問
  ANS: 239問
  SCS: 240問
キャッシュ更新完了
