==========================================
問題自動生成 開始: Tue Jun 23 01:50:49 JST 2026
==========================================
対象資格: CLF SAA SAP DVA SOA DEA DOP AIF MLA AIP ANS SCS
問題数キャッシュを使用...
  CLF: 253問 (キャッシュ)
  SAA: 263問 (キャッシュ)
  SAP: 253問 (キャッシュ)
  DVA: 252問 (キャッシュ)
  SOA: 251問 (キャッシュ)
  DEA: 251問 (キャッシュ)
  DOP: 349問 (キャッシュ)
  AIF: 256問 (キャッシュ)
  MLA: 254問 (キャッシュ)
  AIP: 254問 (キャッシュ)
  ANS: 269問 (キャッシュ)
  SCS: 264問 (キャッシュ)
選択: SOA (現在251問 — 最少)
試験ガイドURL: https://aws.amazon.com/jp/certification/certified-sysops-admin-associate/
ドメイン数: 5  /  基本 5問/ドメイン（重み付きで配分）  /  合計予算 25問
開始ドメイン: [4] ネットワークとコンテンツ配信

--- Cognito 認証中 ---
✓ 認証完了

--- ドメイン別問題数を取得・割り当て計算中 ---
  デプロイ、プロビジョニング、および自動化: 49問
  モニタリング、ロギング、分析、修復、およびパフォーマンスの最適化: 49問
  信頼性とビジネス継続性: 50問
  ネットワークとコンテンツ配信: 50問
  セキュリティとコンプライアンス: 53問

ドメイン別生成数（逆数重み付き割り当て）:
  7問 → モニタリング、ロギング、分析、修復、およびパフォーマンスの最適化 (現在49問)
  6問 → デプロイ、プロビジョニング、および自動化 (現在49問)
  5問 → 信頼性とビジネス継続性 (現在50問)
  5問 → ネットワークとコンテンツ配信 (現在50問)
  2問 → セキュリティとコンプライアンス (現在53問)
  合計: 25問
処理順（問題数少ない順）: モニタリング、ロギング、分析、修復、およびパフォーマンスの最適化,デプロイ、プロビジョニング、および自動化,ネットワークとコンテンツ配信,信頼性とビジネス継続性,セキュリティとコンプライアンス

--- [モニタリング、ロギング、分析、修復、およびパフォーマンスの最適化] 7問 生成中 (3問×2チャンク) --- 開始=01:51:22
  チャンク 1/2: 4問 生成中...
⚠️  レート制限を検出。残りをスキップ
出力: You've hit your session limit · resets 2:10am (Asia/Tokyo)
  終了=01:51:24  経過=2秒

合計インポート: 0問 / 25問

--- 問題数キャッシュを再構築中（DynamoDBから正確な値を取得）---
  CLF: 253問
  SAA: 263問
  SAP: 253問
  DVA: 252問
  SOA: 251問
  DEA: 251問
  DOP: 349問
  AIF: 256問
  MLA: 254問
  AIP: 254問
  ANS: 269問
  SCS: 264問
キャッシュ更新完了
