==========================================
問題自動生成 開始: Sat Jun  6 16:50:32 JST 2026
==========================================
対象資格: CLF SAA SAP DVA SOA DEA DOP AIF MLA GAI ANS SCS
指定資格: CLF
対象ドメイン: クラウドの概念  /  2問

--- Cognito 認証中 ---
✓ 認証完了

--- ドメイン別問題数を取得・割り当て計算中 ---
  請求、料金、およびサポート: 52問
  セキュリティとコンプライアンス: 54問
  クラウドの概念: 58問
  クラウドのテクノロジーとサービス: 67問

--- [クラウドの概念] 2問 生成中 --- 開始=16:51:17
  抽出: 2問 → APIインポート中...
  ✓ チャンク1 インポート成功: 2件: clf-c4e60f08, clf-eccc2d88
  [クラウドの概念] 合計 2/2問 インポート
  終了=16:55:35  経過=258秒

合計インポート: 2問 / 2問

--- 問題数キャッシュを再構築中（DynamoDBから正確な値を取得）---
  CLF: 233問
  SAA: 211問
  SAP: 204問
  DVA: 204問
  SOA: 206問
  DEA: 214問
  DOP: 333問
  AIF: 238問
  MLA: 207問
  GAI: 217問
  ANS: 206問
  SCS: 210問
キャッシュ更新完了
インポート完了: CLF +2問

==========================================
完了: Sat Jun  6 16:59:48 JST 2026
==========================================
