⏰ デッドライン: 23:30 JST (epoch=1781361000)
==========================================
==========================================
問題自動生成 開始: Sat Jun 13 18:17:58 JST 2026
問題自動生成 開始: Sat Jun 13 18:17:58 JST 2026
==========================================
==========================================
対象資格: CLF SAA SAP DVA SOA DEA DOP AIF MLA GAI ANS SCS
対象資格: CLF SAA SAP DVA SOA DEA DOP AIF MLA GAI ANS SCS
問題数キャッシュを使用...
問題数キャッシュを使用...
  CLF: 233問 (キャッシュ)
  SAA: 231問 (キャッシュ)
  SAP: 228問 (キャッシュ)
  DVA: 239問 (キャッシュ)
  SOA: 239問 (キャッシュ)
  DEA: 242問 (キャッシュ)
  DOP: 349問 (キャッシュ)
  AIF: 238問 (キャッシュ)
  MLA: 233問 (キャッシュ)
  GAI: 230問 (キャッシュ)
  ANS: 227問 (キャッシュ)
  SCS: 234問 (キャッシュ)
  CLF: 233問 (キャッシュ)
  SAA: 231問 (キャッシュ)
  SAP: 228問 (キャッシュ)
  DVA: 239問 (キャッシュ)
  SOA: 239問 (キャッシュ)
  DEA: 242問 (キャッシュ)
  DOP: 349問 (キャッシュ)
  AIF: 238問 (キャッシュ)
  MLA: 233問 (キャッシュ)
  GAI: 230問 (キャッシュ)
  ANS: 227問 (キャッシュ)
  SCS: 234問 (キャッシュ)
選択: ANS (現在227問 — 最少)
選択: ANS (現在227問 — 最少)
ドメイン数: 4  /  基本 5問/ドメイン（重み付きで配分）  /  合計予算 20問
ドメイン数: 4  /  基本 5問/ドメイン（重み付きで配分）  /  合計予算 20問
開始ドメイン: [1] ネットワーク実装
開始ドメイン: [1] ネットワーク実装


--- Cognito 認証中 ---
--- Cognito 認証中 ---
✓ 認証完了

✓ 認証完了

--- ドメイン別問題数を取得・割り当て計算中 ---
--- ドメイン別問題数を取得・割り当て計算中 ---
  ネットワーク実装: 54問
  ネットワーク管理と運用: 55問
  ネットワークのセキュリティ、コンプライアンス、ガバナンス: 55問
  ネットワーク設計: 63問
  ネットワーク実装: 54問
  ネットワーク管理と運用: 55問
  ネットワークのセキュリティ、コンプライアンス、ガバナンス: 55問
  ネットワーク設計: 63問

ドメイン別生成数（逆数重み付き割り当て）:

ドメイン別生成数（逆数重み付き割り当て）:
  8問 → ネットワーク実装 (現在54問)
  6問 → ネットワーク管理と運用 (現在55問)
  6問 → ネットワークのセキュリティ、コンプライアンス、ガバナンス (現在55問)
  0問 → ネットワーク設計 (現在63問)
  合計: 20問
  8問 → ネットワーク実装 (現在54問)
  6問 → ネットワーク管理と運用 (現在55問)
  6問 → ネットワークのセキュリティ、コンプライアンス、ガバナンス (現在55問)
  0問 → ネットワーク設計 (現在63問)
  合計: 20問
処理順（問題数少ない順）: ネットワーク実装,ネットワークのセキュリティ、コンプライアンス、ガバナンス,ネットワーク管理と運用,ネットワーク設計
処理順（問題数少ない順）: ネットワーク実装,ネットワークのセキュリティ、コンプライアンス、ガバナンス,ネットワーク管理と運用,ネットワーク設計


--- [ネットワーク実装] 8問 生成中 (2問×4チャンク) --- 開始=18:18:34
--- [ネットワーク実装] 8問 生成中 (2問×4チャンク) --- 開始=18:18:34
  チャンク 1/4: 2問 生成中...
  チャンク 1/4: 2問 生成中...
