==========================================
問題自動生成 開始: Thu May 21 03:00:09 JST 2026
==========================================
対象資格: CLF SAA SAP DVA SOA DOP AIF MLA GAI
各資格の問題数を取得中...
  CLF: 216問
  SAA: 203問
  SAP: 205問
  DVA: 205問
  SOA: 206問
  DOP: 279問
  AIF: 199問
  MLA: 199問
  GAI: 205問
選択: AIF (現在199問 — 最少)
ドメイン数: 5  /  基本 2問/ドメイン（重み付きで配分）  /  合計予算 10問
開始ドメイン: [0] AIとMLの基礎

--- Cognito 認証中 ---
✓ 認証完了

--- ドメイン別問題数を取得・割り当て計算中 ---
  AIソリューションのセキュリティ、コンプライアンス、ガバナンス: 37問
  生成AIの基礎: 39問
  基盤モデルのアプリケーション: 40問
  AIとMLの基礎: 40問
  責任あるAIのガイドライン: 43問

ドメイン別生成数（逆数重み付き割り当て）:
  2問 → AIとMLの基礎 (現在40問)
  2問 → 生成AIの基礎 (現在39問)
  2問 → 基盤モデルのアプリケーション (現在40問)
  2問 → 責任あるAIのガイドライン (現在43問)
  2問 → AIソリューションのセキュリティ、コンプライアンス、ガバナンス (現在37問)
  合計: 10問

--- [AIとMLの基礎] 2問 生成中 --- 開始=03:03:03
抽出: 2問 → APIインポート中...
✓ [AIとMLの基礎] インポート成功: 2件: aif-cc0eac11, aif-076ff203
  終了=03:05:34  経過=151秒

--- [生成AIの基礎] 2問 生成中 --- 開始=03:05:34
抽出: 2問 → APIインポート中...
✓ [生成AIの基礎] インポート成功: 2件: aif-b8e97ae3, aif-4ef71795
  終了=03:07:35  経過=121秒

--- [基盤モデルのアプリケーション] 2問 生成中 --- 開始=03:07:35
抽出: 2問 → APIインポート中...
✓ [基盤モデルのアプリケーション] インポート成功: 2件: aif-38b3cbe4, aif-32a978a8
  終了=03:09:48  経過=133秒

--- [責任あるAIのガイドライン] 2問 生成中 --- 開始=03:09:48
抽出: 2問 → APIインポート中...
✓ [責任あるAIのガイドライン] インポート成功: 2件: aif-d753b0dd, aif-7bb28b42
  終了=03:13:08  経過=200秒

--- [AIソリューションのセキュリティ、コンプライアンス、ガバナンス] 2問 生成中 --- 開始=03:13:08
抽出: 2問 → APIインポート中...
✓ [AIソリューションのセキュリティ、コンプライアンス、ガバナンス] インポート成功: 2件: aif-dcf8a630, aif-0f4bfcb0
  終了=03:15:11  経過=123秒

合計インポート: 10問 / 10問
インポート完了: AIF +10問

==========================================
完了: Thu May 21 03:15:11 JST 2026
==========================================
