==========================================
問題自動生成 開始: Wed Jun 24 13:40:00 JST 2026
==========================================
対象資格: CLF SAA SAP DVA SOA DEA DOP AIF MLA AIP ANS SCS
問題数キャッシュを使用...
  CLF: 272問 (キャッシュ)
  SAA: 263問 (キャッシュ)
  SAP: 253問 (キャッシュ)
  DVA: 259問 (キャッシュ)
  SOA: 258問 (キャッシュ)
  DEA: 258問 (キャッシュ)
  DOP: 349問 (キャッシュ)
  AIF: 256問 (キャッシュ)
  MLA: 254問 (キャッシュ)
  AIP: 254問 (キャッシュ)
  ANS: 269問 (キャッシュ)
  SCS: 264問 (キャッシュ)
選択: SAP (現在253問 — 最少)
試験ガイドURL: https://aws.amazon.com/jp/certification/certified-solutions-architect-professional/
ドメイン数: 4  /  基本 5問/ドメイン（重み付きで配分）  /  合計予算 20問
開始ドメイン: [1] 新しいソリューションのための設計

--- Cognito 認証中 ---
✓ 認証完了

--- ドメイン別問題数を取得・割り当て計算中 ---
  新しいソリューションのための設計: 60問
  ワークロードの移行とモダン化の加速: 60問
  既存のソリューションの継続的改善: 63問
  組織の複雑さに対応する設計: 70問

ドメイン別生成数（逆数重み付き割り当て）:
  8問 → 新しいソリューションのための設計 (現在60問)
  8問 → ワークロードの移行とモダン化の加速 (現在60問)
  4問 → 既存のソリューションの継続的改善 (現在63問)
  0問 → 組織の複雑さに対応する設計 (現在70問)
  合計: 20問
処理順（問題数少ない順）: ワークロードの移行とモダン化の加速,新しいソリューションのための設計,既存のソリューションの継続的改善,組織の複雑さに対応する設計

--- [ワークロードの移行とモダン化の加速] 8問 生成中 (3問×3チャンク) --- 開始=13:40:40
  チャンク 1/3: 3問 生成中...
  抽出: 3問 → APIインポート中...
  ✓ チャンク1 インポート成功: 3件: sap-36c290c5, sap-2b83cf6c, sap-54125e7d
  チャンク 2/3: 3問 生成中...
  抽出: 3問 → APIインポート中...
  ✓ チャンク2 インポート成功: 3件: sap-d8473feb, sap-dcbbe9b5, sap-54e1317b
  チャンク 3/3: 2問 生成中...
  抽出: 2問 → APIインポート中...
  ✓ チャンク3 インポート成功: 2件: sap-3c4f2e3b, sap-fb175801
  [ワークロードの移行とモダン化の加速] 合計 8/8問 インポート
  終了=14:01:20  経過=1240秒

--- [新しいソリューションのための設計] 8問 生成中 (3問×3チャンク) --- 開始=14:01:20
  チャンク 1/3: 3問 生成中...
  抽出: 3問 → APIインポート中...
  ✓ チャンク1 インポート成功: 3件: sap-2f5ae29a, sap-7e85b7fb, sap-683a11b8
  チャンク 2/3: 3問 生成中...
⚠️  レート制限を検出。残りをスキップ
出力: You've hit your session limit · resets 6:10pm (Asia/Tokyo)
  終了=14:10:33  経過=553秒

合計インポート: 8問 / 20問

--- 問題数キャッシュを再構築中（DynamoDBから正確な値を取得）---
  CLF: 272問
  SAA: 263問
  SAP: 264問
  DVA: 259問
  SOA: 258問
  DEA: 258問
  DOP: 349問
  AIF: 256問
  MLA: 254問
  AIP: 254問
  ANS: 269問
  SCS: 264問
キャッシュ更新完了
