==========================================
問題自動生成 開始: Sat Jun  6 23:30:56 JST 2026
==========================================
対象資格: CLF SAA SAP DVA SOA DEA DOP AIF MLA GAI ANS SCS
問題数キャッシュを使用...
  CLF: 233問 (キャッシュ)
  SAA: 211問 (キャッシュ)
  SAP: 208問 (キャッシュ)
  DVA: 204問 (キャッシュ)
  SOA: 206問 (キャッシュ)
  DEA: 214問 (キャッシュ)
  DOP: 333問 (キャッシュ)
  AIF: 238問 (キャッシュ)
  MLA: 207問 (キャッシュ)
  GAI: 217問 (キャッシュ)
  ANS: 206問 (キャッシュ)
  SCS: 210問 (キャッシュ)
選択: DVA (現在204問 — 最少)
ドメイン数: 4  /  基本 5問/ドメイン（重み付きで配分）  /  合計予算 20問
開始ドメイン: [3] トラブルシューティングと最適化

--- Cognito 認証中 ---
✓ 認証完了

--- ドメイン別問題数を取得・割り当て計算中 ---
  トラブルシューティングと最適化: 45問
  デプロイ: 50問
  AWSのサービスを使用した開発: 54問
  セキュリティ: 55問

ドメイン別生成数（逆数重み付き割り当て）:
  11問 → トラブルシューティングと最適化 (現在45問)
  6問 → デプロイ (現在50問)
  2問 → AWSのサービスを使用した開発 (現在54問)
  1問 → セキュリティ (現在55問)
  合計: 20問

--- [トラブルシューティングと最適化] 11問 生成中 (5問×3チャンク) --- 開始=23:31:40
  チャンク 1/3: 5問 生成中...
  抽出: 5問 → APIインポート中...
  ✓ チャンク1 インポート成功: 5件: dva-8594b30b, dva-39fde7d5, dva-0b4d51aa...
  チャンク 2/3: 5問 生成中...
  抽出: 5問 → APIインポート中...
  ✓ チャンク2 インポート成功: 5件: dva-c5c7fac5, dva-8ef332b5, dva-c67c085f...
  チャンク 3/3: 1問 生成中...
  抽出: 1問 → APIインポート中...
  ✓ チャンク3 インポート成功: 1件: dva-07408e8c
  [トラブルシューティングと最適化] 合計 11/11問 インポート
  終了=00:03:04  経過=1884秒

--- [AWSのサービスを使用した開発] 2問 生成中 --- 開始=00:03:04
  抽出: 2問 → APIインポート中...
  ✓ チャンク1 インポート成功: 2件: dva-077a1b07, dva-8db144a5
  [AWSのサービスを使用した開発] 合計 2/2問 インポート
  終了=00:08:28  経過=324秒

--- [セキュリティ] 1問 生成中 --- 開始=00:08:28
  抽出: 1問 → APIインポート中...
  ✓ チャンク1 インポート成功: 1件: dva-0130a0e5
  [セキュリティ] 合計 1/1問 インポート
  終了=00:11:00  経過=152秒

--- [デプロイ] 6問 生成中 (5問×2チャンク) --- 開始=00:11:00
  チャンク 1/2: 5問 生成中...
  抽出: 5問 → APIインポート中...
  ✓ チャンク1 インポート成功: 5件: dva-68061905, dva-fd860517, dva-7ff3d1a4...
  チャンク 2/2: 1問 生成中...
  抽出: 1問 → APIインポート中...
  ✓ チャンク2 インポート成功: 1件: dva-8729cb06
  [デプロイ] 合計 6/6問 インポート
  終了=00:21:57  経過=657秒

合計インポート: 20問 / 20問

--- 問題数キャッシュを再構築中（DynamoDBから正確な値を取得）---
  CLF: 233問
  SAA: 211問
  SAP: 208問
  DVA: 224問
  SOA: 206問
  DEA: 214問
  DOP: 333問
  AIF: 238問
  MLA: 207問
  GAI: 217問
  ANS: 206問
  SCS: 210問
キャッシュ更新完了
インポート完了: DVA +20問

==========================================
完了: Sun Jun  7 00:26:07 JST 2026
==========================================
