==========================================
問題自動生成 開始: Fri Jun 19 06:56:30 JST 2026
==========================================
対象資格: CLF SAA SAP DVA SOA DEA DOP AIF MLA GAI ANS SCS
指定資格: CLF
対象ドメイン: クラウドの概念  /  2問

--- Cognito 認証中 ---
✓ 認証完了

--- ドメイン別問題数を取得・割り当て計算中 ---
  クラウドの概念: 62問
  請求、料金、およびサポート: 62問
  セキュリティとコンプライアンス: 62問
  クラウドのテクノロジーとサービス: 67問

--- [クラウドの概念] 2問 生成中 --- 開始=06:57:03
⚠️  レート制限を検出。残りをスキップ
出力: You've hit your session limit · resets 7am (Asia/Tokyo)
  終了=06:57:05  経過=2秒

合計インポート: 0問 / 2問

--- 問題数キャッシュを再構築中（DynamoDBから正確な値を取得）---
  CLF: 253問
  SAA: 245問
  SAP: 243問
  DVA: 252問
  SOA: 251問
  DEA: 242問
  DOP: 349問
  AIF: 246問
  MLA: 249問
  GAI: 245問
  ANS: 243問
  SCS: 240問
キャッシュ更新完了
