==========================================
問題自動生成 開始: Sun May 31 22:00:49 JST 2026
==========================================
対象資格: CLF SAA SAP DVA SOA DEA DOP AIF MLA GAI ANS SCS
問題数キャッシュを使用...
  CLF: 229問 (キャッシュ)
  SAA: 211問 (キャッシュ)
  SAP: 203問 (キャッシュ)
  DVA: 204問 (キャッシュ)
  SOA: 206問 (キャッシュ)
  DEA: 165問 (キャッシュ)
  DOP: 333問 (キャッシュ)
  AIF: 208問 (キャッシュ)
  MLA: 207問 (キャッシュ)
  GAI: 202問 (キャッシュ)
  ANS: 171問 (キャッシュ)
  SCS: 164問 (キャッシュ)
選択: SCS (現在164問 — 最少)
ドメイン数: 6  /  基本 5問/ドメイン（重み付きで配分）  /  合計予算 30問
開始ドメイン: [5] セキュリティの基盤とガバナンス

--- Cognito 認証中 ---
✓ 認証完了

--- ドメイン別問題数を取得・割り当て計算中 ---
  セキュリティの基盤とガバナンス: 25問
  検出: 26問
  データ保護: 27問
  インシデント対応: 27問
  インフラストラクチャのセキュリティ: 28問
  アイデンティティとアクセス管理: 31問

ドメイン別生成数（逆数重み付き割り当て）:
  8問 → セキュリティの基盤とガバナンス (現在25問)
  7問 → 検出 (現在26問)
  5問 → インシデント対応 (現在27問)
  5問 → データ保護 (現在27問)
  4問 → インフラストラクチャのセキュリティ (現在28問)
  1問 → アイデンティティとアクセス管理 (現在31問)
  合計: 30問

--- [セキュリティの基盤とガバナンス] 8問 生成中 (5問×2チャンク) --- 開始=22:01:22
  チャンク 1/2: 5問 生成中...
  抽出: 5問 → APIインポート中...
  ✓ チャンク1 インポート成功: 5件: scs-fbd981d8, scs-f643bd3f, scs-7be7fe4c...
  チャンク 2/2: 3問 生成中...
  抽出: 3問 → APIインポート中...
  ✓ チャンク2 インポート成功: 3件: scs-73883f4d, scs-96eb5e67, scs-89282a31
  [セキュリティの基盤とガバナンス] 合計 8/8問 インポート
  終了=22:10:10  経過=528秒

--- [検出] 7問 生成中 (5問×2チャンク) --- 開始=22:10:10
  チャンク 1/2: 5問 生成中...
⚠️  レート制限を検出。残りをスキップ
出力: You've hit your session limit · resets 10:30pm (Asia/Tokyo)
  🔒 レート制限ロックファイル記録: 2026-05-31 22:30 JST
  終了=22:10:12  経過=2秒

合計インポート: 8問 / 30問

--- 問題数キャッシュを再構築中（DynamoDBから正確な値を取得）---
  CLF: 229問
  SAA: 211問
  SAP: 203問
  DVA: 204問
  SOA: 206問
  DEA: 165問
  DOP: 333問
  AIF: 208問
  MLA: 207問
  GAI: 202問
  ANS: 171問
  SCS: 172問
キャッシュ更新完了
