==========================================
問題自動生成 開始: Sat Jun 13 01:10:49 JST 2026
==========================================
対象資格: CLF SAA SAP DVA SOA DEA DOP AIF MLA GAI ANS SCS
問題数キャッシュを使用...
  CLF: 233問 (キャッシュ)
  SAA: 231問 (キャッシュ)
  SAP: 228問 (キャッシュ)
  DVA: 239問 (キャッシュ)
  SOA: 239問 (キャッシュ)
  DEA: 227問 (キャッシュ)
  DOP: 349問 (キャッシュ)
  AIF: 238問 (キャッシュ)
  MLA: 227問 (キャッシュ)
  GAI: 230問 (キャッシュ)
  ANS: 227問 (キャッシュ)
  SCS: 234問 (キャッシュ)
選択: DEA (現在227問 — 最少)
ドメイン数: 4  /  基本 5問/ドメイン（重み付きで配分）  /  合計予算 20問
開始ドメイン: [0] データの取り込みと変換

--- Cognito 認証中 ---
✓ 認証完了

--- ドメイン別問題数を取得・割り当て計算中 ---
  データの取り込みと変換: 55問
  データストアの管理: 56問
  データのセキュリティとガバナンス: 57問
  データオペレーションとサポート: 59問

ドメイン別生成数（逆数重み付き割り当て）:
  7問 → データの取り込みと変換 (現在55問)
  6問 → データストアの管理 (現在56問)
  5問 → データのセキュリティとガバナンス (現在57問)
  2問 → データオペレーションとサポート (現在59問)
  合計: 20問

--- [データの取り込みと変換] 7問 生成中 --- 開始=01:11:22
⚠️  レート制限を検出。残りをスキップ
出力: You've hit your session limit · resets 1:30am (Asia/Tokyo)
  終了=01:11:24  経過=2秒

合計インポート: 0問 / 20問

--- 問題数キャッシュを再構築中（DynamoDBから正確な値を取得）---
  CLF: 233問
  SAA: 231問
  SAP: 228問
  DVA: 239問
  SOA: 239問
  DEA: 227問
  DOP: 349問
  AIF: 238問
  MLA: 227問
  GAI: 230問
  ANS: 227問
  SCS: 234問
キャッシュ更新完了
