==========================================
問題自動生成 開始: Mon May 25 08:10:21 JST 2026
==========================================
対象資格: CLF SAA SAP DVA SOA DEA DOP AIF MLA GAI ANS SCS
各資格の問題数を取得中...
  CLF: 229問
  SAA: 211問
  SAP: 205問
  DVA: 205問
  SOA: 206問
  DEA: 44問
  DOP: 334問
  AIF: 209問
  MLA: 209問
  GAI: 205問
  ANS: 44問
  SCS: 40問
選択: SCS (現在40問 — 最少)
ドメイン数: 6  /  基本 2問/ドメイン（重み付きで配分）  /  合計予算 12問
開始ドメイン: [4] データ保護

--- Cognito 認証中 ---
✓ 認証完了

--- ドメイン別問題数を取得・割り当て計算中 ---
  データ保護: 3問
  インシデント対応: 4問
  セキュリティの基盤とガバナンス: 8問
  インフラストラクチャのセキュリティ: 8問
  アイデンティティとアクセス管理: 8問
  検出: 9問

ドメイン別生成数（逆数重み付き割り当て）:
  6問 → データ保護 (現在3問)
  5問 → インシデント対応 (現在4問)
  1問 → インフラストラクチャのセキュリティ (現在8問)
  0問 → 検出 (現在9問)
  0問 → アイデンティティとアクセス管理 (現在8問)
  0問 → セキュリティの基盤とガバナンス (現在8問)
  合計: 12問

--- [データ保護] 6問 生成中 (5問×2チャンク) --- 開始=08:14:06
  チャンク 1/2: 5問 生成中...
  抽出: 5問 → APIインポート中...
  ✓ チャンク1 インポート成功: 5件: scs-a1488d9f, scs-b77bbd3e, scs-d64650a2...
  チャンク 2/2: 1問 生成中...
  抽出: 1問 → APIインポート中...
  ✓ チャンク2 インポート成功: 1件: scs-b4099ca3
  [データ保護] 合計 6/6問 インポート
  終了=08:18:56  経過=290秒

--- [セキュリティの基盤とガバナンス] 0問 生成中 --- 開始=08:18:56
  [セキュリティの基盤とガバナンス] 合計 0/0問 インポート
  終了=08:18:56  経過=0秒

--- [検出] 0問 生成中 --- 開始=08:18:56
  [検出] 合計 0/0問 インポート
  終了=08:18:57  経過=1秒

--- [インシデント対応] 5問 生成中 --- 開始=08:18:57
  抽出: 5問 → APIインポート中...
  ✓ チャンク1 インポート成功: 5件: scs-4d30c4d3, scs-3c6a2a37, scs-952f3162...
  [インシデント対応] 合計 5/5問 インポート
  終了=08:22:29  経過=212秒

--- [インフラストラクチャのセキュリティ] 1問 生成中 --- 開始=08:22:30
  抽出: 1問 → APIインポート中...
  ✓ チャンク1 インポート成功: 1件: scs-59c742ac
  [インフラストラクチャのセキュリティ] 合計 1/1問 インポート
  終了=08:24:24  経過=115秒

--- [アイデンティティとアクセス管理] 0問 生成中 --- 開始=08:24:24
  [アイデンティティとアクセス管理] 合計 0/0問 インポート
  終了=08:24:24  経過=0秒

合計インポート: 12問 / 12問
インポート完了: SCS +12問

==========================================
完了: Mon May 25 08:24:24 JST 2026
==========================================
