==========================================
問題自動生成 開始: Thu Jun 25 20:50:16 JST 2026
==========================================
対象資格: CLF SAA SAP DVA SOA DEA DOP AIF MLA AIP ANS SCS
指定資格: DOP
試験ガイドURL: https://aws.amazon.com/jp/certification/certified-devops-engineer-professional/
対象ドメイン: SDLC の自動化  /  1問
🎯 難易度強化モード（--hard）有効

--- Cognito 認証中 ---
✓ 認証完了

--- ドメイン別問題数を取得・割り当て計算中 ---
  インシデントとイベントへの対応: 50問
  弾力性に優れたクラウドソリューション: 56問
  モニタリングとロギング: 56問
  セキュリティとコンプライアンス: 59問
  構成管理と Infrastructure as Code (IaC): 62問
  SDLC の自動化: 68問

--- [SDLC の自動化] 1問 生成中 --- 開始=20:50:50
  抽出: 1問 → APIインポート中...
  ✓ チャンク1 インポート成功: 1件: dop-afeb7124
  [SDLC の自動化] 合計 1/1問 インポート
  終了=20:51:55  経過=65秒

合計インポート: 1問 / 1問

--- 問題数キャッシュを再構築中（DynamoDBから正確な値を取得）---
  CLF: 273問
  SAA: 263問
  SAP: 264問
  DVA: 259問
  SOA: 258問
  DEA: 258問
  DOP: 352問
  AIF: 261問
  MLA: 274問
  AIP: 264問
  ANS: 269問
  SCS: 264問
キャッシュ更新完了
インポート完了: DOP +1問
CF Deploy (即時): HTTP 200

==========================================
完了: Thu Jun 25 20:55:06 JST 2026
==========================================
