==========================================
問題自動生成 開始: Sun May 24 00:30:49 JST 2026
==========================================
対象資格: CLF SAA SAP DVA SOA DEA DOP AIF MLA GAI ANS SCS
各資格の問題数を取得中...
  CLF: 229問
  SAA: 211問
  SAP: 205問
  DVA: 205問
  SOA: 206問
  DEA: 8問
  DOP: 334問
  AIF: 209問
  MLA: 209問
  GAI: 205問
  ANS: 8問
  SCS: 10問
選択: DEA (現在8問 — 最少)
ドメイン数: 4  /  基本 5問/ドメイン（重み付きで配分）  /  合計予算 20問
開始ドメイン: [0] データの取り込みと変換

--- Cognito 認証中 ---
✓ 認証完了

--- ドメイン別問題数を取得・割り当て計算中 ---
  データオペレーションとサポート: 2問
  データストアの管理: 2問
  データのセキュリティとガバナンス: 2問
  データの取り込みと変換: 2問

ドメイン別生成数（逆数重み付き割り当て）:
  5問 → データの取り込みと変換 (現在2問)
  5問 → データストアの管理 (現在2問)
  5問 → データオペレーションとサポート (現在2問)
  5問 → データのセキュリティとガバナンス (現在2問)
  合計: 20問

--- [データの取り込みと変換] 5問 生成中 --- 開始=00:34:30
  抽出: 5問 → APIインポート中...
  ✓ チャンク1 インポート成功: 5件: dea-9fa9905f, dea-c7923cbb, dea-2c22854c...
  [データの取り込みと変換] 合計 5/5問 インポート
  終了=00:37:36  経過=186秒

--- [データストアの管理] 5問 生成中 --- 開始=00:37:36
  抽出: 5問 → APIインポート中...
  ✓ チャンク1 インポート成功: 5件: dea-6384f712, dea-d60c66a5, dea-c5044dc0...
  [データストアの管理] 合計 5/5問 インポート
  終了=00:40:58  経過=202秒

--- [データオペレーションとサポート] 5問 生成中 --- 開始=00:40:58
  抽出: 5問 → APIインポート中...
  ✓ チャンク1 インポート成功: 5件: dea-44146962, dea-d03626ec, dea-0c2733c7...
  [データオペレーションとサポート] 合計 5/5問 インポート
  終了=00:44:11  経過=193秒

--- [データのセキュリティとガバナンス] 5問 生成中 --- 開始=00:44:11
  抽出: 5問 → APIインポート中...
  ✓ チャンク1 インポート成功: 5件: dea-701b74d6, dea-18e2ac3f, dea-32e5422e...
  [データのセキュリティとガバナンス] 合計 5/5問 インポート
  終了=00:48:31  経過=260秒

合計インポート: 20問 / 20問
インポート完了: DEA +20問

==========================================
完了: Sun May 24 00:48:31 JST 2026
==========================================
