==========================================
問題自動生成 開始: Fri Jun 26 00:30:06 JST 2026
==========================================
対象資格: CLF SAA SAP DVA SOA DEA DOP AIF MLA AIP ANS SCS
問題数キャッシュを使用...
  CLF: 273問 (キャッシュ)
  SAA: 263問 (キャッシュ)
  SAP: 264問 (キャッシュ)
  DVA: 259問 (キャッシュ)
  SOA: 261問 (キャッシュ)
  DEA: 258問 (キャッシュ)
  DOP: 352問 (キャッシュ)
  AIF: 261問 (キャッシュ)
  MLA: 274問 (キャッシュ)
  AIP: 264問 (キャッシュ)
  ANS: 269問 (キャッシュ)
  SCS: 264問 (キャッシュ)
選択: DEA (現在258問 — 最少)
試験ガイドURL: https://aws.amazon.com/jp/certification/certified-data-engineer-associate/
ドメイン数: 4  /  基本 5問/ドメイン（重み付きで配分）  /  合計予算 20問
開始ドメイン: [1] データストアの管理
🎯 難易度強化モード（--hard）有効

--- Cognito 認証中 ---
✓ 認証完了

--- ドメイン別問題数を取得・割り当て計算中 ---
  データオペレーションとサポート: 61問
  データストアの管理: 63問
  データのセキュリティとガバナンス: 66問
  データの取り込みと変換: 68問

ドメイン別生成数（逆数重み付き割り当て）:
  9問 → データオペレーションとサポート (現在61問)
  7問 → データストアの管理 (現在63問)
  3問 → データのセキュリティとガバナンス (現在66問)
  1問 → データの取り込みと変換 (現在68問)
  合計: 20問
処理順（問題数少ない順）: データオペレーションとサポート,データストアの管理,データのセキュリティとガバナンス,データの取り込みと変換

--- [データオペレーションとサポート] 9問 生成中 (5問×2チャンク) --- 開始=00:30:39
  チャンク 1/2: 5問 生成中...
  抽出: 5問 → APIインポート中...
  ✓ チャンク1 インポート成功: 5件: dea-4818e52e, dea-2427c159, dea-d894de5f...
  チャンク 2/2: 4問 生成中...
  抽出: 4問 → APIインポート中...
  ✓ チャンク2 インポート成功: 4件: dea-93c2b7d0, dea-8efa115e, dea-da44bbe6...
  [データオペレーションとサポート] 合計 9/9問 インポート
  終了=00:35:59  経過=320秒

--- [データストアの管理] 7問 生成中 --- 開始=00:35:59
  抽出: 7問 → APIインポート中...
  ✓ チャンク1 インポート成功: 7件: dea-b75ed0b9, dea-be78edcb, dea-de7e1d53...
  [データストアの管理] 合計 7/7問 インポート
  終了=00:38:38  経過=159秒

--- [データのセキュリティとガバナンス] 3問 生成中 --- 開始=00:38:38
  抽出: 3問 → APIインポート中...
  ✓ チャンク1 インポート成功: 3件: dea-d6b5822d, dea-67d9528b, dea-5c12d36d
  [データのセキュリティとガバナンス] 合計 3/3問 インポート
  終了=00:40:22  経過=104秒

--- [データの取り込みと変換] 1問 生成中 --- 開始=00:40:22
  抽出: 1問 → APIインポート中...
  ✓ チャンク1 インポート成功: 1件: dea-e531fee3
  [データの取り込みと変換] 合計 1/1問 インポート
  終了=00:41:20  経過=58秒

合計インポート: 20問 / 20問

--- 問題数キャッシュを再構築中（DynamoDBから正確な値を取得）---
  CLF: 273問
  SAA: 263問
  SAP: 264問
  DVA: 259問
  SOA: 261問
  DEA: 278問
  DOP: 352問
  AIF: 261問
  MLA: 274問
  AIP: 264問
  ANS: 269問
  SCS: 264問
キャッシュ更新完了
インポート完了: DEA +20問
✓ Cloudflare Pages 再ビルドを 02:44 にスケジュールしました

==========================================
完了: Fri Jun 26 00:44:31 JST 2026
==========================================
