==========================================
問題自動生成 開始: Sun Jun 21 13:46:50 JST 2026
==========================================
対象資格: CLF SAA SAP DVA SOA DEA DOP AIF MLA GAI ANS SCS
問題数キャッシュを使用...
  CLF: 253問 (キャッシュ)
  SAA: 262問 (キャッシュ)
  SAP: 249問 (キャッシュ)
  DVA: 252問 (キャッシュ)
  SOA: 251問 (キャッシュ)
  DEA: 251問 (キャッシュ)
  DOP: 349問 (キャッシュ)
  AIF: 246問 (キャッシュ)
  MLA: 249問 (キャッシュ)
  GAI: 245問 (キャッシュ)
  ANS: 249問 (キャッシュ)
  SCS: 249問 (キャッシュ)
選択: GAI (現在245問 — 最少)
ドメイン数: 5  /  基本 5問/ドメイン（重み付きで配分）  /  合計予算 25問
開始ドメイン: [4] テスト、検証、トラブルシューティング

--- Cognito 認証中 ---
✓ 認証完了

--- ドメイン別問題数を取得・割り当て計算中 ---
  基盤モデルの統合、データ管理、コンプライアンス: 42問
  AIの安全性、セキュリティ、ガバナンス: 45問
  テスト、検証、トラブルシューティング: 46問
  生成AIアプリケーションの運用効率と最適化: 50問
  実装と統合: 62問

ドメイン別生成数（逆数重み付き割り当て）:
  10問 → 基盤モデルの統合、データ管理、コンプライアンス (現在42問)
  7問 → AIの安全性、セキュリティ、ガバナンス (現在45問)
  6問 → テスト、検証、トラブルシューティング (現在46問)
  2問 → 生成AIアプリケーションの運用効率と最適化 (現在50問)
  0問 → 実装と統合 (現在62問)
  合計: 25問
処理順（問題数少ない順）: 基盤モデルの統合、データ管理、コンプライアンス,AIの安全性、セキュリティ、ガバナンス,テスト、検証、トラブルシューティング,生成AIアプリケーションの運用効率と最適化,実装と統合

--- [基盤モデルの統合、データ管理、コンプライアンス] 10問 生成中 (5問×2チャンク) --- 開始=13:47:23
  チャンク 1/2: 5問 生成中...
