==========================================
問題自動生成 開始: Tue Jun  2 19:15:15 JST 2026
==========================================
対象資格: CLF SAA SAP DVA SOA DEA DOP AIF MLA GAI ANS SCS
問題数キャッシュを使用...
  CLF: 229問 (キャッシュ)
  SAA: 211問 (キャッシュ)
  SAP: 203問 (キャッシュ)
  DVA: 204問 (キャッシュ)
  SOA: 206問 (キャッシュ)
  DEA: 185問 (キャッシュ)
  DOP: 333問 (キャッシュ)
  AIF: 208問 (キャッシュ)
  MLA: 207問 (キャッシュ)
  GAI: 202問 (キャッシュ)
  ANS: 180問 (キャッシュ)
  SCS: 177問 (キャッシュ)
選択: SCS (現在177問 — 最少)
ドメイン数: 6  /  基本 5問/ドメイン（重み付きで配分）  /  合計予算 30問
開始ドメイン: [1] インシデント対応

--- Cognito 認証中 ---
✓ 認証完了

--- ドメイン別問題数を取得・割り当て計算中 ---
  データ保護: 27問
  インシデント対応: 27問
  インフラストラクチャのセキュリティ: 28問
  検出: 31問
  アイデンティティとアクセス管理: 31問
  セキュリティの基盤とガバナンス: 33問

ドメイン別生成数（逆数重み付き割り当て）:
  8問 → インシデント対応 (現在27問)
  8問 → データ保護 (現在27問)
  7問 → インフラストラクチャのセキュリティ (現在28問)
  3問 → 検出 (現在31問)
  3問 → アイデンティティとアクセス管理 (現在31問)
  1問 → セキュリティの基盤とガバナンス (現在33問)
  合計: 30問

--- [インシデント対応] 8問 生成中 (5問×2チャンク) --- 開始=19:15:48
  チャンク 1/2: 5問 生成中...
⚠️  レート制限を検出。残りをスキップ
出力: You've hit your session limit · resets 7:30pm (Asia/Tokyo)
  🔒 レート制限ロックファイル記録: 2026-06-02 19:30 JST
  終了=19:25:04  経過=556秒

合計インポート: 0問 / 30問

--- 問題数キャッシュを再構築中（DynamoDBから正確な値を取得）---
  CLF: 229問
  SAA: 211問
  SAP: 203問
  DVA: 204問
  SOA: 206問
  DEA: 185問
  DOP: 333問
  AIF: 208問
  MLA: 207問
  GAI: 202問
  ANS: 180問
  SCS: 185問
キャッシュ更新完了
