==========================================
問題自動生成 開始: Thu May 21 17:11:26 JST 2026
==========================================
対象資格: CLF SAA SAP DVA SOA DOP AIF MLA GAI
指定資格: DOP
対象ドメイン: インシデントとイベントへの対応  /  5問

--- Cognito 認証中 ---
✓ 認証完了

--- ドメイン別問題数を取得・割り当て計算中 ---
  インシデントとイベントへの対応: 21問
  モニタリングとロギング: 51問
  セキュリティとコンプライアンス: 53問
  弾力性に優れたクラウドソリューション: 55問
  SDLC の自動化: 62問
  構成管理と Infrastructure as Code (IaC): 64問

--- [インシデントとイベントへの対応] 5問 生成中 --- 開始=17:12:01
  抽出: 5問 → APIインポート中...
  ✓ チャンク1 インポート成功: 5件: dop-35f18c0c, dop-e68b2e71, dop-7244ce05...
  [インシデントとイベントへの対応] 合計 5/5問 インポート
  終了=17:18:44  経過=403秒

合計インポート: 5問 / 5問
インポート完了: DOP +5問

==========================================
完了: Thu May 21 17:18:45 JST 2026
==========================================
