==========================================
問題自動生成 開始: Sun May 31 02:00:49 JST 2026
==========================================
対象資格: CLF SAA SAP DVA SOA DEA DOP AIF MLA GAI ANS SCS
問題数キャッシュを使用...
  CLF: 230問 (キャッシュ)
  SAA: 211問 (キャッシュ)
  SAP: 205問 (キャッシュ)
  DVA: 205問 (キャッシュ)
  SOA: 206問 (キャッシュ)
  DEA: 140問 (キャッシュ)
  DOP: 334問 (キャッシュ)
  AIF: 209問 (キャッシュ)
  MLA: 209問 (キャッシュ)
  GAI: 205問 (キャッシュ)
  ANS: 145問 (キャッシュ)
  SCS: 137問 (キャッシュ)
選択: SCS (現在137問 — 最少)
ドメイン数: 6  /  基本 5問/ドメイン（重み付きで配分）  /  合計予算 30問
開始ドメイン: [1] インシデント対応

--- Cognito 認証中 ---
✓ 認証完了

--- ドメイン別問題数を取得・割り当て計算中 ---
  インシデント対応: 20問
  インフラストラクチャのセキュリティ: 20問
  データ保護: 21問
  アイデンティティとアクセス管理: 24問
  検出: 26問
  セキュリティの基盤とガバナンス: 26問

ドメイン別生成数（逆数重み付き割り当て）:
  8問 → インシデント対応 (現在20問)
  8問 → インフラストラクチャのセキュリティ (現在20問)
  7問 → データ保護 (現在21問)
  4問 → アイデンティティとアクセス管理 (現在24問)
  2問 → 検出 (現在26問)
  1問 → セキュリティの基盤とガバナンス (現在26問)
  合計: 30問

--- [インシデント対応] 8問 生成中 (5問×2チャンク) --- 開始=02:01:22
  チャンク 1/2: 5問 生成中...
  抽出: 5問 → APIインポート中...
  ✓ チャンク1 インポート成功: 5件: scs-76c33e58, scs-f3289670, scs-9247cd24...
  チャンク 2/2: 3問 生成中...
  抽出: 3問 → APIインポート中...
  ✓ チャンク2 インポート成功: 3件: scs-4baa9268, scs-48a22f0d, scs-a7313ed4
  [インシデント対応] 合計 8/8問 インポート
  終了=02:11:14  経過=592秒

--- [インフラストラクチャのセキュリティ] 8問 生成中 (5問×2チャンク) --- 開始=02:11:14
  チャンク 1/2: 5問 生成中...
  抽出: 5問 → APIインポート中...
  ✓ チャンク1 インポート成功: 5件: scs-88e3a991, scs-bc48a72c, scs-e7b5bd23...
  チャンク 2/2: 3問 生成中...
  抽出: 3問 → APIインポート中...
  ✓ チャンク2 インポート成功: 3件: scs-95b4ee35, scs-e1561fcd, scs-f9009c7b
  [インフラストラクチャのセキュリティ] 合計 8/8問 インポート
  終了=02:20:15  経過=541秒

--- [アイデンティティとアクセス管理] 4問 生成中 --- 開始=02:20:15
⚠️  レート制限を検出。残りをスキップ
出力: You've hit your session limit · resets 2:30am (Asia/Tokyo)
  🔒 レート制限ロックファイル記録: 2026-05-31 02:30 JST
  終了=02:20:17  経過=2秒

合計インポート: 16問 / 30問

--- 問題数キャッシュを再構築中（DynamoDBから正確な値を取得）---
  CLF: 230問
  SAA: 211問
  SAP: 205問
  DVA: 205問
  SOA: 206問
  DEA: 145問
  DOP: 334問
  AIF: 209問
  MLA: 209問
  GAI: 205問
  ANS: 145問
  SCS: 153問
キャッシュ更新完了
