==========================================
問題自動生成 開始: Wed Jun 17 19:40:49 JST 2026
==========================================
対象資格: CLF SAA SAP DVA SOA DEA DOP AIF MLA GAI ANS SCS
問題数キャッシュを使用...
  CLF: 253問 (キャッシュ)
  SAA: 245問 (キャッシュ)
  SAP: 237問 (キャッシュ)
  DVA: 239問 (キャッシュ)
  SOA: 239問 (キャッシュ)
  DEA: 242問 (キャッシュ)
  DOP: 349問 (キャッシュ)
  AIF: 238問 (キャッシュ)
  MLA: 249問 (キャッシュ)
  GAI: 245問 (キャッシュ)
  ANS: 239問 (キャッシュ)
  SCS: 240問 (キャッシュ)
選択: SAP (現在237問 — 最少)
ドメイン数: 4  /  基本 5問/ドメイン（重み付きで配分）  /  合計予算 20問
開始ドメイン: [2] 既存のソリューションの継続的改善

--- Cognito 認証中 ---
✓ 認証完了

--- ドメイン別問題数を取得・割り当て計算中 ---
  ワークロードの移行とモダン化の加速: 54問
  既存のソリューションの継続的改善: 56問
  新しいソリューションのための設計: 57問
  組織の複雑さに対応する設計: 70問

ドメイン別生成数（逆数重み付き割り当て）:
  9問 → ワークロードの移行とモダン化の加速 (現在54問)
  6問 → 既存のソリューションの継続的改善 (現在56問)
  5問 → 新しいソリューションのための設計 (現在57問)
  0問 → 組織の複雑さに対応する設計 (現在70問)
  合計: 20問
処理順（問題数少ない順）: ワークロードの移行とモダン化の加速,既存のソリューションの継続的改善,新しいソリューションのための設計,組織の複雑さに対応する設計

--- [ワークロードの移行とモダン化の加速] 9問 生成中 (3問×3チャンク) --- 開始=19:41:22
  チャンク 1/3: 3問 生成中...
⚠️  レート制限を検出。残りをスキップ
出力: You've hit your session limit · resets 8pm (Asia/Tokyo)
  終了=19:54:00  経過=758秒

合計インポート: 0問 / 20問

--- 問題数キャッシュを再構築中（DynamoDBから正確な値を取得）---
  CLF: 253問
  SAA: 245問
  SAP: 237問
  DVA: 239問
  SOA: 239問
  DEA: 242問
  DOP: 349問
  AIF: 238問
  MLA: 249問
  GAI: 245問
  ANS: 239問
  SCS: 240問
キャッシュ更新完了
