==========================================
問題自動生成 開始: Fri Jun 19 01:40:49 JST 2026
==========================================
対象資格: CLF SAA SAP DVA SOA DEA DOP AIF MLA GAI ANS SCS
問題数キャッシュを使用...
  CLF: 253問 (キャッシュ)
  SAA: 245問 (キャッシュ)
  SAP: 243問 (キャッシュ)
  DVA: 252問 (キャッシュ)
  SOA: 239問 (キャッシュ)
  DEA: 242問 (キャッシュ)
  DOP: 349問 (キャッシュ)
  AIF: 246問 (キャッシュ)
  MLA: 249問 (キャッシュ)
  GAI: 245問 (キャッシュ)
  ANS: 239問 (キャッシュ)
  SCS: 240問 (キャッシュ)
選択: SOA (現在239問 — 最少)
ドメイン数: 5  /  基本 5問/ドメイン（重み付きで配分）  /  合計予算 25問
開始ドメイン: [3] セキュリティとコンプライアンス

--- Cognito 認証中 ---
✓ 認証完了

--- ドメイン別問題数を取得・割り当て計算中 ---
  セキュリティとコンプライアンス: 41問
  デプロイ、プロビジョニング、および自動化: 49問
  モニタリング、ロギング、分析、修復、およびパフォーマンスの最適化: 49問
  信頼性とビジネス継続性: 50問
  ネットワークとコンテンツ配信: 50問

ドメイン別生成数（逆数重み付き割り当て）:
  12問 → セキュリティとコンプライアンス (現在41問)
  4問 → モニタリング、ロギング、分析、修復、およびパフォーマンスの最適化 (現在49問)
  4問 → デプロイ、プロビジョニング、および自動化 (現在49問)
  3問 → 信頼性とビジネス継続性 (現在50問)
  2問 → ネットワークとコンテンツ配信 (現在50問)
  合計: 25問
処理順（問題数少ない順）: セキュリティとコンプライアンス,デプロイ、プロビジョニング、および自動化,モニタリング、ロギング、分析、修復、およびパフォーマンスの最適化,信頼性とビジネス継続性,ネットワークとコンテンツ配信

--- [セキュリティとコンプライアンス] 12問 生成中 (3問×4チャンク) --- 開始=01:41:22
  チャンク 1/4: 3問 生成中...
⚠️  レート制限を検出。残りをスキップ
出力: You've hit your session limit · resets 2am (Asia/Tokyo)
  終了=01:41:24  経過=2秒

合計インポート: 0問 / 25問

--- 問題数キャッシュを再構築中（DynamoDBから正確な値を取得）---
  CLF: 253問
  SAA: 245問
  SAP: 243問
  DVA: 252問
  SOA: 239問
  DEA: 242問
  DOP: 349問
  AIF: 246問
  MLA: 249問
  GAI: 245問
  ANS: 239問
  SCS: 240問
キャッシュ更新完了
