==========================================
問題自動生成 開始: Wed May 20 16:30:49 JST 2026
==========================================
対象資格: CLF SAA SAP DVA SOA DOP AIF MLA GAI
各資格の問題数を取得中...
  CLF: 216問
  SAA: 203問
  SAP: 197問
  DVA: 205問
  SOA: 206問
  DOP: 259問
  AIF: 199問
  MLA: 199問
  GAI: 205問
選択: SAP (現在197問 — 最少)
ドメイン数: 4  /  基本 5問/ドメイン（重み付きで配分）  /  合計予算 20問
開始ドメイン: [3] ワークロードの移行とモダン化の加速

--- Cognito 認証中 ---
✓ 認証完了

--- ドメイン別問題数を取得・割り当て計算中 ---
  ワークロードの移行とモダン化の加速: 40問
  既存のソリューションの継続的改善: 44問
  新しいソリューションのための設計: 51問
  組織の複雑さに対応する設計: 62問

ドメイン別生成数（逆数重み付き割り当て）:
  6問 → ワークロードの移行とモダン化の加速 (現在40問)
  5問 → 新しいソリューションのための設計 (現在51問)
  5問 → 既存のソリューションの継続的改善 (現在44問)
  4問 → 組織の複雑さに対応する設計 (現在62問)
  合計: 20問

--- [ワークロードの移行とモダン化の加速] 5問 生成中 --- 開始=16:33:46
⚠️  レート制限を検出。残りドメインをスキップ
出力: You've hit your session limit · resets 5pm (Asia/Tokyo)
  🔒 レート制限ロックファイル記録: 2026-05-20 17:00 JST
  終了=16:43:33  経過=588秒

合計インポート: 0問 / 20問
