==========================================
問題自動生成 開始: Sun Jun 21 18:39:29 JST 2026
==========================================
対象資格: CLF SAA SAP DVA SOA DEA DOP AIF MLA AIP ANS SCS
指定資格: SAA
試験ガイドURL: https://aws.amazon.com/jp/certification/certified-solutions-architect-associate/
対象ドメイン: セキュアなアーキテクチャの設計  /  1問

--- Cognito 認証中 ---
✓ 認証完了

--- ドメイン別問題数を取得・割り当て計算中 ---
  コスト最適化されたアーキテクチャの設計: 63問
  セキュアなアーキテクチャの設計: 66問
  高性能なアーキテクチャの設計: 66問
  弾力性に優れたアーキテクチャの設計: 67問

--- [セキュアなアーキテクチャの設計] 1問 生成中 --- 開始=18:40:02
  抽出: 1問 → APIインポート中...
  ✓ チャンク1 インポート成功: 1件: saa-1ce54cc0
  [セキュアなアーキテクチャの設計] 合計 1/1問 インポート
  終了=18:41:55  経過=113秒

合計インポート: 1問 / 1問

--- 問題数キャッシュを再構築中（DynamoDBから正確な値を取得）---
  CLF: 253問
  SAA: 263問
  SAP: 249問
  DVA: 252問
  SOA: 251問
  DEA: 251問
  DOP: 349問
  AIF: 246問
  MLA: 249問
  AIP: 254問
  ANS: 249問
  SCS: 249問
キャッシュ更新完了
インポート完了: SAA +1問
