==========================================
問題自動生成 開始: Thu May 28 19:30:49 JST 2026
==========================================
対象資格: CLF SAA SAP DVA SOA DEA DOP AIF MLA GAI ANS SCS
問題数キャッシュを使用...
  CLF: 230問 (キャッシュ)
  SAA: 211問 (キャッシュ)
  SAP: 205問 (キャッシュ)
  DVA: 205問 (キャッシュ)
  SOA: 206問 (キャッシュ)
  DEA: 99問 (キャッシュ)
  DOP: 334問 (キャッシュ)
  AIF: 209問 (キャッシュ)
  MLA: 209問 (キャッシュ)
  GAI: 205問 (キャッシュ)
  ANS: 101問 (キャッシュ)
  SCS: 114問 (キャッシュ)
選択: DEA (現在99問 — 最少)
ドメイン数: 4  /  基本 5問/ドメイン（重み付きで配分）  /  合計予算 20問
開始ドメイン: [0] データの取り込みと変換

--- Cognito 認証中 ---
✓ 認証完了

--- ドメイン別問題数を取得・割り当て計算中 ---
  データの取り込みと変換: 21問
  データのセキュリティとガバナンス: 22問
  データストアの管理: 23問
  データオペレーションとサポート: 33問

ドメイン別生成数（逆数重み付き割り当て）:
  8問 → データの取り込みと変換 (現在21問)
  7問 → データのセキュリティとガバナンス (現在22問)
  5問 → データストアの管理 (現在23問)
  0問 → データオペレーションとサポート (現在33問)
  合計: 20問

--- [データの取り込みと変換] 8問 生成中 (5問×2チャンク) --- 開始=19:31:22
  チャンク 1/2: 5問 生成中...
  抽出: 5問 → APIインポート中...
  ✓ チャンク1 インポート成功: 5件: dea-27a81907, dea-75b99609, dea-451afad0...
  チャンク 2/2: 3問 生成中...
⚠️  レート制限を検出。残りをスキップ
出力: You've hit your session limit · resets 8pm (Asia/Tokyo)
  🔒 レート制限ロックファイル記録: 2026-05-28 20:00 JST
  終了=19:36:02  経過=280秒

合計インポート: 0問 / 20問

--- 問題数キャッシュを再構築中（DynamoDBから正確な値を取得）---
  CLF: 230問
  SAA: 211問
  SAP: 205問
  DVA: 205問
  SOA: 206問
  DEA: 104問
  DOP: 334問
  AIF: 209問
  MLA: 209問
  GAI: 205問
  ANS: 101問
  SCS: 114問
キャッシュ更新完了
