==========================================
問題自動生成 開始: Tue Jun  9 19:10:11 JST 2026
==========================================
対象資格: CLF SAA SAP DVA SOA DEA DOP AIF MLA GAI ANS SCS
問題数キャッシュを使用...
  CLF: 233問 (キャッシュ)
  SAA: 223問 (キャッシュ)
  SAP: 228問 (キャッシュ)
  DVA: 224問 (キャッシュ)
  SOA: 213問 (キャッシュ)
  DEA: 214問 (キャッシュ)
  DOP: 349問 (キャッシュ)
  AIF: 238問 (キャッシュ)
  MLA: 227問 (キャッシュ)
  GAI: 217問 (キャッシュ)
  ANS: 227問 (キャッシュ)
  SCS: 222問 (キャッシュ)
選択: SOA (現在213問 — 最少)
ドメイン数: 5  /  基本 5問/ドメイン（重み付きで配分）  /  合計予算 25問
開始ドメイン: [2] デプロイ、プロビジョニング、および自動化

--- Cognito 認証中 ---

aws: [ERROR]: Could not connect to the endpoint URL: "https://ssm.ap-northeast-1.amazonaws.com/"
❌ Cognito 認証失敗
