==========================================
問題自動生成 開始: Sun May 31 11:48:17 JST 2026
==========================================
対象資格: CLF SAA SAP DVA SOA DEA DOP AIF MLA GAI ANS SCS
問題数キャッシュを使用...
  CLF: 230問 (キャッシュ)
  SAA: 211問 (キャッシュ)
  SAP: 205問 (キャッシュ)
  DVA: 205問 (キャッシュ)
  SOA: 206問 (キャッシュ)
  DEA: 165問 (キャッシュ)
  DOP: 334問 (キャッシュ)
  AIF: 209問 (キャッシュ)
  MLA: 209問 (キャッシュ)
  GAI: 205問 (キャッシュ)
  ANS: 145問 (キャッシュ)
  SCS: 153問 (キャッシュ)
選択: ANS (現在145問 — 最少)
ドメイン数: 4  /  基本 5問/ドメイン（重み付きで配分）  /  合計予算 20問
開始ドメイン: [1] ネットワーク実装

--- Cognito 認証中 ---
✓ 認証完了

--- ドメイン別問題数を取得・割り当て計算中 ---
  ネットワーク実装: 34問
  ネットワーク管理と運用: 35問
  ネットワーク設計: 38問
  ネットワークのセキュリティ、コンプライアンス、ガバナンス: 38問

ドメイン別生成数（逆数重み付き割り当て）:
  8問 → ネットワーク実装 (現在34問)
  6問 → ネットワーク管理と運用 (現在35問)
  3問 → ネットワーク設計 (現在38問)
  3問 → ネットワークのセキュリティ、コンプライアンス、ガバナンス (現在38問)
  合計: 20問

--- [ネットワーク実装] 8問 生成中 (5問×2チャンク) --- 開始=11:48:53
  チャンク 1/2: 5問 生成中...
  抽出: 5問 → APIインポート中...
  ✓ チャンク1 インポート成功: 5件: ans-26cf9d71, ans-bd2e9333, ans-9b9583ae...
  チャンク 2/2: 3問 生成中...
  抽出: 3問 → APIインポート中...
  ✓ チャンク2 インポート成功: 3件: ans-c4972a03, ans-17b612b5, ans-6940e17f
  [ネットワーク実装] 合計 8/8問 インポート
  終了=11:59:56  経過=663秒

--- [ネットワーク管理と運用] 6問 生成中 (5問×2チャンク) --- 開始=11:59:56
  チャンク 1/2: 5問 生成中...
  抽出: 5問 → APIインポート中...
  ✓ チャンク1 インポート成功: 5件: ans-2abdb14b, ans-5eaf82f3, ans-3180da90...
  チャンク 2/2: 1問 生成中...
  抽出: 1問 → APIインポート中...
  ✓ チャンク2 インポート成功: 1件: ans-8a8b440f
  [ネットワーク管理と運用] 合計 6/6問 インポート
  終了=12:09:07  経過=551秒

--- [ネットワークのセキュリティ、コンプライアンス、ガバナンス] 3問 生成中 --- 開始=12:09:07
  抽出: 3問 → APIインポート中...
  ✓ チャンク1 インポート成功: 3件: ans-a936b7e4, ans-ac26d1eb, ans-8b865bce
  [ネットワークのセキュリティ、コンプライアンス、ガバナンス] 合計 3/3問 インポート
  終了=12:13:41  経過=274秒

--- [ネットワーク設計] 3問 生成中 --- 開始=12:13:41
⚠️  レート制限を検出。残りをスキップ
出力: You've hit your session limit · resets 12:30pm (Asia/Tokyo)
  🔒 レート制限ロックファイル記録: 2026-05-31 12:30 JST
  終了=12:13:43  経過=2秒

合計インポート: 17問 / 20問

--- 問題数キャッシュを再構築中（DynamoDBから正確な値を取得）---
  CLF: 229問
  SAA: 211問
  SAP: 203問
  DVA: 204問
  SOA: 206問
  DEA: 165問
  DOP: 333問
  AIF: 208問
  MLA: 207問
  GAI: 203問
  ANS: 171問
  SCS: 152問
キャッシュ更新完了
