==========================================
問題自動生成 開始: Thu Jun 25 15:56:50 JST 2026
==========================================
対象資格: CLF SAA SAP DVA SOA DEA DOP AIF MLA AIP ANS SCS
指定資格: DOP
試験ガイドURL: https://aws.amazon.com/jp/certification/certified-devops-engineer-professional/
対象ドメイン: SDLC の自動化  /  2問

--- Cognito 認証中 ---
✓ 認証完了

--- ドメイン別問題数を取得・割り当て計算中 ---
  インシデントとイベントへの対応: 50問
  弾力性に優れたクラウドソリューション: 56問
  モニタリングとロギング: 56問
  セキュリティとコンプライアンス: 59問
  構成管理と Infrastructure as Code (IaC): 62問
  SDLC の自動化: 66問

--- [SDLC の自動化] 2問 生成中 --- 開始=15:57:24
  抽出: 2問 → APIインポート中...
  ✓ チャンク1 インポート成功: 2件: dop-1381790f, dop-aeee2196
  [SDLC の自動化] 合計 2/2問 インポート
  終了=15:58:43  経過=79秒

合計インポート: 2問 / 2問

--- 問題数キャッシュを再構築中（DynamoDBから正確な値を取得）---
  CLF: 272問
  SAA: 263問
  SAP: 264問
  DVA: 259問
  SOA: 258問
  DEA: 258問
  DOP: 351問
  AIF: 261問
  MLA: 274問
  AIP: 264問
  ANS: 269問
  SCS: 264問
キャッシュ更新完了
インポート完了: DOP +2問
✓ Cloudflare Pages 再ビルドを 18:01 にスケジュールしました

==========================================
完了: Thu Jun 25 16:01:52 JST 2026
==========================================
