==========================================
問題自動生成 開始: Thu May 28 11:53:32 JST 2026
==========================================
対象資格: CLF SAA SAP DVA SOA DEA DOP AIF MLA GAI ANS SCS
問題数キャッシュを使用...
  CLF: 230問 (キャッシュ)
  SAA: 211問 (キャッシュ)
  SAP: 205問 (キャッシュ)
  DVA: 205問 (キャッシュ)
  SOA: 206問 (キャッシュ)
  DEA: 99問 (キャッシュ)
  DOP: 334問 (キャッシュ)
  AIF: 209問 (キャッシュ)
  MLA: 209問 (キャッシュ)
  GAI: 205問 (キャッシュ)
  ANS: 97問 (キャッシュ)
  SCS: 114問 (キャッシュ)
選択: ANS (現在97問 — 最少)
ドメイン数: 4  /  基本 1問/ドメイン（重み付きで配分）  /  合計予算 4問
開始ドメイン: [2] ネットワーク管理と運用

--- Cognito 認証中 ---
✓ 認証完了

--- ドメイン別問題数を取得・割り当て計算中 ---
  ネットワークのセキュリティ、コンプライアンス、ガバナンス: 21問
  ネットワーク管理と運用: 22問
  ネットワーク設計: 27問
  ネットワーク実装: 27問

ドメイン別生成数（逆数重み付き割り当て）:
  3問 → ネットワークのセキュリティ、コンプライアンス、ガバナンス (現在21問)
  1問 → ネットワーク管理と運用 (現在22問)
  0問 → ネットワーク設計 (現在27問)
  0問 → ネットワーク実装 (現在27問)
  合計: 4問

--- [ネットワーク管理と運用] 1問 生成中 --- 開始=11:54:05
  抽出: 1問 → APIインポート中...
  ✓ チャンク1 インポート成功: 1件: ans-d48485cc
  [ネットワーク管理と運用] 合計 1/1問 インポート
  終了=11:56:18  経過=133秒

--- [ネットワークのセキュリティ、コンプライアンス、ガバナンス] 3問 生成中 --- 開始=11:56:19
  抽出: 3問 → APIインポート中...
  ✓ チャンク1 インポート成功: 3件: ans-86650488, ans-7adca6ce, ans-1e1df35b
  [ネットワークのセキュリティ、コンプライアンス、ガバナンス] 合計 3/3問 インポート
  終了=12:00:45  経過=266秒

--- [ネットワーク設計] 0問 生成中 --- 開始=12:00:45
  [ネットワーク設計] 合計 0/0問 インポート
  終了=12:00:45  経過=0秒

--- [ネットワーク実装] 0問 生成中 --- 開始=12:00:45
  [ネットワーク実装] 合計 0/0問 インポート
  終了=12:00:45  経過=0秒

合計インポート: 4問 / 4問

--- 問題数キャッシュを再構築中（DynamoDBから正確な値を取得）---
  CLF: 230問
  SAA: 211問
  SAP: 205問
  DVA: 205問
  SOA: 206問
  DEA: 99問
  DOP: 334問
  AIF: 209問
  MLA: 209問
  GAI: 205問
  ANS: 101問
  SCS: 114問
キャッシュ更新完了
インポート完了: ANS +4問

==========================================
完了: Thu May 28 12:03:57 JST 2026
==========================================
