==========================================
問題自動生成 開始: Tue May 26 22:42:39 JST 2026
==========================================
対象資格: CLF SAA SAP DVA SOA DEA DOP AIF MLA GAI ANS SCS
各資格の問題数を取得中...
  CLF: 230問
  SAA: 211問
  SAP: 205問
  DVA: 205問
  SOA: 206問
  DEA: 58問
  DOP: 334問
  AIF: 209問
  MLA: 209問
  GAI: 205問
  ANS: 62問
  SCS: 57問
選択: SCS (現在57問 — 最少)
ドメイン数: 6  /  基本 2問/ドメイン（重み付きで配分）  /  合計予算 12問
開始ドメイン: [4] データ保護

--- Cognito 認証中 ---
✓ 認証完了

--- ドメイン別問題数を取得・割り当て計算中 ---
  セキュリティの基盤とガバナンス: 8問
  データ保護: 9問
  インシデント対応: 9問
  検出: 9問
  インフラストラクチャのセキュリティ: 9問
  アイデンティティとアクセス管理: 13問

ドメイン別生成数（逆数重み付き割り当て）:
  4問 → セキュリティの基盤とガバナンス (現在8問)
  2問 → 検出 (現在9問)
  2問 → インシデント対応 (現在9問)
  2問 → インフラストラクチャのセキュリティ (現在9問)
  2問 → データ保護 (現在9問)
  0問 → アイデンティティとアクセス管理 (現在13問)
  合計: 12問

--- [データ保護] 2問 生成中 --- 開始=22:46:21
  抽出: 2問 → APIインポート中...
  ✓ チャンク1 インポート成功: 2件: scs-de191049, scs-e59589a1
  [データ保護] 合計 2/2問 インポート
  終了=22:49:42  経過=201秒

--- [セキュリティの基盤とガバナンス] 4問 生成中 --- 開始=22:49:42
  抽出: 4問 → APIインポート中...
  ✓ チャンク1 インポート成功: 4件: scs-dbc18a7b, scs-10eca45e, scs-97890ee4...
  [セキュリティの基盤とガバナンス] 合計 4/4問 インポート
  終了=22:52:54  経過=192秒

--- [検出] 2問 生成中 --- 開始=22:52:54
⚠️  レート制限を検出。残りをスキップ
出力: You've hit your session limit · resets 11pm (Asia/Tokyo)
  🔒 レート制限ロックファイル記録: 2026-05-26 23:00 JST
  終了=22:52:58  経過=4秒

合計インポート: 6問 / 12問
