==========================================
問題自動生成 開始: Tue Jun 23 11:50:49 JST 2026
==========================================
対象資格: CLF SAA SAP DVA SOA DEA DOP AIF MLA AIP ANS SCS
問題数キャッシュを使用...
  CLF: 253問 (キャッシュ)
  SAA: 263問 (キャッシュ)
  SAP: 253問 (キャッシュ)
  DVA: 252問 (キャッシュ)
  SOA: 258問 (キャッシュ)
  DEA: 251問 (キャッシュ)
  DOP: 349問 (キャッシュ)
  AIF: 256問 (キャッシュ)
  MLA: 254問 (キャッシュ)
  AIP: 254問 (キャッシュ)
  ANS: 269問 (キャッシュ)
  SCS: 264問 (キャッシュ)
選択: DEA (現在251問 — 最少)
試験ガイドURL: https://aws.amazon.com/jp/certification/certified-data-engineer-associate/
ドメイン数: 4  /  基本 5問/ドメイン（重み付きで配分）  /  合計予算 20問
開始ドメイン: [0] データの取り込みと変換

--- Cognito 認証中 ---
✓ 認証完了

--- ドメイン別問題数を取得・割り当て計算中 ---
  データオペレーションとサポート: 61問
  データの取り込みと変換: 61問
  データストアの管理: 63問
  データのセキュリティとガバナンス: 66問

ドメイン別生成数（逆数重み付き割り当て）:
  7問 → データの取り込みと変換 (現在61問)
  7問 → データオペレーションとサポート (現在61問)
  5問 → データストアの管理 (現在63問)
  1問 → データのセキュリティとガバナンス (現在66問)
  合計: 20問
処理順（問題数少ない順）: データの取り込みと変換,データオペレーションとサポート,データストアの管理,データのセキュリティとガバナンス

--- [データの取り込みと変換] 7問 生成中 --- 開始=11:51:22
  抽出: 7問 → APIインポート中...
  ✓ チャンク1 インポート成功: 7件: dea-763db047, dea-49184ba6, dea-c7949781...
  [データの取り込みと変換] 合計 7/7問 インポート
  終了=12:07:01  経過=939秒

--- [データオペレーションとサポート] 7問 生成中 --- 開始=12:07:01
⚠️  レート制限を検出。残りをスキップ
出力: You've hit your session limit · resets 12:10pm (Asia/Tokyo)
  終了=12:07:03  経過=2秒

合計インポート: 7問 / 20問

--- 問題数キャッシュを再構築中（DynamoDBから正確な値を取得）---
  CLF: 253問
  SAA: 263問
  SAP: 253問
  DVA: 252問
  SOA: 258問
  DEA: 258問
  DOP: 349問
  AIF: 256問
  MLA: 254問
  AIP: 254問
  ANS: 269問
