==========================================
問題自動生成 開始: Fri May 29 15:00:49 JST 2026
==========================================
対象資格: CLF SAA SAP DVA SOA DEA DOP AIF MLA GAI ANS SCS
問題数キャッシュを使用...
  CLF: 230問 (キャッシュ)
  SAA: 211問 (キャッシュ)
  SAP: 205問 (キャッシュ)
  DVA: 205問 (キャッシュ)
  SOA: 206問 (キャッシュ)
  DEA: 116問 (キャッシュ)
  DOP: 334問 (キャッシュ)
  AIF: 209問 (キャッシュ)
  MLA: 209問 (キャッシュ)
  GAI: 205問 (キャッシュ)
  ANS: 112問 (キャッシュ)
  SCS: 114問 (キャッシュ)
選択: ANS (現在112問 — 最少)
ドメイン数: 4  /  基本 5問/ドメイン（重み付きで配分）  /  合計予算 20問
開始ドメイン: [3] ネットワークのセキュリティ、コンプライアンス、ガバナンス

--- Cognito 認証中 ---
✓ 認証完了

--- ドメイン別問題数を取得・割り当て計算中 ---
  ネットワークのセキュリティ、コンプライアンス、ガバナンス: 24問
  ネットワーク管理と運用: 28問
  ネットワーク設計: 30問
  ネットワーク実装: 30問

ドメイン別生成数（逆数重み付き割り当て）:
  9問 → ネットワークのセキュリティ、コンプライアンス、ガバナンス (現在24問)
  5問 → ネットワーク管理と運用 (現在28問)
  3問 → ネットワーク設計 (現在30問)
  3問 → ネットワーク実装 (現在30問)
  合計: 20問

--- [ネットワークのセキュリティ、コンプライアンス、ガバナンス] 9問 生成中 (5問×2チャンク) --- 開始=15:01:22
  チャンク 1/2: 5問 生成中...
  抽出: 5問 → APIインポート中...
  ✓ チャンク1 インポート成功: 5件: ans-74d97f8a, ans-aada5d63, ans-2f3b89cf...
  チャンク 2/2: 4問 生成中...
⚠️  レート制限を検出。残りをスキップ
出力: You've hit your session limit · resets 3:30pm (Asia/Tokyo)
  🔒 レート制限ロックファイル記録: 2026-05-29 15:30 JST
  終了=15:07:48  経過=386秒

合計インポート: 0問 / 20問

--- 問題数キャッシュを再構築中（DynamoDBから正確な値を取得）---
  CLF: 230問
  SAA: 211問
  SAP: 205問
  DVA: 205問
  SOA: 206問
  DEA: 116問
  DOP: 334問
  AIF: 209問
  MLA: 209問
  GAI: 205問
  ANS: 117問
  SCS: 114問
キャッシュ更新完了
