==========================================
問題自動生成 開始: Mon May 25 01:30:49 JST 2026
==========================================
対象資格: CLF SAA SAP DVA SOA DEA DOP AIF MLA GAI ANS SCS
各資格の問題数を取得中...
  CLF: 229問
  SAA: 211問
  SAP: 205問
  DVA: 205問
  SOA: 206問
  DEA: 44問
  DOP: 334問
  AIF: 209問
  MLA: 209問
  GAI: 205問
  ANS: 36問
  SCS: 40問
選択: ANS (現在36問 — 最少)
ドメイン数: 4  /  基本 5問/ドメイン（重み付きで配分）  /  合計予算 20問
開始ドメイン: [0] ネットワーク設計

--- Cognito 認証中 ---
✓ 認証完了

--- ドメイン別問題数を取得・割り当て計算中 ---
  ネットワーク設計: 9問
  ネットワーク管理と運用: 9問
  ネットワークのセキュリティ、コンプライアンス、ガバナンス: 9問
  ネットワーク実装: 9問

ドメイン別生成数（逆数重み付き割り当て）:
  5問 → ネットワーク設計 (現在9問)
  5問 → ネットワーク実装 (現在9問)
  5問 → ネットワーク管理と運用 (現在9問)
  5問 → ネットワークのセキュリティ、コンプライアンス、ガバナンス (現在9問)
  合計: 20問

--- [ネットワーク設計] 5問 生成中 --- 開始=01:34:30
⚠️  レート制限を検出。残りをスキップ
出力: You've hit your session limit · resets 2am (Asia/Tokyo)
  🔒 レート制限ロックファイル記録: 2026-05-25 02:00 JST
  終了=01:34:34  経過=4秒

合計インポート: 0問 / 20問
