==========================================
問題自動生成 開始: Wed Jun  3 21:27:53 JST 2026
==========================================
対象資格: CLF SAA SAP DVA SOA DEA DOP AIF MLA GAI ANS SCS
問題数キャッシュを使用...
  CLF: 229問 (キャッシュ)
  SAA: 211問 (キャッシュ)
  SAP: 203問 (キャッシュ)
  DVA: 204問 (キャッシュ)
  SOA: 206問 (キャッシュ)
  DEA: 201問 (キャッシュ)
  DOP: 333問 (キャッシュ)
  AIF: 208問 (キャッシュ)
  MLA: 207問 (キャッシュ)
  GAI: 202問 (キャッシュ)
  ANS: 188問 (キャッシュ)
  SCS: 210問 (キャッシュ)
選択: ANS (現在188問 — 最少)
ドメイン数: 4  /  基本 5問/ドメイン（重み付きで配分）  /  合計予算 20問
開始ドメイン: [2] ネットワーク管理と運用

--- Cognito 認証中 ---
✓ 認証完了

--- ドメイン別問題数を取得・割り当て計算中 ---
  ネットワークのセキュリティ、コンプライアンス、ガバナンス: 41問
  ネットワーク設計: 47問
  ネットワーク実装: 50問
  ネットワーク管理と運用: 50問

ドメイン別生成数（逆数重み付き割り当て）:
  11問 → ネットワークのセキュリティ、コンプライアンス、ガバナンス (現在41問)
  5問 → ネットワーク設計 (現在47問)
  2問 → ネットワーク実装 (現在50問)
  2問 → ネットワーク管理と運用 (現在50問)
  合計: 20問

--- [ネットワーク管理と運用] 2問 生成中 --- 開始=21:28:27
  抽出: 2問 → APIインポート中...
  ✓ チャンク1 インポート成功: 2件: ans-c4cea650, ans-e80067ca
  [ネットワーク管理と運用] 合計 2/2問 インポート
  終了=21:32:18  経過=231秒

--- [ネットワークのセキュリティ、コンプライアンス、ガバナンス] 11問 生成中 (5問×3チャンク) --- 開始=21:32:18
  チャンク 1/3: 5問 生成中...
  抽出: 5問 → APIインポート中...
  ✓ チャンク1 インポート成功: 5件: ans-ea1ef61c, ans-a13d8f89, ans-b4782c6f...
  チャンク 2/3: 5問 生成中...
  抽出: 5問 → APIインポート中...
  ✓ チャンク2 インポート成功: 5件: ans-3f23e91b, ans-ca7bb6e3, ans-c0f928bd...
  チャンク 3/3: 1問 生成中...
  抽出: 1問 → APIインポート中...
  ✓ チャンク3 インポート成功: 1件: ans-51a284c0
  [ネットワークのセキュリティ、コンプライアンス、ガバナンス] 合計 11/11問 インポート
  終了=21:58:30  経過=1572秒

--- [ネットワーク設計] 5問 生成中 --- 開始=21:58:30
  抽出: 5問 → APIインポート中...
  ✓ チャンク1 インポート成功: 5件: ans-4fcebc7d, ans-632a7e4c, ans-76730abf...
  [ネットワーク設計] 合計 5/5問 インポート
  終了=22:06:31  経過=481秒

--- [ネットワーク実装] 2問 生成中 --- 開始=22:06:31
⚠️  レート制限を検出。残りをスキップ
出力: You've hit your session limit · resets 1:30am (Asia/Tokyo)
  🔒 レート制限ロックファイル記録: 2026-06-04 01:30 JST
  終了=22:06:33  経過=3秒

合計インポート: 18問 / 20問

--- 問題数キャッシュを再構築中（DynamoDBから正確な値を取得）---
  CLF: 229問
  SAA: 211問
  SAP: 203問
  DVA: 204問
  SOA: 206問
  DEA: 201問
  DOP: 333問
  AIF: 208問
  MLA: 207問
  GAI: 202問
  ANS: 206問
  SCS: 210問
キャッシュ更新完了
