==========================================
問題自動生成 開始: Tue May 26 23:07:10 JST 2026
==========================================
対象資格: CLF SAA SAP DVA SOA DEA DOP AIF MLA GAI ANS SCS
問題数キャッシュが不完全 → DynamoDBから再取得します...
キャッシュなし。DynamoDBから問題数を取得中...
  CLF: 230問
  SAA: 211問
  SAP: 205問
  DVA: 205問
  SOA: 206問
  DEA: 62問
  DOP: 334問
  AIF: 209問
  MLA: 209問
  GAI: 205問
  ANS: 63問
  SCS: 63問
選択: DEA (現在62問 — 最少)
ドメイン数: 4  /  基本 1問/ドメイン（重み付きで配分）  /  合計予算 4問
開始ドメイン: [0] データの取り込みと変換

--- Cognito 認証中 ---
✓ 認証完了

--- ドメイン別問題数を取得・割り当て計算中 ---
  データオペレーションとサポート: 15問
  データのセキュリティとガバナンス: 15問
  データストアの管理: 16問
  データの取り込みと変換: 16問

ドメイン別生成数（逆数重み付き割り当て）:
  2問 → データオペレーションとサポート (現在15問)
  2問 → データのセキュリティとガバナンス (現在15問)
  0問 → データの取り込みと変換 (現在16問)
  0問 → データストアの管理 (現在16問)
  合計: 4問

--- [データの取り込みと変換] 0問 生成中 --- 開始=23:10:54
  [データの取り込みと変換] 合計 0/0問 インポート
  終了=23:10:54  経過=0秒

--- [データストアの管理] 0問 生成中 --- 開始=23:10:54
  [データストアの管理] 合計 0/0問 インポート
  終了=23:10:54  経過=0秒

--- [データオペレーションとサポート] 2問 生成中 --- 開始=23:10:54
  抽出: 2問 → APIインポート中...
  ✓ チャンク1 インポート成功: 2件: dea-46f61776, dea-76cfe4d6
  [データオペレーションとサポート] 合計 2/2問 インポート
  終了=23:13:42  経過=168秒

--- [データのセキュリティとガバナンス] 2問 生成中 --- 開始=23:13:43
  抽出: 2問 → APIインポート中...
  ✓ チャンク1 インポート成功: 2件: dea-cbed9e22, dea-3aefdcbb
  [データのセキュリティとガバナンス] 合計 2/2問 インポート
  終了=23:15:50  経過=128秒

合計インポート: 4問 / 4問

--- 問題数キャッシュを再構築中（DynamoDBから正確な値を取得）---
  CLF: 230問
  SAA: 211問
  SAP: 205問
  DVA: 205問
  SOA: 206問
  DEA: 66問
  DOP: 334問
  AIF: 209問
  MLA: 209問
  GAI: 205問
  ANS: 63問
  SCS: 63問
キャッシュ更新完了
インポート完了: DEA +4問

==========================================
完了: Tue May 26 23:19:01 JST 2026
==========================================
