==========================================
問題自動生成 開始: Mon May 25 23:57:19 JST 2026
==========================================
対象資格: CLF SAA SAP DVA SOA DEA DOP AIF MLA GAI ANS SCS
各資格の問題数を取得中...
  CLF: 229問
  SAA: 211問
  SAP: 205問
  DVA: 205問
  SOA: 206問
  DEA: 50問
  DOP: 334問
  AIF: 209問
  MLA: 209問
  GAI: 205問
  ANS: 54問
  SCS: 52問
選択: DEA (現在50問 — 最少)
ドメイン数: 4  /  基本 2問/ドメイン（重み付きで配分）  /  合計予算 8問
開始ドメイン: [1] データストアの管理

--- Cognito 認証中 ---
✓ 認証完了

--- ドメイン別問題数を取得・割り当て計算中 ---
  データオペレーションとサポート: 11問
  データのセキュリティとガバナンス: 11問
  データストアの管理: 12問
  データの取り込みと変換: 16問

ドメイン別生成数（逆数重み付き割り当て）:
  3問 → データオペレーションとサポート (現在11問)
  3問 → データのセキュリティとガバナンス (現在11問)
  2問 → データストアの管理 (現在12問)
  0問 → データの取り込みと変換 (現在16問)
  合計: 8問

--- [データストアの管理] 2問 生成中 --- 開始=00:01:04
  抽出: 2問 → APIインポート中...
  ✓ チャンク1 インポート成功: 2件: dea-59b30bcb, dea-570f2650
  [データストアの管理] 合計 2/2問 インポート
  終了=00:03:53  経過=169秒

--- [データオペレーションとサポート] 3問 生成中 --- 開始=00:03:53
  抽出: 3問 → APIインポート中...
  ✓ チャンク1 インポート成功: 3件: dea-a543916e, dea-b600bded, dea-ebb12a59
  [データオペレーションとサポート] 合計 3/3問 インポート
  終了=00:07:58  経過=245秒

--- [データのセキュリティとガバナンス] 3問 生成中 --- 開始=00:07:58
  抽出: 3問 → APIインポート中...
  ✓ チャンク1 インポート成功: 3件: dea-f563c5df, dea-1f2ca9bb, dea-940c41c4
  [データのセキュリティとガバナンス] 合計 3/3問 インポート
  終了=00:10:12  経過=134秒

--- [データの取り込みと変換] 0問 生成中 --- 開始=00:10:12
  [データの取り込みと変換] 合計 0/0問 インポート
  終了=00:10:12  経過=0秒

合計インポート: 8問 / 8問
インポート完了: DEA +8問

==========================================
完了: Tue May 26 00:10:12 JST 2026
==========================================
