==========================================
問題自動生成 開始: Thu Jun 11 04:10:11 JST 2026
==========================================
対象資格: CLF SAA SAP DVA SOA DEA DOP AIF MLA GAI ANS SCS
問題数キャッシュを使用...
  CLF: 233問 (キャッシュ)
  SAA: 223問 (キャッシュ)
  SAP: 228問 (キャッシュ)
  DVA: 224問 (キャッシュ)
  SOA: 224問 (キャッシュ)
  DEA: 227問 (キャッシュ)
  DOP: 349問 (キャッシュ)
  AIF: 238問 (キャッシュ)
  MLA: 227問 (キャッシュ)
  GAI: 222問 (キャッシュ)
  ANS: 227問 (キャッシュ)
  SCS: 222問 (キャッシュ)
選択: GAI (現在222問 — 最少)
ドメイン数: 5  /  基本 5問/ドメイン（重み付きで配分）  /  合計予算 25問
開始ドメイン: [0] 基盤モデルの統合、データ管理、コンプライアンス

--- Cognito 認証中 ---
✓ 認証完了

--- ドメイン別問題数を取得・割り当て計算中 ---
  基盤モデルの統合、データ管理、コンプライアンス: 40問
  テスト、検証、トラブルシューティング: 42問
  AIの安全性、セキュリティ、ガバナンス: 43問
  実装と統合: 48問
  生成AIアプリケーションの運用効率と最適化: 49問

ドメイン別生成数（逆数重み付き割り当て）:
  10問 → 基盤モデルの統合、データ管理、コンプライアンス (現在40問)
  8問 → テスト、検証、トラブルシューティング (現在42問)
  6問 → AIの安全性、セキュリティ、ガバナンス (現在43問)
  1問 → 実装と統合 (現在48問)
  0問 → 生成AIアプリケーションの運用効率と最適化 (現在49問)
  合計: 25問

--- [基盤モデルの統合、データ管理、コンプライアンス] 10問 生成中 (5問×2チャンク) --- 開始=04:10:44
  チャンク 1/2: 5問 生成中...
  抽出: 3問 → APIインポート中...
  ✓ チャンク1 インポート成功: 3件: gai-c9ce416b, gai-f916e215, gai-48b4017c
  チャンク 2/2: 5問 生成中...
  抽出: 5問 → APIインポート中...
  ✓ チャンク2 インポート成功: 5件: gai-3e8f48ab, gai-e398f946, gai-ab82f11b...
  [基盤モデルの統合、データ管理、コンプライアンス] 合計 8/10問 インポート
  終了=04:33:45  経過=1381秒
⏰ デッドライン到達 (04:30 JST)。残りドメインをスキップ

合計インポート: 8問 / 25問

--- 問題数キャッシュを再構築中（DynamoDBから正確な値を取得）---
  CLF: 233問
  SAA: 223問
  SAP: 228問
  DVA: 224問
  SOA: 224問
  DEA: 227問
  DOP: 349問
  AIF: 238問
  MLA: 227問
  GAI: 230問
  ANS: 227問
  SCS: 222問
キャッシュ更新完了
