==========================================
問題自動生成 開始: Tue May 26 23:00:38 JST 2026
==========================================
対象資格: CLF SAA SAP DVA SOA DEA DOP AIF MLA GAI ANS SCS
指定資格: DEA
ドメイン数: 4  /  基本 1問/ドメイン（重み付きで配分）  /  合計予算 4問
開始ドメイン: [0] データの取り込みと変換

--- Cognito 認証中 ---
✓ 認証完了

--- ドメイン別問題数を取得・割り当て計算中 ---
  データストアの管理: 14問
  データオペレーションとサポート: 14問
  データのセキュリティとガバナンス: 14問
  データの取り込みと変換: 16問

ドメイン別生成数（逆数重み付き割り当て）:
  2問 → データストアの管理 (現在14問)
  1問 → データオペレーションとサポート (現在14問)
  1問 → データのセキュリティとガバナンス (現在14問)
  0問 → データの取り込みと変換 (現在16問)
  合計: 4問

--- [データの取り込みと変換] 0問 生成中 --- 開始=23:01:11
  [データの取り込みと変換] 合計 0/0問 インポート
  終了=23:01:11  経過=0秒

--- [データストアの管理] 2問 生成中 --- 開始=23:01:11
  抽出: 2問 → APIインポート中...
  ✓ チャンク1 インポート成功: 2件: dea-d5168b8e, dea-58fcdaa3
  [データストアの管理] 合計 2/2問 インポート
  終了=23:03:06  経過=115秒

--- [データオペレーションとサポート] 1問 生成中 --- 開始=23:03:06
  抽出: 1問 → APIインポート中...
  ✓ チャンク1 インポート成功: 1件: dea-46a2484f
  [データオペレーションとサポート] 合計 1/1問 インポート
  終了=23:04:30  経過=84秒

--- [データのセキュリティとガバナンス] 1問 生成中 --- 開始=23:04:30
  抽出: 1問 → APIインポート中...
  ✓ チャンク1 インポート成功: 1件: dea-75892cdf
  [データのセキュリティとガバナンス] 合計 1/1問 インポート
  終了=23:06:07  経過=97秒

合計インポート: 4問 / 4問
インポート完了: DEA +4問

==========================================
完了: Tue May 26 23:06:07 JST 2026
==========================================
