==========================================
問題自動生成 開始: Mon Jun 22 10:50:49 JST 2026
==========================================
対象資格: CLF SAA SAP DVA SOA DEA DOP AIF MLA AIP ANS SCS
問題数キャッシュを使用...
  CLF: 253問 (キャッシュ)
  SAA: 263問 (キャッシュ)
  SAP: 249問 (キャッシュ)
  DVA: 252問 (キャッシュ)
  SOA: 251問 (キャッシュ)
  DEA: 251問 (キャッシュ)
  DOP: 349問 (キャッシュ)
  AIF: 256問 (キャッシュ)
  MLA: 249問 (キャッシュ)
  AIP: 254問 (キャッシュ)
  ANS: 249問 (キャッシュ)
  SCS: 249問 (キャッシュ)
選択: SAP (現在249問 — 最少)
試験ガイドURL: https://aws.amazon.com/jp/certification/certified-solutions-architect-professional/
ドメイン数: 4  /  基本 5問/ドメイン（重み付きで配分）  /  合計予算 20問
開始ドメイン: [0] 組織の複雑さに対応する設計

--- Cognito 認証中 ---
✓ 認証完了

--- ドメイン別問題数を取得・割り当て計算中 ---
  新しいソリューションのための設計: 57問
  ワークロードの移行とモダン化の加速: 60問
  既存のソリューションの継続的改善: 62問
  組織の複雑さに対応する設計: 70問

ドメイン別生成数（逆数重み付き割り当て）:
  10問 → 新しいソリューションのための設計 (現在57問)
  6問 → ワークロードの移行とモダン化の加速 (現在60問)
  4問 → 既存のソリューションの継続的改善 (現在62問)
  0問 → 組織の複雑さに対応する設計 (現在70問)
  合計: 20問
処理順（問題数少ない順）: 新しいソリューションのための設計,ワークロードの移行とモダン化の加速,既存のソリューションの継続的改善,組織の複雑さに対応する設計

--- [新しいソリューションのための設計] 10問 生成中 (3問×3チャンク) --- 開始=10:51:22
  チャンク 1/3: 4問 生成中...
  抽出: 4問 → APIインポート中...
  ✓ チャンク1 インポート成功: 4件: sap-cde8f4cd, sap-6e8439cd, sap-e7e30a5d...
  チャンク 2/3: 3問 生成中...
