==========================================
問題自動生成 開始: Tue Jun 16 03:40:49 JST 2026
==========================================
対象資格: CLF SAA SAP DVA SOA DEA DOP AIF MLA GAI ANS SCS
問題数キャッシュを使用...
  CLF: 253問 (キャッシュ)
  SAA: 245問 (キャッシュ)
  SAP: 234問 (キャッシュ)
  DVA: 239問 (キャッシュ)
  SOA: 239問 (キャッシュ)
  DEA: 242問 (キャッシュ)
  DOP: 349問 (キャッシュ)
  AIF: 238問 (キャッシュ)
  MLA: 233問 (キャッシュ)
  GAI: 235問 (キャッシュ)
  ANS: 239問 (キャッシュ)
  SCS: 234問 (キャッシュ)
選択: MLA (現在233問 — 最少)
ドメイン数: 4  /  基本 5問/ドメイン（重み付きで配分）  /  合計予算 20問
開始ドメイン: [2] MLワークフローのデプロイとオーケストレーション

--- Cognito 認証中 ---
✓ 認証完了

--- ドメイン別問題数を取得・割り当て計算中 ---
  MLソリューションの監視、メンテナンス、セキュリティ: 46問
  MLモデルの開発: 59問
  機械学習のためのデータ準備: 59問
  MLワークフローのデプロイとオーケストレーション: 69問

ドメイン別生成数（逆数重み付き割り当て）:
  16問 → MLソリューションの監視、メンテナンス、セキュリティ (現在46問)
  2問 → 機械学習のためのデータ準備 (現在59問)
  2問 → MLモデルの開発 (現在59問)
  0問 → MLワークフローのデプロイとオーケストレーション (現在69問)
  合計: 20問
処理順（問題数少ない順）: MLソリューションの監視、メンテナンス、セキュリティ,MLモデルの開発,機械学習のためのデータ準備,MLワークフローのデプロイとオーケストレーション

--- [MLソリューションの監視、メンテナンス、セキュリティ] 16問 生成中 (5問×3チャンク) --- 開始=03:41:22
  チャンク 1/3: 6問 生成中...
⚠️  レート制限を検出。残りをスキップ
出力: You've hit your session limit · resets 4am (Asia/Tokyo)
  終了=03:41:24  経過=2秒

合計インポート: 0問 / 20問

--- 問題数キャッシュを再構築中（DynamoDBから正確な値を取得）---
  CLF: 253問
  SAA: 245問
  SAP: 234問
  DVA: 239問
  SOA: 239問
  DEA: 242問
  DOP: 349問
  AIF: 238問
  MLA: 233問
  GAI: 235問
  ANS: 239問
  SCS: 234問
キャッシュ更新完了
