==========================================
問題自動生成 開始: Wed Jun 24 07:52:49 JST 2026
==========================================
対象資格: CLF SAA SAP DVA SOA DEA DOP AIF MLA AIP ANS SCS
問題数キャッシュを使用...
  CLF: 272問 (キャッシュ)
  SAA: 263問 (キャッシュ)
  SAP: 253問 (キャッシュ)
  DVA: 259問 (キャッシュ)
  SOA: 258問 (キャッシュ)
  DEA: 258問 (キャッシュ)
  DOP: 349問 (キャッシュ)
  AIF: 256問 (キャッシュ)
  MLA: 254問 (キャッシュ)
  AIP: 254問 (キャッシュ)
  ANS: 269問 (キャッシュ)
  SCS: 264問 (キャッシュ)
選択: SAP (現在253問 — 最少)
試験ガイドURL: https://aws.amazon.com/jp/certification/certified-solutions-architect-professional/
ドメイン数: 4  /  基本 5問/ドメイン（重み付きで配分）  /  合計予算 20問
開始ドメイン: [1] 新しいソリューションのための設計

--- Cognito 認証中 ---
✓ 認証完了

--- ドメイン別問題数を取得・割り当て計算中 ---
  新しいソリューションのための設計: 60問
  ワークロードの移行とモダン化の加速: 60問
  既存のソリューションの継続的改善: 63問
  組織の複雑さに対応する設計: 70問

ドメイン別生成数（逆数重み付き割り当て）:
  8問 → 新しいソリューションのための設計 (現在60問)
  8問 → ワークロードの移行とモダン化の加速 (現在60問)
  4問 → 既存のソリューションの継続的改善 (現在63問)
  0問 → 組織の複雑さに対応する設計 (現在70問)
  合計: 20問
処理順（問題数少ない順）: ワークロードの移行とモダン化の加速,新しいソリューションのための設計,既存のソリューションの継続的改善,組織の複雑さに対応する設計

--- [ワークロードの移行とモダン化の加速] 8問 生成中 (3問×3チャンク) --- 開始=07:53:22
  チャンク 1/3: 3問 生成中...
⚠️  レート制限を検出。残りをスキップ
出力: You've hit your session limit · resets 8:10am (Asia/Tokyo)
  終了=07:53:24  経過=2秒

合計インポート: 0問 / 20問

--- 問題数キャッシュを再構築中（DynamoDBから正確な値を取得）---
  CLF: 272問
  SAA: 263問
  SAP: 253問
  DVA: 259問
  SOA: 258問
  DEA: 258問
  DOP: 349問
  AIF: 256問
  MLA: 254問
  AIP: 254問
  ANS: 269問
  SCS: 264問
キャッシュ更新完了
