==========================================
問題自動生成 開始: Sat May 30 21:00:49 JST 2026
==========================================
対象資格: CLF SAA SAP DVA SOA DEA DOP AIF MLA GAI ANS SCS
問題数キャッシュを使用...
  CLF: 230問 (キャッシュ)
  SAA: 211問 (キャッシュ)
  SAP: 205問 (キャッシュ)
  DVA: 205問 (キャッシュ)
  SOA: 206問 (キャッシュ)
  DEA: 140問 (キャッシュ)
  DOP: 334問 (キャッシュ)
  AIF: 209問 (キャッシュ)
  MLA: 209問 (キャッシュ)
  GAI: 205問 (キャッシュ)
  ANS: 132問 (キャッシュ)
  SCS: 137問 (キャッシュ)
選択: ANS (現在132問 — 最少)
ドメイン数: 4  /  基本 5問/ドメイン（重み付きで配分）  /  合計予算 20問
開始ドメイン: [3] ネットワークのセキュリティ、コンプライアンス、ガバナンス

--- Cognito 認証中 ---
✓ 認証完了

--- ドメイン別問題数を取得・割り当て計算中 ---
  ネットワークのセキュリティ、コンプライアンス、ガバナンス: 29問
  ネットワーク設計: 34問
  ネットワーク実装: 34問
  ネットワーク管理と運用: 35問

ドメイン別生成数（逆数重み付き割り当て）:
  9問 → ネットワークのセキュリティ、コンプライアンス、ガバナンス (現在29問)
  4問 → ネットワーク設計 (現在34問)
  4問 → ネットワーク実装 (現在34問)
  3問 → ネットワーク管理と運用 (現在35問)
  合計: 20問

--- [ネットワークのセキュリティ、コンプライアンス、ガバナンス] 9問 生成中 (5問×2チャンク) --- 開始=21:01:22
  チャンク 1/2: 5問 生成中...
  抽出: 5問 → APIインポート中...
  ✓ チャンク1 インポート成功: 5件: ans-3d200b3a, ans-e86ca019, ans-4d256aae...
  チャンク 2/2: 4問 生成中...
  抽出: 4問 → APIインポート中...
  ✓ チャンク2 インポート成功: 4件: ans-c0908b06, ans-87ce2adf, ans-91cf4aa7...
  [ネットワークのセキュリティ、コンプライアンス、ガバナンス] 合計 9/9問 インポート
  終了=21:13:14  経過=712秒

--- [ネットワーク設計] 4問 生成中 --- 開始=21:13:14
  抽出: 4問 → APIインポート中...
  ✓ チャンク1 インポート成功: 4件: ans-b94fc759, ans-996c9bda, ans-9f5e3a3b...
  [ネットワーク設計] 合計 4/4問 インポート
  終了=21:21:50  経過=516秒

--- [ネットワーク実装] 4問 生成中 --- 開始=21:21:50
⚠️  レート制限を検出。残りをスキップ
出力: You've hit your session limit · resets 9:30pm (Asia/Tokyo)
  🔒 レート制限ロックファイル記録: 2026-05-30 21:30 JST
  終了=21:21:52  経過=2秒

合計インポート: 13問 / 20問

--- 問題数キャッシュを再構築中（DynamoDBから正確な値を取得）---
  CLF: 230問
  SAA: 211問
  SAP: 205問
  DVA: 205問
  SOA: 206問
  DEA: 140問
  DOP: 334問
  AIF: 209問
  MLA: 209問
  GAI: 205問
  ANS: 145問
  SCS: 137問
キャッシュ更新完了
