==========================================
問題自動生成 開始: Tue Jun 16 23:40:49 JST 2026
==========================================
対象資格: CLF SAA SAP DVA SOA DEA DOP AIF MLA GAI ANS SCS
問題数キャッシュを使用...
  CLF: 253問 (キャッシュ)
  SAA: 245問 (キャッシュ)
  SAP: 237問 (キャッシュ)
  DVA: 239問 (キャッシュ)
  SOA: 239問 (キャッシュ)
  DEA: 242問 (キャッシュ)
  DOP: 349問 (キャッシュ)
  AIF: 238問 (キャッシュ)
  MLA: 249問 (キャッシュ)
  GAI: 235問 (キャッシュ)
  ANS: 239問 (キャッシュ)
  SCS: 234問 (キャッシュ)
選択: SCS (現在234問 — 最少)
ドメイン数: 6  /  基本 5問/ドメイン（重み付きで配分）  /  合計予算 30問
開始ドメイン: [4] データ保護

--- Cognito 認証中 ---
✓ 認証完了

--- ドメイン別問題数を取得・割り当て計算中 ---
  データ保護: 36問
  セキュリティの基盤とガバナンス: 36問
  インシデント対応: 38問
  検出: 40問
  インフラストラクチャのセキュリティ: 42問
  アイデンティティとアクセス管理: 42問

ドメイン別生成数（逆数重み付き割り当て）:
  8問 → データ保護 (現在36問)
  8問 → セキュリティの基盤とガバナンス (現在36問)
  6問 → インシデント対応 (現在38問)
  4問 → 検出 (現在40問)
  2問 → インフラストラクチャのセキュリティ (現在42問)
  2問 → アイデンティティとアクセス管理 (現在42問)
  合計: 30問
処理順（問題数少ない順）: セキュリティの基盤とガバナンス,データ保護,インシデント対応,検出,アイデンティティとアクセス管理,インフラストラクチャのセキュリティ

--- [セキュリティの基盤とガバナンス] 8問 生成中 (3問×3チャンク) --- 開始=23:41:22
  チャンク 1/3: 3問 生成中...
  抽出: 3問 → APIインポート中...
  ✓ チャンク1 インポート成功: 3件: scs-9dbd8b04, scs-fb1414ce, scs-55df59d6
  チャンク 2/3: 3問 生成中...
  抽出: 3問 → APIインポート中...
  ✓ チャンク2 インポート成功: 3件: scs-0867a902, scs-3a9fd0cc, scs-2616cbbf
  チャンク 3/3: 2問 生成中...
⚠️  レート制限を検出。残りをスキップ
出力: You've hit your session limit · resets 12am (Asia/Tokyo)
  終了=23:52:33  経過=671秒

合計インポート: 0問 / 30問

--- 問題数キャッシュを再構築中（DynamoDBから正確な値を取得）---
  CLF: 253問
  SAA: 245問
  SAP: 237問
  DVA: 239問
  SOA: 239問
  DEA: 242問
  DOP: 349問
  AIF: 238問
  MLA: 249問
  GAI: 235問
  ANS: 239問
  SCS: 240問
キャッシュ更新完了
