==========================================
問題自動生成 開始: Wed Jun 10 23:10:11 JST 2026
==========================================
対象資格: CLF SAA SAP DVA SOA DEA DOP AIF MLA GAI ANS SCS
問題数キャッシュを使用...
  CLF: 233問 (キャッシュ)
  SAA: 223問 (キャッシュ)
  SAP: 228問 (キャッシュ)
  DVA: 224問 (キャッシュ)
  SOA: 224問 (キャッシュ)
  DEA: 222問 (キャッシュ)
  DOP: 349問 (キャッシュ)
  AIF: 238問 (キャッシュ)
  MLA: 227問 (キャッシュ)
  GAI: 222問 (キャッシュ)
  ANS: 227問 (キャッシュ)
  SCS: 222問 (キャッシュ)
選択: DEA (現在222問 — 最少)
ドメイン数: 4  /  基本 5問/ドメイン（重み付きで配分）  /  合計予算 20問
開始ドメイン: [3] データのセキュリティとガバナンス

--- Cognito 認証中 ---
✓ 認証完了

--- ドメイン別問題数を取得・割り当て計算中 ---
  データのセキュリティとガバナンス: 52問
  データの取り込みと変換: 55問
  データストアの管理: 56問
  データオペレーションとサポート: 59問

ドメイン別生成数（逆数重み付き割り当て）:
  9問 → データのセキュリティとガバナンス (現在52問)
  6問 → データの取り込みと変換 (現在55問)
  4問 → データストアの管理 (現在56問)
  1問 → データオペレーションとサポート (現在59問)
  合計: 20問

--- [データのセキュリティとガバナンス] 9問 生成中 (5問×2チャンク) --- 開始=23:10:44
  チャンク 1/2: 5問 生成中...
⚠️  レート制限を検出。残りをスキップ
出力: You've hit your session limit · resets 11:30pm (Asia/Tokyo)
  終了=23:19:46  経過=542秒

合計インポート: 0問 / 20問

--- 問題数キャッシュを再構築中（DynamoDBから正確な値を取得）---
  CLF: 233問
  SAA: 223問
  SAP: 228問
  DVA: 224問
  SOA: 224問
  DEA: 227問
  DOP: 349問
  AIF: 238問
  MLA: 227問
  GAI: 222問
  ANS: 227問
  SCS: 222問
キャッシュ更新完了
