==========================================
問題自動生成 開始: Mon Jun 22 23:38:49 JST 2026
==========================================
対象資格: CLF SAA SAP DVA SOA DEA DOP AIF MLA AIP ANS SCS
問題数キャッシュを使用...
  CLF: 253問 (キャッシュ)
  SAA: 263問 (キャッシュ)
  SAP: 253問 (キャッシュ)
  DVA: 252問 (キャッシュ)
  SOA: 251問 (キャッシュ)
  DEA: 251問 (キャッシュ)
  DOP: 349問 (キャッシュ)
  AIF: 256問 (キャッシュ)
  MLA: 254問 (キャッシュ)
  AIP: 254問 (キャッシュ)
  ANS: 269問 (キャッシュ)
  SCS: 249問 (キャッシュ)
選択: SCS (現在249問 — 最少)
試験ガイドURL: https://aws.amazon.com/jp/certification/certified-security-specialty/
ドメイン数: 6  /  基本 5問/ドメイン（重み付きで配分）  /  合計予算 30問
開始ドメイン: [1] インシデント対応

--- Cognito 認証中 ---
✓ 認証完了

--- ドメイン別問題数を取得・割り当て計算中 ---
  データ保護: 39問
  検出: 40問
  セキュリティの基盤とガバナンス: 42問
  インフラストラクチャのセキュリティ: 42問
  アイデンティティとアクセス管理: 42問
  インシデント対応: 44問

ドメイン別生成数（逆数重み付き割り当て）:
  8問 → データ保護 (現在39問)
  7問 → 検出 (現在40問)
  5問 → インフラストラクチャのセキュリティ (現在42問)
  4問 → アイデンティティとアクセス管理 (現在42問)
  4問 → セキュリティの基盤とガバナンス (現在42問)
  2問 → インシデント対応 (現在44問)
  合計: 30問
処理順（問題数少ない順）: データ保護,検出,インフラストラクチャのセキュリティ,アイデンティティとアクセス管理,セキュリティの基盤とガバナンス,インシデント対応

--- [データ保護] 8問 生成中 (3問×3チャンク) --- 開始=23:39:25
  チャンク 1/3: 3問 生成中...
  抽出: 3問 → APIインポート中...
  ✓ チャンク1 インポート成功: 3件: scs-301b4e99, scs-a6c9d193, scs-31e146c4
  チャンク 2/3: 3問 生成中...
  抽出: 3問 → APIインポート中...
  ✓ チャンク2 インポート成功: 3件: scs-80d8a834, scs-68d8d473, scs-00104547
  チャンク 3/3: 2問 生成中...
  抽出: 2問 → APIインポート中...
  ✓ チャンク3 インポート成功: 2件: scs-fc69e653, scs-218c6a3a
  [データ保護] 合計 8/8問 インポート
  終了=23:51:29  経過=724秒

--- [検出] 7問 生成中 (3問×2チャンク) --- 開始=23:51:29
  チャンク 1/2: 4問 生成中...
  抽出: 4問 → APIインポート中...
  ✓ チャンク1 インポート成功: 4件: scs-e7b19465, scs-61134c93, scs-c4c1305a...
  チャンク 2/2: 3問 生成中...
  抽出: 3問 → APIインポート中...
  ✓ チャンク2 インポート成功: 3件: scs-474641d5, scs-d5b2ca7d, scs-d183fb63
  [検出] 合計 7/7問 インポート
  終了=00:01:59  経過=630秒

--- [インフラストラクチャのセキュリティ] 5問 生成中 (3問×2チャンク) --- 開始=00:01:59
  チャンク 1/2: 3問 生成中...
⚠️  レート制限を検出。残りをスキップ
出力: You've hit your session limit · resets 2:10am (Asia/Tokyo)
  終了=00:02:01  経過=2秒

合計インポート: 15問 / 30問

--- 問題数キャッシュを再構築中（DynamoDBから正確な値を取得）---
  CLF: 253問
  SAA: 263問
  SAP: 253問
  DVA: 252問
  SOA: 251問
  DEA: 251問
  DOP: 349問
  AIF: 256問
  MLA: 254問
  AIP: 254問
  ANS: 269問
  SCS: 264問
キャッシュ更新完了
