==========================================
問題自動生成 開始: Wed May 27 00:57:03 JST 2026
==========================================
対象資格: CLF SAA SAP DVA SOA DEA DOP AIF MLA GAI ANS SCS
問題数キャッシュを使用...
  CLF: 230問 (キャッシュ)
  SAA: 211問 (キャッシュ)
  SAP: 205問 (キャッシュ)
  DVA: 205問 (キャッシュ)
  SOA: 206問 (キャッシュ)
  DEA: 66問 (キャッシュ)
  DOP: 334問 (キャッシュ)
  AIF: 209問 (キャッシュ)
  MLA: 209問 (キャッシュ)
  GAI: 205問 (キャッシュ)
  ANS: 67問 (キャッシュ)
  SCS: 63問 (キャッシュ)
選択: SCS (現在63問 — 最少)
ドメイン数: 6  /  基本 5問/ドメイン（重み付きで配分）  /  合計予算 30問
開始ドメイン: [0] 検出

--- Cognito 認証中 ---
✓ 認証完了

--- ドメイン別問題数を取得・割り当て計算中 ---
  インシデント対応: 9問
  検出: 9問
  インフラストラクチャのセキュリティ: 9問
  データ保護: 11問
  セキュリティの基盤とガバナンス: 12問
  アイデンティティとアクセス管理: 13問

ドメイン別生成数（逆数重み付き割り当て）:
  7問 → 検出 (現在9問)
  7問 → インシデント対応 (現在9問)
  7問 → インフラストラクチャのセキュリティ (現在9問)
  4問 → データ保護 (現在11問)
  3問 → セキュリティの基盤とガバナンス (現在12問)
  2問 → アイデンティティとアクセス管理 (現在13問)
  合計: 30問

--- [検出] 7問 生成中 (5問×2チャンク) --- 開始=00:57:37
  チャンク 1/2: 5問 生成中...
  抽出: 5問 → APIインポート中...
  ✓ チャンク1 インポート成功: 5件: scs-863ae802, scs-aca6b940, scs-1a15a92d...
  チャンク 2/2: 2問 生成中...
  抽出: 2問 → APIインポート中...
  ✓ チャンク2 インポート成功: 2件: scs-c0933300, scs-be07a31b
  [検出] 合計 7/7問 インポート
  終了=01:03:41  経過=364秒

--- [インシデント対応] 7問 生成中 (5問×2チャンク) --- 開始=01:03:41
  チャンク 1/2: 5問 生成中...
⚠️  レート制限を検出。残りをスキップ
出力: You've hit your session limit · resets 4am (Asia/Tokyo)
  🔒 レート制限ロックファイル記録: 2026-05-27 04:00 JST
  終了=01:03:45  経過=4秒

合計インポート: 7問 / 30問

--- 問題数キャッシュを再構築中（DynamoDBから正確な値を取得）---
  CLF: 230問
  SAA: 211問
  SAP: 205問
  DVA: 205問
  SOA: 206問
  DEA: 66問
  DOP: 334問
  AIF: 209問
  MLA: 209問
  GAI: 205問
  ANS: 67問
  SCS: 70問
キャッシュ更新完了
