==========================================
問題自動生成 開始: Fri Jun 19 16:40:49 JST 2026
==========================================
対象資格: CLF SAA SAP DVA SOA DEA DOP AIF MLA GAI ANS SCS
問題数キャッシュを使用...
  CLF: 253問 (キャッシュ)
  SAA: 245問 (キャッシュ)
  SAP: 243問 (キャッシュ)
  DVA: 252問 (キャッシュ)
  SOA: 251問 (キャッシュ)
  DEA: 242問 (キャッシュ)
  DOP: 349問 (キャッシュ)
  AIF: 246問 (キャッシュ)
  MLA: 249問 (キャッシュ)
  GAI: 245問 (キャッシュ)
  ANS: 243問 (キャッシュ)
  SCS: 243問 (キャッシュ)
選択: DEA (現在242問 — 最少)
ドメイン数: 4  /  基本 5問/ドメイン（重み付きで配分）  /  合計予算 20問
開始ドメイン: [3] データのセキュリティとガバナンス

--- Cognito 認証中 ---
✓ 認証完了

--- ドメイン別問題数を取得・割り当て計算中 ---
  データのセキュリティとガバナンス: 57問
  データオペレーションとサポート: 61問
  データの取り込みと変換: 61問
  データストアの管理: 63問

ドメイン別生成数（逆数重み付き割り当て）:
  9問 → データのセキュリティとガバナンス (現在57問)
  5問 → データの取り込みと変換 (現在61問)
  4問 → データオペレーションとサポート (現在61問)
  2問 → データストアの管理 (現在63問)
  合計: 20問
処理順（問題数少ない順）: データのセキュリティとガバナンス,データの取り込みと変換,データオペレーションとサポート,データストアの管理

--- [データのセキュリティとガバナンス] 9問 生成中 (5問×2チャンク) --- 開始=16:41:22
  チャンク 1/2: 5問 生成中...
⚠️  レート制限を検出。残りをスキップ
出力: You've hit your session limit · resets 5pm (Asia/Tokyo)
  終了=16:41:24  経過=2秒

合計インポート: 0問 / 20問

--- 問題数キャッシュを再構築中（DynamoDBから正確な値を取得）---
  CLF: 253問
  SAA: 245問
  SAP: 243問
  DVA: 252問
  SOA: 251問
  DEA: 242問
  DOP: 349問
  AIF: 246問
  MLA: 249問
  GAI: 245問
  ANS: 243問
  SCS: 243問
キャッシュ更新完了
