==========================================
問題自動生成 開始: Tue Jun 23 16:50:49 JST 2026
==========================================
対象資格: CLF SAA SAP DVA SOA DEA DOP AIF MLA AIP ANS SCS
問題数キャッシュを使用...
  CLF: 253問 (キャッシュ)
  SAA: 263問 (キャッシュ)
  SAP: 253問 (キャッシュ)
  DVA: 252問 (キャッシュ)
  SOA: 258問 (キャッシュ)
  DEA: 258問 (キャッシュ)
  DOP: 349問 (キャッシュ)
  AIF: 256問 (キャッシュ)
  MLA: 254問 (キャッシュ)
  AIP: 254問 (キャッシュ)
  ANS: 269問 (キャッシュ)
  SCS: 264問 (キャッシュ)
選択: DVA (現在252問 — 最少)
試験ガイドURL: https://aws.amazon.com/jp/certification/certified-developer-associate/
ドメイン数: 4  /  基本 5問/ドメイン（重み付きで配分）  /  合計予算 20問
開始ドメイン: [0] AWSのサービスを使用した開発

--- Cognito 認証中 ---
✓ 認証完了

--- ドメイン別問題数を取得・割り当て計算中 ---
  セキュリティ: 61問
  トラブルシューティングと最適化: 61問
  AWSのサービスを使用した開発: 65問
  デプロイ: 65問

ドメイン別生成数（逆数重み付き割り当て）:
  7問 → セキュリティ (現在61問)
  7問 → トラブルシューティングと最適化 (現在61問)
  3問 → AWSのサービスを使用した開発 (現在65問)
  3問 → デプロイ (現在65問)
  合計: 20問
処理順（問題数少ない順）: セキュリティ,トラブルシューティングと最適化,AWSのサービスを使用した開発,デプロイ

--- [セキュリティ] 7問 生成中 --- 開始=16:51:21
  抽出: 7問 → APIインポート中...
  ✓ チャンク1 インポート成功: 7件: dva-1b1a3d6d, dva-df9c4f9c, dva-f010f7d7...
  [セキュリティ] 合計 7/7問 インポート
  終了=17:08:42  経過=1041秒

--- [トラブルシューティングと最適化] 7問 生成中 --- 開始=17:08:42
⚠️  レート制限を検出。残りをスキップ
出力: You've hit your session limit · resets 5:10pm (Asia/Tokyo)
  終了=17:08:44  経過=2秒

合計インポート: 7問 / 20問

--- 問題数キャッシュを再構築中（DynamoDBから正確な値を取得）---
  CLF: 253問
  SAA: 263問
  SAP: 253問
  DVA: 259問
  SOA: 258問
