==========================================
問題自動生成 開始: Wed May 20 21:25:38 JST 2026
==========================================
対象資格: CLF SAA SAP DVA SOA DOP AIF MLA GAI
各資格の問題数を取得中...
  CLF: 216問
  SAA: 203問
  SAP: 197問
  DVA: 205問
  SOA: 206問
  DOP: 259問
  AIF: 199問
  MLA: 199問
  GAI: 205問
選択: SAP (現在197問 — 最少)
ドメイン数: 4  /  基本 2問/ドメイン（重み付きで配分）  /  合計予算 8問
開始ドメイン: [3] ワークロードの移行とモダン化の加速

--- Cognito 認証中 ---
✓ 認証完了

--- ドメイン別問題数を取得・割り当て計算中 ---
  ワークロードの移行とモダン化の加速: 40問
  既存のソリューションの継続的改善: 44問
  新しいソリューションのための設計: 51問
  組織の複雑さに対応する設計: 62問

ドメイン別生成数（逆数重み付き割り当て）:
  2問 → 組織の複雑さに対応する設計 (現在62問)
  2問 → 新しいソリューションのための設計 (現在51問)
  2問 → 既存のソリューションの継続的改善 (現在44問)
  2問 → ワークロードの移行とモダン化の加速 (現在40問)
  合計: 8問

--- [ワークロードの移行とモダン化の加速] 2問 生成中 --- 開始=21:28:34
抽出: 2問 → APIインポート中...
✓ [ワークロードの移行とモダン化の加速] インポート成功: 2件: sap-644c33e3, sap-4b6d1a18
  終了=21:34:31  経過=357秒

--- [組織の複雑さに対応する設計] 2問 生成中 --- 開始=21:34:31
抽出: 2問 → APIインポート中...
✓ [組織の複雑さに対応する設計] インポート成功: 2件: sap-be537538, sap-ecb5c8cb
  終了=21:39:05  経過=274秒

--- [新しいソリューションのための設計] 2問 生成中 --- 開始=21:39:05
抽出: 2問 → APIインポート中...
✓ [新しいソリューションのための設計] インポート成功: 2件: sap-628bc38b, sap-d46006cd
  終了=21:43:09  経過=244秒

--- [既存のソリューションの継続的改善] 2問 生成中 --- 開始=21:43:09
抽出: 2問 → APIインポート中...
✓ [既存のソリューションの継続的改善] インポート成功: 2件: sap-a75af825, sap-ae6b30b1
  終了=21:49:18  経過=369秒

合計インポート: 8問 / 8問
インポート完了: SAP +8問

==========================================
完了: Wed May 20 21:49:18 JST 2026
==========================================
