==========================================
問題自動生成 開始: Sun Jun 21 19:50:49 JST 2026
==========================================
対象資格: CLF SAA SAP DVA SOA DEA DOP AIF MLA AIP ANS SCS
問題数キャッシュを使用...
  CLF: 253問 (キャッシュ)
  SAA: 263問 (キャッシュ)
  SAP: 249問 (キャッシュ)
  DVA: 252問 (キャッシュ)
  SOA: 251問 (キャッシュ)
  DEA: 251問 (キャッシュ)
  DOP: 349問 (キャッシュ)
  AIF: 246問 (キャッシュ)
  MLA: 249問 (キャッシュ)
  AIP: 254問 (キャッシュ)
  ANS: 249問 (キャッシュ)
  SCS: 249問 (キャッシュ)
選択: AIF (現在246問 — 最少)
試験ガイドURL: https://aws.amazon.com/jp/certification/certified-ai-practitioner/
ドメイン数: 5  /  基本 5問/ドメイン（重み付きで配分）  /  合計予算 25問
開始ドメイン: [1] 生成AIの基礎

--- Cognito 認証中 ---
✓ 認証完了

--- ドメイン別問題数を取得・割り当て計算中 ---
  生成AIの基礎: 45問
  基盤モデルのアプリケーション: 49問
  AIとMLの基礎: 49問
  責任あるAIのガイドライン: 50問
  AIソリューションのセキュリティ、コンプライアンス、ガバナンス: 53問

ドメイン別生成数（逆数重み付き割り当て）:
  10問 → 生成AIの基礎 (現在45問)
  5問 → AIとMLの基礎 (現在49問)
  5問 → 基盤モデルのアプリケーション (現在49問)
  4問 → 責任あるAIのガイドライン (現在50問)
  1問 → AIソリューションのセキュリティ、コンプライアンス、ガバナンス (現在53問)
  合計: 25問
処理順（問題数少ない順）: 生成AIの基礎,AIとMLの基礎,基盤モデルのアプリケーション,責任あるAIのガイドライン,AIソリューションのセキュリティ、コンプライアンス、ガバナンス

--- [生成AIの基礎] 10問 生成中 (5問×2チャンク) --- 開始=19:51:22
  チャンク 1/2: 5問 生成中...
⚠️  レート制限を検出。残りをスキップ
出力: You've hit your session limit · resets 8:10pm (Asia/Tokyo)
  終了=19:51:23  経過=1秒

合計インポート: 0問 / 25問

--- 問題数キャッシュを再構築中（DynamoDBから正確な値を取得）---
  CLF: 253問
  SAA: 263問
  SAP: 249問
  DVA: 252問
  SOA: 251問
  DEA: 251問
  DOP: 349問
  AIF: 246問
  MLA: 249問
  AIP: 254問
  ANS: 249問
  SCS: 249問
キャッシュ更新完了
