==========================================
問題自動生成 開始: Sat May 23 20:04:20 JST 2026
==========================================
対象資格: CLF SAA SAP DVA SOA DEA DOP AIF MLA GAI ANS SCS
指定資格: CLF
対象ドメイン: クラウドの概念  /  1問

--- Cognito 認証中 ---
✓ 認証完了

--- ドメイン別問題数を取得・割り当て計算中 ---
  クラウドの概念: 52問
  請求、料金、およびサポート: 52問
  セキュリティとコンプライアンス: 58問
  クラウドのテクノロジーとサービス: 66問

--- [クラウドの概念] 1問 生成中 --- 開始=20:04:53
  抽出: 1問 → APIインポート中...
  ✓ チャンク1 インポート成功: 1件: clf-bf751002
  [クラウドの概念] 合計 1/1問 インポート
  終了=20:07:11  経過=138秒

合計インポート: 1問 / 1問
インポート完了: CLF +1問

==========================================
完了: Sat May 23 20:07:11 JST 2026
==========================================
