==========================================
問題自動生成 開始: Mon Jun 15 13:22:43 JST 2026
==========================================
対象資格: CLF SAA SAP DVA SOA DEA DOP AIF MLA GAI ANS SCS
問題数キャッシュを使用...
  CLF: 233問 (キャッシュ)
  SAA: 245問 (キャッシュ)
  SAP: 234問 (キャッシュ)
  DVA: 239問 (キャッシュ)
  SOA: 239問 (キャッシュ)
  DEA: 242問 (キャッシュ)
  DOP: 349問 (キャッシュ)
  AIF: 238問 (キャッシュ)
  MLA: 233問 (キャッシュ)
  GAI: 235問 (キャッシュ)
  ANS: 239問 (キャッシュ)
  SCS: 234問 (キャッシュ)
選択: CLF (現在233問 — 最少)
ドメイン数: 4  /  基本 5問/ドメイン（重み付きで配分）  /  合計予算 20問
開始ドメイン: [1] セキュリティとコンプライアンス

--- Cognito 認証中 ---
✓ 認証完了

--- ドメイン別問題数を取得・割り当て計算中 ---
  請求、料金、およびサポート: 52問
  セキュリティとコンプライアンス: 54問
  クラウドの概念: 60問
  クラウドのテクノロジーとサービス: 67問

ドメイン別生成数（逆数重み付き割り当て）:
  10問 → 請求、料金、およびサポート (現在52問)
  8問 → セキュリティとコンプライアンス (現在54問)
  2問 → クラウドの概念 (現在60問)
  0問 → クラウドのテクノロジーとサービス (現在67問)
  合計: 20問
処理順（問題数少ない順）: 請求、料金、およびサポート,セキュリティとコンプライアンス,クラウドの概念,クラウドのテクノロジーとサービス

--- [請求、料金、およびサポート] 10問 生成中 (5問×2チャンク) --- 開始=13:23:20
  チャンク 1/2: 5問 生成中...
  抽出: 5問 → APIインポート中...
  ✓ チャンク1 インポート成功: 5件: clf-105a1119, clf-ff2c1bcf, clf-2d9d6bbc...
  チャンク 2/2: 5問 生成中...
  抽出: 5問 → APIインポート中...
  ✓ チャンク2 インポート成功: 5件: clf-6f06856f, clf-dc01a783, clf-b6a31e4b...
  [請求、料金、およびサポート] 合計 10/10問 インポート
  終了=13:38:08  経過=888秒

--- [セキュリティとコンプライアンス] 8問 生成中 (5問×2チャンク) --- 開始=13:38:09
  チャンク 1/2: 5問 生成中...
  抽出: 5問 → APIインポート中...
  ✓ チャンク1 インポート成功: 5件: clf-34dc0012, clf-dc48d6bb, clf-a0b2da3f...
  チャンク 2/2: 3問 生成中...
  抽出: 3問 → APIインポート中...
  ✓ チャンク2 インポート成功: 3件: clf-e35a1be5, clf-06c132de, clf-7ba561cb
  [セキュリティとコンプライアンス] 合計 8/8問 インポート
  終了=13:48:48  経過=640秒

--- [クラウドの概念] 2問 生成中 --- 開始=13:48:48
  抽出: 2問 → APIインポート中...
  ✓ チャンク1 インポート成功: 2件: clf-c36b54a1, clf-15fcaaee
  [クラウドの概念] 合計 2/2問 インポート
  終了=13:52:48  経過=240秒

--- [クラウドのテクノロジーとサービス] 0問 生成中 --- 開始=13:52:48
  [クラウドのテクノロジーとサービス] 合計 0/0問 インポート
  終了=13:52:48  経過=0秒

合計インポート: 20問 / 20問

--- 問題数キャッシュを再構築中（DynamoDBから正確な値を取得）---
  CLF: 253問
  SAA: 245問
  SAP: 234問
  DVA: 239問
  SOA: 239問
  DEA: 242問
  DOP: 349問
  AIF: 238問
  MLA: 233問
  GAI: 235問
  ANS: 239問
  SCS: 234問
キャッシュ更新完了
インポート完了: CLF +20問

==========================================
完了: Mon Jun 15 13:56:02 JST 2026
==========================================
