==========================================
問題自動生成 開始: Sun May 31 02:30:04 JST 2026
==========================================
対象資格: CLF SAA SAP DVA SOA DEA DOP AIF MLA GAI ANS SCS
問題数キャッシュを使用...
  CLF: 230問 (キャッシュ)
  SAA: 211問 (キャッシュ)
  SAP: 205問 (キャッシュ)
  DVA: 205問 (キャッシュ)
  SOA: 206問 (キャッシュ)
  DEA: 145問 (キャッシュ)
  DOP: 334問 (キャッシュ)
  AIF: 209問 (キャッシュ)
  MLA: 209問 (キャッシュ)
  GAI: 205問 (キャッシュ)
  ANS: 145問 (キャッシュ)
  SCS: 153問 (キャッシュ)
選択: DEA (現在145問 — 最少)
ドメイン数: 4  /  基本 5問/ドメイン（重み付きで配分）  /  合計予算 20問
開始ドメイン: [1] データストアの管理

--- Cognito 認証中 ---
✓ 認証完了

--- ドメイン別問題数を取得・割り当て計算中 ---
  データストアの管理: 35問
  データオペレーションとサポート: 35問
  データのセキュリティとガバナンス: 35問
  データの取り込みと変換: 40問

ドメイン別生成数（逆数重み付き割り当て）:
  7問 → データストアの管理 (現在35問)
  6問 → データオペレーションとサポート (現在35問)
  6問 → データのセキュリティとガバナンス (現在35問)
  1問 → データの取り込みと変換 (現在40問)
  合計: 20問

--- [データストアの管理] 7問 生成中 (5問×2チャンク) --- 開始=02:30:37
  チャンク 1/2: 5問 生成中...
  抽出: 5問 → APIインポート中...
  ✓ チャンク1 インポート成功: 5件: dea-8b9939c8, dea-0dfe5d06, dea-838347d6...
  チャンク 2/2: 2問 生成中...
  抽出: 2問 → APIインポート中...
  ✓ チャンク2 インポート成功: 2件: dea-cfbfff7d, dea-4ef50e37
  [データストアの管理] 合計 7/7問 インポート
  終了=02:35:51  経過=314秒

--- [データオペレーションとサポート] 6問 生成中 (5問×2チャンク) --- 開始=02:35:51
  チャンク 1/2: 5問 生成中...
  抽出: 5問 → APIインポート中...
  ✓ チャンク1 インポート成功: 5件: dea-ee105f53, dea-790821a3, dea-aab4c3ec...
  チャンク 2/2: 1問 生成中...
  抽出: 1問 → APIインポート中...
  ✓ チャンク2 インポート成功: 1件: dea-ce86aa7c
  [データオペレーションとサポート] 合計 6/6問 インポート
  終了=02:43:57  経過=486秒

--- [データのセキュリティとガバナンス] 6問 生成中 (5問×2チャンク) --- 開始=02:43:57
  チャンク 1/2: 5問 生成中...
  抽出: 5問 → APIインポート中...
  ✓ チャンク1 インポート成功: 5件: dea-2469746b, dea-e522ac6d, dea-2129dcea...
  チャンク 2/2: 1問 生成中...
  抽出: 1問 → APIインポート中...
  ✓ チャンク2 インポート成功: 1件: dea-a9ba57d9
  [データのセキュリティとガバナンス] 合計 6/6問 インポート
  終了=02:49:46  経過=349秒

--- [データの取り込みと変換] 1問 生成中 --- 開始=02:49:46
  抽出: 1問 → APIインポート中...
  ✓ チャンク1 インポート成功: 1件: dea-6d04b5cd
  [データの取り込みと変換] 合計 1/1問 インポート
  終了=02:50:50  経過=64秒

合計インポート: 20問 / 20問

--- 問題数キャッシュを再構築中（DynamoDBから正確な値を取得）---
  CLF: 230問
  SAA: 211問
  SAP: 205問
  DVA: 205問
  SOA: 206問
  DEA: 165問
  DOP: 334問
  AIF: 209問
  MLA: 209問
  GAI: 205問
  ANS: 145問
  SCS: 153問
キャッシュ更新完了
インポート完了: DEA +20問

==========================================
完了: Sun May 31 02:53:59 JST 2026
==========================================
