==========================================
問題自動生成 開始: Sun May 24 20:30:49 JST 2026
==========================================
対象資格: CLF SAA SAP DVA SOA DEA DOP AIF MLA GAI ANS SCS
各資格の問題数を取得中...
  CLF: 229問
  SAA: 211問
  SAP: 205問
  DVA: 205問
  SOA: 206問
  DEA: 28問
  DOP: 334問
  AIF: 209問
  MLA: 209問
  GAI: 205問
  ANS: 36問
  SCS: 22問
選択: SCS (現在22問 — 最少)
ドメイン数: 6  /  基本 5問/ドメイン（重み付きで配分）  /  合計予算 30問
開始ドメイン: [5] セキュリティの基盤とガバナンス

--- Cognito 認証中 ---
✓ 認証完了

--- ドメイン別問題数を取得・割り当て計算中 ---
  アイデンティティとアクセス管理: 3問
  データ保護: 3問
  インシデント対応: 4問
  インフラストラクチャのセキュリティ: 4問
  検出: 4問
  セキュリティの基盤とガバナンス: 4問

ドメイン別生成数（逆数重み付き割り当て）:
  6問 → アイデンティティとアクセス管理 (現在3問)
  6問 → データ保護 (現在3問)
  5問 → 検出 (現在4問)
  5問 → インシデント対応 (現在4問)
  4問 → インフラストラクチャのセキュリティ (現在4問)
  4問 → セキュリティの基盤とガバナンス (現在4問)
  合計: 30問

--- [セキュリティの基盤とガバナンス] 4問 生成中 --- 開始=20:34:31
  抽出: 4問 → APIインポート中...
  ✓ チャンク1 インポート成功: 4件: scs-efdaa616, scs-7e13734c, scs-5752a43c...
  [セキュリティの基盤とガバナンス] 合計 4/4問 インポート
  終了=20:38:11  経過=220秒

--- [検出] 5問 生成中 --- 開始=20:38:11
  抽出: 5問 → APIインポート中...
  ✓ チャンク1 インポート成功: 5件: scs-4add56fe, scs-49645238, scs-ed0f1d57...
  [検出] 合計 5/5問 インポート
  終了=20:41:50  経過=219秒

--- [インシデント対応] 5問 生成中 --- 開始=20:41:50
  抽出: 5問 → APIインポート中...
  ❌ チャンク1 API エラー (HTTP 502): 
  [インシデント対応] 合計 0/5問 インポート
  終了=20:46:13  経過=263秒

--- [インフラストラクチャのセキュリティ] 4問 生成中 --- 開始=20:46:13
  抽出: 4問 → APIインポート中...
  ✓ チャンク1 インポート成功: 4件: scs-8b408aca, scs-8e4268a4, scs-3adfc5e8...
  [インフラストラクチャのセキュリティ] 合計 4/4問 インポート
  終了=20:48:53  経過=160秒

--- [アイデンティティとアクセス管理] 6問 生成中 (5問×2チャンク) --- 開始=20:48:53
  チャンク 1/2: 5問 生成中...
  抽出: 5問 → APIインポート中...
  ✓ チャンク1 インポート成功: 5件: scs-e62f618d, scs-1b611853, scs-87b056ac...
  チャンク 2/2: 1問 生成中...
⚠️  レート制限を検出。残りをスキップ
出力: You've hit your session limit · resets 9pm (Asia/Tokyo)
  🔒 レート制限ロックファイル記録: 2026-05-24 21:00 JST
  終了=20:55:44  経過=411秒

合計インポート: 13問 / 30問
