==========================================
問題自動生成 開始: Wed May 27 12:51:15 JST 2026
==========================================
対象資格: CLF SAA SAP DVA SOA DEA DOP AIF MLA GAI ANS SCS
問題数キャッシュを使用...
  CLF: 230問 (キャッシュ)
  SAA: 211問 (キャッシュ)
  SAP: 205問 (キャッシュ)
  DVA: 205問 (キャッシュ)
  SOA: 206問 (キャッシュ)
  DEA: 78問 (キャッシュ)
  DOP: 334問 (キャッシュ)
  AIF: 209問 (キャッシュ)
  MLA: 209問 (キャッシュ)
  GAI: 205問 (キャッシュ)
  ANS: 67問 (キャッシュ)
  SCS: 70問 (キャッシュ)
選択: ANS (現在67問 — 最少)
ドメイン数: 4  /  基本 5問/ドメイン（重み付きで配分）  /  合計予算 20問
開始ドメイン: [0] ネットワーク設計

--- Cognito 認証中 ---
✓ 認証完了

--- ドメイン別問題数を取得・割り当て計算中 ---
  ネットワーク実装: 16問
  ネットワーク設計: 17問
  ネットワーク管理と運用: 17問
  ネットワークのセキュリティ、コンプライアンス、ガバナンス: 17問

ドメイン別生成数（逆数重み付き割り当て）:
  6問 → ネットワーク実装 (現在16問)
  5問 → ネットワーク設計 (現在17問)
  5問 → ネットワーク管理と運用 (現在17問)
  4問 → ネットワークのセキュリティ、コンプライアンス、ガバナンス (現在17問)
  合計: 20問

--- [ネットワーク設計] 5問 生成中 --- 開始=12:51:49
  抽出: 5問 → APIインポート中...
  ✓ チャンク1 インポート成功: 5件: ans-f77ef0da, ans-6bf20924, ans-e5038884...
  [ネットワーク設計] 合計 5/5問 インポート
  終了=12:57:21  経過=332秒

--- [ネットワーク実装] 6問 生成中 (5問×2チャンク) --- 開始=12:57:21
  チャンク 1/2: 5問 生成中...
  抽出: 5問 → APIインポート中...
  ✓ チャンク1 インポート成功: 5件: ans-6295f972, ans-68cd1927, ans-ab4f612b...
  チャンク 2/2: 1問 生成中...
  抽出: 1問 → APIインポート中...
  ✓ チャンク2 インポート成功: 1件: ans-8e8ad5a7
  [ネットワーク実装] 合計 6/6問 インポート
  終了=13:03:47  経過=386秒

--- [ネットワーク管理と運用] 5問 生成中 --- 開始=13:03:47
  抽出: 5問 → APIインポート中...
  ✓ チャンク1 インポート成功: 5件: ans-8e2f9249, ans-e97320e8, ans-73a114c2...
  [ネットワーク管理と運用] 合計 5/5問 インポート
  終了=13:08:45  経過=298秒

--- [ネットワークのセキュリティ、コンプライアンス、ガバナンス] 4問 生成中 --- 開始=13:08:45
  抽出: 4問 → APIインポート中...
  ✓ チャンク1 インポート成功: 4件: ans-9f4aff7d, ans-c6af95c3, ans-1f7c5625...
  [ネットワークのセキュリティ、コンプライアンス、ガバナンス] 合計 4/4問 インポート
  終了=13:13:39  経過=294秒

合計インポート: 20問 / 20問

--- 問題数キャッシュを再構築中（DynamoDBから正確な値を取得）---
  CLF: 230問
  SAA: 211問
  SAP: 205問
  DVA: 205問
  SOA: 206問
  DEA: 78問
  DOP: 334問
  AIF: 209問
  MLA: 209問
  GAI: 205問
  ANS: 87問
  SCS: 70問
キャッシュ更新完了
インポート完了: ANS +20問

==========================================
完了: Wed May 27 13:16:49 JST 2026
==========================================
