==========================================
問題自動生成 開始: Mon May 25 06:30:49 JST 2026
==========================================
対象資格: CLF SAA SAP DVA SOA DEA DOP AIF MLA GAI ANS SCS
各資格の問題数を取得中...
  CLF: 229問
  SAA: 211問
  SAP: 205問
  DVA: 205問
  SOA: 206問
  DEA: 44問
  DOP: 334問
  AIF: 209問
  MLA: 209問
  GAI: 205問
  ANS: 44問
  SCS: 40問
選択: SCS (現在40問 — 最少)
ドメイン数: 6  /  基本 5問/ドメイン（重み付きで配分）  /  合計予算 30問
開始ドメイン: [4] データ保護

--- Cognito 認証中 ---
✓ 認証完了

--- ドメイン別問題数を取得・割り当て計算中 ---
  データ保護: 3問
  インシデント対応: 4問
  セキュリティの基盤とガバナンス: 8問
  インフラストラクチャのセキュリティ: 8問
  アイデンティティとアクセス管理: 8問
  検出: 9問

ドメイン別生成数（逆数重み付き割り当て）:
  9問 → データ保護 (現在3問)
  8問 → インシデント対応 (現在4問)
  4問 → インフラストラクチャのセキュリティ (現在8問)
  4問 → アイデンティティとアクセス管理 (現在8問)
  3問 → セキュリティの基盤とガバナンス (現在8問)
  2問 → 検出 (現在9問)
  合計: 30問

--- [データ保護] 9問 生成中 (5問×2チャンク) --- 開始=06:34:30
  チャンク 1/2: 5問 生成中...
⚠️  レート制限を検出。残りをスキップ
出力: You've hit your session limit · resets 7am (Asia/Tokyo)
  🔒 レート制限ロックファイル記録: 2026-05-25 07:00 JST
  終了=06:34:32  経過=2秒

合計インポート: 0問 / 30問
