==========================================
問題自動生成 開始: Mon May 25 16:30:49 JST 2026
==========================================
対象資格: CLF SAA SAP DVA SOA DEA DOP AIF MLA GAI ANS SCS
各資格の問題数を取得中...
  CLF: 229問
  SAA: 211問
  SAP: 205問
  DVA: 205問
  SOA: 206問
  DEA: 44問
  DOP: 334問
  AIF: 209問
  MLA: 209問
  GAI: 205問
  ANS: 44問
  SCS: 52問
選択: DEA (現在44問 — 最少)
ドメイン数: 4  /  基本 5問/ドメイン（重み付きで配分）  /  合計予算 20問
開始ドメイン: [0] データの取り込みと変換

--- Cognito 認証中 ---
✓ 認証完了

--- ドメイン別問題数を取得・割り当て計算中 ---
  データの取り込みと変換: 10問
  データオペレーションとサポート: 11問
  データのセキュリティとガバナンス: 11問
  データストアの管理: 12問

ドメイン別生成数（逆数重み付き割り当て）:
  6問 → データの取り込みと変換 (現在10問)
  5問 → データオペレーションとサポート (現在11問)
  5問 → データのセキュリティとガバナンス (現在11問)
  4問 → データストアの管理 (現在12問)
  合計: 20問

--- [データの取り込みと変換] 6問 生成中 (5問×2チャンク) --- 開始=16:34:31
  チャンク 1/2: 5問 生成中...
  抽出: 5問 → APIインポート中...
  ✓ チャンク1 インポート成功: 5件: dea-80351258, dea-51c9c3b3, dea-429de71c...
  チャンク 2/2: 1問 生成中...
  抽出: 1問 → APIインポート中...
  ✓ チャンク2 インポート成功: 1件: dea-18028a06
  [データの取り込みと変換] 合計 6/6問 インポート
  終了=16:43:44  経過=553秒

--- [データストアの管理] 4問 生成中 --- 開始=16:43:44
⚠️  レート制限を検出。残りをスキップ
出力: You've hit your session limit · resets 5pm (Asia/Tokyo)
  🔒 レート制限ロックファイル記録: 2026-05-25 17:00 JST
  終了=16:43:46  経過=2秒

合計インポート: 6問 / 20問
