==========================================
問題自動生成 開始: Tue May 26 02:30:49 JST 2026
==========================================
対象資格: CLF SAA SAP DVA SOA DEA DOP AIF MLA GAI ANS SCS
各資格の問題数を取得中...
  CLF: 229問
  SAA: 211問
  SAP: 205問
  DVA: 205問
  SOA: 206問
  DEA: 58問
  DOP: 334問
  AIF: 209問
  MLA: 209問
  GAI: 205問
  ANS: 54問
  SCS: 52問
選択: SCS (現在52問 — 最少)
ドメイン数: 6  /  基本 5問/ドメイン（重み付きで配分）  /  合計予算 30問
開始ドメイン: [3] アイデンティティとアクセス管理

--- Cognito 認証中 ---
✓ 認証完了

--- ドメイン別問題数を取得・割り当て計算中 ---
  セキュリティの基盤とガバナンス: 8問
  アイデンティティとアクセス管理: 8問
  データ保護: 9問
  インシデント対応: 9問
  検出: 9問
  インフラストラクチャのセキュリティ: 9問

ドメイン別生成数（逆数重み付き割り当て）:
  6問 → アイデンティティとアクセス管理 (現在8問)
  6問 → セキュリティの基盤とガバナンス (現在8問)
  5問 → 検出 (現在9問)
  5問 → インシデント対応 (現在9問)
  4問 → インフラストラクチャのセキュリティ (現在9問)
  4問 → データ保護 (現在9問)
  合計: 30問

--- [アイデンティティとアクセス管理] 6問 生成中 (5問×2チャンク) --- 開始=02:34:30
  チャンク 1/2: 5問 生成中...
  抽出: 5問 → APIインポート中...
  ✓ チャンク1 インポート成功: 5件: scs-9ccbec26, scs-90c21389, scs-e9402fc2...
  チャンク 2/2: 1問 生成中...
⚠️  レート制限を検出。残りをスキップ
出力: You've hit your session limit · resets 3am (Asia/Tokyo)
  🔒 レート制限ロックファイル記録: 2026-05-26 03:00 JST
  終了=02:39:50  経過=320秒

合計インポート: 0問 / 30問
