==========================================
問題自動生成 開始: Thu May 21 20:06:33 JST 2026
==========================================
対象資格: CLF SAA SAP DVA SOA DOP AIF MLA GAI
指定資格: DOP
対象ドメイン: インシデントとイベントへの対応  /  15問

--- Cognito 認証中 ---
✓ 認証完了

--- ドメイン別問題数を取得・割り当て計算中 ---
  インシデントとイベントへの対応: 41問
  モニタリングとロギング: 51問
  セキュリティとコンプライアンス: 53問
  弾力性に優れたクラウドソリューション: 55問
  SDLC の自動化: 62問
  構成管理と Infrastructure as Code (IaC): 64問

--- [インシデントとイベントへの対応] 15問 生成中 (5問×3チャンク) --- 開始=20:07:09
  チャンク 1/3: 5問 生成中...
  抽出: 5問 → APIインポート中...
  ✓ チャンク1 インポート成功: 5件: dop-4c7c67e1, dop-d1d8f8f8, dop-83f5fb85...
  チャンク 2/3: 5問 生成中...
  抽出: 5問 → APIインポート中...
  ✓ チャンク2 インポート成功: 5件: dop-01fcb6e9, dop-42f0fcd7, dop-94a4ef68...
  チャンク 3/3: 5問 生成中...
  抽出: 5問 → APIインポート中...
  ✓ チャンク3 インポート成功: 5件: dop-9def4260, dop-0e625f42, dop-20a240eb...
  [インシデントとイベントへの対応] 合計 15/15問 インポート
  終了=20:27:43  経過=1234秒

合計インポート: 15問 / 15問
インポート完了: DOP +15問

==========================================
完了: Thu May 21 20:27:43 JST 2026
==========================================
