==========================================
問題自動生成 開始: Mon May 25 02:00:10 JST 2026
==========================================
対象資格: CLF SAA SAP DVA SOA DEA DOP AIF MLA GAI ANS SCS
各資格の問題数を取得中...
  CLF: 229問
  SAA: 211問
  SAP: 205問
  DVA: 205問
  SOA: 206問
  DEA: 44問
  DOP: 334問
  AIF: 209問
  MLA: 209問
  GAI: 205問
  ANS: 36問
  SCS: 40問
選択: ANS (現在36問 — 最少)
ドメイン数: 4  /  基本 2問/ドメイン（重み付きで配分）  /  合計予算 8問
開始ドメイン: [0] ネットワーク設計

--- Cognito 認証中 ---
✓ 認証完了

--- ドメイン別問題数を取得・割り当て計算中 ---
  ネットワーク設計: 9問
  ネットワーク管理と運用: 9問
  ネットワークのセキュリティ、コンプライアンス、ガバナンス: 9問
  ネットワーク実装: 9問

ドメイン別生成数（逆数重み付き割り当て）:
  2問 → ネットワーク設計 (現在9問)
  2問 → ネットワーク実装 (現在9問)
  2問 → ネットワーク管理と運用 (現在9問)
  2問 → ネットワークのセキュリティ、コンプライアンス、ガバナンス (現在9問)
  合計: 8問

--- [ネットワーク設計] 2問 生成中 --- 開始=02:03:51
  抽出: 2問 → APIインポート中...
  ✓ チャンク1 インポート成功: 2件: ans-2b967cb6, ans-e695648e
  [ネットワーク設計] 合計 2/2問 インポート
  終了=02:08:53  経過=302秒

--- [ネットワーク実装] 2問 生成中 --- 開始=02:08:53
  抽出: 2問 → APIインポート中...
  ✓ チャンク1 インポート成功: 2件: ans-7b72fbe5, ans-f63d9a14
  [ネットワーク実装] 合計 2/2問 インポート
  終了=02:12:06  経過=193秒

--- [ネットワーク管理と運用] 2問 生成中 --- 開始=02:12:06
  抽出: 2問 → APIインポート中...
  ✓ チャンク1 インポート成功: 2件: ans-da30cf49, ans-c8c5b191
  [ネットワーク管理と運用] 合計 2/2問 インポート
  終了=02:14:21  経過=135秒

--- [ネットワークのセキュリティ、コンプライアンス、ガバナンス] 2問 生成中 --- 開始=02:14:21
  抽出: 2問 → APIインポート中...
  ✓ チャンク1 インポート成功: 2件: ans-90778079, ans-2fe84d7c
  [ネットワークのセキュリティ、コンプライアンス、ガバナンス] 合計 2/2問 インポート
  終了=02:16:43  経過=142秒

合計インポート: 8問 / 8問
インポート完了: ANS +8問

==========================================
完了: Mon May 25 02:16:43 JST 2026
==========================================
