==========================================
問題自動生成 開始: Thu Jun  4 01:30:04 JST 2026
==========================================
対象資格: CLF SAA SAP DVA SOA DEA DOP AIF MLA GAI ANS SCS
問題数キャッシュを使用...
  CLF: 229問 (キャッシュ)
  SAA: 211問 (キャッシュ)
  SAP: 203問 (キャッシュ)
  DVA: 204問 (キャッシュ)
  SOA: 206問 (キャッシュ)
  DEA: 201問 (キャッシュ)
  DOP: 333問 (キャッシュ)
  AIF: 208問 (キャッシュ)
  MLA: 207問 (キャッシュ)
  GAI: 202問 (キャッシュ)
  ANS: 206問 (キャッシュ)
  SCS: 210問 (キャッシュ)
選択: DEA (現在201問 — 最少)
ドメイン数: 4  /  基本 5問/ドメイン（重み付きで配分）  /  合計予算 20問
開始ドメイン: [0] データの取り込みと変換

--- Cognito 認証中 ---
✓ 認証完了

--- ドメイン別問題数を取得・割り当て計算中 ---
  データの取り込みと変換: 47問
  データストアの管理: 51問
  データオペレーションとサポート: 51問
  データのセキュリティとガバナンス: 52問

ドメイン別生成数（逆数重み付き割り当て）:
  9問 → データの取り込みと変換 (現在47問)
  4問 → データストアの管理 (現在51問)
  4問 → データオペレーションとサポート (現在51問)
  3問 → データのセキュリティとガバナンス (現在52問)
  合計: 20問

--- [データの取り込みと変換] 9問 生成中 (5問×2チャンク) --- 開始=01:30:43
  チャンク 1/2: 5問 生成中...
  抽出: 5問 → APIインポート中...
  ✓ チャンク1 インポート成功: 5件: dea-cb712f77, dea-325e5fec, dea-c7e69d70...
  チャンク 2/2: 4問 生成中...
  抽出: 4問 → APIインポート中...
  ✓ チャンク2 インポート成功: 4件: dea-0165b5bb, dea-f5d36e4e, dea-c581a2ce...
  [データの取り込みと変換] 合計 9/9問 インポート
  終了=01:41:07  経過=624秒

--- [データストアの管理] 4問 生成中 --- 開始=01:41:07
  抽出: 4問 → APIインポート中...
  ✓ チャンク1 インポート成功: 4件: dea-10ab5ade, dea-44e10a29, dea-c9da48c8...
  [データストアの管理] 合計 4/4問 インポート
  終了=01:45:00  経過=233秒

--- [データオペレーションとサポート] 4問 生成中 --- 開始=01:45:00
⚠️  レート制限を検出。残りをスキップ
出力: You've hit your session limit · resets 6:30am (Asia/Tokyo)
  🔒 レート制限ロックファイル記録: 2026-06-04 06:30 JST
  終了=01:45:02  経過=2秒

合計インポート: 13問 / 20問

--- 問題数キャッシュを再構築中（DynamoDBから正確な値を取得）---
  CLF: 229問
  SAA: 211問
  SAP: 203問
  DVA: 204問
  SOA: 206問
  DEA: 214問
  DOP: 333問
  AIF: 208問
  MLA: 207問
  GAI: 202問
  ANS: 206問
  SCS: 210問
キャッシュ更新完了
