==========================================
問題自動生成 開始: Mon Jun 22 19:34:02 JST 2026
==========================================
対象資格: CLF SAA SAP DVA SOA DEA DOP AIF MLA AIP ANS SCS
問題数キャッシュを使用...
  CLF: 253問 (キャッシュ)
  SAA: 263問 (キャッシュ)
  SAP: 253問 (キャッシュ)
  DVA: 252問 (キャッシュ)
  SOA: 251問 (キャッシュ)
  DEA: 251問 (キャッシュ)
  DOP: 349問 (キャッシュ)
  AIF: 256問 (キャッシュ)
  MLA: 254問 (キャッシュ)
  AIP: 254問 (キャッシュ)
  ANS: 249問 (キャッシュ)
  SCS: 249問 (キャッシュ)
選択: ANS (現在249問 — 最少)
試験ガイドURL: https://aws.amazon.com/jp/certification/certified-advanced-networking-specialty/
ドメイン数: 4  /  基本 5問/ドメイン（重み付きで配分）  /  合計予算 20問
開始ドメイン: [1] ネットワーク実装

--- Cognito 認証中 ---
✓ 認証完了

--- ドメイン別問題数を取得・割り当て計算中 ---
  ネットワーク管理と運用: 59問
  ネットワーク設計: 63問
  ネットワークのセキュリティ、コンプライアンス、ガバナンス: 63問
  ネットワーク実装: 64問

ドメイン別生成数（逆数重み付き割り当て）:
  9問 → ネットワーク管理と運用 (現在59問)
  4問 → ネットワーク設計 (現在63問)
  4問 → ネットワークのセキュリティ、コンプライアンス、ガバナンス (現在63問)
  3問 → ネットワーク実装 (現在64問)
  合計: 20問
処理順（問題数少ない順）: ネットワーク管理と運用,ネットワークのセキュリティ、コンプライアンス、ガバナンス,ネットワーク設計,ネットワーク実装

--- [ネットワーク管理と運用] 9問 生成中 (3問×3チャンク) --- 開始=19:34:36
  チャンク 1/3: 3問 生成中...
  抽出: 3問 → APIインポート中...
  ✓ チャンク1 インポート成功: 3件: ans-e9742b4d, ans-afe3156f, ans-7961cda6
  チャンク 2/3: 3問 生成中...
  抽出: 3問 → APIインポート中...
  ✓ チャンク2 インポート成功: 3件: ans-fdba0b6b, ans-7803779c, ans-30f3d538
  チャンク 3/3: 3問 生成中...
  抽出: 3問 → APIインポート中...
  ✓ チャンク3 インポート成功: 3件: ans-5e410b36, ans-061d37c9, ans-01fbe96f
  [ネットワーク管理と運用] 合計 9/9問 インポート
  終了=19:52:39  経過=1083秒

--- [ネットワークのセキュリティ、コンプライアンス、ガバナンス] 4問 生成中 --- 開始=19:52:39
  抽出: 4問 → APIインポート中...
  ✓ チャンク1 インポート成功: 4件: ans-ee78e9d6, ans-20c4f263, ans-6f245829...
  [ネットワークのセキュリティ、コンプライアンス、ガバナンス] 合計 4/4問 インポート
  終了=20:00:02  経過=443秒

--- [ネットワーク設計] 4問 生成中 --- 開始=20:00:02
  抽出: 4問 → APIインポート中...
  ✓ チャンク1 インポート成功: 4件: ans-0ebb945c, ans-9fd13df7, ans-89a7a39c...
  [ネットワーク設計] 合計 4/4問 インポート
  終了=20:13:05  経過=783秒

--- [ネットワーク実装] 3問 生成中 --- 開始=20:13:05
  抽出: 3問 → APIインポート中...
  ✓ チャンク1 インポート成功: 3件: ans-54cab183, ans-32698f43, ans-55b2c18c
  [ネットワーク実装] 合計 3/3問 インポート
  終了=20:19:10  経過=365秒

合計インポート: 20問 / 20問

--- 問題数キャッシュを再構築中（DynamoDBから正確な値を取得）---
  CLF: 253問
  SAA: 263問
  SAP: 253問
  DVA: 252問
  SOA: 251問
  DEA: 251問
  DOP: 349問
  AIF: 256問
  MLA: 254問
  AIP: 254問
  ANS: 269問
  SCS: 249問
キャッシュ更新完了
インポート完了: ANS +20問
✓ Cloudflare Pages 再ビルドを 22:22 にスケジュールしました

==========================================
完了: Mon Jun 22 20:22:19 JST 2026
==========================================
