==========================================
問題自動生成 開始: Mon Jun 22 20:50:49 JST 2026
==========================================
対象資格: CLF SAA SAP DVA SOA DEA DOP AIF MLA AIP ANS SCS
問題数キャッシュを使用...
  CLF: 253問 (キャッシュ)
  SAA: 263問 (キャッシュ)
  SAP: 253問 (キャッシュ)
  DVA: 252問 (キャッシュ)
  SOA: 251問 (キャッシュ)
  DEA: 251問 (キャッシュ)
  DOP: 349問 (キャッシュ)
  AIF: 256問 (キャッシュ)
  MLA: 254問 (キャッシュ)
  AIP: 254問 (キャッシュ)
  ANS: 269問 (キャッシュ)
  SCS: 249問 (キャッシュ)
選択: SCS (現在249問 — 最少)
試験ガイドURL: https://aws.amazon.com/jp/certification/certified-security-specialty/
ドメイン数: 6  /  基本 5問/ドメイン（重み付きで配分）  /  合計予算 30問
開始ドメイン: [1] インシデント対応

--- Cognito 認証中 ---
✓ 認証完了

--- ドメイン別問題数を取得・割り当て計算中 ---
  データ保護: 39問
  検出: 40問
  セキュリティの基盤とガバナンス: 42問
  インフラストラクチャのセキュリティ: 42問
  アイデンティティとアクセス管理: 42問
  インシデント対応: 44問

ドメイン別生成数（逆数重み付き割り当て）:
  8問 → データ保護 (現在39問)
  7問 → 検出 (現在40問)
  5問 → インフラストラクチャのセキュリティ (現在42問)
  4問 → アイデンティティとアクセス管理 (現在42問)
  4問 → セキュリティの基盤とガバナンス (現在42問)
  2問 → インシデント対応 (現在44問)
  合計: 30問
処理順（問題数少ない順）: データ保護,検出,インフラストラクチャのセキュリティ,アイデンティティとアクセス管理,セキュリティの基盤とガバナンス,インシデント対応

--- [データ保護] 8問 生成中 (3問×3チャンク) --- 開始=20:51:22
  チャンク 1/3: 3問 生成中...
⚠️  レート制限を検出。残りをスキップ
出力: You've hit your session limit · resets 9:10pm (Asia/Tokyo)
  終了=20:51:23  経過=1秒

合計インポート: 0問 / 30問

--- 問題数キャッシュを再構築中（DynamoDBから正確な値を取得）---
  CLF: 253問
  SAA: 263問
  SAP: 253問
  DVA: 252問
  SOA: 251問
  DEA: 251問
  DOP: 349問
  AIF: 256問
  MLA: 254問
  AIP: 254問
  ANS: 269問
  SCS: 249問
キャッシュ更新完了
