==========================================
問題自動生成 開始: Sun May 31 17:00:49 JST 2026
==========================================
対象資格: CLF SAA SAP DVA SOA DEA DOP AIF MLA GAI ANS SCS
問題数キャッシュを使用...
  CLF: 229問 (キャッシュ)
  SAA: 211問 (キャッシュ)
  SAP: 203問 (キャッシュ)
  DVA: 204問 (キャッシュ)
  SOA: 206問 (キャッシュ)
  DEA: 165問 (キャッシュ)
  DOP: 333問 (キャッシュ)
  AIF: 208問 (キャッシュ)
  MLA: 207問 (キャッシュ)
  GAI: 203問 (キャッシュ)
  ANS: 171問 (キャッシュ)
  SCS: 152問 (キャッシュ)
選択: SCS (現在152問 — 最少)
ドメイン数: 6  /  基本 5問/ドメイン（重み付きで配分）  /  合計予算 30問
開始ドメイン: [3] アイデンティティとアクセス管理

--- Cognito 認証中 ---
✓ 認証完了

--- ドメイン別問題数を取得・割り当て計算中 ---
  データ保護: 22問
  アイデンティティとアクセス管理: 24問
  セキュリティの基盤とガバナンス: 25問
  検出: 26問
  インシデント対応: 27問
  インフラストラクチャのセキュリティ: 28問

ドメイン別生成数（逆数重み付き割り当て）:
  9問 → データ保護 (現在22問)
  7問 → アイデンティティとアクセス管理 (現在24問)
  5問 → セキュリティの基盤とガバナンス (現在25問)
  4問 → 検出 (現在26問)
  3問 → インシデント対応 (現在27問)
  2問 → インフラストラクチャのセキュリティ (現在28問)
  合計: 30問

--- [アイデンティティとアクセス管理] 7問 生成中 (5問×2チャンク) --- 開始=17:01:25
  チャンク 1/2: 5問 生成中...
  抽出: 5問 → APIインポート中...
  ✓ チャンク1 インポート成功: 5件: scs-71801adc, scs-e1083848, scs-2c537d3a...
  チャンク 2/2: 2問 生成中...
  抽出: 2問 → APIインポート中...
  ✓ チャンク2 インポート成功: 2件: scs-87a3bf6e, scs-c9a0afd6
  [アイデンティティとアクセス管理] 合計 7/7問 インポート
  終了=17:08:11  経過=406秒

--- [データ保護] 9問 生成中 (5問×2チャンク) --- 開始=17:08:11
  チャンク 1/2: 5問 生成中...
  抽出: 5問 → APIインポート中...
  ✓ チャンク1 インポート成功: 5件: scs-90154647, scs-e12adf73, scs-d2d16427...
  チャンク 2/2: 4問 生成中...
⚠️  レート制限を検出。残りをスキップ
出力: You've hit your session limit · resets 5:30pm (Asia/Tokyo)
  🔒 レート制限ロックファイル記録: 2026-05-31 17:30 JST
  終了=17:12:53  経過=282秒

合計インポート: 7問 / 30問

--- 問題数キャッシュを再構築中（DynamoDBから正確な値を取得）---
  CLF: 229問
  SAA: 211問
  SAP: 203問
  DVA: 204問
  SOA: 206問
  DEA: 165問
  DOP: 333問
  AIF: 208問
  MLA: 207問
  GAI: 202問
  ANS: 171問
  SCS: 164問
キャッシュ更新完了
