==========================================
問題自動生成 開始: Thu May 21 07:30:49 JST 2026
==========================================
対象資格: CLF SAA SAP DVA SOA DOP AIF MLA GAI
各資格の問題数を取得中...
  CLF: 216問
  SAA: 203問
  SAP: 205問
  DVA: 205問
  SOA: 206問
  DOP: 279問
  AIF: 209問
  MLA: 199問
  GAI: 205問
選択: MLA (現在199問 — 最少)
ドメイン数: 4  /  基本 5問/ドメイン（重み付きで配分）  /  合計予算 20問
開始ドメイン: [2] MLワークフローのデプロイとオーケストレーション

--- Cognito 認証中 ---
✓ 認証完了

--- ドメイン別問題数を取得・割り当て計算中 ---
  MLソリューションの監視、メンテナンス、セキュリティ: 37問
  MLモデルの開発: 49問
  機械学習のためのデータ準備: 51問
  MLワークフローのデプロイとオーケストレーション: 62問

ドメイン別生成数（逆数重み付き割り当て）:
  6問 → MLソリューションの監視、メンテナンス、セキュリティ (現在37問)
  5問 → 機械学習のためのデータ準備 (現在51問)
  5問 → MLモデルの開発 (現在49問)
  4問 → MLワークフローのデプロイとオーケストレーション (現在62問)
  合計: 20問

--- [MLワークフローのデプロイとオーケストレーション] 5問 生成中 --- 開始=07:33:47
⚠️  レート制限を検出。残りドメインをスキップ
出力: You've hit your session limit · resets 8am (Asia/Tokyo)
  🔒 レート制限ロックファイル記録: 2026-05-21 08:00 JST
  終了=07:33:49  経過=2秒

合計インポート: 0問 / 20問
