==========================================
問題自動生成 開始: Sun May 24 15:30:49 JST 2026
==========================================
対象資格: CLF SAA SAP DVA SOA DEA DOP AIF MLA GAI ANS SCS
各資格の問題数を取得中...
  CLF: 229問
  SAA: 211問
  SAP: 205問
  DVA: 205問
  SOA: 206問
  DEA: 28問
  DOP: 334問
  AIF: 209問
  MLA: 209問
  GAI: 205問
  ANS: 16問
  SCS: 22問
選択: ANS (現在16問 — 最少)
ドメイン数: 4  /  基本 5問/ドメイン（重み付きで配分）  /  合計予算 20問
開始ドメイン: [0] ネットワーク設計

--- Cognito 認証中 ---
✓ 認証完了

--- ドメイン別問題数を取得・割り当て計算中 ---
  ネットワーク設計: 4問
  ネットワークのセキュリティ、コンプライアンス、ガバナンス: 4問
  ネットワーク管理と運用: 4問
  ネットワーク実装: 4問

ドメイン別生成数（逆数重み付き割り当て）:
  5問 → ネットワーク設計 (現在4問)
  5問 → ネットワーク実装 (現在4問)
  5問 → ネットワーク管理と運用 (現在4問)
  5問 → ネットワークのセキュリティ、コンプライアンス、ガバナンス (現在4問)
  合計: 20問

--- [ネットワーク設計] 5問 生成中 --- 開始=15:34:30
  抽出: 5問 → APIインポート中...
  ✓ チャンク1 インポート成功: 5件: ans-7a7b9f14, ans-50e6881d, ans-abf679d5...
  [ネットワーク設計] 合計 5/5問 インポート
  終了=15:38:38  経過=248秒

--- [ネットワーク実装] 5問 生成中 --- 開始=15:38:38
  抽出: 5問 → APIインポート中...
  ✓ チャンク1 インポート成功: 5件: ans-b6a4cd33, ans-584444c3, ans-da9aa007...
  [ネットワーク実装] 合計 5/5問 インポート
  終了=15:43:09  経過=271秒

--- [ネットワーク管理と運用] 5問 生成中 --- 開始=15:43:09
  抽出: 5問 → APIインポート中...
  ✓ チャンク1 インポート成功: 5件: ans-df5d464f, ans-5d82db8a, ans-3a699bf6...
  [ネットワーク管理と運用] 合計 5/5問 インポート
  終了=15:47:42  経過=273秒

--- [ネットワークのセキュリティ、コンプライアンス、ガバナンス] 5問 生成中 --- 開始=15:47:42
/home/yuzuki/aws-quiz-app/prompts/night-prompts/scripts/01-generate-questions.sh: line 631: echo: write error: Broken pipe
  抽出: 5問 → APIインポート中...
  ✓ チャンク1 インポート成功: 5件: ans-87127393, ans-e43acf6d, ans-7308c801...
  [ネットワークのセキュリティ、コンプライアンス、ガバナンス] 合計 5/5問 インポート
  終了=15:54:50  経過=428秒

合計インポート: 20問 / 20問
インポート完了: ANS +20問

==========================================
完了: Sun May 24 15:54:50 JST 2026
==========================================
