==========================================
問題自動生成 開始: Thu Jun 11 04:30:09 JST 2026
==========================================
対象資格: CLF SAA SAP DVA SOA DEA DOP AIF MLA GAI ANS SCS
問題数キャッシュを使用...
  CLF: 233問 (キャッシュ)
  SAA: 223問 (キャッシュ)
  SAP: 228問 (キャッシュ)
  DVA: 224問 (キャッシュ)
  SOA: 224問 (キャッシュ)
  DEA: 227問 (キャッシュ)
  DOP: 349問 (キャッシュ)
  AIF: 238問 (キャッシュ)
  MLA: 227問 (キャッシュ)
  GAI: 225問 (キャッシュ)
  ANS: 227問 (キャッシュ)
  SCS: 222問 (キャッシュ)
選択: SCS (現在222問 — 最少)
ドメイン数: 6  /  基本 5問/ドメイン（重み付きで配分）  /  合計予算 30問
開始ドメイン: [2] インフラストラクチャのセキュリティ

--- Cognito 認証中 ---
✓ 認証完了

--- ドメイン別問題数を取得・割り当て計算中 ---
  データ保護: 36問
  セキュリティの基盤とガバナンス: 36問
  インフラストラクチャのセキュリティ: 36問
  アイデンティティとアクセス管理: 36問
  インシデント対応: 38問
  検出: 40問

ドメイン別生成数（逆数重み付き割り当て）:
  6問 → インフラストラクチャのセキュリティ (現在36問)
  6問 → アイデンティティとアクセス管理 (現在36問)
  6問 → データ保護 (現在36問)
  6問 → セキュリティの基盤とガバナンス (現在36問)
  4問 → インシデント対応 (現在38問)
  2問 → 検出 (現在40問)
  合計: 30問

--- [インフラストラクチャのセキュリティ] 6問 生成中 (3問×2チャンク) --- 開始=04:30:42
  チャンク 1/2: 3問 生成中...
  抽出: 3問 → APIインポート中...
  ✓ チャンク1 インポート成功: 3件: scs-448665f2, scs-52e070f5, scs-15312634
  チャンク 2/2: 3問 生成中...
  抽出: 3問 → APIインポート中...
  ✓ チャンク2 インポート成功: 3件: scs-d7945918, scs-bd205673, scs-03a1611e
  [インフラストラクチャのセキュリティ] 合計 6/6問 インポート
  終了=04:47:28  経過=1006秒

--- [アイデンティティとアクセス管理] 6問 生成中 (3問×2チャンク) --- 開始=04:47:29
  チャンク 1/2: 3問 生成中...
  抽出: 3問 → APIインポート中...
  ✓ チャンク1 インポート成功: 3件: scs-0edabffa, scs-f6a193a8, scs-cc234b88
  チャンク 2/2: 3問 生成中...
  抽出: 3問 → APIインポート中...
  ✓ チャンク2 インポート成功: 3件: scs-96cff29a, scs-6ae68897, scs-c1d1ae72
  [アイデンティティとアクセス管理] 合計 6/6問 インポート
  終了=05:01:05  経過=817秒

--- [データ保護] 6問 生成中 (3問×2チャンク) --- 開始=05:01:05
  チャンク 1/2: 3問 生成中...
⚠️  レート制限を検出。残りをスキップ
出力: You've hit your session limit · resets 9:30am (Asia/Tokyo)
  終了=05:01:06  経過=1秒

合計インポート: 12問 / 30問

--- 問題数キャッシュを再構築中（DynamoDBから正確な値を取得）---
  CLF: 233問
  SAA: 223問
  SAP: 228問
  DVA: 224問
  SOA: 224問
  DEA: 227問
  DOP: 349問
  AIF: 238問
  MLA: 227問
  GAI: 230問
  ANS: 227問
  SCS: 234問
キャッシュ更新完了
