==========================================
問題自動生成 開始: Wed Jun 24 02:50:49 JST 2026
==========================================
対象資格: CLF SAA SAP DVA SOA DEA DOP AIF MLA AIP ANS SCS
問題数キャッシュを使用...
  CLF: 253問 (キャッシュ)
  SAA: 263問 (キャッシュ)
  SAP: 253問 (キャッシュ)
  DVA: 259問 (キャッシュ)
  SOA: 258問 (キャッシュ)
  DEA: 258問 (キャッシュ)
  DOP: 349問 (キャッシュ)
  AIF: 256問 (キャッシュ)
  MLA: 254問 (キャッシュ)
  AIP: 254問 (キャッシュ)
  ANS: 269問 (キャッシュ)
  SCS: 264問 (キャッシュ)
選択: CLF (現在253問 — 最少)
試験ガイドURL: https://aws.amazon.com/jp/certification/certified-cloud-practitioner/
ドメイン数: 4  /  基本 5問/ドメイン（重み付きで配分）  /  合計予算 20問
開始ドメイン: [0] クラウドの概念

--- Cognito 認証中 ---
✓ 認証完了

--- ドメイン別問題数を取得・割り当て計算中 ---
  クラウドの概念: 62問
  請求、料金、およびサポート: 62問
  セキュリティとコンプライアンス: 62問
  クラウドのテクノロジーとサービス: 67問

ドメイン別生成数（逆数重み付き割り当て）:
  7問 → クラウドの概念 (現在62問)
  6問 → セキュリティとコンプライアンス (現在62問)
  6問 → 請求、料金、およびサポート (現在62問)
  1問 → クラウドのテクノロジーとサービス (現在67問)
  合計: 20問
処理順（問題数少ない順）: クラウドの概念,セキュリティとコンプライアンス,請求、料金、およびサポート,クラウドのテクノロジーとサービス

--- [クラウドの概念] 7問 生成中 --- 開始=02:51:22
⚠️  レート制限を検出。残りをスキップ
出力: You've hit your session limit · resets 3:10am (Asia/Tokyo)
  終了=02:51:24  経過=2秒

合計インポート: 0問 / 20問

--- 問題数キャッシュを再構築中（DynamoDBから正確な値を取得）---
  CLF: 253問
  SAA: 263問
  SAP: 253問
  DVA: 259問
  SOA: 258問
  DEA: 258問
  DOP: 349問
  AIF: 256問
  MLA: 254問
  AIP: 254問
  ANS: 269問
  SCS: 264問
キャッシュ更新完了
