==========================================
問題自動生成 開始: Fri May 29 01:00:06 JST 2026
==========================================
対象資格: CLF SAA SAP DVA SOA DEA DOP AIF MLA GAI ANS SCS
問題数キャッシュを使用...
  CLF: 230問 (キャッシュ)
  SAA: 211問 (キャッシュ)
  SAP: 205問 (キャッシュ)
  DVA: 205問 (キャッシュ)
  SOA: 206問 (キャッシュ)
  DEA: 104問 (キャッシュ)
  DOP: 334問 (キャッシュ)
  AIF: 209問 (キャッシュ)
  MLA: 209問 (キャッシュ)
  GAI: 205問 (キャッシュ)
  ANS: 101問 (キャッシュ)
  SCS: 114問 (キャッシュ)
選択: ANS (現在101問 — 最少)
ドメイン数: 4  /  基本 5問/ドメイン（重み付きで配分）  /  合計予算 20問
開始ドメイン: [0] ネットワーク設計

--- Cognito 認証中 ---
✓ 認証完了

--- ドメイン別問題数を取得・割り当て計算中 ---
  ネットワーク管理と運用: 23問
  ネットワークのセキュリティ、コンプライアンス、ガバナンス: 24問
  ネットワーク設計: 27問
  ネットワーク実装: 27問

ドメイン別生成数（逆数重み付き割り当て）:
  8問 → ネットワーク管理と運用 (現在23問)
  6問 → ネットワークのセキュリティ、コンプライアンス、ガバナンス (現在24問)
  3問 → ネットワーク設計 (現在27問)
  3問 → ネットワーク実装 (現在27問)
  合計: 20問

--- [ネットワーク設計] 3問 生成中 --- 開始=01:00:41
  抽出: 3問 → APIインポート中...
  ✓ チャンク1 インポート成功: 3件: ans-7af89436, ans-94a8dfad, ans-3046732a
  [ネットワーク設計] 合計 3/3問 インポート
  終了=01:04:22  経過=221秒

--- [ネットワーク実装] 3問 生成中 --- 開始=01:04:22
  抽出: 3問 → APIインポート中...
  ✓ チャンク1 インポート成功: 3件: ans-337c0611, ans-5a847d3d, ans-a9f7916e
  [ネットワーク実装] 合計 3/3問 インポート
  終了=01:08:12  経過=230秒

--- [ネットワーク管理と運用] 8問 生成中 (5問×2チャンク) --- 開始=01:08:12
  チャンク 1/2: 5問 生成中...
  抽出: 5問 → APIインポート中...
  ✓ チャンク1 インポート成功: 5件: ans-04056b75, ans-bfad1882, ans-ed96a23a...
  チャンク 2/2: 3問 生成中...
⚠️  レート制限を検出。残りをスキップ
出力: You've hit your session limit · resets 6am (Asia/Tokyo)
  🔒 レート制限ロックファイル記録: 2026-05-29 06:00 JST
  終了=01:16:35  経過=503秒

合計インポート: 6問 / 20問

--- 問題数キャッシュを再構築中（DynamoDBから正確な値を取得）---
  CLF: 230問
  SAA: 211問
  SAP: 205問
  DVA: 205問
  SOA: 206問
  DEA: 104問
  DOP: 334問
  AIF: 209問
  MLA: 209問
  GAI: 205問
  ANS: 112問
  SCS: 114問
キャッシュ更新完了
