==========================================
問題自動生成 開始: Wed May 27 18:30:49 JST 2026
==========================================
対象資格: CLF SAA SAP DVA SOA DEA DOP AIF MLA GAI ANS SCS
問題数キャッシュを使用...
  CLF: 230問 (キャッシュ)
  SAA: 211問 (キャッシュ)
  SAP: 205問 (キャッシュ)
  DVA: 205問 (キャッシュ)
  SOA: 206問 (キャッシュ)
  DEA: 78問 (キャッシュ)
  DOP: 334問 (キャッシュ)
  AIF: 209問 (キャッシュ)
  MLA: 209問 (キャッシュ)
  GAI: 205問 (キャッシュ)
  ANS: 87問 (キャッシュ)
  SCS: 70問 (キャッシュ)
選択: SCS (現在70問 — 最少)
ドメイン数: 6  /  基本 5問/ドメイン（重み付きで配分）  /  合計予算 30問
開始ドメイン: [1] インシデント対応

--- Cognito 認証中 ---
✓ 認証完了

--- ドメイン別問題数を取得・割り当て計算中 ---
  インシデント対応: 9問
  インフラストラクチャのセキュリティ: 9問
  データ保護: 11問
  セキュリティの基盤とガバナンス: 12問
  アイデンティティとアクセス管理: 13問
  検出: 16問

ドメイン別生成数（逆数重み付き割り当て）:
  8問 → インシデント対応 (現在9問)
  8問 → インフラストラクチャのセキュリティ (現在9問)
  6問 → データ保護 (現在11問)
  5問 → セキュリティの基盤とガバナンス (現在12問)
  3問 → アイデンティティとアクセス管理 (現在13問)
  0問 → 検出 (現在16問)
  合計: 30問

--- [インシデント対応] 8問 生成中 (5問×2チャンク) --- 開始=18:31:22
  チャンク 1/2: 5問 生成中...
  抽出: 5問 → APIインポート中...
  ✓ チャンク1 インポート成功: 5件: scs-1c4cc91d, scs-766f276c, scs-4594a211...
  チャンク 2/2: 3問 生成中...
  抽出: 3問 → APIインポート中...
  ✓ チャンク2 インポート成功: 3件: scs-7f8647e4, scs-d6db7d72, scs-3d11ebc3
  [インシデント対応] 合計 8/8問 インポート
  終了=18:40:22  経過=540秒

--- [インフラストラクチャのセキュリティ] 8問 生成中 (5問×2チャンク) --- 開始=18:40:22
  チャンク 1/2: 5問 生成中...
  抽出: 5問 → APIインポート中...
  ✓ チャンク1 インポート成功: 5件: scs-6d0ac63f, scs-e02cad26, scs-2bb5940f...
  チャンク 2/2: 3問 生成中...
  抽出: 3問 → APIインポート中...
  ✓ チャンク2 インポート成功: 3件: scs-a5a92329, scs-d8f08629, scs-74f7320a
  [インフラストラクチャのセキュリティ] 合計 8/8問 インポート
  終了=18:47:12  経過=410秒

--- [アイデンティティとアクセス管理] 3問 生成中 --- 開始=18:47:12
  抽出: 3問 → APIインポート中...
  ✓ チャンク1 インポート成功: 3件: scs-69a03c1b, scs-0a8282de, scs-e35d2d70
  [アイデンティティとアクセス管理] 合計 3/3問 インポート
  終了=18:49:38  経過=146秒

--- [データ保護] 6問 生成中 (5問×2チャンク) --- 開始=18:49:38
  チャンク 1/2: 5問 生成中...
  抽出: 5問 → APIインポート中...
  ✓ チャンク1 インポート成功: 5件: scs-b7c24419, scs-976e0354, scs-750f2851...
  チャンク 2/2: 1問 生成中...
⚠️  レート制限を検出。残りをスキップ
出力: You've hit your session limit · resets 7pm (Asia/Tokyo)
  🔒 レート制限ロックファイル記録: 2026-05-27 19:00 JST
  終了=18:54:02  経過=264秒

合計インポート: 19問 / 30問

--- 問題数キャッシュを再構築中（DynamoDBから正確な値を取得）---
  CLF: 230問
  SAA: 211問
  SAP: 205問
  DVA: 205問
  SOA: 206問
  DEA: 78問
  DOP: 334問
  AIF: 209問
  MLA: 209問
  GAI: 205問
  ANS: 87問
  SCS: 94問
キャッシュ更新完了
