==========================================
問題自動生成 開始: Sat Jun  6 00:59:44 JST 2026
==========================================
対象資格: CLF SAA SAP DVA SOA DEA DOP AIF MLA GAI ANS SCS
指定資格: SAP
対象ドメイン: 新しいソリューションのための設計  /  1問

--- Cognito 認証中 ---
✓ 認証完了

--- ドメイン別問題数を取得・割り当て計算中 ---
  （まだ問題がありません）

--- [新しいソリューションのための設計] 1問 生成中 --- 開始=01:00:28
  抽出: 1問 → APIインポート中...
  ✓ チャンク1 インポート成功: 1件: sap-567a4177
  [新しいソリューションのための設計] 合計 1/1問 インポート
  終了=01:07:38  経過=430秒

合計インポート: 1問 / 1問

--- 問題数キャッシュを再構築中（DynamoDBから正確な値を取得）---
  CLF: 231問
  SAA: 211問
  SAP: 204問
  DVA: 204問
  SOA: 206問
  DEA: 214問
  DOP: 333問
  AIF: 238問
