==========================================
問題自動生成 開始: Thu Jun  4 16:09:54 JST 2026
==========================================
対象資格: CLF SAA SAP DVA SOA DEA DOP AIF MLA GAI ANS SCS
問題数キャッシュを使用...
  CLF: 229問 (キャッシュ)
  SAA: 211問 (キャッシュ)
  SAP: 203問 (キャッシュ)
  DVA: 204問 (キャッシュ)
  SOA: 206問 (キャッシュ)
  DEA: 214問 (キャッシュ)
  DOP: 333問 (キャッシュ)
  AIF: 208問 (キャッシュ)
  MLA: 207問 (キャッシュ)
  GAI: 217問 (キャッシュ)
  ANS: 206問 (キャッシュ)
  SCS: 210問 (キャッシュ)
選択: SAP (現在203問 — 最少)
ドメイン数: 4  /  基本 5問/ドメイン（重み付きで配分）  /  合計予算 20問
開始ドメイン: [3] ワークロードの移行とモダン化の加速

--- Cognito 認証中 ---
✓ 認証完了

--- ドメイン別問題数を取得・割り当て計算中 ---
  ワークロードの移行とモダン化の加速: 43問
  既存のソリューションの継続的改善: 45問
  新しいソリューションのための設計: 50問
  組織の複雑さに対応する設計: 65問

ドメイン別生成数（逆数重み付き割り当て）:
  10問 → ワークロードの移行とモダン化の加速 (現在43問)
  8問 → 既存のソリューションの継続的改善 (現在45問)
  2問 → 新しいソリューションのための設計 (現在50問)
  0問 → 組織の複雑さに対応する設計 (現在65問)
  合計: 20問

--- [ワークロードの移行とモダン化の加速] 10問 生成中 (5問×2チャンク) --- 開始=16:10:32
  チャンク 1/2: 5問 生成中...
⚠️  レート制限を検出。残りをスキップ
出力: You've hit your session limit · resets 4:30pm (Asia/Tokyo)
  🔒 レート制限ロックファイル記録: 2026-06-04 16:30 JST
  終了=16:29:52  経過=1160秒

合計インポート: 0問 / 20問

--- 問題数キャッシュを再構築中（DynamoDBから正確な値を取得）---
  CLF: 229問
  SAA: 211問
  SAP: 203問
  DVA: 204問
  SOA: 206問
  DEA: 214問
  DOP: 333問
  AIF: 208問
  MLA: 207問
  GAI: 217問
  ANS: 206問
  SCS: 210問
キャッシュ更新完了
