==========================================
問題自動生成 開始: Thu Jun  4 06:32:07 JST 2026
==========================================
対象資格: CLF SAA SAP DVA SOA DEA DOP AIF MLA GAI ANS SCS
問題数キャッシュを使用...
  CLF: 229問 (キャッシュ)
  SAA: 211問 (キャッシュ)
  SAP: 203問 (キャッシュ)
  DVA: 204問 (キャッシュ)
  SOA: 206問 (キャッシュ)
  DEA: 214問 (キャッシュ)
  DOP: 333問 (キャッシュ)
  AIF: 208問 (キャッシュ)
  MLA: 207問 (キャッシュ)
  GAI: 202問 (キャッシュ)
  ANS: 206問 (キャッシュ)
  SCS: 210問 (キャッシュ)
選択: GAI (現在202問 — 最少)
ドメイン数: 5  /  基本 5問/ドメイン（重み付きで配分）  /  合計予算 25問
開始ドメイン: [1] 実装と統合

--- Cognito 認証中 ---
✓ 認証完了

--- ドメイン別問題数を取得・割り当て計算中 ---
  （まだ問題がありません）

ドメイン別生成数（逆数重み付き割り当て）:
  5問 → 基盤モデルの統合、データ管理、コンプライアンス (現在0問)
  5問 → 実装と統合 (現在0問)
  5問 → AIの安全性、セキュリティ、ガバナンス (現在0問)
  5問 → 生成AIアプリケーションの運用効率と最適化 (現在0問)
  5問 → テスト、検証、トラブルシューティング (現在0問)
  合計: 25問

--- [実装と統合] 5問 生成中 --- 開始=06:32:40
  抽出: 5問 → APIインポート中...
  ✓ チャンク1 インポート成功: 5件: gai-48ad46e8, gai-a8a190ef, gai-89d426f2...
  [実装と統合] 合計 5/5問 インポート
  終了=06:39:07  経過=387秒

--- [AIの安全性、セキュリティ、ガバナンス] 5問 生成中 --- 開始=06:39:07
  抽出: 5問 → APIインポート中...
  ✓ チャンク1 インポート成功: 5件: gai-ab46e56e, gai-6a2eae04, gai-ec6d581e...
  [AIの安全性、セキュリティ、ガバナンス] 合計 5/5問 インポート
  終了=06:46:29  経過=442秒

--- [生成AIアプリケーションの運用効率と最適化] 5問 生成中 --- 開始=06:46:29
  抽出: 5問 → APIインポート中...
  ✓ チャンク1 インポート成功: 5件: gai-c56101fa, gai-61583025, gai-5ba910c7...
  [生成AIアプリケーションの運用効率と最適化] 合計 5/5問 インポート
  終了=06:51:40  経過=311秒

--- [テスト、検証、トラブルシューティング] 5問 生成中 --- 開始=06:51:40
⚠️  レート制限を検出。残りをスキップ
出力: You've hit your session limit · resets 11:30am (Asia/Tokyo)
  🔒 レート制限ロックファイル記録: 2026-06-04 11:30 JST
  終了=06:51:43  経過=3秒

合計インポート: 15問 / 25問

--- 問題数キャッシュを再構築中（DynamoDBから正確な値を取得）---
  CLF: 229問
  SAA: 211問
  SAP: 203問
  DVA: 204問
  SOA: 206問
  DEA: 214問
  DOP: 333問
  AIF: 208問
  MLA: 207問
  GAI: 217問
  ANS: 206問
  SCS: 210問
キャッシュ更新完了
