==========================================
問題自動生成 開始: Fri Jun  5 21:38:36 JST 2026
==========================================
対象資格: CLF SAA SAP DVA SOA DEA DOP AIF MLA GAI ANS SCS
指定資格: CLF
対象ドメイン: クラウドの概念  /  2問

--- Cognito 認証中 ---
✓ 認証完了

--- ドメイン別問題数を取得・割り当て計算中 ---
  （まだ問題がありません）

--- [クラウドの概念] 2問 生成中 --- 開始=21:39:20
  抽出: 2問 → APIインポート中...
  ✓ チャンク1 インポート成功: 2件: clf-09ba69ae, clf-d23bf8db
  [クラウドの概念] 合計 2/2問 インポート
  終了=21:44:04  経過=284秒

合計インポート: 2問 / 2問

--- 問題数キャッシュを再構築中（DynamoDBから正確な値を取得）---
  CLF: 231問
  SAA: 211問
  SAP: 203問
  DVA: 204問
  SOA: 206問
  DEA: 214問
  DOP: 333問
  AIF: 238問
  MLA: 207問
  GAI: 217問
  ANS: 206問
  SCS: 210問
キャッシュ更新完了
インポート完了: CLF +2問

==========================================
完了: Fri Jun  5 21:48:15 JST 2026
==========================================
