==========================================
問題自動生成 開始: Wed Jun 10 05:10:11 JST 2026
==========================================
対象資格: CLF SAA SAP DVA SOA DEA DOP AIF MLA GAI ANS SCS
問題数キャッシュを使用...
  CLF: 233問 (キャッシュ)
  SAA: 223問 (キャッシュ)
  SAP: 228問 (キャッシュ)
  DVA: 224問 (キャッシュ)
  SOA: 224問 (キャッシュ)
  DEA: 214問 (キャッシュ)
  DOP: 349問 (キャッシュ)
  AIF: 238問 (キャッシュ)
  MLA: 227問 (キャッシュ)
  GAI: 217問 (キャッシュ)
  ANS: 227問 (キャッシュ)
  SCS: 222問 (キャッシュ)
選択: DEA (現在214問 — 最少)
ドメイン数: 4  /  基本 5問/ドメイン（重み付きで配分）  /  合計予算 20問
開始ドメイン: [2] データオペレーションとサポート

--- Cognito 認証中 ---
✓ 認証完了

--- ドメイン別問題数を取得・割り当て計算中 ---
  データオペレーションとサポート: 51問
  データのセキュリティとガバナンス: 52問
  データの取り込みと変換: 55問
  データストアの管理: 56問

ドメイン別生成数（逆数重み付き割り当て）:
  8問 → データオペレーションとサポート (現在51問)
  7問 → データのセキュリティとガバナンス (現在52問)
  3問 → データの取り込みと変換 (現在55問)
  2問 → データストアの管理 (現在56問)
  合計: 20問

--- [データオペレーションとサポート] 8問 生成中 (5問×2チャンク) --- 開始=05:10:44
  チャンク 1/2: 5問 生成中...
  抽出: 5問 → APIインポート中...
  ✓ チャンク1 インポート成功: 5件: dea-b865b0ab, dea-b94cff17, dea-4a5cc531...
  チャンク 2/2: 3問 生成中...
  抽出: 3問 → APIインポート中...
  ✓ チャンク2 インポート成功: 3件: dea-eeed49c4, dea-6e3c19e0, dea-2230cc73
  [データオペレーションとサポート] 合計 8/8問 インポート
  終了=05:22:25  経過=701秒

--- [データのセキュリティとガバナンス] 7問 生成中 (5問×2チャンク) --- 開始=05:22:25
  チャンク 1/2: 5問 生成中...
⚠️  レート制限を検出。残りをスキップ
出力: You've hit your session limit · resets 10am (Asia/Tokyo)
  終了=05:30:57  経過=512秒

合計インポート: 8問 / 20問

--- 問題数キャッシュを再構築中（DynamoDBから正確な値を取得）---
  CLF: 233問
  SAA: 223問
  SAP: 228問
  DVA: 224問
  SOA: 224問
  DEA: 222問
  DOP: 349問
  AIF: 238問
  MLA: 227問
  GAI: 217問
  ANS: 227問
  SCS: 222問
キャッシュ更新完了
