==========================================
問題自動生成 開始: Sat Jun  6 17:40:46 JST 2026
==========================================
対象資格: CLF SAA SAP DVA SOA DEA DOP AIF MLA GAI ANS SCS
問題数キャッシュを使用...
  CLF: 233問 (キャッシュ)
  SAA: 211問 (キャッシュ)
  SAP: 204問 (キャッシュ)
  DVA: 204問 (キャッシュ)
  SOA: 206問 (キャッシュ)
  DEA: 214問 (キャッシュ)
  DOP: 333問 (キャッシュ)
  AIF: 238問 (キャッシュ)
  MLA: 207問 (キャッシュ)
  GAI: 217問 (キャッシュ)
  ANS: 206問 (キャッシュ)
  SCS: 210問 (キャッシュ)
選択: SAP (現在204問 — 最少)
ドメイン数: 4  /  基本 5問/ドメイン（重み付きで配分）  /  合計予算 20問
開始ドメイン: [3] ワークロードの移行とモダン化の加速

--- Cognito 認証中 ---
✓ 認証完了

--- ドメイン別問題数を取得・割り当て計算中 ---
  ワークロードの移行とモダン化の加速: 41問
  既存のソリューションの継続的改善: 48問
  新しいソリューションのための設計: 51問
  組織の複雑さに対応する設計: 64問

ドメイン別生成数（逆数重み付き割り当て）:
  13問 → ワークロードの移行とモダン化の加速 (現在41問)
  5問 → 既存のソリューションの継続的改善 (現在48問)
  2問 → 新しいソリューションのための設計 (現在51問)
  0問 → 組織の複雑さに対応する設計 (現在64問)
  合計: 20問

--- [ワークロードの移行とモダン化の加速] 13問 生成中 (5問×3チャンク) --- 開始=17:41:30
  チャンク 1/3: 5問 生成中...
