==========================================
問題自動生成 開始: Fri May 29 06:00:05 JST 2026
==========================================
対象資格: CLF SAA SAP DVA SOA DEA DOP AIF MLA GAI ANS SCS
問題数キャッシュを使用...
  CLF: 230問 (キャッシュ)
  SAA: 211問 (キャッシュ)
  SAP: 205問 (キャッシュ)
  DVA: 205問 (キャッシュ)
  SOA: 206問 (キャッシュ)
  DEA: 104問 (キャッシュ)
  DOP: 334問 (キャッシュ)
  AIF: 209問 (キャッシュ)
  MLA: 209問 (キャッシュ)
  GAI: 205問 (キャッシュ)
  ANS: 112問 (キャッシュ)
  SCS: 114問 (キャッシュ)
選択: DEA (現在104問 — 最少)
ドメイン数: 4  /  基本 5問/ドメイン（重み付きで配分）  /  合計予算 20問
開始ドメイン: [1] データストアの管理

--- Cognito 認証中 ---
✓ 認証完了

--- ドメイン別問題数を取得・割り当て計算中 ---
  データのセキュリティとガバナンス: 22問
  データストアの管理: 23問
  データの取り込みと変換: 26問
  データオペレーションとサポート: 33問

ドメイン別生成数（逆数重み付き割り当て）:
  9問 → データのセキュリティとガバナンス (現在22問)
  7問 → データストアの管理 (現在23問)
  4問 → データの取り込みと変換 (現在26問)
  0問 → データオペレーションとサポート (現在33問)
  合計: 20問

--- [データストアの管理] 7問 生成中 (5問×2チャンク) --- 開始=06:00:41
  チャンク 1/2: 5問 生成中...
  抽出: 5問 → APIインポート中...
  ✓ チャンク1 インポート成功: 5件: dea-8f459d12, dea-54269805, dea-6bc4eb7c...
  チャンク 2/2: 2問 生成中...
  抽出: 2問 → APIインポート中...
  ✓ チャンク2 インポート成功: 2件: dea-4ea5d700, dea-143d1814
  [データストアの管理] 合計 7/7問 インポート
  終了=06:08:59  経過=498秒

--- [データオペレーションとサポート] 0問 生成中 --- 開始=06:08:59
  [データオペレーションとサポート] 合計 0/0問 インポート
  終了=06:08:59  経過=0秒

--- [データのセキュリティとガバナンス] 9問 生成中 (5問×2チャンク) --- 開始=06:08:59
  チャンク 1/2: 5問 生成中...
  抽出: 5問 → APIインポート中...
  ✓ チャンク1 インポート成功: 5件: dea-7673ce38, dea-18a080fc, dea-9670bd29...
  チャンク 2/2: 4問 生成中...
⚠️  レート制限を検出。残りをスキップ
出力: You've hit your session limit · resets 10:30am (Asia/Tokyo)
  🔒 レート制限ロックファイル記録: 2026-05-29 10:30 JST
  終了=06:13:40  経過=281秒

合計インポート: 7問 / 20問

--- 問題数キャッシュを再構築中（DynamoDBから正確な値を取得）---
  CLF: 230問
  SAA: 211問
  SAP: 205問
  DVA: 205問
  SOA: 206問
  DEA: 116問
  DOP: 334問
  AIF: 209問
  MLA: 209問
  GAI: 205問
  ANS: 112問
  SCS: 114問
キャッシュ更新完了
