==========================================
問題自動生成 開始: Wed May 20 23:11:41 JST 2026
==========================================
対象資格: CLF SAA SAP DVA SOA DOP AIF MLA GAI
指定資格: DOP
ドメイン数: 6  /  基本 5問/ドメイン（重み付きで配分）  /  合計予算 30問
開始ドメイン: [1] 構成管理と Infrastructure as Code (IaC)

--- Cognito 認証中 ---
✓ 認証完了

--- ドメイン別問題数を取得・割り当て計算中 ---
  インシデントとイベントへの対応: 16問
  弾力性に優れたクラウドソリューション: 45問
  モニタリングとロギング: 46問
  セキュリティとコンプライアンス: 48問
  構成管理と Infrastructure as Code (IaC): 54問
  SDLC の自動化: 57問

ドメイン別生成数（逆数重み付き割り当て）:
  11問 → インシデントとイベントへの対応 (現在16問)
  4問 → 構成管理と Infrastructure as Code (IaC) (現在54問)
  4問 → 弾力性に優れたクラウドソリューション (現在45問)
  4問 → モニタリングとロギング (現在46問)
  4問 → セキュリティとコンプライアンス (現在48問)
  3問 → SDLC の自動化 (現在57問)
  合計: 30問

--- [構成管理と Infrastructure as Code (IaC)] 5問 生成中 --- 開始=23:12:16
抽出: 5問 → APIインポート中...
✓ [構成管理と Infrastructure as Code (IaC)] インポート成功: 5件: dop-e23484ae, dop-25b12b08, dop-9b9ad8e1...
  終了=23:17:24  経過=308秒

--- [弾力性に優れたクラウドソリューション] 5問 生成中 --- 開始=23:17:24
抽出: 5問 → APIインポート中...
✓ [弾力性に優れたクラウドソリューション] インポート成功: 5件: dop-99770afb, dop-6757c6c9, dop-3ac27de3...
  終了=23:22:46  経過=322秒

--- [モニタリングとロギング] 5問 生成中 --- 開始=23:22:46
抽出: 5問 → APIインポート中...
✓ [モニタリングとロギング] インポート成功: 5件: dop-9bd68c11, dop-5cf8ea36, dop-8846b598...
  終了=23:28:34  経過=348秒

--- [インシデントとイベントへの対応] 5問 生成中 --- 開始=23:28:34
抽出: 5問 → APIインポート中...
✓ [インシデントとイベントへの対応] インポート成功: 5件: dop-a9ec550d, dop-f52c7edf, dop-9a091d9c...
  終了=23:36:19  経過=465秒

--- [セキュリティとコンプライアンス] 5問 生成中 --- 開始=23:36:19
⚠️  レート制限を検出。残りドメインをスキップ
出力: You've hit your session limit · resets 3am (Asia/Tokyo)
  🔒 レート制限ロックファイル記録: 2026-05-21 03:00 JST
  終了=23:36:21  経過=2秒

合計インポート: 20問 / 30問
