==========================================
問題自動生成 開始: Thu Jun 25 19:34:23 JST 2026
==========================================
対象資格: CLF SAA SAP DVA SOA DEA DOP AIF MLA AIP ANS SCS
指定資格: CLF
試験ガイドURL: https://aws.amazon.com/jp/certification/certified-cloud-practitioner/
対象ドメイン: クラウドの概念  /  1問

--- Cognito 認証中 ---
✓ 認証完了

--- ドメイン別問題数を取得・割り当て計算中 ---
  クラウドのテクノロジーとサービス: 67問
  請求、料金、およびサポート: 68問
  セキュリティとコンプライアンス: 68問
  クラウドの概念: 69問

--- [クラウドの概念] 1問 生成中 --- 開始=19:34:56
  抽出: 1問 → APIインポート中...
  ✓ チャンク1 インポート成功: 1件: clf-296e6d1b
  [クラウドの概念] 合計 1/1問 インポート
  終了=19:35:42  経過=46秒

合計インポート: 1問 / 1問

--- 問題数キャッシュを再構築中（DynamoDBから正確な値を取得）---
  CLF: 273問
  SAA: 263問
  SAP: 264問
  DVA: 259問
  SOA: 258問
  DEA: 258問
  DOP: 351問
  AIF: 261問
  MLA: 274問
  AIP: 264問
  ANS: 269問
  SCS: 264問
キャッシュ更新完了
インポート完了: CLF +1問
✓ Cloudflare Pages 再ビルドを 21:38 にスケジュールしました

==========================================
完了: Thu Jun 25 19:38:51 JST 2026
==========================================
