==========================================
問題自動生成 開始: Tue Jun  2 19:04:23 JST 2026
==========================================
対象資格: CLF SAA SAP DVA SOA DEA DOP AIF MLA GAI ANS SCS
問題数キャッシュを使用...
  CLF: 229問 (キャッシュ)
  SAA: 211問 (キャッシュ)
  SAP: 203問 (キャッシュ)
  DVA: 204問 (キャッシュ)
  SOA: 206問 (キャッシュ)
  DEA: 185問 (キャッシュ)
  DOP: 333問 (キャッシュ)
  AIF: 208問 (キャッシュ)
  MLA: 207問 (キャッシュ)
  GAI: 202問 (キャッシュ)
  ANS: 180問 (キャッシュ)
  SCS: 172問 (キャッシュ)
選択: SCS (現在172問 — 最少)
ドメイン数: 6  /  基本 5問/ドメイン（重み付きで配分）  /  合計予算 30問
開始ドメイン: [0] 検出

--- Cognito 認証中 ---
✓ 認証完了

--- ドメイン別問題数を取得・割り当て計算中 ---
  検出: 26問
  データ保護: 27問
  インシデント対応: 27問
  インフラストラクチャのセキュリティ: 28問
  アイデンティティとアクセス管理: 31問
  セキュリティの基盤とガバナンス: 33問

ドメイン別生成数（逆数重み付き割り当て）:
  8問 → 検出 (現在26問)
  7問 → インシデント対応 (現在27問)
  7問 → データ保護 (現在27問)
  6問 → インフラストラクチャのセキュリティ (現在28問)
  2問 → アイデンティティとアクセス管理 (現在31問)
  0問 → セキュリティの基盤とガバナンス (現在33問)
  合計: 30問

--- [検出] 8問 生成中 (5問×2チャンク) --- 開始=19:04:59
  チャンク 1/2: 5問 生成中...
  抽出: 5問 → APIインポート中...
  ✓ チャンク1 インポート成功: 5件: scs-7ae72dff, scs-b9f741b5, scs-afba56ae...
  チャンク 2/2: 3問 生成中...
  抽出: 3問 → APIインポート中...
  ✓ チャンク2 インポート成功: 3件: scs-d65c973e, scs-e33d0611, scs-bf39f6a3
  [検出] 合計 8/8問 インポート
  終了=19:16:31  経過=692秒

--- [インシデント対応] 7問 生成中 (5問×2チャンク) --- 開始=19:16:31
  チャンク 1/2: 5問 生成中...
  抽出: 5問 → APIインポート中...
  ✓ チャンク1 インポート成功: 5件: scs-776d16c8, scs-92097279, scs-925fd164...
  チャンク 2/2: 2問 生成中...
⚠️  レート制限を検出。残りをスキップ
出力: You've hit your session limit · resets 7:30pm (Asia/Tokyo)
  🔒 レート制限ロックファイル記録: 2026-06-02 19:30 JST
  終了=19:23:06  経過=395秒

合計インポート: 8問 / 30問

--- 問題数キャッシュを再構築中（DynamoDBから正確な値を取得）---
  CLF: 229問
  SAA: 211問
  SAP: 203問
  DVA: 204問
  SOA: 206問
  DEA: 185問
  DOP: 333問
  AIF: 208問
  MLA: 207問
  GAI: 202問
  ANS: 180問
  SCS: 185問
キャッシュ更新完了
