==========================================
問題自動生成 開始: Sat May 23 00:00:08 JST 2026
==========================================
対象資格: CLF SAA SAP DVA SOA DEA DOP AIF MLA GAI ANS SCS
各資格の問題数を取得中...
  CLF: 228問
  SAA: 211問
  SAP: 205問
  DVA: 205問
  SOA: 206問
  DEA: 0問
  DOP: 334問
  AIF: 209問
  MLA: 209問
  GAI: 205問
  ANS: 0問
  SCS: 0問
選択: DEA (現在0問 — 最少)
ドメイン数: 4  /  基本 2問/ドメイン（重み付きで配分）  /  合計予算 8問
開始ドメイン: [0] データの取り込みと変換

--- Cognito 認証中 ---
✓ 認証完了

--- ドメイン別問題数を取得・割り当て計算中 ---
  （まだ問題がありません）

ドメイン別生成数（逆数重み付き割り当て）:
  2問 → データの取り込みと変換 (現在0問)
  2問 → データストアの管理 (現在0問)
  2問 → データオペレーションとサポート (現在0問)
  2問 → データのセキュリティとガバナンス (現在0問)
  合計: 8問

--- [データの取り込みと変換] 2問 生成中 --- 開始=00:03:50
  抽出: 2問 → APIインポート中...
  ✓ チャンク1 インポート成功: 2件: dea-dc0f5a00, dea-14ac974d
  [データの取り込みと変換] 合計 2/2問 インポート
  終了=00:05:39  経過=109秒

--- [データストアの管理] 2問 生成中 --- 開始=00:05:39
  抽出: 2問 → APIインポート中...
  ✓ チャンク1 インポート成功: 2件: dea-605079bc, dea-96c63d5d
  [データストアの管理] 合計 2/2問 インポート
  終了=00:07:43  経過=124秒

--- [データオペレーションとサポート] 2問 生成中 --- 開始=00:07:43
  抽出: 2問 → APIインポート中...
  ✓ チャンク1 インポート成功: 2件: dea-d66dd587, dea-3daf0d69
  [データオペレーションとサポート] 合計 2/2問 インポート
  終了=00:09:33  経過=110秒

--- [データのセキュリティとガバナンス] 2問 生成中 --- 開始=00:09:33
  抽出: 2問 → APIインポート中...
  ✓ チャンク1 インポート成功: 2件: dea-7e2dcb63, dea-0dbec76f
  [データのセキュリティとガバナンス] 合計 2/2問 インポート
  終了=00:11:32  経過=119秒

合計インポート: 8問 / 8問
インポート完了: DEA +8問

==========================================
完了: Sat May 23 00:11:32 JST 2026
==========================================
