==========================================
問題自動生成 開始: Mon Jun  1 03:30:12 JST 2026
==========================================
対象資格: CLF SAA SAP DVA SOA DEA DOP AIF MLA GAI ANS SCS
問題数キャッシュを使用...
  CLF: 229問 (キャッシュ)
  SAA: 211問 (キャッシュ)
  SAP: 203問 (キャッシュ)
  DVA: 204問 (キャッシュ)
  SOA: 206問 (キャッシュ)
  DEA: 165問 (キャッシュ)
  DOP: 333問 (キャッシュ)
  AIF: 208問 (キャッシュ)
  MLA: 207問 (キャッシュ)
  GAI: 202問 (キャッシュ)
  ANS: 171問 (キャッシュ)
  SCS: 172問 (キャッシュ)
選択: DEA (現在165問 — 最少)
ドメイン数: 4  /  基本 5問/ドメイン（重み付きで配分）  /  合計予算 20問
開始ドメイン: [1] データストアの管理

--- Cognito 認証中 ---
✓ 認証完了

--- ドメイン別問題数を取得・割り当て計算中 ---
  データオペレーションとサポート: 41問
  データの取り込みと変換: 41問
  データのセキュリティとガバナンス: 41問
  データストアの管理: 42問

ドメイン別生成数（逆数重み付き割り当て）:
  6問 → データの取り込みと変換 (現在41問)
  5問 → データオペレーションとサポート (現在41問)
  5問 → データのセキュリティとガバナンス (現在41問)
  4問 → データストアの管理 (現在42問)
  合計: 20問

--- [データストアの管理] 4問 生成中 --- 開始=03:30:45
  抽出: 4問 → APIインポート中...
  ✓ チャンク1 インポート成功: 4件: dea-a13a6621, dea-0d229b0e, dea-d1559b13...
  [データストアの管理] 合計 4/4問 インポート
  終了=03:34:27  経過=222秒

--- [データオペレーションとサポート] 5問 生成中 --- 開始=03:34:27
  抽出: 5問 → APIインポート中...
  ✓ チャンク1 インポート成功: 5件: dea-ca41c0d5, dea-01f87888, dea-0485d0fd...
  [データオペレーションとサポート] 合計 5/5問 インポート
  終了=03:39:20  経過=293秒

--- [データのセキュリティとガバナンス] 5問 生成中 --- 開始=03:39:20
  抽出: 5問 → APIインポート中...
  ✓ チャンク1 インポート成功: 5件: dea-bfc26620, dea-f03d8fd7, dea-719cc7d1...
  [データのセキュリティとガバナンス] 合計 5/5問 インポート
  終了=03:42:20  経過=180秒

--- [データの取り込みと変換] 6問 生成中 (5問×2チャンク) --- 開始=03:42:20
  チャンク 1/2: 5問 生成中...
  抽出: 5問 → APIインポート中...
  ✓ チャンク1 インポート成功: 5件: dea-c7a3442d, dea-43658756, dea-67a793c7...
  チャンク 2/2: 1問 生成中...
  抽出: 1問 → APIインポート中...
  ✓ チャンク2 インポート成功: 1件: dea-f5d06f16
  [データの取り込みと変換] 合計 6/6問 インポート
  終了=03:48:22  経過=362秒

合計インポート: 20問 / 20問

--- 問題数キャッシュを再構築中（DynamoDBから正確な値を取得）---
  CLF: 229問
  SAA: 211問
  SAP: 203問
  DVA: 204問
  SOA: 206問
  DEA: 185問
  DOP: 333問
  AIF: 208問
  MLA: 207問
  GAI: 202問
  ANS: 171問
  SCS: 172問
キャッシュ更新完了
インポート完了: DEA +20問

==========================================
完了: Mon Jun  1 03:51:30 JST 2026
==========================================
