==========================================
問題自動生成 開始: Thu May 21 18:47:53 JST 2026
==========================================
対象資格: CLF SAA SAP DVA SOA DOP AIF MLA GAI
指定資格: DOP
対象ドメイン: インシデントとイベントへの対応  /  15問

--- Cognito 認証中 ---
✓ 認証完了

--- ドメイン別問題数を取得・割り当て計算中 ---
  インシデントとイベントへの対応: 26問
  モニタリングとロギング: 51問
  セキュリティとコンプライアンス: 53問
  弾力性に優れたクラウドソリューション: 55問
  SDLC の自動化: 62問
  構成管理と Infrastructure as Code (IaC): 64問

--- [インシデントとイベントへの対応] 15問 生成中 (5問×3チャンク) --- 開始=18:48:27
  チャンク 1/3: 5問 生成中...
  抽出: 5問 → APIインポート中...
  ✓ チャンク1 インポート成功: 5件: dop-b744ab69, dop-f28e79c2, dop-64f07f86...
  チャンク 2/3: 5問 生成中...
  抽出: 5問 → APIインポート中...
  ✓ チャンク2 インポート成功: 5件: dop-6e6e59a4, dop-05875c58, dop-137f276f...
  チャンク 3/3: 5問 生成中...
  抽出: 5問 → APIインポート中...
  ✓ チャンク3 インポート成功: 5件: dop-dbfeb286, dop-d00680ef, dop-bd4982a1...
  [インシデントとイベントへの対応] 合計 15/15問 インポート
  終了=19:11:10  経過=1363秒

合計インポート: 15問 / 15問
インポート完了: DOP +15問

==========================================
完了: Thu May 21 19:11:10 JST 2026
==========================================
