==========================================
問題自動生成 開始: Mon Jun 22 15:50:49 JST 2026
==========================================
対象資格: CLF SAA SAP DVA SOA DEA DOP AIF MLA AIP ANS SCS
問題数キャッシュを使用...
  CLF: 253問 (キャッシュ)
  SAA: 263問 (キャッシュ)
  SAP: 253問 (キャッシュ)
  DVA: 252問 (キャッシュ)
  SOA: 251問 (キャッシュ)
  DEA: 251問 (キャッシュ)
  DOP: 349問 (キャッシュ)
  AIF: 256問 (キャッシュ)
  MLA: 249問 (キャッシュ)
  AIP: 254問 (キャッシュ)
  ANS: 249問 (キャッシュ)
  SCS: 249問 (キャッシュ)
選択: MLA (現在249問 — 最少)
試験ガイドURL: https://aws.amazon.com/jp/certification/certified-machine-learning-engineer-associate/
ドメイン数: 4  /  基本 5問/ドメイン（重み付きで配分）  /  合計予算 20問
開始ドメイン: [3] MLソリューションの監視、メンテナンス、セキュリティ

--- Cognito 認証中 ---
✓ 認証完了

--- ドメイン別問題数を取得・割り当て計算中 ---
  MLモデルの開発: 59問
  機械学習のためのデータ準備: 59問
  MLソリューションの監視、メンテナンス、セキュリティ: 62問
  MLワークフローのデプロイとオーケストレーション: 69問

ドメイン別生成数（逆数重み付き割り当て）:
  8問 → 機械学習のためのデータ準備 (現在59問)
  8問 → MLモデルの開発 (現在59問)
  4問 → MLソリューションの監視、メンテナンス、セキュリティ (現在62問)
  0問 → MLワークフローのデプロイとオーケストレーション (現在69問)
  合計: 20問
処理順（問題数少ない順）: MLモデルの開発,機械学習のためのデータ準備,MLソリューションの監視、メンテナンス、セキュリティ,MLワークフローのデプロイとオーケストレーション

--- [MLモデルの開発] 8問 生成中 (5問×2チャンク) --- 開始=15:51:22
  チャンク 1/2: 5問 生成中...
  抽出: 5問 → APIインポート中...
  ✓ チャンク1 インポート成功: 5件: mla-bf2ffad6, mla-6cb1f59c, mla-76f02d98...
  チャンク 2/2: 3問 生成中...
⚠️  レート制限を検出。残りをスキップ
出力: You've hit your session limit · resets 4:10pm (Asia/Tokyo)
  終了=15:58:38  経過=436秒

合計インポート: 0問 / 20問

--- 問題数キャッシュを再構築中（DynamoDBから正確な値を取得）---
  CLF: 253問
  SAA: 263問
  SAP: 253問
  DVA: 252問
  SOA: 251問
  DEA: 251問
  DOP: 349問
  AIF: 256問
  MLA: 254問
  AIP: 254問
  ANS: 249問
  SCS: 249問
キャッシュ更新完了
