==========================================
問題自動生成 開始: Sun Jun 14 02:10:49 JST 2026
==========================================
対象資格: CLF SAA SAP DVA SOA DEA DOP AIF MLA GAI ANS SCS
問題数キャッシュを使用...
  CLF: 233問 (キャッシュ)
  SAA: 231問 (キャッシュ)
  SAP: 228問 (キャッシュ)
  DVA: 239問 (キャッシュ)
  SOA: 239問 (キャッシュ)
  DEA: 242問 (キャッシュ)
  DOP: 349問 (キャッシュ)
  AIF: 238問 (キャッシュ)
  MLA: 233問 (キャッシュ)
  GAI: 230問 (キャッシュ)
  ANS: 231問 (キャッシュ)
  SCS: 234問 (キャッシュ)
選択: SAP (現在228問 — 最少)
ドメイン数: 4  /  基本 5問/ドメイン（重み付きで配分）  /  合計予算 20問
開始ドメイン: [0] 組織の複雑さに対応する設計

--- Cognito 認証中 ---
✓ 認証完了

--- ドメイン別問題数を取得・割り当て計算中 ---
  ワークロードの移行とモダン化の加速: 48問
  既存のソリューションの継続的改善: 53問
  新しいソリューションのための設計: 57問
  組織の複雑さに対応する設計: 70問

ドメイン別生成数（逆数重み付き割り当て）:
  12問 → ワークロードの移行とモダン化の加速 (現在48問)
  6問 → 既存のソリューションの継続的改善 (現在53問)
  2問 → 新しいソリューションのための設計 (現在57問)
  0問 → 組織の複雑さに対応する設計 (現在70問)
  合計: 20問
処理順（問題数少ない順）: ワークロードの移行とモダン化の加速,既存のソリューションの継続的改善,新しいソリューションのための設計,組織の複雑さに対応する設計

--- [ワークロードの移行とモダン化の加速] 12問 生成中 (2問×6チャンク) --- 開始=02:11:22
  チャンク 1/6: 2問 生成中...
  抽出: 2問 → APIインポート中...
  ✓ チャンク1 インポート成功: 2件: sap-c7f18f7f, sap-32922b54
  チャンク 2/6: 2問 生成中...
  抽出: 2問 → APIインポート中...
  ✓ チャンク2 インポート成功: 2件: sap-c8fffef3, sap-749e8fc6
  チャンク 3/6: 2問 生成中...
  抽出: 2問 → APIインポート中...
  ✓ チャンク3 インポート成功: 2件: sap-e8d2e6cc, sap-892747c8
  チャンク 4/6: 2問 生成中...
⚠️  レート制限を検出。残りをスキップ
出力: You've hit your session limit · resets 7am (Asia/Tokyo)
  終了=02:34:31  経過=1389秒

合計インポート: 0問 / 20問

--- 問題数キャッシュを再構築中（DynamoDBから正確な値を取得）---
  CLF: 233問
  SAA: 231問
  SAP: 234問
  DVA: 239問
  SOA: 239問
  DEA: 242問
  DOP: 349問
  AIF: 238問
  MLA: 233問
  GAI: 230問
  ANS: 231問
  SCS: 234問
キャッシュ更新完了
