==========================================
問題自動生成 開始: Sun May 24 06:00:09 JST 2026
==========================================
対象資格: CLF SAA SAP DVA SOA DEA DOP AIF MLA GAI ANS SCS
各資格の問題数を取得中...
  CLF: 229問
  SAA: 211問
  SAP: 205問
  DVA: 205問
  SOA: 206問
  DEA: 28問
  DOP: 334問
  AIF: 209問
  MLA: 209問
  GAI: 205問
  ANS: 16問
  SCS: 10問
選択: SCS (現在10問 — 最少)
ドメイン数: 6  /  基本 2問/ドメイン（重み付きで配分）  /  合計予算 12問
開始ドメイン: [5] セキュリティの基盤とガバナンス

--- Cognito 認証中 ---
✓ 認証完了

--- ドメイン別問題数を取得・割り当て計算中 ---
  インシデント対応: 2問
  インフラストラクチャのセキュリティ: 2問
  検出: 2問
  データ保護: 2問
  アイデンティティとアクセス管理: 2問

ドメイン別生成数（逆数重み付き割り当て）:
  4問 → セキュリティの基盤とガバナンス (現在0問)
  2問 → 検出 (現在2問)
  2問 → インシデント対応 (現在2問)
  2問 → インフラストラクチャのセキュリティ (現在2問)
  1問 → アイデンティティとアクセス管理 (現在2問)
  1問 → データ保護 (現在2問)
  合計: 12問

--- [セキュリティの基盤とガバナンス] 4問 生成中 --- 開始=06:03:50
  抽出: 4問 → APIインポート中...
  ✓ チャンク1 インポート成功: 4件: scs-5e10448c, scs-f3e3c775, scs-400f6a59...
  [セキュリティの基盤とガバナンス] 合計 4/4問 インポート
  終了=06:08:58  経過=308秒

--- [検出] 2問 生成中 --- 開始=06:08:58
  抽出: 2問 → APIインポート中...
  ✓ チャンク1 インポート成功: 2件: scs-ef50addb, scs-c3b4f7a7
  [検出] 合計 2/2問 インポート
  終了=06:10:39  経過=101秒

--- [インシデント対応] 2問 生成中 --- 開始=06:10:39
  抽出: 2問 → APIインポート中...
  ✓ チャンク1 インポート成功: 2件: scs-0f49244d, scs-03aa5893
  [インシデント対応] 合計 2/2問 インポート
  終了=06:13:06  経過=147秒

--- [インフラストラクチャのセキュリティ] 2問 生成中 --- 開始=06:13:06
  抽出: 2問 → APIインポート中...
  ✓ チャンク1 インポート成功: 2件: scs-8ac67836, scs-eab54502
  [インフラストラクチャのセキュリティ] 合計 2/2問 インポート
  終了=06:15:24  経過=138秒

--- [アイデンティティとアクセス管理] 1問 生成中 --- 開始=06:15:24
  抽出: 1問 → APIインポート中...
  ✓ チャンク1 インポート成功: 1件: scs-5af72084
  [アイデンティティとアクセス管理] 合計 1/1問 インポート
  終了=06:17:20  経過=116秒

--- [データ保護] 1問 生成中 --- 開始=06:17:20
  抽出: 1問 → APIインポート中...
  ✓ チャンク1 インポート成功: 1件: scs-3296ff97
  [データ保護] 合計 1/1問 インポート
  終了=06:18:59  経過=99秒

合計インポート: 12問 / 12問
インポート完了: SCS +12問

==========================================
完了: Sun May 24 06:18:59 JST 2026
==========================================
