==========================================
問題自動生成 開始: Fri Jun 12 00:30:06 JST 2026
==========================================
対象資格: CLF SAA SAP DVA SOA DEA DOP AIF MLA GAI ANS SCS
問題数キャッシュを使用...
  CLF: 233問 (キャッシュ)
  SAA: 223問 (キャッシュ)
  SAP: 228問 (キャッシュ)
  DVA: 224問 (キャッシュ)
  SOA: 224問 (キャッシュ)
  DEA: 227問 (キャッシュ)
  DOP: 349問 (キャッシュ)
  AIF: 238問 (キャッシュ)
  MLA: 227問 (キャッシュ)
  GAI: 230問 (キャッシュ)
  ANS: 227問 (キャッシュ)
  SCS: 234問 (キャッシュ)
選択: SAA (現在223問 — 最少)
ドメイン数: 4  /  基本 5問/ドメイン（重み付きで配分）  /  合計予算 20問
開始ドメイン: [0] セキュアなアーキテクチャの設計

--- Cognito 認証中 ---
✓ 認証完了

--- ドメイン別問題数を取得・割り当て計算中 ---
  コスト最適化されたアーキテクチャの設計: 49問
  弾力性に優れたアーキテクチャの設計: 56問
  高性能なアーキテクチャの設計: 56問
  セキュアなアーキテクチャの設計: 62問

ドメイン別生成数（逆数重み付き割り当て）:
  12問 → コスト最適化されたアーキテクチャの設計 (現在49問)
  4問 → 弾力性に優れたアーキテクチャの設計 (現在56問)
  4問 → 高性能なアーキテクチャの設計 (現在56問)
  0問 → セキュアなアーキテクチャの設計 (現在62問)
  合計: 20問

--- [セキュアなアーキテクチャの設計] 0問 生成中 --- 開始=00:30:42
  [セキュアなアーキテクチャの設計] 合計 0/0問 インポート
  終了=00:30:42  経過=0秒

--- [弾力性に優れたアーキテクチャの設計] 4問 生成中 --- 開始=00:30:42
  抽出: 4問 → APIインポート中...
  ✓ チャンク1 インポート成功: 4件: saa-8aacc799, saa-daa40568, saa-d141c385...
  [弾力性に優れたアーキテクチャの設計] 合計 4/4問 インポート
  終了=00:37:46  経過=424秒

--- [高性能なアーキテクチャの設計] 4問 生成中 --- 開始=00:37:46
  抽出: 4問 → APIインポート中...
  ✓ チャンク1 インポート成功: 4件: saa-dfe4fc03, saa-38630c88, saa-247437ca...
  [高性能なアーキテクチャの設計] 合計 4/4問 インポート
  終了=00:48:39  経過=653秒

--- [コスト最適化されたアーキテクチャの設計] 12問 生成中 (5問×3チャンク) --- 開始=00:48:39
  チャンク 1/3: 5問 生成中...
⚠️  レート制限を検出。残りをスキップ
出力: You've hit your session limit · resets 5:30am (Asia/Tokyo)
  終了=00:57:58  経過=559秒

合計インポート: 8問 / 20問

--- 問題数キャッシュを再構築中（DynamoDBから正確な値を取得）---
  CLF: 233問
  SAA: 231問
  SAP: 228問
  DVA: 224問
  SOA: 224問
  DEA: 227問
  DOP: 349問
  AIF: 238問
  MLA: 227問
  GAI: 230問
  ANS: 227問
  SCS: 234問
キャッシュ更新完了
