==========================================
問題自動生成 開始: Wed May 27 04:00:08 JST 2026
==========================================
対象資格: CLF SAA SAP DVA SOA DEA DOP AIF MLA GAI ANS SCS
問題数キャッシュを使用...
  CLF: 230問 (キャッシュ)
  SAA: 211問 (キャッシュ)
  SAP: 205問 (キャッシュ)
  DVA: 205問 (キャッシュ)
  SOA: 206問 (キャッシュ)
  DEA: 66問 (キャッシュ)
  DOP: 334問 (キャッシュ)
  AIF: 209問 (キャッシュ)
  MLA: 209問 (キャッシュ)
  GAI: 205問 (キャッシュ)
  ANS: 67問 (キャッシュ)
  SCS: 70問 (キャッシュ)
選択: DEA (現在66問 — 最少)
ドメイン数: 4  /  基本 5問/ドメイン（重み付きで配分）  /  合計予算 20問
開始ドメイン: [0] データの取り込みと変換

--- Cognito 認証中 ---
✓ 認証完了

--- ドメイン別問題数を取得・割り当て計算中 ---
  データストアの管理: 16問
  データの取り込みと変換: 16問
  データオペレーションとサポート: 17問
  データのセキュリティとガバナンス: 17問

ドメイン別生成数（逆数重み付き割り当て）:
  6問 → データの取り込みと変換 (現在16問)
  6問 → データストアの管理 (現在16問)
  4問 → データオペレーションとサポート (現在17問)
  4問 → データのセキュリティとガバナンス (現在17問)
  合計: 20問

--- [データの取り込みと変換] 6問 生成中 (5問×2チャンク) --- 開始=04:00:46
  チャンク 1/2: 5問 生成中...
  抽出: 5問 → APIインポート中...
  ✓ チャンク1 インポート成功: 5件: dea-70024b83, dea-7c069a74, dea-4a321f7d...
  チャンク 2/2: 1問 生成中...
  抽出: 1問 → APIインポート中...
  ✓ チャンク2 インポート成功: 1件: dea-7603dd2f
  [データの取り込みと変換] 合計 6/6問 インポート
  終了=04:07:22  経過=396秒

--- [データストアの管理] 6問 生成中 (5問×2チャンク) --- 開始=04:07:22
  チャンク 1/2: 5問 生成中...
  抽出: 5問 → APIインポート中...
  ✓ チャンク1 インポート成功: 5件: dea-2279424f, dea-f37096c6, dea-ae22583b...
  チャンク 2/2: 1問 生成中...
  抽出: 1問 → APIインポート中...
  ✓ チャンク2 インポート成功: 1件: dea-193f251a
  [データストアの管理] 合計 6/6問 インポート
  終了=04:14:17  経過=415秒

--- [データオペレーションとサポート] 4問 生成中 --- 開始=04:14:17
⚠️  レート制限を検出。残りをスキップ
出力: You've hit your session limit · resets 9am (Asia/Tokyo)
  🔒 レート制限ロックファイル記録: 2026-05-27 09:00 JST
  終了=04:14:19  経過=2秒

合計インポート: 12問 / 20問

--- 問題数キャッシュを再構築中（DynamoDBから正確な値を取得）---
  CLF: 230問
  SAA: 211問
  SAP: 205問
  DVA: 205問
  SOA: 206問
  DEA: 78問
  DOP: 334問
  AIF: 209問
  MLA: 209問
  GAI: 205問
  ANS: 67問
  SCS: 70問
キャッシュ更新完了
