==========================================
問題自動生成 開始: Tue Jun  9 23:08:19 JST 2026
==========================================
対象資格: CLF SAA SAP DVA SOA DEA DOP AIF MLA GAI ANS SCS
問題数キャッシュを使用...
  CLF: 233問 (キャッシュ)
  SAA: 223問 (キャッシュ)
  SAP: 228問 (キャッシュ)
  DVA: 224問 (キャッシュ)
  SOA: 213問 (キャッシュ)
  DEA: 214問 (キャッシュ)
  DOP: 349問 (キャッシュ)
  AIF: 238問 (キャッシュ)
  MLA: 227問 (キャッシュ)
  GAI: 217問 (キャッシュ)
  ANS: 227問 (キャッシュ)
  SCS: 222問 (キャッシュ)
選択: SOA (現在213問 — 最少)
ドメイン数: 5  /  基本 5問/ドメイン（重み付きで配分）  /  合計予算 25問
開始ドメイン: [2] デプロイ、プロビジョニング、および自動化

--- Cognito 認証中 ---
✓ 認証完了

--- ドメイン別問題数を取得・割り当て計算中 ---
  セキュリティとコンプライアンス: 34問
  デプロイ、プロビジョニング、および自動化: 43問
  ネットワークとコンテンツ配信: 44問
  信頼性とビジネス継続性: 46問
  モニタリング、ロギング、分析、修復、およびパフォーマンスの最適化: 46問

ドメイン別生成数（逆数重み付き割り当て）:
  14問 → セキュリティとコンプライアンス (現在34問)
  5問 → デプロイ、プロビジョニング、および自動化 (現在43問)
  4問 → ネットワークとコンテンツ配信 (現在44問)
  1問 → モニタリング、ロギング、分析、修復、およびパフォーマンスの最適化 (現在46問)
  1問 → 信頼性とビジネス継続性 (現在46問)
  合計: 25問

--- [デプロイ、プロビジョニング、および自動化] 5問 生成中 (3問×2チャンク) --- 開始=23:08:53
  チャンク 1/2: 3問 生成中...
  抽出: 3問 → APIインポート中...
  ✓ チャンク1 インポート成功: 3件: soa-cb461d8d, soa-be52c216, soa-f688308a
  チャンク 2/2: 2問 生成中...
  抽出: 2問 → APIインポート中...
  ✓ チャンク2 インポート成功: 2件: soa-7c239680, soa-aa093219
  [デプロイ、プロビジョニング、および自動化] 合計 5/5問 インポート
  終了=23:19:14  経過=621秒

--- [セキュリティとコンプライアンス] 14問 生成中 (3問×5チャンク) --- 開始=23:19:14
  チャンク 1/5: 3問 生成中...
  抽出: 3問 → APIインポート中...
  ✓ チャンク1 インポート成功: 3件: soa-7fba9343, soa-193780b3, soa-6ea7b3f7
  チャンク 2/5: 3問 生成中...
  抽出: 3問 → APIインポート中...
  ✓ チャンク2 インポート成功: 3件: soa-792f643d, soa-9afd1561, soa-6223520a
  チャンク 3/5: 3問 生成中...
⚠️  レート制限を検出。残りをスキップ
出力: You've hit your session limit · resets 4am (Asia/Tokyo)
  終了=23:30:04  経過=650秒

合計インポート: 5問 / 25問

--- 問題数キャッシュを再構築中（DynamoDBから正確な値を取得）---
  CLF: 233問
  SAA: 223問
  SAP: 228問
  DVA: 224問
  SOA: 224問
  DEA: 214問
  DOP: 349問
  AIF: 238問
  MLA: 227問
  GAI: 217問
  ANS: 227問
  SCS: 222問
キャッシュ更新完了
