==========================================
問題自動生成 開始: Sun May 24 22:45:29 JST 2026
==========================================
対象資格: CLF SAA SAP DVA SOA DEA DOP AIF MLA GAI ANS SCS
各資格の問題数を取得中...
  CLF: 229問
  SAA: 211問
  SAP: 205問
  DVA: 205問
  SOA: 206問
  DEA: 28問
  DOP: 334問
  AIF: 209問
  MLA: 209問
  GAI: 205問
  ANS: 36問
  SCS: 40問
選択: DEA (現在28問 — 最少)
ドメイン数: 4  /  基本 2問/ドメイン（重み付きで配分）  /  合計予算 8問
開始ドメイン: [0] データの取り込みと変換

--- Cognito 認証中 ---
✓ 認証完了

--- ドメイン別問題数を取得・割り当て計算中 ---
  データストアの管理: 7問
  データオペレーションとサポート: 7問
  データの取り込みと変換: 7問
  データのセキュリティとガバナンス: 7問

ドメイン別生成数（逆数重み付き割り当て）:
  2問 → データの取り込みと変換 (現在7問)
  2問 → データストアの管理 (現在7問)
  2問 → データオペレーションとサポート (現在7問)
  2問 → データのセキュリティとガバナンス (現在7問)
  合計: 8問

--- [データの取り込みと変換] 2問 生成中 --- 開始=22:49:13
  抽出: 2問 → APIインポート中...
  ✓ チャンク1 インポート成功: 2件: dea-b41585f1, dea-d12b2a4f
  [データの取り込みと変換] 合計 2/2問 インポート
  終了=22:51:28  経過=135秒

--- [データストアの管理] 2問 生成中 --- 開始=22:51:28
  抽出: 2問 → APIインポート中...
  ✓ チャンク1 インポート成功: 2件: dea-783f929c, dea-740b4780
  [データストアの管理] 合計 2/2問 インポート
  終了=22:54:31  経過=183秒

--- [データオペレーションとサポート] 2問 生成中 --- 開始=22:54:31
  抽出: 2問 → APIインポート中...
  ✓ チャンク1 インポート成功: 2件: dea-6bd7b0a1, dea-d29b4ac1
  [データオペレーションとサポート] 合計 2/2問 インポート
  終了=22:56:24  経過=113秒

--- [データのセキュリティとガバナンス] 2問 生成中 --- 開始=22:56:24
  抽出: 2問 → APIインポート中...
  ✓ チャンク1 インポート成功: 2件: dea-8d58706a, dea-3ff04948
  [データのセキュリティとガバナンス] 合計 2/2問 インポート
  終了=22:58:28  経過=124秒

合計インポート: 8問 / 8問
インポート完了: DEA +8問

==========================================
完了: Sun May 24 22:58:28 JST 2026
==========================================
