==========================================
問題自動生成 開始: Sun May 31 02:15:08 JST 2026
==========================================
対象資格: CLF SAA SAP DVA SOA DEA DOP AIF MLA GAI ANS SCS
問題数キャッシュを使用...
  CLF: 230問 (キャッシュ)
  SAA: 211問 (キャッシュ)
  SAP: 205問 (キャッシュ)
  DVA: 205問 (キャッシュ)
  SOA: 206問 (キャッシュ)
  DEA: 140問 (キャッシュ)
  DOP: 334問 (キャッシュ)
  AIF: 209問 (キャッシュ)
  MLA: 209問 (キャッシュ)
  GAI: 205問 (キャッシュ)
  ANS: 145問 (キャッシュ)
  SCS: 145問 (キャッシュ)
選択: DEA (現在140問 — 最少)
ドメイン数: 4  /  基本 5問/ドメイン（重み付きで配分）  /  合計予算 20問
開始ドメイン: [0] データの取り込みと変換

--- Cognito 認証中 ---
✓ 認証完了

--- ドメイン別問題数を取得・割り当て計算中 ---
  データストアの管理: 35問
  データオペレーションとサポート: 35問
  データの取り込みと変換: 35問
  データのセキュリティとガバナンス: 35問

ドメイン別生成数（逆数重み付き割り当て）:
  5問 → データの取り込みと変換 (現在35問)
  5問 → データストアの管理 (現在35問)
  5問 → データオペレーションとサポート (現在35問)
  5問 → データのセキュリティとガバナンス (現在35問)
  合計: 20問

--- [データの取り込みと変換] 5問 生成中 --- 開始=02:15:42
  抽出: 5問 → APIインポート中...
  ✓ チャンク1 インポート成功: 5件: dea-d5d947cb, dea-38719859, dea-ddeca2fc...
  [データの取り込みと変換] 合計 5/5問 インポート
  終了=02:20:44  経過=302秒

--- [データストアの管理] 5問 生成中 --- 開始=02:20:44
⚠️  レート制限を検出。残りをスキップ
出力: You've hit your session limit · resets 2:30am (Asia/Tokyo)
  🔒 レート制限ロックファイル記録: 2026-05-31 02:30 JST
  終了=02:20:51  経過=7秒

合計インポート: 5問 / 20問

--- 問題数キャッシュを再構築中（DynamoDBから正確な値を取得）---
  CLF: 230問
  SAA: 211問
  SAP: 205問
  DVA: 205問
  SOA: 206問
  DEA: 145問
  DOP: 334問
  AIF: 209問
  MLA: 209問
  GAI: 205問
  ANS: 145問
  SCS: 153問
キャッシュ更新完了
