==========================================
問題自動生成 開始: Wed Jun 24 03:25:04 JST 2026
==========================================
対象資格: CLF SAA SAP DVA SOA DEA DOP AIF MLA AIP ANS SCS
問題数キャッシュを使用...
  CLF: 253問 (キャッシュ)
  SAA: 263問 (キャッシュ)
  SAP: 253問 (キャッシュ)
  DVA: 259問 (キャッシュ)
  SOA: 258問 (キャッシュ)
  DEA: 258問 (キャッシュ)
  DOP: 349問 (キャッシュ)
  AIF: 256問 (キャッシュ)
  MLA: 254問 (キャッシュ)
  AIP: 254問 (キャッシュ)
  ANS: 269問 (キャッシュ)
  SCS: 264問 (キャッシュ)
選択: CLF (現在253問 — 最少)
試験ガイドURL: https://aws.amazon.com/jp/certification/certified-cloud-practitioner/
ドメイン数: 4  /  基本 5問/ドメイン（重み付きで配分）  /  合計予算 20問
開始ドメイン: [0] クラウドの概念

--- Cognito 認証中 ---
✓ 認証完了

--- ドメイン別問題数を取得・割り当て計算中 ---
  クラウドの概念: 62問
  請求、料金、およびサポート: 62問
  セキュリティとコンプライアンス: 62問
  クラウドのテクノロジーとサービス: 67問

ドメイン別生成数（逆数重み付き割り当て）:
  7問 → クラウドの概念 (現在62問)
  6問 → セキュリティとコンプライアンス (現在62問)
  6問 → 請求、料金、およびサポート (現在62問)
  1問 → クラウドのテクノロジーとサービス (現在67問)
  合計: 20問
処理順（問題数少ない順）: クラウドの概念,セキュリティとコンプライアンス,請求、料金、およびサポート,クラウドのテクノロジーとサービス

--- [クラウドの概念] 7問 生成中 --- 開始=03:25:37
  抽出: 7問 → APIインポート中...
  ✓ チャンク1 インポート成功: 7件: clf-4bc05090, clf-8cf7c1ae, clf-0694acf2...
  [クラウドの概念] 合計 7/7問 インポート
  終了=03:31:21  経過=344秒

--- [セキュリティとコンプライアンス] 6問 生成中 --- 開始=03:31:21
  抽出: 6問 → APIインポート中...
  ✓ チャンク1 インポート成功: 6件: clf-6c40142e, clf-efa66514, clf-d635cb9c...
  [セキュリティとコンプライアンス] 合計 6/6問 インポート
  終了=03:41:20  経過=599秒

--- [請求、料金、およびサポート] 6問 生成中 --- 開始=03:41:20
  抽出: 6問 → APIインポート中...
  ✓ チャンク1 インポート成功: 6件: clf-3310da20, clf-82018e44, clf-bd534b1f...
  [請求、料金、およびサポート] 合計 6/6問 インポート
  終了=03:48:36  経過=436秒

--- [クラウドのテクノロジーとサービス] 1問 生成中 --- 開始=03:48:37
⚠️  レート制限を検出。残りをスキップ
出力: You've hit your session limit · resets 8:10am (Asia/Tokyo)
  終了=03:48:38  経過=2秒

合計インポート: 19問 / 20問

--- 問題数キャッシュを再構築中（DynamoDBから正確な値を取得）---
  CLF: 272問
  SAA: 263問
  SAP: 253問
  DVA: 259問
  SOA: 258問
  DEA: 258問
  DOP: 349問
  AIF: 256問
  MLA: 254問
  AIP: 254問
  ANS: 269問
  SCS: 264問
キャッシュ更新完了
