==========================================
問題自動生成 開始: Mon May 25 21:30:49 JST 2026
==========================================
対象資格: CLF SAA SAP DVA SOA DEA DOP AIF MLA GAI ANS SCS
各資格の問題数を取得中...
  CLF: 229問
  SAA: 211問
  SAP: 205問
  DVA: 205問
  SOA: 206問
  DEA: 50問
  DOP: 334問
  AIF: 209問
  MLA: 209問
  GAI: 205問
  ANS: 44問
  SCS: 52問
選択: ANS (現在44問 — 最少)
ドメイン数: 4  /  基本 5問/ドメイン（重み付きで配分）  /  合計予算 20問
開始ドメイン: [0] ネットワーク設計

--- Cognito 認証中 ---
✓ 認証完了

--- ドメイン別問題数を取得・割り当て計算中 ---
  ネットワーク設計: 11問
  ネットワーク管理と運用: 11問
  ネットワークのセキュリティ、コンプライアンス、ガバナンス: 11問
  ネットワーク実装: 11問

ドメイン別生成数（逆数重み付き割り当て）:
  5問 → ネットワーク設計 (現在11問)
  5問 → ネットワーク実装 (現在11問)
  5問 → ネットワーク管理と運用 (現在11問)
  5問 → ネットワークのセキュリティ、コンプライアンス、ガバナンス (現在11問)
  合計: 20問

--- [ネットワーク設計] 5問 生成中 --- 開始=21:34:30
  抽出: 5問 → APIインポート中...
  ✓ チャンク1 インポート成功: 5件: ans-e1836e6e, ans-20aabfc6, ans-388ae748...
  [ネットワーク設計] 合計 5/5問 インポート
  終了=21:42:00  経過=450秒

--- [ネットワーク実装] 5問 生成中 --- 開始=21:42:00
  抽出: 5問 → APIインポート中...
  ✓ チャンク1 インポート成功: 5件: ans-13302ad0, ans-41bf52f4, ans-05f457d8...
  [ネットワーク実装] 合計 5/5問 インポート
  終了=21:47:01  経過=301秒

--- [ネットワーク管理と運用] 5問 生成中 --- 開始=21:47:01
⚠️  レート制限を検出。残りをスキップ
出力: You've hit your session limit · resets 10pm (Asia/Tokyo)
  🔒 レート制限ロックファイル記録: 2026-05-25 22:00 JST
  終了=21:47:04  経過=3秒

合計インポート: 10問 / 20問
