==========================================
問題自動生成 開始: Sun Jun 21 14:50:49 JST 2026
==========================================
対象資格: CLF SAA SAP DVA SOA DEA DOP AIF MLA AIP ANS SCS
問題数キャッシュが不完全 → DynamoDBから再取得します...
キャッシュなし。DynamoDBから問題数を取得中...
  CLF: 253問
  SAA: 262問
  SAP: 249問
  DVA: 252問
  SOA: 251問
  DEA: 251問
  DOP: 349問
  AIF: 246問
  MLA: 249問
  AIP: 3問
  ANS: 249問
  SCS: 249問
選択: AIP (現在3問 — 最少)
ドメイン数: 5  /  基本 5問/ドメイン（重み付きで配分）  /  合計予算 25問
開始ドメイン: [2] AIの安全性、セキュリティ、ガバナンス

--- Cognito 認証中 ---
✓ 認証完了

--- ドメイン別問題数を取得・割り当て計算中 ---
  基盤モデルの統合、データ管理、コンプライアンス: 1問
  AIの安全性、セキュリティ、ガバナンス: 1問
  テスト、検証、トラブルシューティング: 1問

ドメイン別生成数（逆数重み付き割り当て）:
  6問 → 実装と統合 (現在0問)
  6問 → 生成AIアプリケーションの運用効率と最適化 (現在0問)
  5問 → 基盤モデルの統合、データ管理、コンプライアンス (現在1問)
  4問 → AIの安全性、セキュリティ、ガバナンス (現在1問)
  4問 → テスト、検証、トラブルシューティング (現在1問)
  合計: 25問
処理順（問題数少ない順）: 実装と統合,生成AIアプリケーションの運用効率と最適化,基盤モデルの統合、データ管理、コンプライアンス,AIの安全性、セキュリティ、ガバナンス,テスト、検証、トラブルシューティング

--- [実装と統合] 6問 生成中 --- 開始=14:54:30
  抽出: 6問 → APIインポート中...
  ✓ チャンク1 インポート成功: 6件: aip-3a1a5cea, aip-55b9520b, aip-ca34a69a...
  [実装と統合] 合計 6/6問 インポート
  終了=15:00:28  経過=358秒

--- [生成AIアプリケーションの運用効率と最適化] 6問 生成中 --- 開始=15:00:28
⚠️  レート制限を検出。残りをスキップ
出力: You've hit your session limit · resets 3:10pm (Asia/Tokyo)
  終了=15:00:30  経過=2秒

合計インポート: 6問 / 25問

--- 問題数キャッシュを再構築中（DynamoDBから正確な値を取得）---
  CLF: 253問
  SAA: 262問
  SAP: 249問
  DVA: 252問
  SOA: 251問
  DEA: 251問
  DOP: 349問
  AIF: 246問
  MLA: 249問
  AIP: 9問
  ANS: 249問
  SCS: 249問
キャッシュ更新完了
