==========================================
問題自動生成 開始: Sat Jun 20 07:40:49 JST 2026
==========================================
対象資格: CLF SAA SAP DVA SOA DEA DOP AIF MLA GAI ANS SCS
問題数キャッシュを使用...
  CLF: 253問 (キャッシュ)
  SAA: 245問 (キャッシュ)
  SAP: 249問 (キャッシュ)
  DVA: 252問 (キャッシュ)
  SOA: 251問 (キャッシュ)
  DEA: 251問 (キャッシュ)
  DOP: 349問 (キャッシュ)
  AIF: 246問 (キャッシュ)
  MLA: 249問 (キャッシュ)
  GAI: 245問 (キャッシュ)
  ANS: 243問 (キャッシュ)
  SCS: 243問 (キャッシュ)
選択: ANS (現在243問 — 最少)
ドメイン数: 4  /  基本 5問/ドメイン（重み付きで配分）  /  合計予算 20問
開始ドメイン: [0] ネットワーク設計

--- Cognito 認証中 ---
✓ 認証完了

--- ドメイン別問題数を取得・割り当て計算中 ---
  ネットワーク実装: 58問
  ネットワーク管理と運用: 59問
  ネットワーク設計: 63問
  ネットワークのセキュリティ、コンプライアンス、ガバナンス: 63問

ドメイン別生成数（逆数重み付き割り当て）:
  8問 → ネットワーク実装 (現在58問)
  7問 → ネットワーク管理と運用 (現在59問)
  3問 → ネットワーク設計 (現在63問)
  2問 → ネットワークのセキュリティ、コンプライアンス、ガバナンス (現在63問)
  合計: 20問
処理順（問題数少ない順）: ネットワーク実装,ネットワーク管理と運用,ネットワーク設計,ネットワークのセキュリティ、コンプライアンス、ガバナンス

--- [ネットワーク実装] 8問 生成中 (3問×3チャンク) --- 開始=07:41:24
  チャンク 1/3: 3問 生成中...
⚠️  レート制限を検出。残りをスキップ
出力: You've hit your session limit · resets 8am (Asia/Tokyo)
  終了=07:41:26  経過=2秒

合計インポート: 0問 / 20問

--- 問題数キャッシュを再構築中（DynamoDBから正確な値を取得）---
  CLF: 253問
  SAA: 245問
  SAP: 249問
  DVA: 252問
  SOA: 251問
  DEA: 251問
  DOP: 349問
  AIF: 246問
  MLA: 249問
  GAI: 245問
  ANS: 243問
  SCS: 243問
キャッシュ更新完了
