==========================================
問題自動生成 開始: Mon Jun  8 23:12:11 JST 2026
==========================================
対象資格: CLF SAA SAP DVA SOA DEA DOP AIF MLA GAI ANS SCS
問題数キャッシュを使用...
  CLF: 233問 (キャッシュ)
  SAA: 211問 (キャッシュ)
  SAP: 228問 (キャッシュ)
  DVA: 224問 (キャッシュ)
  SOA: 213問 (キャッシュ)
  DEA: 214問 (キャッシュ)
  DOP: 349問 (キャッシュ)
  AIF: 238問 (キャッシュ)
  MLA: 227問 (キャッシュ)
  GAI: 217問 (キャッシュ)
  ANS: 227問 (キャッシュ)
  SCS: 222問 (キャッシュ)
選択: SAA (現在211問 — 最少)
ドメイン数: 4  /  基本 5問/ドメイン（重み付きで配分）  /  合計予算 20問
開始ドメイン: [2] 高性能なアーキテクチャの設計

--- Cognito 認証中 ---
✓ 認証完了

--- ドメイン別問題数を取得・割り当て計算中 ---
  コスト最適化されたアーキテクチャの設計: 44問
  高性能なアーキテクチャの設計: 49問
  弾力性に優れたアーキテクチャの設計: 56問
  セキュアなアーキテクチャの設計: 62問

ドメイン別生成数（逆数重み付き割り当て）:
  13問 → コスト最適化されたアーキテクチャの設計 (現在44問)
  7問 → 高性能なアーキテクチャの設計 (現在49問)
  0問 → セキュアなアーキテクチャの設計 (現在62問)
  0問 → 弾力性に優れたアーキテクチャの設計 (現在56問)
  合計: 20問

--- [高性能なアーキテクチャの設計] 7問 生成中 (5問×2チャンク) --- 開始=23:12:53
  チャンク 1/2: 5問 生成中...
⚠️  レート制限を検出。残りをスキップ
出力: You've hit your session limit · resets 11:30pm (Asia/Tokyo)
  終了=23:12:59  経過=6秒

合計インポート: 0問 / 20問

--- 問題数キャッシュを再構築中（DynamoDBから正確な値を取得）---
  CLF: 233問
  SAA: 211問
  SAP: 228問
  DVA: 224問
  SOA: 213問
  DEA: 214問
  DOP: 349問
  AIF: 238問
  MLA: 227問
  GAI: 217問
  ANS: 227問
  SCS: 222問
キャッシュ更新完了
