==========================================
問題自動生成 開始: Sat Jun 20 23:50:49 JST 2026
==========================================
対象資格: CLF SAA SAP DVA SOA DEA DOP AIF MLA GAI ANS SCS
問題数キャッシュを使用...
  CLF: 253問 (キャッシュ)
  SAA: 245問 (キャッシュ)
  SAP: 249問 (キャッシュ)
  DVA: 252問 (キャッシュ)
  SOA: 251問 (キャッシュ)
  DEA: 251問 (キャッシュ)
  DOP: 349問 (キャッシュ)
  AIF: 246問 (キャッシュ)
  MLA: 249問 (キャッシュ)
  GAI: 245問 (キャッシュ)
  ANS: 249問 (キャッシュ)
  SCS: 249問 (キャッシュ)
選択: SAA (現在245問 — 最少)
ドメイン数: 4  /  基本 5問/ドメイン（重み付きで配分）  /  合計予算 20問
開始ドメイン: [0] セキュアなアーキテクチャの設計

--- Cognito 認証中 ---
✓ 認証完了

--- ドメイン別問題数を取得・割り当て計算中 ---
  弾力性に優れたアーキテクチャの設計: 60問
  高性能なアーキテクチャの設計: 60問
  セキュアなアーキテクチャの設計: 62問
  コスト最適化されたアーキテクチャの設計: 63問

ドメイン別生成数（逆数重み付き割り当て）:
  7問 → 弾力性に優れたアーキテクチャの設計 (現在60問)
  6問 → 高性能なアーキテクチャの設計 (現在60問)
  4問 → セキュアなアーキテクチャの設計 (現在62問)
  3問 → コスト最適化されたアーキテクチャの設計 (現在63問)
  合計: 20問
処理順（問題数少ない順）: 弾力性に優れたアーキテクチャの設計,高性能なアーキテクチャの設計,セキュアなアーキテクチャの設計,コスト最適化されたアーキテクチャの設計

--- [弾力性に優れたアーキテクチャの設計] 7問 生成中 --- 開始=23:51:21
  抽出: 7問 → APIインポート中...
  ✓ チャンク1 インポート成功: 7件: saa-f367ed81, saa-1a8d5d3a, saa-37e3ff64...
  [弾力性に優れたアーキテクチャの設計] 合計 7/7問 インポート
  終了=23:59:38  経過=497秒

--- [高性能なアーキテクチャの設計] 6問 生成中 --- 開始=23:59:38
  抽出: 6問 → APIインポート中...
  ✓ チャンク1 インポート成功: 6件: saa-0a484c24, saa-0745427c, saa-763964c6...
  [高性能なアーキテクチャの設計] 合計 6/6問 インポート
  終了=00:09:58  経過=620秒

--- [セキュアなアーキテクチャの設計] 4問 生成中 --- 開始=00:09:58
  抽出: 4問 → APIインポート中...
  ✓ チャンク1 インポート成功: 4件: saa-d6137f81, saa-f09abb03, saa-efb50eaa...
  [セキュアなアーキテクチャの設計] 合計 4/4問 インポート
  終了=00:17:36  経過=458秒
⏰ デッドライン到達 (00:10 JST)。残りドメインをスキップ

合計インポート: 17問 / 20問

--- 問題数キャッシュを再構築中（DynamoDBから正確な値を取得）---
  CLF: 253問
  SAA: 262問
  SAP: 249問
  DVA: 252問
  SOA: 251問
  DEA: 251問
  DOP: 349問
  AIF: 246問
  MLA: 249問
  GAI: 245問
  ANS: 249問
  SCS: 249問
キャッシュ更新完了
