==========================================
問題自動生成 開始: Fri Jun 12 05:32:04 JST 2026
==========================================
対象資格: CLF SAA SAP DVA SOA DEA DOP AIF MLA GAI ANS SCS
問題数キャッシュを使用...
  CLF: 233問 (キャッシュ)
  SAA: 231問 (キャッシュ)
  SAP: 228問 (キャッシュ)
  DVA: 224問 (キャッシュ)
  SOA: 224問 (キャッシュ)
  DEA: 227問 (キャッシュ)
  DOP: 349問 (キャッシュ)
  AIF: 238問 (キャッシュ)
  MLA: 227問 (キャッシュ)
  GAI: 230問 (キャッシュ)
  ANS: 227問 (キャッシュ)
  SCS: 234問 (キャッシュ)
選択: DVA (現在224問 — 最少)
ドメイン数: 4  /  基本 5問/ドメイン（重み付きで配分）  /  合計予算 20問
開始ドメイン: [3] トラブルシューティングと最適化

--- Cognito 認証中 ---
✓ 認証完了

--- ドメイン別問題数を取得・割り当て計算中 ---
  AWSのサービスを使用した開発: 56問
  デプロイ: 56問
  セキュリティ: 56問
  トラブルシューティングと最適化: 56問

ドメイン別生成数（逆数重み付き割り当て）:
  5問 → AWSのサービスを使用した開発 (現在56問)
  5問 → セキュリティ (現在56問)
  5問 → デプロイ (現在56問)
  5問 → トラブルシューティングと最適化 (現在56問)
  合計: 20問

--- [トラブルシューティングと最適化] 5問 生成中 --- 開始=05:32:38
⚠️  レート制限を検出。残りをスキップ
出力: You've hit your session limit · resets 10:30am (Asia/Tokyo)
  終了=05:58:50  経過=1572秒

合計インポート: 0問 / 20問

--- 問題数キャッシュを再構築中（DynamoDBから正確な値を取得）---
  CLF: 233問
  SAA: 231問
  SAP: 228問
  DVA: 224問
  SOA: 224問
  DEA: 227問
  DOP: 349問
  AIF: 238問
  MLA: 227問
  GAI: 230問
  ANS: 227問
  SCS: 234問
キャッシュ更新完了
