==========================================
問題自動生成 開始: Tue May 26 03:00:10 JST 2026
==========================================
対象資格: CLF SAA SAP DVA SOA DEA DOP AIF MLA GAI ANS SCS
各資格の問題数を取得中...
  CLF: 229問
  SAA: 211問
  SAP: 205問
  DVA: 205問
  SOA: 206問
  DEA: 58問
  DOP: 334問
  AIF: 209問
  MLA: 209問
  GAI: 205問
  ANS: 54問
  SCS: 57問
選択: ANS (現在54問 — 最少)
ドメイン数: 4  /  基本 2問/ドメイン（重み付きで配分）  /  合計予算 8問
開始ドメイン: [2] ネットワーク管理と運用

--- Cognito 認証中 ---
✓ 認証完了

--- ドメイン別問題数を取得・割り当て計算中 ---
  ネットワーク管理と運用: 11問
  ネットワークのセキュリティ、コンプライアンス、ガバナンス: 11問
  ネットワーク設計: 16問
  ネットワーク実装: 16問

ドメイン別生成数（逆数重み付き割り当て）:
  4問 → ネットワーク管理と運用 (現在11問)
  4問 → ネットワークのセキュリティ、コンプライアンス、ガバナンス (現在11問)
  0問 → ネットワーク設計 (現在16問)
  0問 → ネットワーク実装 (現在16問)
  合計: 8問

--- [ネットワーク管理と運用] 4問 生成中 --- 開始=03:03:51
  抽出: 4問 → APIインポート中...
  ✓ チャンク1 インポート成功: 4件: ans-102c8531, ans-c689dfa2, ans-3e91b8d2...
  [ネットワーク管理と運用] 合計 4/4問 インポート
  終了=03:07:59  経過=248秒

--- [ネットワークのセキュリティ、コンプライアンス、ガバナンス] 4問 生成中 --- 開始=03:07:59
  抽出: 4問 → APIインポート中...
  ✓ チャンク1 インポート成功: 4件: ans-bb0f7583, ans-72f98767, ans-012b7bad...
  [ネットワークのセキュリティ、コンプライアンス、ガバナンス] 合計 4/4問 インポート
  終了=03:13:07  経過=308秒

--- [ネットワーク設計] 0問 生成中 --- 開始=03:13:07
  [ネットワーク設計] 合計 0/0問 インポート
  終了=03:13:07  経過=0秒

--- [ネットワーク実装] 0問 生成中 --- 開始=03:13:07
  [ネットワーク実装] 合計 0/0問 インポート
  終了=03:13:07  経過=0秒

合計インポート: 8問 / 8問
インポート完了: ANS +8問

==========================================
完了: Tue May 26 03:13:07 JST 2026
==========================================
