==========================================
問題自動生成 開始: Fri May 22 17:09:19 JST 2026
==========================================
対象資格: CLF SAA SAP DVA SOA DOP AIF MLA GAI
指定資格: CLF
ドメイン数: 4  /  基本 1問/ドメイン（重み付きで配分）  /  合計予算 4問
開始ドメイン: [1] セキュリティとコンプライアンス

--- Cognito 認証中 ---
✓ 認証完了

--- ドメイン別問題数を取得・割り当て計算中 ---
  クラウドの概念: 49問
  請求、料金、およびサポート: 49問
  セキュリティとコンプライアンス: 57問
  クラウドのテクノロジーとサービス: 65問

ドメイン別生成数（逆数重み付き割り当て）:
  1問 → クラウドの概念 (現在49問)
  1問 → セキュリティとコンプライアンス (現在57問)
  1問 → クラウドのテクノロジーとサービス (現在65問)
  1問 → 請求、料金、およびサポート (現在49問)
  合計: 4問

--- [セキュリティとコンプライアンス] 1問 生成中 --- 開始=17:09:53
  抽出: 1問 → APIインポート中...
  ✓ チャンク1 インポート成功: 1件: clf-41a0e2ac
  [セキュリティとコンプライアンス] 合計 1/1問 インポート
  終了=17:10:43  経過=50秒

--- [クラウドのテクノロジーとサービス] 1問 生成中 --- 開始=17:10:43
  抽出: 1問 → APIインポート中...
  ✓ チャンク1 インポート成功: 1件: clf-213edf23
  [クラウドのテクノロジーとサービス] 合計 1/1問 インポート
  終了=17:11:44  経過=61秒

--- [請求、料金、およびサポート] 1問 生成中 --- 開始=17:11:44
  抽出: 1問 → APIインポート中...
  ✓ チャンク1 インポート成功: 1件: clf-7a8531a6
  [請求、料金、およびサポート] 合計 1/1問 インポート
  終了=17:12:42  経過=58秒

--- [クラウドの概念] 1問 生成中 --- 開始=17:12:42
  抽出: 1問 → APIインポート中...
  ✓ チャンク1 インポート成功: 1件: clf-5b9082e1
  [クラウドの概念] 合計 1/1問 インポート
  終了=17:14:16  経過=94秒

合計インポート: 4問 / 4問
インポート完了: CLF +4問

==========================================
完了: Fri May 22 17:14:16 JST 2026
==========================================
