==========================================
問題自動生成 開始: Wed Jun  3 15:44:31 JST 2026
==========================================
対象資格: CLF SAA SAP DVA SOA DEA DOP AIF MLA GAI ANS SCS
問題数キャッシュを使用...
  CLF: 229問 (キャッシュ)
  SAA: 211問 (キャッシュ)
  SAP: 203問 (キャッシュ)
  DVA: 204問 (キャッシュ)
  SOA: 206問 (キャッシュ)
  DEA: 201問 (キャッシュ)
  DOP: 333問 (キャッシュ)
  AIF: 208問 (キャッシュ)
  MLA: 207問 (キャッシュ)
  GAI: 202問 (キャッシュ)
  ANS: 188問 (キャッシュ)
  SCS: 185問 (キャッシュ)
選択: SCS (現在185問 — 最少)
ドメイン数: 6  /  基本 5問/ドメイン（重み付きで配分）  /  合計予算 30問
開始ドメイン: [2] インフラストラクチャのセキュリティ

--- Cognito 認証中 ---
✓ 認証完了

--- ドメイン別問題数を取得・割り当て計算中 ---
  データ保護: 27問
  インフラストラクチャのセキュリティ: 28問
  アイデンティティとアクセス管理: 31問
  インシデント対応: 32問
  セキュリティの基盤とガバナンス: 33問
  検出: 34問

ドメイン別生成数（逆数重み付き割り当て）:
  9問 → データ保護 (現在27問)
  8問 → インフラストラクチャのセキュリティ (現在28問)
  5問 → アイデンティティとアクセス管理 (現在31問)
  4問 → インシデント対応 (現在32問)
  3問 → セキュリティの基盤とガバナンス (現在33問)
  1問 → 検出 (現在34問)
  合計: 30問

--- [インフラストラクチャのセキュリティ] 8問 生成中 (5問×2チャンク) --- 開始=15:45:05
  チャンク 1/2: 5問 生成中...
  抽出: 5問 → APIインポート中...
  ✓ チャンク1 インポート成功: 5件: scs-09ab2d94, scs-f1f74fda, scs-92051c7f...
  チャンク 2/2: 3問 生成中...
  抽出: 3問 → APIインポート中...
  ✓ チャンク2 インポート成功: 3件: scs-ae99b01b, scs-a7dc7798, scs-912c3808
  [インフラストラクチャのセキュリティ] 合計 8/8問 インポート
  終了=16:01:53  経過=1008秒

--- [アイデンティティとアクセス管理] 5問 生成中 --- 開始=16:01:53
  抽出: 5問 → APIインポート中...
  ✓ チャンク1 インポート成功: 5件: scs-aa38d1c0, scs-16ecad26, scs-09f5e4ad...
  [アイデンティティとアクセス管理] 合計 5/5問 インポート
  終了=16:18:09  経過=976秒

--- [データ保護] 9問 生成中 (5問×2チャンク) --- 開始=16:18:09
  チャンク 1/2: 5問 生成中...
  抽出: 5問 → APIインポート中...
  ✓ チャンク1 インポート成功: 5件: scs-c781223b, scs-4e034276, scs-04671e95...
  チャンク 2/2: 4問 生成中...
  抽出: 4問 → APIインポート中...
  ✓ チャンク2 インポート成功: 4件: scs-16b0331c, scs-72e02203, scs-adfe85b0...
  [データ保護] 合計 9/9問 インポート
  終了=16:32:28  経過=859秒

--- [セキュリティの基盤とガバナンス] 3問 生成中 --- 開始=16:32:28
  抽出: 3問 → APIインポート中...
  ✓ チャンク1 インポート成功: 3件: scs-6b59ca06, scs-1ff3ad6f, scs-809676b2
  [セキュリティの基盤とガバナンス] 合計 3/3問 インポート
  終了=16:36:27  経過=239秒

--- [検出] 1問 生成中 --- 開始=16:36:27
⚠️  レート制限を検出。残りをスキップ
出力: You've hit your session limit · resets 8:30pm (Asia/Tokyo)
  🔒 レート制限ロックファイル記録: 2026-06-03 20:30 JST
  終了=16:36:30  経過=3秒

合計インポート: 25問 / 30問

--- 問題数キャッシュを再構築中（DynamoDBから正確な値を取得）---
  CLF: 229問
  SAA: 211問
  SAP: 203問
  DVA: 204問
  SOA: 206問
  DEA: 201問
  DOP: 333問
  AIF: 208問
  MLA: 207問
  GAI: 202問
  ANS: 188問
  SCS: 210問
キャッシュ更新完了
