==========================================
問題自動生成 開始: Sun Jun 14 12:10:49 JST 2026
==========================================
対象資格: CLF SAA SAP DVA SOA DEA DOP AIF MLA GAI ANS SCS
問題数キャッシュを使用...
  CLF: 233問 (キャッシュ)
  SAA: 231問 (キャッシュ)
  SAP: 234問 (キャッシュ)
  DVA: 239問 (キャッシュ)
  SOA: 239問 (キャッシュ)
  DEA: 242問 (キャッシュ)
  DOP: 349問 (キャッシュ)
  AIF: 238問 (キャッシュ)
  MLA: 233問 (キャッシュ)
  GAI: 235問 (キャッシュ)
  ANS: 231問 (キャッシュ)
  SCS: 234問 (キャッシュ)
選択: SAA (現在231問 — 最少)
ドメイン数: 4  /  基本 5問/ドメイン（重み付きで配分）  /  合計予算 20問
開始ドメイン: [3] コスト最適化されたアーキテクチャの設計

--- Cognito 認証中 ---
✓ 認証完了

--- ドメイン別問題数を取得・割り当て計算中 ---
  コスト最適化されたアーキテクチャの設計: 49問
  弾力性に優れたアーキテクチャの設計: 60問
  高性能なアーキテクチャの設計: 60問
  セキュアなアーキテクチャの設計: 62問

ドメイン別生成数（逆数重み付き割り当て）:
  14問 → コスト最適化されたアーキテクチャの設計 (現在49問)
  3問 → 弾力性に優れたアーキテクチャの設計 (現在60問)
  3問 → 高性能なアーキテクチャの設計 (現在60問)
  0問 → セキュアなアーキテクチャの設計 (現在62問)
  合計: 20問
処理順（問題数少ない順）: コスト最適化されたアーキテクチャの設計,弾力性に優れたアーキテクチャの設計,高性能なアーキテクチャの設計,セキュアなアーキテクチャの設計

--- [コスト最適化されたアーキテクチャの設計] 14問 生成中 (5問×3チャンク) --- 開始=12:11:22
  チャンク 1/3: 5問 生成中...
