==========================================
問題自動生成 開始: Sat May 30 11:02:49 JST 2026
==========================================
対象資格: CLF SAA SAP DVA SOA DEA DOP AIF MLA GAI ANS SCS
問題数キャッシュを使用...
  CLF: 230問 (キャッシュ)
  SAA: 211問 (キャッシュ)
  SAP: 205問 (キャッシュ)
  DVA: 205問 (キャッシュ)
  SOA: 206問 (キャッシュ)
  DEA: 140問 (キャッシュ)
  DOP: 334問 (キャッシュ)
  AIF: 209問 (キャッシュ)
  MLA: 209問 (キャッシュ)
  GAI: 205問 (キャッシュ)
  ANS: 132問 (キャッシュ)
  SCS: 127問 (キャッシュ)
選択: SCS (現在127問 — 最少)
ドメイン数: 6  /  基本 5問/ドメイン（重み付きで配分）  /  合計予算 30問
開始ドメイン: [5] セキュリティの基盤とガバナンス

--- Cognito 認証中 ---
✓ 認証完了

--- ドメイン別問題数を取得・割り当て計算中 ---
  インシデント対応: 20問
  インフラストラクチャのセキュリティ: 20問
  データ保護: 21問
  検出: 21問
  セキュリティの基盤とガバナンス: 21問
  アイデンティティとアクセス管理: 24問

ドメイン別生成数（逆数重み付き割り当て）:
  7問 → インシデント対応 (現在20問)
  6問 → インフラストラクチャのセキュリティ (現在20問)
  5問 → 検出 (現在21問)
  5問 → データ保護 (現在21問)
  5問 → セキュリティの基盤とガバナンス (現在21問)
  2問 → アイデンティティとアクセス管理 (現在24問)
  合計: 30問

--- [セキュリティの基盤とガバナンス] 5問 生成中 --- 開始=11:03:22
⚠️  レート制限を検出。残りをスキップ
出力: You've hit your session limit · resets 11:30am (Asia/Tokyo)
  🔒 レート制限ロックファイル記録: 2026-05-30 11:30 JST
  終了=11:03:24  経過=2秒

合計インポート: 0問 / 30問

--- 問題数キャッシュを再構築中（DynamoDBから正確な値を取得）---
  CLF: 230問
  SAA: 211問
  SAP: 205問
  DVA: 205問
  SOA: 206問
  DEA: 140問
  DOP: 334問
  AIF: 209問
  MLA: 209問
  GAI: 205問
  ANS: 132問
  SCS: 127問
キャッシュ更新完了
