==========================================
問題自動生成 開始: Fri May 22 16:24:25 JST 2026
==========================================
対象資格: CLF SAA SAP DVA SOA DOP AIF MLA GAI
指定資格: CLF
ドメイン数: 4  /  基本 1問/ドメイン（重み付きで配分）  /  合計予算 4問
開始ドメイン: [0] クラウドの概念

--- Cognito 認証中 ---
✓ 認証完了

--- ドメイン別問題数を取得・割り当て計算中 ---
  クラウドの概念: 48問
  請求、料金、およびサポート: 49問
  セキュリティとコンプライアンス: 57問
  クラウドのテクノロジーとサービス: 65問

ドメイン別生成数（逆数重み付き割り当て）:
  1問 → クラウドの概念 (現在48問)
  1問 → セキュリティとコンプライアンス (現在57問)
  1問 → クラウドのテクノロジーとサービス (現在65問)
  1問 → 請求、料金、およびサポート (現在49問)
  合計: 4問
[DEBUG] _ALLOC_FILE bytes=336 content={"\u30af\u30e9\u30a6\u30c9\u306e\u6982\u5ff5": 1, "\u30bb\u30ad\u30e5\u30ea\u30c6\u30a3\u3068\u30b3\u30f3\u30d7\u30e9\u30a4\u30a2\u30f3\u30b9": 1, "\u30af\u30e9\u30a6\u30c9\u306e\u30c6\u30af\u30ce\u30ed\u30b8\u30fc\u3068\u30b5\u30fc\u30d3\u30b9": 1, "\u8acb\u6c42\u3001\u6599\u91d1\u3001\u304a\u3088\u3073\u30b5\u30dd\u30fc\u30c8": 1}}

--- [クラウドの概念] 1問 生成中 --- 開始=16:24:58
  抽出: 1問 → APIインポート中...
  ✓ チャンク1 インポート成功: 1件: clf-ef7baf51
  [クラウドの概念] 合計 1/1問 インポート
  終了=16:25:54  経過=56秒
⏰ デッドライン到達 (16:25 JST)。残りドメインをスキップ

合計インポート: 1問 / 4問
