==========================================
問題自動生成 開始: Thu Jun 25 13:50:27 JST 2026
==========================================
対象資格: CLF SAA SAP DVA SOA DEA DOP AIF MLA AIP ANS SCS
問題数キャッシュを使用...
  CLF: 272問 (キャッシュ)
  SAA: 263問 (キャッシュ)
  SAP: 264問 (キャッシュ)
  DVA: 259問 (キャッシュ)
  SOA: 258問 (キャッシュ)
  DEA: 258問 (キャッシュ)
  DOP: 349問 (キャッシュ)
  AIF: 256問 (キャッシュ)
  MLA: 274問 (キャッシュ)
  AIP: 264問 (キャッシュ)
  ANS: 269問 (キャッシュ)
  SCS: 264問 (キャッシュ)
選択: AIF (現在256問 — 最少)
試験ガイドURL: https://aws.amazon.com/jp/certification/certified-ai-practitioner/
ドメイン数: 5  /  基本 5問/ドメイン（重み付きで配分）  /  合計予算 25問
開始ドメイン: [3] 責任あるAIのガイドライン

--- Cognito 認証中 ---
✓ 認証完了

--- ドメイン別問題数を取得・割り当て計算中 ---
  基盤モデルのアプリケーション: 49問
  責任あるAIのガイドライン: 50問
  生成AIの基礎: 50問
  AIソリューションのセキュリティ、コンプライアンス、ガバナンス: 53問
  AIとMLの基礎: 54問

ドメイン別生成数（逆数重み付き割り当て）:
  8問 → 基盤モデルのアプリケーション (現在49問)
  6問 → 生成AIの基礎 (現在50問)
  6問 → 責任あるAIのガイドライン (現在50問)
  3問 → AIソリューションのセキュリティ、コンプライアンス、ガバナンス (現在53問)
  2問 → AIとMLの基礎 (現在54問)
  合計: 25問
処理順（問題数少ない順）: 基盤モデルのアプリケーション,生成AIの基礎,責任あるAIのガイドライン,AIソリューションのセキュリティ、コンプライアンス、ガバナンス,AIとMLの基礎

--- [基盤モデルのアプリケーション] 8問 生成中 (5問×2チャンク) --- 開始=13:51:00
  チャンク 1/2: 5問 生成中...
  抽出: 5問 → APIインポート中...
  ✓ チャンク1 インポート成功: 5件: aif-959419fe, aif-8757b244, aif-78c945b2...
  チャンク 2/2: 3問 生成中...
⚠️  レート制限を検出。残りをスキップ
出力: You've hit your session limit · resets 2:10pm (Asia/Tokyo)
  終了=13:52:50  経過=110秒

合計インポート: 0問 / 25問

--- 問題数キャッシュを再構築中（DynamoDBから正確な値を取得）---
  CLF: 272問
  SAA: 263問
  SAP: 264問
  DVA: 259問
  SOA: 258問
  DEA: 258問
  DOP: 349問
  AIF: 261問
  MLA: 274問
  AIP: 264問
  ANS: 269問
  SCS: 264問
キャッシュ更新完了
