==========================================
問題自動生成 開始: Sun May 24 22:57:27 JST 2026
==========================================
対象資格: CLF SAA SAP DVA SOA DEA DOP AIF MLA GAI ANS SCS
各資格の問題数を取得中...
  CLF: 229問
  SAA: 211問
  SAP: 205問
  DVA: 205問
  SOA: 206問
  DEA: 36問
  DOP: 334問
  AIF: 209問
  MLA: 209問
  GAI: 205問
  ANS: 36問
  SCS: 40問
選択: DEA (現在36問 — 最少)
ドメイン数: 4  /  基本 2問/ドメイン（重み付きで配分）  /  合計予算 8問
開始ドメイン: [0] データの取り込みと変換

--- Cognito 認証中 ---
✓ 認証完了

--- ドメイン別問題数を取得・割り当て計算中 ---
  データストアの管理: 9問
  データオペレーションとサポート: 9問
  データのセキュリティとガバナンス: 9問
  データの取り込みと変換: 9問

ドメイン別生成数（逆数重み付き割り当て）:
  2問 → データの取り込みと変換 (現在9問)
  2問 → データストアの管理 (現在9問)
  2問 → データオペレーションとサポート (現在9問)
  2問 → データのセキュリティとガバナンス (現在9問)
  合計: 8問

--- [データの取り込みと変換] 2問 生成中 --- 開始=23:01:10
  抽出: 2問 → APIインポート中...
  ✓ チャンク1 インポート成功: 2件: dea-604e289f, dea-e3f809ba
  [データの取り込みと変換] 合計 2/2問 インポート
  終了=23:03:23  経過=133秒

--- [データストアの管理] 2問 生成中 --- 開始=23:03:23
  抽出: 2問 → APIインポート中...
  ✓ チャンク1 インポート成功: 2件: dea-a94dd08a, dea-a023f3a8
  [データストアの管理] 合計 2/2問 インポート
  終了=23:05:06  経過=104秒

--- [データオペレーションとサポート] 2問 生成中 --- 開始=23:05:07
  抽出: 2問 → APIインポート中...
  ✓ チャンク1 インポート成功: 2件: dea-749bcbd9, dea-932ad12a
  [データオペレーションとサポート] 合計 2/2問 インポート
  終了=23:07:27  経過=140秒

--- [データのセキュリティとガバナンス] 2問 生成中 --- 開始=23:07:27
  抽出: 2問 → APIインポート中...
  ✓ チャンク1 インポート成功: 2件: dea-fd99a777, dea-4d67a2c3
  [データのセキュリティとガバナンス] 合計 2/2問 インポート
  終了=23:09:16  経過=110秒

合計インポート: 8問 / 8問
インポート完了: DEA +8問

==========================================
完了: Sun May 24 23:09:17 JST 2026
==========================================
