==========================================
問題自動生成 開始: Tue May 26 22:48:47 JST 2026
==========================================
対象資格: CLF SAA SAP DVA SOA DEA DOP AIF MLA GAI ANS SCS
指定資格: ANS
ドメイン数: 4  /  基本 2問/ドメイン（重み付きで配分）  /  合計予算 8問
開始ドメイン: [0] ネットワーク設計

--- Cognito 認証中 ---
✓ 認証完了

--- ドメイン別問題数を取得・割り当て計算中 ---
  ネットワーク管理と運用: 15問
  ネットワークのセキュリティ、コンプライアンス、ガバナンス: 15問
  ネットワーク設計: 16問
  ネットワーク実装: 16問

ドメイン別生成数（逆数重み付き割り当て）:
  3問 → ネットワーク管理と運用 (現在15問)
  3問 → ネットワークのセキュリティ、コンプライアンス、ガバナンス (現在15問)
  1問 → ネットワーク設計 (現在16問)
  1問 → ネットワーク実装 (現在16問)
  合計: 8問

--- [ネットワーク設計] 1問 生成中 --- 開始=22:49:20
  抽出: 1問 → APIインポート中...
  ✓ チャンク1 インポート成功: 1件: ans-805c61fc
  [ネットワーク設計] 合計 1/1問 インポート
  終了=22:51:17  経過=117秒

--- [ネットワーク実装] 1問 生成中 --- 開始=22:51:18
⚠️  レート制限を検出。残りをスキップ
出力: You've hit your session limit · resets 11pm (Asia/Tokyo)
  🔒 レート制限ロックファイル記録: 2026-05-26 23:00 JST
  終了=22:51:21  経過=3秒

合計インポート: 1問 / 8問
