==========================================
問題自動生成 開始: Sun Jun 21 14:02:19 JST 2026
==========================================
対象資格: CLF SAA SAP DVA SOA DEA DOP AIF MLA AIP ANS SCS
指定資格: AIP
ドメイン数: 5  /  基本 1問/ドメイン（重み付きで配分）  /  合計予算 5問
開始ドメイン: [4] テスト、検証、トラブルシューティング

--- Cognito 認証中 ---
✓ 認証完了

--- ドメイン別問題数を取得・割り当て計算中 ---
  （まだ問題がありません）

ドメイン別生成数（逆数重み付き割り当て）:
  1問 → 基盤モデルの統合、データ管理、コンプライアンス (現在0問)
  1問 → 実装と統合 (現在0問)
  1問 → AIの安全性、セキュリティ、ガバナンス (現在0問)
  1問 → 生成AIアプリケーションの運用効率と最適化 (現在0問)
  1問 → テスト、検証、トラブルシューティング (現在0問)
  合計: 5問
処理順（問題数少ない順）: AIの安全性、セキュリティ、ガバナンス,テスト、検証、トラブルシューティング,基盤モデルの統合、データ管理、コンプライアンス,実装と統合,生成AIアプリケーションの運用効率と最適化

--- [AIの安全性、セキュリティ、ガバナンス] 1問 生成中 --- 開始=14:02:53
  抽出: 1問 → APIインポート中...
  ✓ チャンク1 インポート成功: 1件: aip-130ba6ef
  [AIの安全性、セキュリティ、ガバナンス] 合計 1/1問 インポート
  終了=14:05:12  経過=139秒

--- [テスト、検証、トラブルシューティング] 1問 生成中 --- 開始=14:05:12
  抽出: 1問 → APIインポート中...
  ✓ チャンク1 インポート成功: 1件: aip-bea01c3d
  [テスト、検証、トラブルシューティング] 合計 1/1問 インポート
  終了=14:07:15  経過=123秒

--- [基盤モデルの統合、データ管理、コンプライアンス] 1問 生成中 --- 開始=14:07:15
  抽出: 1問 → APIインポート中...
  ✓ チャンク1 インポート成功: 1件: aip-6c5b181d
  [基盤モデルの統合、データ管理、コンプライアンス] 合計 1/1問 インポート
  終了=14:09:04  経過=109秒
