==========================================
問題自動生成 開始: Sun Jun 21 04:52:49 JST 2026
==========================================
対象資格: CLF SAA SAP DVA SOA DEA DOP AIF MLA GAI ANS SCS
問題数キャッシュを使用...
  CLF: 253問 (キャッシュ)
  SAA: 262問 (キャッシュ)
  SAP: 249問 (キャッシュ)
  DVA: 252問 (キャッシュ)
  SOA: 251問 (キャッシュ)
  DEA: 251問 (キャッシュ)
  DOP: 349問 (キャッシュ)
  AIF: 246問 (キャッシュ)
  MLA: 249問 (キャッシュ)
  GAI: 245問 (キャッシュ)
  ANS: 249問 (キャッシュ)
  SCS: 249問 (キャッシュ)
選択: GAI (現在245問 — 最少)
ドメイン数: 5  /  基本 5問/ドメイン（重み付きで配分）  /  合計予算 25問
開始ドメイン: [3] 生成AIアプリケーションの運用効率と最適化

--- Cognito 認証中 ---
✓ 認証完了

--- ドメイン別問題数を取得・割り当て計算中 ---
  基盤モデルの統合、データ管理、コンプライアンス: 43問
  AIの安全性、セキュリティ、ガバナンス: 45問
  テスト、検証、トラブルシューティング: 47問
  生成AIアプリケーションの運用効率と最適化: 50問
  実装と統合: 60問

ドメイン別生成数（逆数重み付き割り当て）:
  10問 → 基盤モデルの統合、データ管理、コンプライアンス (現在43問)
  8問 → AIの安全性、セキュリティ、ガバナンス (現在45問)
  5問 → テスト、検証、トラブルシューティング (現在47問)
  2問 → 生成AIアプリケーションの運用効率と最適化 (現在50問)
  0問 → 実装と統合 (現在60問)
  合計: 25問
処理順（問題数少ない順）: 基盤モデルの統合、データ管理、コンプライアンス,AIの安全性、セキュリティ、ガバナンス,テスト、検証、トラブルシューティング,生成AIアプリケーションの運用効率と最適化,実装と統合

--- [基盤モデルの統合、データ管理、コンプライアンス] 10問 生成中 (5問×2チャンク) --- 開始=04:53:22
  チャンク 1/2: 5問 生成中...
⚠️  レート制限を検出。残りをスキップ
出力: You've hit your session limit · resets 5:10am (Asia/Tokyo)
  終了=04:53:24  経過=2秒

合計インポート: 0問 / 25問

--- 問題数キャッシュを再構築中（DynamoDBから正確な値を取得）---
  CLF: 253問
  SAA: 262問
  SAP: 249問
  DVA: 252問
  SOA: 251問
  DEA: 251問
  DOP: 349問
  AIF: 246問
  MLA: 249問
  GAI: 245問
  ANS: 249問
  SCS: 249問
キャッシュ更新完了
