==========================================
問題自動生成 開始: Sat May 30 00:16:13 JST 2026
==========================================
対象資格: CLF SAA SAP DVA SOA DEA DOP AIF MLA GAI ANS SCS
問題数キャッシュを使用...
  CLF: 230問 (キャッシュ)
  SAA: 211問 (キャッシュ)
  SAP: 205問 (キャッシュ)
  DVA: 205問 (キャッシュ)
  SOA: 206問 (キャッシュ)
  DEA: 116問 (キャッシュ)
  DOP: 334問 (キャッシュ)
  AIF: 209問 (キャッシュ)
  MLA: 209問 (キャッシュ)
  GAI: 205問 (キャッシュ)
  ANS: 117問 (キャッシュ)
  SCS: 127問 (キャッシュ)
選択: DEA (現在116問 — 最少)
ドメイン数: 4  /  基本 1問/ドメイン（重み付きで配分）  /  合計予算 4問
開始ドメイン: [0] データの取り込みと変換

--- Cognito 認証中 ---
✓ 認証完了

--- ドメイン別問題数を取得・割り当て計算中 ---
  データの取り込みと変換: 26問
  データのセキュリティとガバナンス: 27問
  データストアの管理: 30問
  データオペレーションとサポート: 33問

ドメイン別生成数（逆数重み付き割り当て）:
  3問 → データの取り込みと変換 (現在26問)
  1問 → データのセキュリティとガバナンス (現在27問)
  0問 → データストアの管理 (現在30問)
  0問 → データオペレーションとサポート (現在33問)
  合計: 4問

--- [データの取り込みと変換] 3問 生成中 --- 開始=00:16:47
  抽出: 3問 → APIインポート中...
  ✓ チャンク1 インポート成功: 3件: dea-e3858ee0, dea-b3cf2916, dea-4097a4b4
  [データの取り込みと変換] 合計 3/3問 インポート
  終了=00:19:15  経過=148秒

--- [データストアの管理] 0問 生成中 --- 開始=00:19:15
  [データストアの管理] 合計 0/0問 インポート
  終了=00:19:15  経過=0秒

--- [データオペレーションとサポート] 0問 生成中 --- 開始=00:19:15
  [データオペレーションとサポート] 合計 0/0問 インポート
  終了=00:19:15  経過=0秒

--- [データのセキュリティとガバナンス] 1問 生成中 --- 開始=00:19:15
  抽出: 1問 → APIインポート中...
  ✓ チャンク1 インポート成功: 1件: dea-a9cb1f90
  [データのセキュリティとガバナンス] 合計 1/1問 インポート
  終了=00:20:46  経過=91秒

合計インポート: 4問 / 4問

--- 問題数キャッシュを再構築中（DynamoDBから正確な値を取得）---
  CLF: 230問
  SAA: 211問
  SAP: 205問
  DVA: 205問
  SOA: 206問
  DEA: 120問
  DOP: 334問
  AIF: 209問
  MLA: 209問
  GAI: 205問
  ANS: 117問
  SCS: 127問
キャッシュ更新完了
インポート完了: DEA +4問

==========================================
完了: Sat May 30 00:23:57 JST 2026
==========================================
