==========================================
問題自動生成 開始: Wed May 20 15:27:29 JST 2026
==========================================
対象資格: CLF SAA SAP DVA SOA DOP AIF MLA GAI
各資格の問題数を取得中...
  CLF: 216問
  SAA: 203問
  SAP: 197問
  DVA: 205問
  SOA: 196問
  DOP: 259問
  AIF: 199問
  MLA: 199問
  GAI: 205問
選択: SOA (現在196問 — 最少)
ドメイン数: 5  /  基本 2問/ドメイン（重み付きで配分）  /  合計予算 10問
開始ドメイン: [0] モニタリング、ロギング、分析、修復、およびパフォーマンスの最適化

--- Cognito 認証中 ---
✓ 認証完了

--- ドメイン別問題数を取得・割り当て計算中 ---
  セキュリティとコンプライアンス: 32問
  信頼性とビジネス継続性: 40問
  デプロイ、プロビジョニング、および自動化: 41問
  モニタリング、ロギング、分析、修復、およびパフォーマンスの最適化: 41問
  ネットワークとコンテンツ配信: 42問

ドメイン別生成数（逆数重み付き割り当て）:
  2問 → モニタリング、ロギング、分析、修復、およびパフォーマンスの最適化 (現在41問)
  2問 → 信頼性とビジネス継続性 (現在40問)
  2問 → デプロイ、プロビジョニング、および自動化 (現在41問)
  2問 → セキュリティとコンプライアンス (現在32問)
  2問 → ネットワークとコンテンツ配信 (現在42問)
  合計: 10問

--- [モニタリング、ロギング、分析、修復、およびパフォーマンスの最適化] 2問 生成中 --- 開始=15:30:27
抽出: 2問 → APIインポート中...
✓ [モニタリング、ロギング、分析、修復、およびパフォーマンスの最適化] インポート成功: 2件: soa-d80d3905, soa-cac8c016
  終了=15:32:38  経過=131秒

--- [信頼性とビジネス継続性] 2問 生成中 --- 開始=15:32:38
抽出: 2問 → APIインポート中...
✓ [信頼性とビジネス継続性] インポート成功: 2件: soa-42b6778b, soa-467826cc
  終了=15:35:25  経過=167秒

--- [デプロイ、プロビジョニング、および自動化] 2問 生成中 --- 開始=15:35:25
抽出: 2問 → APIインポート中...
✓ [デプロイ、プロビジョニング、および自動化] インポート成功: 2件: soa-b19b75d7, soa-e7e818a8
  終了=15:37:28  経過=123秒

--- [セキュリティとコンプライアンス] 2問 生成中 --- 開始=15:37:28
抽出: 2問 → APIインポート中...
✓ [セキュリティとコンプライアンス] インポート成功: 2件: soa-aa244860, soa-fc662ca0
  終了=15:40:32  経過=184秒

--- [ネットワークとコンテンツ配信] 2問 生成中 --- 開始=15:40:33
抽出: 2問 → APIインポート中...
✓ [ネットワークとコンテンツ配信] インポート成功: 2件: soa-9cc77948, soa-345b29b7
  終了=15:43:49  経過=197秒

合計インポート: 10問 / 10問
インポート完了: SOA +10問

==========================================
完了: Wed May 20 15:43:49 JST 2026
==========================================
