==========================================
問題自動生成 開始: Sun Jun 14 02:30:07 JST 2026
==========================================
対象資格: CLF SAA SAP DVA SOA DEA DOP AIF MLA GAI ANS SCS
問題数キャッシュを使用...
  CLF: 233問 (キャッシュ)
  SAA: 231問 (キャッシュ)
  SAP: 232問 (キャッシュ)
  DVA: 239問 (キャッシュ)
  SOA: 239問 (キャッシュ)
  DEA: 242問 (キャッシュ)
  DOP: 349問 (キャッシュ)
  AIF: 238問 (キャッシュ)
  MLA: 233問 (キャッシュ)
  GAI: 230問 (キャッシュ)
  ANS: 231問 (キャッシュ)
  SCS: 234問 (キャッシュ)
選択: GAI (現在230問 — 最少)
ドメイン数: 5  /  基本 5問/ドメイン（重み付きで配分）  /  合計予算 25問
開始ドメイン: [1] 実装と統合

--- Cognito 認証中 ---
✓ 認証完了

--- ドメイン別問題数を取得・割り当て計算中 ---
  テスト、検証、トラブルシューティング: 36問
  AIの安全性、セキュリティ、ガバナンス: 45問
  基盤モデルの統合、データ管理、コンプライアンス: 45問
  生成AIアプリケーションの運用効率と最適化: 50問
  実装と統合: 54問

ドメイン別生成数（逆数重み付き割り当て）:
  15問 → テスト、検証、トラブルシューティング (現在36問)
  5問 → 基盤モデルの統合、データ管理、コンプライアンス (現在45問)
  5問 → AIの安全性、セキュリティ、ガバナンス (現在45問)
  0問 → 実装と統合 (現在54問)
  0問 → 生成AIアプリケーションの運用効率と最適化 (現在50問)
  合計: 25問
処理順（問題数少ない順）: テスト、検証、トラブルシューティング,AIの安全性、セキュリティ、ガバナンス,基盤モデルの統合、データ管理、コンプライアンス,実装と統合,生成AIアプリケーションの運用効率と最適化

--- [テスト、検証、トラブルシューティング] 15問 生成中 (5問×3チャンク) --- 開始=02:30:40
  チャンク 1/3: 5問 生成中...
⚠️  レート制限を検出。残りをスキップ
出力: You've hit your session limit · resets 7am (Asia/Tokyo)
  終了=02:39:31  経過=531秒

合計インポート: 0問 / 25問

--- 問題数キャッシュを再構築中（DynamoDBから正確な値を取得）---
  CLF: 233問
  SAA: 231問
  SAP: 234問
  DVA: 239問
  SOA: 239問
  DEA: 242問
  DOP: 349問
  AIF: 238問
  MLA: 233問
  GAI: 230問
  ANS: 231問
  SCS: 234問
キャッシュ更新完了
