==========================================
問題自動生成 開始: Sun May 31 12:00:49 JST 2026
==========================================
対象資格: CLF SAA SAP DVA SOA DEA DOP AIF MLA GAI ANS SCS
問題数キャッシュを使用...
  CLF: 230問 (キャッシュ)
  SAA: 211問 (キャッシュ)
  SAP: 205問 (キャッシュ)
  DVA: 205問 (キャッシュ)
  SOA: 206問 (キャッシュ)
  DEA: 165問 (キャッシュ)
  DOP: 334問 (キャッシュ)
  AIF: 209問 (キャッシュ)
  MLA: 209問 (キャッシュ)
  GAI: 205問 (キャッシュ)
  ANS: 153問 (キャッシュ)
  SCS: 153問 (キャッシュ)
選択: ANS (現在153問 — 最少)
ドメイン数: 4  /  基本 5問/ドメイン（重み付きで配分）  /  合計予算 20問
開始ドメイン: [2] ネットワーク管理と運用

--- Cognito 認証中 ---
✓ 認証完了

--- ドメイン別問題数を取得・割り当て計算中 ---
  ネットワーク管理と運用: 35問
  ネットワーク設計: 38問
  ネットワークのセキュリティ、コンプライアンス、ガバナンス: 38問
  ネットワーク実装: 42問

ドメイン別生成数（逆数重み付き割り当て）:
  9問 → ネットワーク管理と運用 (現在35問)
  5問 → ネットワーク設計 (現在38問)
  5問 → ネットワークのセキュリティ、コンプライアンス、ガバナンス (現在38問)
  1問 → ネットワーク実装 (現在42問)
  合計: 20問

--- [ネットワーク管理と運用] 9問 生成中 (5問×2チャンク) --- 開始=12:01:22
  チャンク 1/2: 5問 生成中...
  抽出: 5問 → APIインポート中...
  ✓ チャンク1 インポート成功: 5件: ans-a29113b1, ans-8f451321, ans-06183976...
  チャンク 2/2: 4問 生成中...
  抽出: 4問 → APIインポート中...
  ✓ チャンク2 インポート成功: 4件: ans-e0445c9a, ans-e9383ed8, ans-35c352a7...
  [ネットワーク管理と運用] 合計 9/9問 インポート
  終了=12:10:16  経過=534秒

--- [ネットワークのセキュリティ、コンプライアンス、ガバナンス] 5問 生成中 --- 開始=12:10:16
⚠️  レート制限を検出。残りをスキップ
出力: You've hit your session limit · resets 12:30pm (Asia/Tokyo)
  🔒 レート制限ロックファイル記録: 2026-05-31 12:30 JST
  終了=12:10:18  経過=2秒

合計インポート: 9問 / 20問

--- 問題数キャッシュを再構築中（DynamoDBから正確な値を取得）---
  CLF: 229問
  SAA: 211問
  SAP: 203問
  DVA: 204問
  SOA: 206問
  DEA: 165問
  DOP: 333問
  AIF: 208問
  MLA: 207問
  GAI: 203問
  ANS: 168問
  SCS: 152問
キャッシュ更新完了
