==========================================
問題自動生成 開始: Sun May 24 05:30:49 JST 2026
==========================================
対象資格: CLF SAA SAP DVA SOA DEA DOP AIF MLA GAI ANS SCS
各資格の問題数を取得中...
  CLF: 229問
  SAA: 211問
  SAP: 205問
  DVA: 205問
  SOA: 206問
  DEA: 28問
  DOP: 334問
  AIF: 209問
  MLA: 209問
  GAI: 205問
  ANS: 16問
  SCS: 10問
選択: SCS (現在10問 — 最少)
ドメイン数: 6  /  基本 5問/ドメイン（重み付きで配分）  /  合計予算 30問
開始ドメイン: [5] セキュリティの基盤とガバナンス

--- Cognito 認証中 ---
✓ 認証完了

--- ドメイン別問題数を取得・割り当て計算中 ---
  インシデント対応: 2問
  インフラストラクチャのセキュリティ: 2問
  検出: 2問
  データ保護: 2問
  アイデンティティとアクセス管理: 2問

ドメイン別生成数（逆数重み付き割り当て）:
  7問 → セキュリティの基盤とガバナンス (現在0問)
  5問 → 検出 (現在2問)
  5問 → インシデント対応 (現在2問)
  5問 → インフラストラクチャのセキュリティ (現在2問)
  4問 → アイデンティティとアクセス管理 (現在2問)
  4問 → データ保護 (現在2問)
  合計: 30問

--- [セキュリティの基盤とガバナンス] 7問 生成中 (5問×2チャンク) --- 開始=05:34:31
  チャンク 1/2: 5問 生成中...
⚠️  レート制限を検出。残りをスキップ
出力: You've hit your session limit · resets 6am (Asia/Tokyo)
  🔒 レート制限ロックファイル記録: 2026-05-24 06:00 JST
  終了=05:34:34  経過=3秒

合計インポート: 0問 / 30問
