==========================================
問題自動生成 開始: Tue May 26 23:01:54 JST 2026
==========================================
対象資格: CLF SAA SAP DVA SOA DEA DOP AIF MLA GAI ANS SCS
問題数キャッシュを使用...
  CLF: 0問 (キャッシュ)
  SAA: 0問 (キャッシュ)
  SAP: 0問 (キャッシュ)
  DVA: 0問 (キャッシュ)
  SOA: 0問 (キャッシュ)
  DEA: 58問 (キャッシュ)
  DOP: 0問 (キャッシュ)
  AIF: 0問 (キャッシュ)
  MLA: 0問 (キャッシュ)
  GAI: 0問 (キャッシュ)
  ANS: 0問 (キャッシュ)
  SCS: 0問 (キャッシュ)
選択: CLF (現在0問 — 最少)
ドメイン数: 4  /  基本 1問/ドメイン（重み付きで配分）  /  合計予算 4問
開始ドメイン: [1] セキュリティとコンプライアンス

--- Cognito 認証中 ---
