==========================================
問題自動生成 開始: Sat May 23 09:30:49 JST 2026
==========================================
対象資格: CLF SAA SAP DVA SOA DEA DOP AIF MLA GAI ANS SCS
各資格の問題数を取得中...
  CLF: 228問
  SAA: 211問
  SAP: 205問
  DVA: 205問
  SOA: 206問
  DEA: 8問
  DOP: 334問
  AIF: 209問
  MLA: 209問
  GAI: 205問
  ANS: 8問
  SCS: 0問
選択: SCS (現在0問 — 最少)
ドメイン数: 6  /  基本 5問/ドメイン（重み付きで配分）  /  合計予算 30問
開始ドメイン: [0] 検出

--- Cognito 認証中 ---
✓ 認証完了

--- ドメイン別問題数を取得・割り当て計算中 ---
  （まだ問題がありません）

ドメイン別生成数（逆数重み付き割り当て）:
  5問 → 検出 (現在0問)
  5問 → インシデント対応 (現在0問)
  5問 → インフラストラクチャのセキュリティ (現在0問)
  5問 → アイデンティティとアクセス管理 (現在0問)
  5問 → データ保護 (現在0問)
  5問 → セキュリティの基盤とガバナンス (現在0問)
  合計: 30問

--- [検出] 5問 生成中 --- 開始=09:34:30
⚠️  レート制限を検出。残りをスキップ
出力: You've hit your session limit · resets 10am (Asia/Tokyo)
  🔒 レート制限ロックファイル記録: 2026-05-23 10:00 JST
  終了=09:34:33  経過=3秒

合計インポート: 0問 / 30問
