==========================================
問題自動生成 開始: Sun Jun  7 16:04:52 JST 2026
==========================================
対象資格: CLF SAA SAP DVA SOA DEA DOP AIF MLA GAI ANS SCS
問題数キャッシュを使用...
  CLF: 233問 (キャッシュ)
  SAA: 211問 (キャッシュ)
  SAP: 208問 (キャッシュ)
  DVA: 224問 (キャッシュ)
  SOA: 206問 (キャッシュ)
  DEA: 214問 (キャッシュ)
  DOP: 333問 (キャッシュ)
  AIF: 238問 (キャッシュ)
  MLA: 207問 (キャッシュ)
  GAI: 217問 (キャッシュ)
  ANS: 206問 (キャッシュ)
  SCS: 210問 (キャッシュ)
選択: SOA (現在206問 — 最少)
ドメイン数: 5  /  基本 5問/ドメイン（重み付きで配分）  /  合計予算 25問
開始ドメイン: [0] モニタリング、ロギング、分析、修復、およびパフォーマンスの最適化

--- Cognito 認証中 ---
✓ 認証完了

--- ドメイン別問題数を取得・割り当て計算中 ---
  セキュリティとコンプライアンス: 34問
  信頼性とビジネス継続性: 42問
  デプロイ、プロビジョニング、および自動化: 43問
  モニタリング、ロギング、分析、修復、およびパフォーマンスの最適化: 43問
  ネットワークとコンテンツ配信: 44問

ドメイン別生成数（逆数重み付き割り当て）:
  13問 → セキュリティとコンプライアンス (現在34問)
  4問 → 信頼性とビジネス継続性 (現在42問)
  3問 → モニタリング、ロギング、分析、修復、およびパフォーマンスの最適化 (現在43問)
  3問 → デプロイ、プロビジョニング、および自動化 (現在43問)
  2問 → ネットワークとコンテンツ配信 (現在44問)
  合計: 25問

--- [モニタリング、ロギング、分析、修復、およびパフォーマンスの最適化] 3問 生成中 --- 開始=16:05:05
  抽出: 3問 → APIインポート中...
  ✓ チャンク1 インポート成功: 3件: soa-d2f7d340, soa-5c9968ae, soa-288b66e4
  [モニタリング、ロギング、分析、修復、およびパフォーマンスの最適化] 合計 3/3問 インポート
  終了=16:11:14  経過=369秒

--- [信頼性とビジネス継続性] 4問 生成中 (3問×2チャンク) --- 開始=16:11:15
  チャンク 1/2: 3問 生成中...
  抽出: 3問 → APIインポート中...
  ✓ チャンク1 インポート成功: 3件: soa-7f273bc8, soa-cf28008e, soa-28d7490d
  チャンク 2/2: 1問 生成中...
  抽出: 1問 → APIインポート中...
  ✓ チャンク2 インポート成功: 1件: soa-a8e7b3b4
  [信頼性とビジネス継続性] 合計 4/4問 インポート
  終了=16:20:22  経過=548秒

--- [デプロイ、プロビジョニング、および自動化] 3問 生成中 --- 開始=16:20:22
