==========================================
問題自動生成 開始: Tue May 26 23:19:43 JST 2026
==========================================
対象資格: CLF SAA SAP DVA SOA DEA DOP AIF MLA GAI ANS SCS
問題数キャッシュを使用...
  CLF: 230問 (キャッシュ)
  SAA: 211問 (キャッシュ)
  SAP: 205問 (キャッシュ)
  DVA: 205問 (キャッシュ)
  SOA: 206問 (キャッシュ)
  DEA: 66問 (キャッシュ)
  DOP: 334問 (キャッシュ)
  AIF: 209問 (キャッシュ)
  MLA: 209問 (キャッシュ)
  GAI: 205問 (キャッシュ)
  ANS: 63問 (キャッシュ)
  SCS: 63問 (キャッシュ)
選択: ANS (現在63問 — 最少)
ドメイン数: 4  /  基本 1問/ドメイン（重み付きで配分）  /  合計予算 4問
開始ドメイン: [1] ネットワーク実装

--- Cognito 認証中 ---
✓ 認証完了

--- ドメイン別問題数を取得・割り当て計算中 ---
  ネットワーク管理と運用: 15問
  ネットワークのセキュリティ、コンプライアンス、ガバナンス: 15問
  ネットワーク実装: 16問
  ネットワーク設計: 17問

ドメイン別生成数（逆数重み付き割り当て）:
  2問 → ネットワーク管理と運用 (現在15問)
  2問 → ネットワークのセキュリティ、コンプライアンス、ガバナンス (現在15問)
  0問 → ネットワーク設計 (現在17問)
  0問 → ネットワーク実装 (現在16問)
  合計: 4問

--- [ネットワーク実装] 0問 生成中 --- 開始=23:20:17
  [ネットワーク実装] 合計 0/0問 インポート
  終了=23:20:17  経過=0秒

--- [ネットワーク管理と運用] 2問 生成中 --- 開始=23:20:17
  抽出: 2問 → APIインポート中...
  ✓ チャンク1 インポート成功: 2件: ans-b5c8fdd2, ans-9d0191b1
  [ネットワーク管理と運用] 合計 2/2問 インポート
  終了=23:22:38  経過=141秒

--- [ネットワークのセキュリティ、コンプライアンス、ガバナンス] 2問 生成中 --- 開始=23:22:38
  抽出: 2問 → APIインポート中...
  ✓ チャンク1 インポート成功: 2件: ans-17f8d88d, ans-461a9ff5
  [ネットワークのセキュリティ、コンプライアンス、ガバナンス] 合計 2/2問 インポート
  終了=23:26:52  経過=254秒

--- [ネットワーク設計] 0問 生成中 --- 開始=23:26:52
  [ネットワーク設計] 合計 0/0問 インポート
  終了=23:26:52  経過=0秒

合計インポート: 4問 / 4問

--- 問題数キャッシュを再構築中（DynamoDBから正確な値を取得）---
  CLF: 230問
  SAA: 211問
  SAP: 205問
  DVA: 205問
  SOA: 206問
  DEA: 66問
  DOP: 334問
  AIF: 209問
  MLA: 209問
  GAI: 205問
  ANS: 67問
  SCS: 63問
キャッシュ更新完了
インポート完了: ANS +4問

==========================================
完了: Tue May 26 23:30:02 JST 2026
==========================================
