==========================================
問題自動生成 開始: Thu Jun 18 20:40:49 JST 2026
==========================================
対象資格: CLF SAA SAP DVA SOA DEA DOP AIF MLA GAI ANS SCS
問題数キャッシュを使用...
  CLF: 253問 (キャッシュ)
  SAA: 245問 (キャッシュ)
  SAP: 243問 (キャッシュ)
  DVA: 239問 (キャッシュ)
  SOA: 239問 (キャッシュ)
  DEA: 242問 (キャッシュ)
  DOP: 349問 (キャッシュ)
  AIF: 238問 (キャッシュ)
  MLA: 249問 (キャッシュ)
  GAI: 245問 (キャッシュ)
  ANS: 239問 (キャッシュ)
  SCS: 240問 (キャッシュ)
選択: AIF (現在238問 — 最少)
ドメイン数: 5  /  基本 5問/ドメイン（重み付きで配分）  /  合計予算 25問
開始ドメイン: [0] AIとMLの基礎

--- Cognito 認証中 ---
✓ 認証完了

--- ドメイン別問題数を取得・割り当て計算中 ---
  AIソリューションのセキュリティ、コンプライアンス、ガバナンス: 45問
  生成AIの基礎: 45問
  基盤モデルのアプリケーション: 49問
  AIとMLの基礎: 49問
  責任あるAIのガイドライン: 50問

ドメイン別生成数（逆数重み付き割り当て）:
  8問 → 生成AIの基礎 (現在45問)
  8問 → AIソリューションのセキュリティ、コンプライアンス、ガバナンス (現在45問)
  4問 → AIとMLの基礎 (現在49問)
  3問 → 基盤モデルのアプリケーション (現在49問)
  2問 → 責任あるAIのガイドライン (現在50問)
  合計: 25問
処理順（問題数少ない順）: AIソリューションのセキュリティ、コンプライアンス、ガバナンス,生成AIの基礎,AIとMLの基礎,基盤モデルのアプリケーション,責任あるAIのガイドライン

--- [AIソリューションのセキュリティ、コンプライアンス、ガバナンス] 8問 生成中 (5問×2チャンク) --- 開始=20:41:22
  チャンク 1/2: 5問 生成中...
  抽出: 5問 → APIインポート中...
  ✓ チャンク1 インポート成功: 5件: aif-774c2c24, aif-5be5e56e, aif-4bfeb0ad...
  チャンク 2/2: 3問 生成中...
  抽出: 3問 → APIインポート中...
  ✓ チャンク2 インポート成功: 3件: aif-05242642, aif-0e9384a3, aif-df578f6f
  [AIソリューションのセキュリティ、コンプライアンス、ガバナンス] 合計 8/8問 インポート
  終了=20:54:56  経過=814秒

--- [生成AIの基礎] 8問 生成中 (5問×2チャンク) --- 開始=20:54:56
  チャンク 1/2: 5問 生成中...
⚠️  レート制限を検出。残りをスキップ
出力: You've hit your session limit · resets 9pm (Asia/Tokyo)
  終了=20:54:58  経過=2秒

合計インポート: 8問 / 25問

--- 問題数キャッシュを再構築中（DynamoDBから正確な値を取得）---
  CLF: 253問
  SAA: 245問
  SAP: 243問
  DVA: 239問
  SOA: 239問
  DEA: 242問
  DOP: 349問
  AIF: 246問
  MLA: 249問
  GAI: 245問
  ANS: 239問
  SCS: 240問
キャッシュ更新完了
