==========================================
問題自動生成 開始: Thu Jun 25 23:50:27 JST 2026
==========================================
対象資格: CLF SAA SAP DVA SOA DEA DOP AIF MLA AIP ANS SCS
問題数キャッシュを使用...
  CLF: 273問 (キャッシュ)
  SAA: 263問 (キャッシュ)
  SAP: 264問 (キャッシュ)
  DVA: 259問 (キャッシュ)
  SOA: 258問 (キャッシュ)
  DEA: 258問 (キャッシュ)
  DOP: 352問 (キャッシュ)
  AIF: 261問 (キャッシュ)
  MLA: 274問 (キャッシュ)
  AIP: 264問 (キャッシュ)
  ANS: 269問 (キャッシュ)
  SCS: 264問 (キャッシュ)
選択: SOA (現在258問 — 最少)
試験ガイドURL: https://aws.amazon.com/jp/certification/certified-sysops-admin-associate/
ドメイン数: 5  /  基本 5問/ドメイン（重み付きで配分）  /  合計予算 25問
開始ドメイン: [0] モニタリング、ロギング、分析、修復、およびパフォーマンスの最適化

--- Cognito 認証中 ---
✓ 認証完了

--- ドメイン別問題数を取得・割り当て計算中 ---
  デプロイ、プロビジョニング、および自動化: 49問
  信頼性とビジネス継続性: 50問
  ネットワークとコンテンツ配信: 50問
  セキュリティとコンプライアンス: 53問
  モニタリング、ロギング、分析、修復、およびパフォーマンスの最適化: 56問

ドメイン別生成数（逆数重み付き割り当て）:
  8問 → デプロイ、プロビジョニング、および自動化 (現在49問)
  7問 → 信頼性とビジネス継続性 (現在50問)
  7問 → ネットワークとコンテンツ配信 (現在50問)
  3問 → セキュリティとコンプライアンス (現在53問)
  0問 → モニタリング、ロギング、分析、修復、およびパフォーマンスの最適化 (現在56問)
  合計: 25問
処理順（問題数少ない順）: デプロイ、プロビジョニング、および自動化,ネットワークとコンテンツ配信,信頼性とビジネス継続性,セキュリティとコンプライアンス,モニタリング、ロギング、分析、修復、およびパフォーマンスの最適化

--- [デプロイ、プロビジョニング、および自動化] 8問 生成中 (3問×3チャンク) --- 開始=23:51:00
  チャンク 1/3: 3問 生成中...
  抽出: 3問 → APIインポート中...
  ✓ チャンク1 インポート成功: 3件: soa-7402ee8d, soa-c5b4f26a, soa-28c69d6f
  チャンク 2/3: 3問 生成中...
⚠️  レート制限を検出。残りをスキップ
出力: You've hit your session limit · resets 12:10am (Asia/Tokyo)
  終了=23:52:39  経過=99秒

合計インポート: 0問 / 25問

--- 問題数キャッシュを再構築中（DynamoDBから正確な値を取得）---
  CLF: 273問
  SAA: 263問
  SAP: 264問
  DVA: 259問
  SOA: 261問
  DEA: 258問
  DOP: 352問
  AIF: 261問
  MLA: 274問
  AIP: 264問
  ANS: 269問
  SCS: 264問
キャッシュ更新完了
