==========================================
問題自動生成 開始: Fri May 22 17:26:06 JST 2026
==========================================
対象資格: CLF SAA SAP DVA SOA DOP AIF MLA GAI
指定資格: CLF
ドメイン数: 4  /  基本 1問/ドメイン（重み付きで配分）  /  合計予算 4問
開始ドメイン: [1] セキュリティとコンプライアンス

--- Cognito 認証中 ---
✓ 認証完了

--- ドメイン別問題数を取得・割り当て計算中 ---
  クラウドの概念: 50問
  請求、料金、およびサポート: 50問
  セキュリティとコンプライアンス: 58問
  クラウドのテクノロジーとサービス: 66問

ドメイン別生成数（逆数重み付き割り当て）:
  2問 → クラウドの概念 (現在50問)
  2問 → 請求、料金、およびサポート (現在50問)
  0問 → セキュリティとコンプライアンス (現在58問)
  0問 → クラウドのテクノロジーとサービス (現在66問)
  合計: 4問

--- [セキュリティとコンプライアンス] 0問 生成中 --- 開始=17:26:39
  [セキュリティとコンプライアンス] 合計 0/0問 インポート
  終了=17:26:39  経過=0秒

--- [クラウドのテクノロジーとサービス] 0問 生成中 --- 開始=17:26:39
  [クラウドのテクノロジーとサービス] 合計 0/0問 インポート
  終了=17:26:39  経過=0秒

--- [請求、料金、およびサポート] 2問 生成中 --- 開始=17:26:39
  抽出: 2問 → APIインポート中...
  ✓ チャンク1 インポート成功: 2件: clf-d29c6f0d, clf-be83c7d9
  [請求、料金、およびサポート] 合計 2/2問 インポート
  終了=17:27:58  経過=79秒

--- [クラウドの概念] 2問 生成中 --- 開始=17:27:58
  抽出: 2問 → APIインポート中...
  ✓ チャンク1 インポート成功: 2件: clf-09255fd6, clf-bc8b4aad
  [クラウドの概念] 合計 2/2問 インポート
  終了=17:30:57  経過=179秒

合計インポート: 4問 / 4問
インポート完了: CLF +4問

==========================================
完了: Fri May 22 17:30:57 JST 2026
==========================================
