==========================================
問題自動生成 開始: Mon Jun 15 12:32:36 JST 2026
==========================================
対象資格: CLF SAA SAP DVA SOA DEA DOP AIF MLA GAI ANS SCS
問題数キャッシュを使用...
  CLF: 233問 (キャッシュ)
  SAA: 245問 (キャッシュ)
  SAP: 234問 (キャッシュ)
  DVA: 239問 (キャッシュ)
  SOA: 239問 (キャッシュ)
  DEA: 242問 (キャッシュ)
  DOP: 349問 (キャッシュ)
  AIF: 238問 (キャッシュ)
  MLA: 233問 (キャッシュ)
  GAI: 235問 (キャッシュ)
  ANS: 231問 (キャッシュ)
  SCS: 234問 (キャッシュ)
選択: ANS (現在231問 — 最少)
ドメイン数: 4  /  基本 5問/ドメイン（重み付きで配分）  /  合計予算 20問
開始ドメイン: [2] ネットワーク管理と運用

--- Cognito 認証中 ---
✓ 認証完了

--- ドメイン別問題数を取得・割り当て計算中 ---
  ネットワーク管理と運用: 55問
  ネットワークのセキュリティ、コンプライアンス、ガバナンス: 55問
  ネットワーク実装: 58問
  ネットワーク設計: 63問

ドメイン別生成数（逆数重み付き割り当て）:
  8問 → ネットワーク管理と運用 (現在55問)
  8問 → ネットワークのセキュリティ、コンプライアンス、ガバナンス (現在55問)
  4問 → ネットワーク実装 (現在58問)
  0問 → ネットワーク設計 (現在63問)
  合計: 20問
処理順（問題数少ない順）: ネットワークのセキュリティ、コンプライアンス、ガバナンス,ネットワーク管理と運用,ネットワーク実装,ネットワーク設計

--- [ネットワークのセキュリティ、コンプライアンス、ガバナンス] 8問 生成中 (2問×4チャンク) --- 開始=12:33:09
  チャンク 1/4: 2問 生成中...
  抽出: 2問 → APIインポート中...
  ✓ チャンク1 インポート成功: 2件: ans-9d84260a, ans-fe28df59
  チャンク 2/4: 2問 生成中...
  抽出: 2問 → APIインポート中...
  ✓ チャンク2 インポート成功: 2件: ans-274fae9a, ans-c1aa0725
  チャンク 3/4: 2問 生成中...
  抽出: 2問 → APIインポート中...
  ✓ チャンク3 インポート成功: 2件: ans-a6504d9c, ans-f9ac3daf
  チャンク 4/4: 2問 生成中...
  抽出: 2問 → APIインポート中...
  ✓ チャンク4 インポート成功: 2件: ans-5a7c9e80, ans-beb1d80e
  [ネットワークのセキュリティ、コンプライアンス、ガバナンス] 合計 8/8問 インポート
  終了=12:54:46  経過=1297秒

--- [ネットワーク管理と運用] 8問 生成中 (2問×4チャンク) --- 開始=12:54:46
  チャンク 1/4: 2問 生成中...
⚠️  レート制限を検出。残りをスキップ
出力: You've hit your session limit · resets 1pm (Asia/Tokyo)
  終了=12:54:47  経過=1秒

合計インポート: 8問 / 20問

--- 問題数キャッシュを再構築中（DynamoDBから正確な値を取得）---
  CLF: 233問
  SAA: 245問
  SAP: 234問
  DVA: 239問
  SOA: 239問
  DEA: 242問
  DOP: 349問
  AIF: 238問
  MLA: 233問
  GAI: 235問
  ANS: 239問
  SCS: 234問
キャッシュ更新完了
