==========================================
問題自動生成 開始: Thu May 28 05:00:07 JST 2026
==========================================
対象資格: CLF SAA SAP DVA SOA DEA DOP AIF MLA GAI ANS SCS
問題数キャッシュを使用...
  CLF: 230問 (キャッシュ)
  SAA: 211問 (キャッシュ)
  SAP: 205問 (キャッシュ)
  DVA: 205問 (キャッシュ)
  SOA: 206問 (キャッシュ)
  DEA: 99問 (キャッシュ)
  DOP: 334問 (キャッシュ)
  AIF: 209問 (キャッシュ)
  MLA: 209問 (キャッシュ)
  GAI: 205問 (キャッシュ)
  ANS: 97問 (キャッシュ)
  SCS: 94問 (キャッシュ)
選択: SCS (現在94問 — 最少)
ドメイン数: 6  /  基本 5問/ドメイン（重み付きで配分）  /  合計予算 30問
開始ドメイン: [5] セキュリティの基盤とガバナンス

--- Cognito 認証中 ---
✓ 認証完了

--- ドメイン別問題数を取得・割り当て計算中 ---
  セキュリティの基盤とガバナンス: 12問
  データ保護: 16問
  検出: 16問
  アイデンティティとアクセス管理: 16問
  インシデント対応: 17問
  インフラストラクチャのセキュリティ: 17問

ドメイン別生成数（逆数重み付き割り当て）:
  9問 → セキュリティの基盤とガバナンス (現在12問)
  5問 → 検出 (現在16問)
  5問 → アイデンティティとアクセス管理 (現在16問)
  5問 → データ保護 (現在16問)
  3問 → インシデント対応 (現在17問)
  3問 → インフラストラクチャのセキュリティ (現在17問)
  合計: 30問

--- [セキュリティの基盤とガバナンス] 9問 生成中 (5問×2チャンク) --- 開始=05:00:41
  チャンク 1/2: 5問 生成中...
  抽出: 5問 → APIインポート中...
  ✓ チャンク1 インポート成功: 5件: scs-e42c7d8a, scs-82a21928, scs-5bf29501...
  チャンク 2/2: 4問 生成中...
  抽出: 4問 → APIインポート中...
  ✓ チャンク2 インポート成功: 4件: scs-e9bc3471, scs-16cef967, scs-49972f00...
  [セキュリティの基盤とガバナンス] 合計 9/9問 インポート
  終了=05:06:04  経過=323秒

--- [検出] 5問 生成中 --- 開始=05:06:04
  抽出: 5問 → APIインポート中...
  ✓ チャンク1 インポート成功: 5件: scs-5f37a0d7, scs-b2ad728a, scs-adee892b...
  [検出] 合計 5/5問 インポート
  終了=05:10:09  経過=245秒

--- [インシデント対応] 3問 生成中 --- 開始=05:10:09
  抽出: 3問 → APIインポート中...
  ✓ チャンク1 インポート成功: 3件: scs-2ff7cad6, scs-e9fbf027, scs-cb28249a
  [インシデント対応] 合計 3/3問 インポート
  終了=05:12:37  経過=148秒

--- [インフラストラクチャのセキュリティ] 3問 生成中 --- 開始=05:12:37
  抽出: 3問 → APIインポート中...
  ✓ チャンク1 インポート成功: 3件: scs-e7b95bae, scs-a70104be, scs-30aa0b73
  [インフラストラクチャのセキュリティ] 合計 3/3問 インポート
  終了=05:16:36  経過=239秒

--- [アイデンティティとアクセス管理] 5問 生成中 --- 開始=05:16:36
⚠️  レート制限を検出。残りをスキップ
出力: You've hit your session limit · resets 10am (Asia/Tokyo)
  🔒 レート制限ロックファイル記録: 2026-05-28 10:00 JST
  終了=05:16:38  経過=2秒

合計インポート: 20問 / 30問

--- 問題数キャッシュを再構築中（DynamoDBから正確な値を取得）---
  CLF: 230問
  SAA: 211問
  SAP: 205問
  DVA: 205問
  SOA: 206問
  DEA: 99問
  DOP: 334問
  AIF: 209問
  MLA: 209問
  GAI: 205問
  ANS: 97問
  SCS: 114問
キャッシュ更新完了
