==========================================
問題自動生成 開始: Fri Jun 12 21:09:21 JST 2026
==========================================
対象資格: CLF SAA SAP DVA SOA DEA DOP AIF MLA GAI ANS SCS
問題数キャッシュを使用...
  CLF: 233問 (キャッシュ)
  SAA: 231問 (キャッシュ)
  SAP: 228問 (キャッシュ)
  DVA: 239問 (キャッシュ)
  SOA: 224問 (キャッシュ)
  DEA: 227問 (キャッシュ)
  DOP: 349問 (キャッシュ)
  AIF: 238問 (キャッシュ)
  MLA: 227問 (キャッシュ)
  GAI: 230問 (キャッシュ)
  ANS: 227問 (キャッシュ)
  SCS: 234問 (キャッシュ)
選択: SOA (現在224問 — 最少)
ドメイン数: 5  /  基本 5問/ドメイン（重み付きで配分）  /  合計予算 25問
開始ドメイン: [4] ネットワークとコンテンツ配信

--- Cognito 認証中 ---
✓ 認証完了

--- ドメイン別問題数を取得・割り当て計算中 ---
  セキュリティとコンプライアンス: 40問
  ネットワークとコンテンツ配信: 44問
  信頼性とビジネス継続性: 46問
  モニタリング、ロギング、分析、修復、およびパフォーマンスの最適化: 46問
  デプロイ、プロビジョニング、および自動化: 48問

ドメイン別生成数（逆数重み付き割り当て）:
  10問 → セキュリティとコンプライアンス (現在40問)
  6問 → ネットワークとコンテンツ配信 (現在44問)
  4問 → モニタリング、ロギング、分析、修復、およびパフォーマンスの最適化 (現在46問)
  4問 → 信頼性とビジネス継続性 (現在46問)
  1問 → デプロイ、プロビジョニング、および自動化 (現在48問)
  合計: 25問

--- [ネットワークとコンテンツ配信] 6問 生成中 (3問×2チャンク) --- 開始=21:09:55
  チャンク 1/2: 3問 生成中...
  抽出: 3問 → APIインポート中...
  ✓ チャンク1 インポート成功: 3件: soa-add3a18e, soa-c354fd8c, soa-f4615baa
  チャンク 2/2: 3問 生成中...
  抽出: 3問 → APIインポート中...
  ✓ チャンク2 インポート成功: 3件: soa-b3a76143, soa-fd3e4567, soa-670d5095
  [ネットワークとコンテンツ配信] 合計 6/6問 インポート
  終了=21:22:11  経過=736秒

--- [モニタリング、ロギング、分析、修復、およびパフォーマンスの最適化] 4問 生成中 (3問×2チャンク) --- 開始=21:22:11
  チャンク 1/2: 3問 生成中...
  抽出: 3問 → APIインポート中...
  ✓ チャンク1 インポート成功: 3件: soa-fe938c1f, soa-5be509c8, soa-d966ba8c
  チャンク 2/2: 1問 生成中...
  抽出: 1問 → APIインポート中...
  ✓ チャンク2 インポート成功: 1件: soa-43170462
  [モニタリング、ロギング、分析、修復、およびパフォーマンスの最適化] 合計 4/4問 インポート
  終了=21:27:59  経過=348秒

--- [信頼性とビジネス継続性] 4問 生成中 (3問×2チャンク) --- 開始=21:27:59
  チャンク 1/2: 3問 生成中...
  抽出: 3問 → APIインポート中...
  ✓ チャンク1 インポート成功: 3件: soa-981cd964, soa-73a429eb, soa-4cd46d4a
  チャンク 2/2: 1問 生成中...
  抽出: 1問 → APIインポート中...
  ✓ チャンク2 インポート成功: 1件: soa-f39ad0cd
  [信頼性とビジネス継続性] 合計 4/4問 インポート
  終了=21:34:00  経過=361秒

--- [デプロイ、プロビジョニング、および自動化] 1問 生成中 --- 開始=21:34:00
  抽出: 1問 → APIインポート中...
  ✓ チャンク1 インポート成功: 1件: soa-73ada731
  [デプロイ、プロビジョニング、および自動化] 合計 1/1問 インポート
  終了=21:38:05  経過=245秒

--- [セキュリティとコンプライアンス] 10問 生成中 (3問×4チャンク) --- 開始=21:38:05
  チャンク 1/4: 3問 生成中...
⚠️  レート制限を検出。残りをスキップ
出力: You've hit your session limit · resets 1:30am (Asia/Tokyo)
  終了=21:46:09  経過=484秒

合計インポート: 15問 / 25問

--- 問題数キャッシュを再構築中（DynamoDBから正確な値を取得）---
  CLF: 233問
  SAA: 231問
  SAP: 228問
  DVA: 239問
  SOA: 239問
  DEA: 227問
  DOP: 349問
  AIF: 238問
  MLA: 227問
  GAI: 230問
  ANS: 227問
  SCS: 234問
キャッシュ更新完了
