==========================================
問題自動生成 開始: Sat May 23 05:00:09 JST 2026
==========================================
対象資格: CLF SAA SAP DVA SOA DEA DOP AIF MLA GAI ANS SCS
各資格の問題数を取得中...
  CLF: 228問
  SAA: 211問
  SAP: 205問
  DVA: 205問
  SOA: 206問
  DEA: 8問
  DOP: 334問
  AIF: 209問
  MLA: 209問
  GAI: 205問
  ANS: 0問
  SCS: 0問
選択: ANS (現在0問 — 最少)
ドメイン数: 4  /  基本 2問/ドメイン（重み付きで配分）  /  合計予算 8問
開始ドメイン: [0] ネットワーク設計

--- Cognito 認証中 ---
✓ 認証完了

--- ドメイン別問題数を取得・割り当て計算中 ---
  （まだ問題がありません）

ドメイン別生成数（逆数重み付き割り当て）:
  2問 → ネットワーク設計 (現在0問)
  2問 → ネットワーク実装 (現在0問)
  2問 → ネットワーク管理と運用 (現在0問)
  2問 → ネットワークのセキュリティ、コンプライアンス、ガバナンス (現在0問)
  合計: 8問

--- [ネットワーク設計] 2問 生成中 --- 開始=05:03:57
  抽出: 2問 → APIインポート中...
  ✓ チャンク1 インポート成功: 2件: ans-90d857d7, ans-3a57c1b8
  [ネットワーク設計] 合計 2/2問 インポート
  終了=05:07:25  経過=208秒

--- [ネットワーク実装] 2問 生成中 --- 開始=05:07:25
  抽出: 2問 → APIインポート中...
  ✓ チャンク1 インポート成功: 2件: ans-50160e6d, ans-68a95766
  [ネットワーク実装] 合計 2/2問 インポート
  終了=05:09:22  経過=117秒

--- [ネットワーク管理と運用] 2問 生成中 --- 開始=05:09:22
  抽出: 2問 → APIインポート中...
  ✓ チャンク1 インポート成功: 2件: ans-1967b0e2, ans-afb5bafc
  [ネットワーク管理と運用] 合計 2/2問 インポート
  終了=05:12:43  経過=201秒

--- [ネットワークのセキュリティ、コンプライアンス、ガバナンス] 2問 生成中 --- 開始=05:12:43
  抽出: 2問 → APIインポート中...
  ✓ チャンク1 インポート成功: 2件: ans-03874228, ans-84638360
  [ネットワークのセキュリティ、コンプライアンス、ガバナンス] 合計 2/2問 インポート
  終了=05:14:24  経過=101秒

合計インポート: 8問 / 8問
インポート完了: ANS +8問

==========================================
完了: Sat May 23 05:14:24 JST 2026
==========================================
