==========================================
問題自動生成 開始: Wed May 27 23:35:48 JST 2026
==========================================
対象資格: CLF SAA SAP DVA SOA DEA DOP AIF MLA GAI ANS SCS
問題数キャッシュを使用...
  CLF: 230問 (キャッシュ)
  SAA: 211問 (キャッシュ)
  SAP: 205問 (キャッシュ)
  DVA: 205問 (キャッシュ)
  SOA: 206問 (キャッシュ)
  DEA: 78問 (キャッシュ)
  DOP: 334問 (キャッシュ)
  AIF: 209問 (キャッシュ)
  MLA: 209問 (キャッシュ)
  GAI: 205問 (キャッシュ)
  ANS: 87問 (キャッシュ)
  SCS: 94問 (キャッシュ)
選択: DEA (現在78問 — 最少)
ドメイン数: 4  /  基本 5問/ドメイン（重み付きで配分）  /  合計予算 20問
開始ドメイン: [2] データオペレーションとサポート

--- Cognito 認証中 ---
✓ 認証完了

--- ドメイン別問題数を取得・割り当て計算中 ---
  データオペレーションとサポート: 17問
  データのセキュリティとガバナンス: 17問
  データの取り込みと変換: 21問
  データストアの管理: 23問

ドメイン別生成数（逆数重み付き割り当て）:
  8問 → データオペレーションとサポート (現在17問)
  8問 → データのセキュリティとガバナンス (現在17問)
  3問 → データの取り込みと変換 (現在21問)
  1問 → データストアの管理 (現在23問)
  合計: 20問

--- [データオペレーションとサポート] 8問 生成中 (5問×2チャンク) --- 開始=23:36:21
  チャンク 1/2: 5問 生成中...
  抽出: 5問 → APIインポート中...
  ✓ チャンク1 インポート成功: 5件: dea-83440aa8, dea-31d40819, dea-2dbdaef9...
  チャンク 2/2: 3問 生成中...
  抽出: 3問 → APIインポート中...
  ✓ チャンク2 インポート成功: 3件: dea-962e5452, dea-a18d8c2e, dea-f5db9710
  [データオペレーションとサポート] 合計 8/8問 インポート
  終了=23:45:19  経過=538秒

--- [データのセキュリティとガバナンス] 8問 生成中 (5問×2チャンク) --- 開始=23:45:19
  チャンク 1/2: 5問 生成中...
⚠️  レート制限を検出。残りをスキップ
出力: You've hit your session limit · resets 12am (Asia/Tokyo)
  🔒 レート制限ロックファイル記録: 2026-05-28 00:00 JST
  終了=23:45:21  経過=2秒

合計インポート: 8問 / 20問

--- 問題数キャッシュを再構築中（DynamoDBから正確な値を取得）---
  CLF: 230問
  SAA: 211問
  SAP: 205問
  DVA: 205問
  SOA: 206問
  DEA: 99問
  DOP: 334問
  AIF: 209問
  MLA: 209問
  GAI: 205問
  ANS: 87問
  SCS: 94問
キャッシュ更新完了
