==========================================
問題自動生成 開始: Thu May 28 00:00:04 JST 2026
==========================================
対象資格: CLF SAA SAP DVA SOA DEA DOP AIF MLA GAI ANS SCS
問題数キャッシュを使用...
  CLF: 230問 (キャッシュ)
  SAA: 211問 (キャッシュ)
  SAP: 205問 (キャッシュ)
  DVA: 205問 (キャッシュ)
  SOA: 206問 (キャッシュ)
  DEA: 99問 (キャッシュ)
  DOP: 334問 (キャッシュ)
  AIF: 209問 (キャッシュ)
  MLA: 209問 (キャッシュ)
  GAI: 205問 (キャッシュ)
  ANS: 87問 (キャッシュ)
  SCS: 94問 (キャッシュ)
選択: ANS (現在87問 — 最少)
ドメイン数: 4  /  基本 5問/ドメイン（重み付きで配分）  /  合計予算 20問
開始ドメイン: [0] ネットワーク設計

--- Cognito 認証中 ---
✓ 認証完了

--- ドメイン別問題数を取得・割り当て計算中 ---
  ネットワークのセキュリティ、コンプライアンス、ガバナンス: 21問
  ネットワーク設計: 22問
  ネットワーク管理と運用: 22問
  ネットワーク実装: 22問

ドメイン別生成数（逆数重み付き割り当て）:
  6問 → ネットワークのセキュリティ、コンプライアンス、ガバナンス (現在21問)
  5問 → ネットワーク設計 (現在22問)
  5問 → ネットワーク実装 (現在22問)
  4問 → ネットワーク管理と運用 (現在22問)
  合計: 20問

--- [ネットワーク設計] 5問 生成中 --- 開始=00:00:37
  抽出: 5問 → APIインポート中...
  ✓ チャンク1 インポート成功: 5件: ans-205d2b13, ans-f9a00322, ans-6735f7fc...
  [ネットワーク設計] 合計 5/5問 インポート
  終了=00:06:24  経過=347秒

--- [ネットワーク実装] 5問 生成中 --- 開始=00:06:24
  抽出: 5問 → APIインポート中...
  ✓ チャンク1 インポート成功: 5件: ans-112e09c6, ans-305d08ae, ans-b6f0c1a0...
  [ネットワーク実装] 合計 5/5問 インポート
  終了=00:12:32  経過=368秒

--- [ネットワーク管理と運用] 4問 生成中 --- 開始=00:12:32
⚠️  レート制限を検出。残りをスキップ
出力: You've hit your session limit · resets 5am (Asia/Tokyo)
  🔒 レート制限ロックファイル記録: 2026-05-28 05:00 JST
  終了=00:12:34  経過=2秒

合計インポート: 10問 / 20問

--- 問題数キャッシュを再構築中（DynamoDBから正確な値を取得）---
  CLF: 230問
  SAA: 211問
  SAP: 205問
  DVA: 205問
  SOA: 206問
  DEA: 99問
  DOP: 334問
  AIF: 209問
  MLA: 209問
  GAI: 205問
  ANS: 97問
  SCS: 94問
キャッシュ更新完了
