==========================================
問題自動生成 開始: Mon Jun  8 21:21:11 JST 2026
==========================================
対象資格: CLF SAA SAP DVA SOA DEA DOP AIF MLA GAI ANS SCS
キャッシュなし。DynamoDBから問題数を取得中...
  CLF: 233問
  SAA: 211問
  SAP: 228問
  DVA: 224問
  SOA: 213問
  DEA: 214問
  DOP: 349問
  AIF: 238問
  MLA: 227問
  GAI: 217問
  ANS: 227問
  SCS: 210問
選択: SCS (現在210問 — 最少)
ドメイン数: 6  /  基本 5問/ドメイン（重み付きで配分）  /  合計予算 30問
開始ドメイン: [0] 検出

--- Cognito 認証中 ---
✓ 認証完了

--- ドメイン別問題数を取得・割り当て計算中 ---
  インシデント対応: 32問
  検出: 34問
  データ保護: 36問
  セキュリティの基盤とガバナンス: 36問
  インフラストラクチャのセキュリティ: 36問
  アイデンティティとアクセス管理: 36問

ドメイン別生成数（逆数重み付き割り当て）:
  8問 → インシデント対応 (現在32問)
  6問 → 検出 (現在34問)
  4問 → インフラストラクチャのセキュリティ (現在36問)
  4問 → アイデンティティとアクセス管理 (現在36問)
  4問 → データ保護 (現在36問)
  4問 → セキュリティの基盤とガバナンス (現在36問)
  合計: 30問

--- [検出] 6問 生成中 (3問×2チャンク) --- 開始=21:25:12
  チャンク 1/2: 3問 生成中...
  抽出: 3問 → APIインポート中...
  ✓ チャンク1 インポート成功: 3件: scs-4b9e2b59, scs-bb28f4d6, scs-a01fbbf7
  チャンク 2/2: 3問 生成中...
  抽出: 3問 → APIインポート中...
  ✓ チャンク2 インポート成功: 3件: scs-2d64fdbd, scs-8271beeb, scs-fdec5d69
  [検出] 合計 6/6問 インポート
  終了=21:34:25  経過=553秒

--- [インシデント対応] 8問 生成中 (3問×3チャンク) --- 開始=21:34:25
  チャンク 1/3: 3問 生成中...
  抽出: 3問 → APIインポート中...
  ✓ チャンク1 インポート成功: 3件: scs-693ff27a, scs-af3609da, scs-96638943
  チャンク 2/3: 3問 生成中...
  抽出: 3問 → APIインポート中...
  ✓ チャンク2 インポート成功: 3件: scs-19deb959, scs-038ef55e, scs-9f1403f7
  チャンク 3/3: 2問 生成中...
⚠️  レート制限を検出。残りをスキップ
出力: You've hit your session limit · resets 11:30pm (Asia/Tokyo)
  終了=21:44:26  経過=601秒

合計インポート: 6問 / 30問

--- 問題数キャッシュを再構築中（DynamoDBから正確な値を取得）---
  CLF: 233問
  SAA: 211問
  SAP: 228問
  DVA: 224問
  SOA: 213問
  DEA: 214問
  DOP: 349問
  AIF: 238問
  MLA: 227問
  GAI: 217問
  ANS: 227問
  SCS: 222問
キャッシュ更新完了
