========================================
問題フォーマット移行 開始: Tue Jun  2 00:16:14 JST 2026
★ DRY RUN モード（更新は行いません）
========================================

DynamoDB Questions テーブルをスキャン中...
  ページ 1: 2531件取得（累計 2531件）
  合計: 2531件
  資格フィルタ: DOP

━━ Phase 3: choiceExplanations 生成 ━━
  対象: 30件
  静的解析: 23件  AI必要: 7件
  [DRY static] dop-c8b69de8: 4件
    [0] Secrets ManagerはRDS・Redshift・DocumentDBの自動ローテーションをネイティブサポートし...
    [1] 組み合わせは、ユースケースとサービスのマッチングがすべて最適ではなく、特に非機密値にSecrets Managerを使用...
  [DRY static] dop-q-013: 4件
    [0] 「デプロイが即座に停止」は、ロールバックは即座ではなく、失敗回数がしきい値（デフォルトでタスク数の半数程度）に達した時点...
    [1] 「新しいタスクが起動されるが続行」は、失敗してもデプロイが無期限に続行されるわけではなく、しきい値超過でサーキットブレー...
  [DRY static] dop-a7183cce: 4件
    [0] ALBターゲットグループの登録解除遅延のデフォルト300秒では、タスク終了後もその間トラフィックが送られ502エラーが発...
    [1] 「minimumHealthyPercent」は、デプロイ時の保護設定であり、実行中タスクの強制終了後の挙動には影響しま...
  [DRY static] dop-9ab389b6: 4件
    [0] ECS CodeDeployブルーグリーンデプロイでは、デプロイグループのCloudWatch Alarmsを使ったAl...
    [1] CodePipelineのウェイトアクションではCodeDeploy側のBlueタスク保持を制御できず、アラームベースの...
  [DRY static] dop-ebf9015a: 4件
    [0] S3クロスアカウントレプリケーションは、遅延が生じリアルタイム分析要件を満たさず、Athenaは分析ツールとして別途設計...
    [1] 組織証跡（Organization Trail）はOrganizations配下の全アカウントのCloudTrailを一...
  [DRY static] dop-bfa6ab18: 4件
    [0] EventBridge+Lambdaでも自動化は可能だが、パスワード生成・RDS更新の両方を行うカスタムスクリプトの開発...
    [1] AWS Secrets ManagerはRDS/Redshift/DocumentDB向けにAWSがマネージドLambd...
  [DRY static] dop-q-057: 5件
    [0] CanaryデプロイタイプはLambdaおよびECS専用であり、EC2 Blue/Greenには使用できない。...
    [1] Blue/Greenデプロイでのカナリアトラフィック分割はALBの加重ターゲットグループで実現します。Alarm-bas...
  [DRY static] dop-q-046: 4件
    [0] AWS Cost Explorerは請求・コストデータを扱うサービスであり、リソース使用率メトリクスを提供しないためCo...
    [1] AWS Compute Optimizerは機械学習を使用して過去14日間のCloudWatchメトリクス（EC2のCP...
  [DRY static] dop-q-026: 4件
    [0] CodeCommitのプッシュ/PRイベントをトリガーにCodePipelineを起動し、CodeBuildでユニットテ...
    [1] Lambda関数で手動テストをトリガーする方式は自動テストの要件を満たさず、CodeCommitのマージブロック機能とも...
  [DRY static] dop-1326a6cc: 4件
    [0] 各アカウントで個別に CloudTrail 証跡を作成する方法は、バケットポリシーで s3:DeleteObject を...
    [1] 組織証跡（Organization Trail）は管理アカウントまたは委任管理者アカウントから作成でき、新規メンバーアカ...
  [DRY static] dop-2ab05d35: 4件
    [0] CloudFront オリジングループ（Origin Group）は、プライマリオリジンが設定したエラーコード（例：50...
    [1] Route 53 フェイルオーバールーティングポリシーは、DNS 経由のため TTL 遅延が生じます。...
  [DRY static] dop-bc3f81b2: 4件
    [0] マクロが担うべきテンプレート変換をカスタムリソースで代替しようとしており設計が不適切です。...
    [1] カスタムリソースはスタックのCREATE/UPDATE/DELETE時にLambdaを同期呼び出しするため、リソース作成...
  [DRY static] dop-feb9fdaa: 4件
    [0] SSM Run Command の非同期完了と EC2 終了の順序が保証されません。...
    [1] ASG ライフサイクルフック（Lifecycle Hook）は、インスタンスが実際に終了される前に処理を割り込ませる A...
  [DRY static] dop-8ffd466d: 4件
    [0] CodeBuildステージにBandit（PythonのOSS（オープンソース）セキュリティスキャナー）をインストールし...
    [1] Amazon CodeGuru SecurityはCodePipelineのアクションプロバイダーとして統合でき、Pyt...
  [DRY static] dop-52657e7f: 5件
    [0] 正解：B. EventBridge ルールで EC2 Spot Instance Interruption Warnin...
    [1] 正解：B. EventBridge ルールで EC2 Spot Instance Interruption Warnin...
  [DRY static] dop-8a289bf4: 4件
    [0] 終了ポリシー（Termination Policy）は対象インスタンスの選択基準であり終了プロセスの制御とは無関係です。...
    [1] ALBの登録解除遅延はターゲット登録解除後に既存接続が完了するまでALBが待機する時間を設定し①②を実現します。Auto...
  [DRY static] dop-5f609816: 4件
    [0] ECS デプロイメントサーキットブレーカーは、デプロイ中に一定割合のタスクが連続して起動失敗した場合にデプロイを自動停止...
    [1] minimumHealthyPercent はタスク数の保護のみで自動ロールバックは行いません。...
  [DRY static] dop-ca0e0f5a: 4件
    [0] （AWS Config ルール）は事後検出・修復であり、一時的に非準拠状態が存在します。...
    [1] CloudFormation Hooks は CloudFormation レジストリに登録するプロアクティブ制御機能で...
  [DRY static] dop-a036bd39: 4件
    [0] （BeforeAllowTrafficフックのみ）は、両検証を1つのフック内で処理するため、段階的な検証ができません。...
    [1] CodeDeployのLambdaデプロイAppSpecはBeforeAllowTrafficとAfterAllowTr...
  [DRY static] dop-q-007: 4件
    [0] Lambda/Errors（絶対値）にアラームを設定する はInvocations数によって意味が変わり、エラー率5%の...
    [1] エラー「率」を監視するには、Errors/Invocations×100でパーセンテージを計算するメトリクス数式（Met...
  [DRY static] dop-q-052: 4件
    [0] ファンアウトパターンはSNSが1つのメッセージを複数のサブスクライバー（SQS・Lambda等）へ並列配信するパターンで...
    [1] ロードレベリングパターンではSQSキューをプロデューサーとコンシューマーの間に挟み、ピーク時のリクエストをキューに蓄積し...
  [DRY static] dop-q-019: 4件
    [0] パスワードポリシーはIAMアカウント設定で行うもので、Access Analyzerの機能ではありません。...
    [1] IAM Access AnalyzerはS3バケット・KMSキー・IAMロール・Lambda関数・SQSキューなどが外部...
  [DRY static] dop-c9c2cee1: 5件
    [0] 選択肢Aは正しい。CloudFormationのドリフト検出はAPIで明示的に呼び出す必要があり、EventBridge...
    [1] 誤り。DeletionPolicy=Retainはリソースの保持設定であり、ドリフト防止機能ではありません。...
