========================================
問題フォーマット移行 開始: Tue Jun  2 00:29:43 JST 2026
========================================

DynamoDB Questions テーブルをスキャン中...
  ページ 1: 2531件取得（累計 2531件）
  合計: 2531件

━━ Phase 3: choiceExplanations 生成 ━━
  対象: 2491件
  静的解析: 1240件  AI必要: 1251件
prompts/night-prompts/manual/08-migrate-question-format.sh: line 535: 724610 Killed                  "$AWS_CMD" dynamodb update-item --table-name Questions --key "{\"questionId\":{\"S\":\"$_q\"}}" --update-expression "SET choiceExplanations = :ce, updatedAt = :u" --expression-attribute-values "file://$_af" --output json > /dev/null 2>&1
prompts/night-prompts/manual/08-migrate-question-format.sh: line 535: 724221 Killed                  "$AWS_CMD" dynamodb update-item --table-name Questions --key "{\"questionId\":{\"S\":\"$_q\"}}" --update-expression "SET choiceExplanations = :ce, updatedAt = :u" --expression-attribute-values "file://$_af" --output json > /dev/null 2>&1
prompts/night-prompts/manual/08-migrate-question-format.sh: line 535: 724771 Killed                  "$AWS_CMD" dynamodb update-item --table-name Questions --key "{\"questionId\":{\"S\":\"$_q\"}}" --update-expression "SET choiceExplanations = :ce, updatedAt = :u" --expression-attribute-values "file://$_af" --output json > /dev/null 2>&1
prompts/night-prompts/manual/08-migrate-question-format.sh: line 535: 724638 Killed                  "$AWS_CMD" dynamodb update-item --table-name Questions --key "{\"questionId\":{\"S\":\"$_q\"}}" --update-expression "SET choiceExplanations = :ce, updatedAt = :u" --expression-attribute-values "file://$_af" --output json > /dev/null 2>&1
prompts/night-prompts/manual/08-migrate-question-format.sh: line 535: 724616 Killed                  "$AWS_CMD" dynamodb update-item --table-name Questions --key "{\"questionId\":{\"S\":\"$_q\"}}" --update-expression "SET choiceExplanations = :ce, updatedAt = :u" --expression-attribute-values "file://$_af" --output json > /dev/null 2>&1
prompts/night-prompts/manual/08-migrate-question-format.sh: line 535: 724387 Killed                  "$AWS_CMD" dynamodb update-item --table-name Questions --key "{\"questionId\":{\"S\":\"$_q\"}}" --update-expression "SET choiceExplanations = :ce, updatedAt = :u" --expression-attribute-values "file://$_af" --output json > /dev/null 2>&1
prompts/night-prompts/manual/08-migrate-question-format.sh: line 535: 724644 Killed                  "$AWS_CMD" dynamodb update-item --table-name Questions --key "{\"questionId\":{\"S\":\"$_q\"}}" --update-expression "SET choiceExplanations = :ce, updatedAt = :u" --expression-attribute-values "file://$_af" --output json > /dev/null 2>&1
prompts/night-prompts/manual/08-migrate-question-format.sh: line 535: 724230 Killed                  "$AWS_CMD" dynamodb update-item --table-name Questions --key "{\"questionId\":{\"S\":\"$_q\"}}" --update-expression "SET choiceExplanations = :ce, updatedAt = :u" --expression-attribute-values "file://$_af" --output json > /dev/null 2>&1
prompts/night-prompts/manual/08-migrate-question-format.sh: line 535: 724821 Killed                  "$AWS_CMD" dynamodb update-item --table-name Questions --key "{\"questionId\":{\"S\":\"$_q\"}}" --update-expression "SET choiceExplanations = :ce, updatedAt = :u" --expression-attribute-values "file://$_af" --output json > /dev/null 2>&1
prompts/night-prompts/manual/08-migrate-question-format.sh: line 535: 724317 Killed                  "$AWS_CMD" dynamodb update-item --table-name Questions --key "{\"questionId\":{\"S\":\"$_q\"}}" --update-expression "SET choiceExplanations = :ce, updatedAt = :u" --expression-attribute-values "file://$_af" --output json > /dev/null 2>&1
prompts/night-prompts/manual/08-migrate-question-format.sh: line 535: 724524 Killed                  "$AWS_CMD" dynamodb update-item --table-name Questions --key "{\"questionId\":{\"S\":\"$_q\"}}" --update-expression "SET choiceExplanations = :ce, updatedAt = :u" --expression-attribute-values "file://$_af" --output json > /dev/null 2>&1
prompts/night-prompts/manual/08-migrate-question-format.sh: line 535: 724510 Killed                  "$AWS_CMD" dynamodb update-item --table-name Questions --key "{\"questionId\":{\"S\":\"$_q\"}}" --update-expression "SET choiceExplanations = :ce, updatedAt = :u" --expression-attribute-values "file://$_af" --output json > /dev/null 2>&1
prompts/night-prompts/manual/08-migrate-question-format.sh: line 535: 724396 Killed                  "$AWS_CMD" dynamodb update-item --table-name Questions --key "{\"questionId\":{\"S\":\"$_q\"}}" --update-expression "SET choiceExplanations = :ce, updatedAt = :u" --expression-attribute-values "file://$_af" --output json > /dev/null 2>&1
prompts/night-prompts/manual/08-migrate-question-format.sh: line 535: 724469 Killed                  "$AWS_CMD" dynamodb update-item --table-name Questions --key "{\"questionId\":{\"S\":\"$_q\"}}" --update-expression "SET choiceExplanations = :ce, updatedAt = :u" --expression-attribute-values "file://$_af" --output json > /dev/null 2>&1
prompts/night-prompts/manual/08-migrate-question-format.sh: line 535: 723506 Killed                  "$AWS_CMD" dynamodb update-item --table-name Questions --key "{\"questionId\":{\"S\":\"$_q\"}}" --update-expression "SET choiceExplanations = :ce, updatedAt = :u" --expression-attribute-values "file://$_af" --output json > /dev/null 2>&1
prompts/night-prompts/manual/08-migrate-question-format.sh: line 535: 724206 Killed                  "$AWS_CMD" dynamodb update-item --table-name Questions --key "{\"questionId\":{\"S\":\"$_q\"}}" --update-expression "SET choiceExplanations = :ce, updatedAt = :u" --expression-attribute-values "file://$_af" --output json > /dev/null 2>&1
prompts/night-prompts/manual/08-migrate-question-format.sh: line 535: 724337 Killed                  "$AWS_CMD" dynamodb update-item --table-name Questions --key "{\"questionId\":{\"S\":\"$_q\"}}" --update-expression "SET choiceExplanations = :ce, updatedAt = :u" --expression-attribute-values "file://$_af" --output json > /dev/null 2>&1
prompts/night-prompts/manual/08-migrate-question-format.sh: line 535: 724649 Killed                  "$AWS_CMD" dynamodb update-item --table-name Questions --key "{\"questionId\":{\"S\":\"$_q\"}}" --update-expression "SET choiceExplanations = :ce, updatedAt = :u" --expression-attribute-values "file://$_af" --output json > /dev/null 2>&1
prompts/night-prompts/manual/08-migrate-question-format.sh: line 535: 724215 Killed                  "$AWS_CMD" dynamodb update-item --table-name Questions --key "{\"questionId\":{\"S\":\"$_q\"}}" --update-expression "SET choiceExplanations = :ce, updatedAt = :u" --expression-attribute-values "file://$_af" --output json > /dev/null 2>&1
prompts/night-prompts/manual/08-migrate-question-format.sh: line 535: 724691 Killed                  "$AWS_CMD" dynamodb update-item --table-name Questions --key "{\"questionId\":{\"S\":\"$_q\"}}" --update-expression "SET choiceExplanations = :ce, updatedAt = :u" --expression-attribute-values "file://$_af" --output json > /dev/null 2>&1
prompts/night-prompts/manual/08-migrate-question-format.sh: line 535: 724554 Killed                  "$AWS_CMD" dynamodb update-item --table-name Questions --key "{\"questionId\":{\"S\":\"$_q\"}}" --update-expression "SET choiceExplanations = :ce, updatedAt = :u" --expression-attribute-values "file://$_af" --output json > /dev/null 2>&1
prompts/night-prompts/manual/08-migrate-question-format.sh: line 535: 724629 Killed                  "$AWS_CMD" dynamodb update-item --table-name Questions --key "{\"questionId\":{\"S\":\"$_q\"}}" --update-expression "SET choiceExplanations = :ce, updatedAt = :u" --expression-attribute-values "file://$_af" --output json > /dev/null 2>&1
prompts/night-prompts/manual/08-migrate-question-format.sh: line 535: 723749 Killed                  "$AWS_CMD" dynamodb update-item --table-name Questions --key "{\"questionId\":{\"S\":\"$_q\"}}" --update-expression "SET choiceExplanations = :ce, updatedAt = :u" --expression-attribute-values "file://$_af" --output json > /dev/null 2>&1
prompts/night-prompts/manual/08-migrate-question-format.sh: line 535: 723814 Killed                  "$AWS_CMD" dynamodb update-item --table-name Questions --key "{\"questionId\":{\"S\":\"$_q\"}}" --update-expression "SET choiceExplanations = :ce, updatedAt = :u" --expression-attribute-values "file://$_af" --output json > /dev/null 2>&1
prompts/night-prompts/manual/08-migrate-question-format.sh: line 535: 724803 Killed                  "$AWS_CMD" dynamodb update-item --table-name Questions --key "{\"questionId\":{\"S\":\"$_q\"}}" --update-expression "SET choiceExplanations = :ce, updatedAt = :u" --expression-attribute-values "file://$_af" --output json > /dev/null 2>&1
prompts/night-prompts/manual/08-migrate-question-format.sh: line 535: 724536 Killed                  "$AWS_CMD" dynamodb update-item --table-name Questions --key "{\"questionId\":{\"S\":\"$_q\"}}" --update-expression "SET choiceExplanations = :ce, updatedAt = :u" --expression-attribute-values "file://$_af" --output json > /dev/null 2>&1
prompts/night-prompts/manual/08-migrate-question-format.sh: line 535: 724711 Killed                  "$AWS_CMD" dynamodb update-item --table-name Questions --key "{\"questionId\":{\"S\":\"$_q\"}}" --update-expression "SET choiceExplanations = :ce, updatedAt = :u" --expression-attribute-values "file://$_af" --output json > /dev/null 2>&1
prompts/night-prompts/manual/08-migrate-question-format.sh: line 535: 724240 Killed                  "$AWS_CMD" dynamodb update-item --table-name Questions --key "{\"questionId\":{\"S\":\"$_q\"}}" --update-expression "SET choiceExplanations = :ce, updatedAt = :u" --expression-attribute-values "file://$_af" --output json > /dev/null 2>&1
prompts/night-prompts/manual/08-migrate-question-format.sh: line 535: 724142 Killed                  "$AWS_CMD" dynamodb update-item --table-name Questions --key "{\"questionId\":{\"S\":\"$_q\"}}" --update-expression "SET choiceExplanations = :ce, updatedAt = :u" --expression-attribute-values "file://$_af" --output json > /dev/null 2>&1
prompts/night-prompts/manual/08-migrate-question-format.sh: line 535: 724504 Killed                  "$AWS_CMD" dynamodb update-item --table-name Questions --key "{\"questionId\":{\"S\":\"$_q\"}}" --update-expression "SET choiceExplanations = :ce, updatedAt = :u" --expression-attribute-values "file://$_af" --output json > /dev/null 2>&1
prompts/night-prompts/manual/08-migrate-question-format.sh: line 535: 724285 Killed                  "$AWS_CMD" dynamodb update-item --table-name Questions --key "{\"questionId\":{\"S\":\"$_q\"}}" --update-expression "SET choiceExplanations = :ce, updatedAt = :u" --expression-attribute-values "file://$_af" --output json > /dev/null 2>&1
prompts/night-prompts/manual/08-migrate-question-format.sh: line 535: 724280 Killed                  "$AWS_CMD" dynamodb update-item --table-name Questions --key "{\"questionId\":{\"S\":\"$_q\"}}" --update-expression "SET choiceExplanations = :ce, updatedAt = :u" --expression-attribute-values "file://$_af" --output json > /dev/null 2>&1
prompts/night-prompts/manual/08-migrate-question-format.sh: line 535: 723978 Killed                  "$AWS_CMD" dynamodb update-item --table-name Questions --key "{\"questionId\":{\"S\":\"$_q\"}}" --update-expression "SET choiceExplanations = :ce, updatedAt = :u" --expression-attribute-values "file://$_af" --output json > /dev/null 2>&1
prompts/night-prompts/manual/08-migrate-question-format.sh: line 535: 724511 Killed                  "$AWS_CMD" dynamodb update-item --table-name Questions --key "{\"questionId\":{\"S\":\"$_q\"}}" --update-expression "SET choiceExplanations = :ce, updatedAt = :u" --expression-attribute-values "file://$_af" --output json > /dev/null 2>&1
prompts/night-prompts/manual/08-migrate-question-format.sh: line 535: 724201 Killed                  "$AWS_CMD" dynamodb update-item --table-name Questions --key "{\"questionId\":{\"S\":\"$_q\"}}" --update-expression "SET choiceExplanations = :ce, updatedAt = :u" --expression-attribute-values "file://$_af" --output json > /dev/null 2>&1
prompts/night-prompts/manual/08-migrate-question-format.sh: line 535: 724314 Killed                  "$AWS_CMD" dynamodb update-item --table-name Questions --key "{\"questionId\":{\"S\":\"$_q\"}}" --update-expression "SET choiceExplanations = :ce, updatedAt = :u" --expression-attribute-values "file://$_af" --output json > /dev/null 2>&1
prompts/night-prompts/manual/08-migrate-question-format.sh: line 535: 723925 Killed                  "$AWS_CMD" dynamodb update-item --table-name Questions --key "{\"questionId\":{\"S\":\"$_q\"}}" --update-expression "SET choiceExplanations = :ce, updatedAt = :u" --expression-attribute-values "file://$_af" --output json > /dev/null 2>&1
prompts/night-prompts/manual/08-migrate-question-format.sh: line 535: 724580 Killed                  "$AWS_CMD" dynamodb update-item --table-name Questions --key "{\"questionId\":{\"S\":\"$_q\"}}" --update-expression "SET choiceExplanations = :ce, updatedAt = :u" --expression-attribute-values "file://$_af" --output json > /dev/null 2>&1
prompts/night-prompts/manual/08-migrate-question-format.sh: line 535: 724234 Killed                  "$AWS_CMD" dynamodb update-item --table-name Questions --key "{\"questionId\":{\"S\":\"$_q\"}}" --update-expression "SET choiceExplanations = :ce, updatedAt = :u" --expression-attribute-values "file://$_af" --output json > /dev/null 2>&1
prompts/night-prompts/manual/08-migrate-question-format.sh: line 535: 724611 Killed                  "$AWS_CMD" dynamodb update-item --table-name Questions --key "{\"questionId\":{\"S\":\"$_q\"}}" --update-expression "SET choiceExplanations = :ce, updatedAt = :u" --expression-attribute-values "file://$_af" --output json > /dev/null 2>&1
prompts/night-prompts/manual/08-migrate-question-format.sh: line 535: 724376 Killed                  "$AWS_CMD" dynamodb update-item --table-name Questions --key "{\"questionId\":{\"S\":\"$_q\"}}" --update-expression "SET choiceExplanations = :ce, updatedAt = :u" --expression-attribute-values "file://$_af" --output json > /dev/null 2>&1
