========================================
問題フォーマット移行 開始: Tue Jun  2 11:37:24 JST 2026
========================================

DynamoDB Questions テーブルをスキャン中...
  ページ 1: 2540件取得（累計 2540件）
  合計: 2540件

━━ Phase 3: choiceExplanations 生成 ━━
  対象: 641件
  静的解析: 466件  AI必要: 175件
  静的更新完了（成功=463 失敗=0）

  ── AI フォールバック: 175件 ──

  AIバッチ 1/12 (offset=0, size=15)
  AI解析: 15問
  AIバッチ 1 完了（成功=15 失敗=0）

  AIバッチ 2/12 (offset=15, size=15)
  AI解析: 15問
  AIバッチ 2 完了（成功=15 失敗=0）

  AIバッチ 3/12 (offset=30, size=15)
  AI解析: 15問
  AIバッチ 3 完了（成功=15 失敗=0）

  AIバッチ 4/12 (offset=45, size=15)
  AI解析: 15問
  AIバッチ 4 完了（成功=15 失敗=0）

  AIバッチ 5/12 (offset=60, size=15)
  AI解析: 15問
  AIバッチ 5 完了（成功=15 失敗=0）

  AIバッチ 6/12 (offset=75, size=15)
  AI解析: 15問
  AIバッチ 6 完了（成功=15 失敗=0）

  AIバッチ 7/12 (offset=90, size=15)
  AI解析: 15問
  AIバッチ 7 完了（成功=15 失敗=0）

  AIバッチ 8/12 (offset=105, size=15)
  AI解析: 15問
  AIバッチ 8 完了（成功=15 失敗=0）

  AIバッチ 9/12 (offset=120, size=15)
  AI解析: 15問
  AIバッチ 9 完了（成功=15 失敗=0）

  AIバッチ 10/12 (offset=135, size=15)
  AI解析: 15問
  AIバッチ 10 完了（成功=15 失敗=0）

  AIバッチ 11/12 (offset=150, size=15)
  AI解析: 15問
  AIバッチ 11 完了（成功=15 失敗=0）

  AIバッチ 12/12 (offset=165, size=15)
  AI解析: 10問
  AIバッチ 12 完了（成功=10 失敗=0）

Phase 3 完了: 成功=638 失敗=0

========================================
移行完了: Tue Jun  2 12:16:54 JST 2026
ログ: /home/yuzuki/aws-quiz-app/prompts/night-prompts/logs/migrate_format_20260602_113724.log
========================================
