========================================
問題フォーマット移行 開始: Mon Jun  1 22:01:50 JST 2026
========================================

DynamoDB Questions テーブルをスキャン中...
  ページ 1: 2531件取得（累計 2531件）
  合計: 2531件
  資格フィルタ: DOP

━━ Phase 3: choiceExplanations 生成 ━━
  対象: 20件

  バッチ 1/4 (offset=0, size=5)
  解析: 5問
  バッチ 1 完了

  バッチ 2/4 (offset=5, size=5)
  解析: 5問
  バッチ 2 完了

  バッチ 3/4 (offset=10, size=5)
  解析: 5問
  バッチ 3 完了

  バッチ 4/4 (offset=15, size=5)
  解析: 5問
  バッチ 4 完了

Phase 3 完了: 成功=19 失敗=0

========================================
移行完了: Mon Jun  1 22:11:20 JST 2026
ログ: /home/yuzuki/aws-quiz-app/prompts/night-prompts/logs/migrate_format_20260601_220150.log
========================================
