==========================================
英訳チェック開始: Tue May 19 06:30:28 JST 2026
バッチサイズ: 30件 / チャンクサイズ: 5件
==========================================

▶ Questions テーブルを処理中...
  チェック対象: 30問
  チャンク数: 6
  チャンク 1: 5件  開始=06:30:50
    [TRANSLATED] aif-4adae0d9
    [TRANSLATED] aif-1b8a282f
    [TRANSLATED] mla-0a58271d
    [TRANSLATED] dva-41e8b698
    [TRANSLATED] soa-57a8fcfc
  終了=06:33:07  経過=137秒
  チャンク 2: 5件  開始=06:33:07
    [TRANSLATED] dva-34bd0636
    [TRANSLATED] aif-c0d9220c
    [TRANSLATED] aif-fe535188
    [TRANSLATED] mla-7c4bbe42
    [TRANSLATED] dva-3326022b
  終了=06:35:27  経過=140秒
  チャンク 3: 5件  開始=06:35:27
    [TRANSLATED] dop-829eede4
    [TRANSLATED] aif-d15a07e5
    [TRANSLATED] soa-df616d10
    [TRANSLATED] aif-6ceeb9af
    [TRANSLATED] dop-928513e1
  終了=06:38:19  経過=172秒
  チャンク 4: 5件  開始=06:38:19
    [TRANSLATED] gai-d63cc064
    [TRANSLATED] soa-b946f695
    [TRANSLATED] aif-f2f01f58
    [TRANSLATED] aif-fc18a024
    [TRANSLATED] dva-d21b6aaf
  終了=06:40:25  経過=126秒
  チャンク 5: 5件  開始=06:40:25
    [TRANSLATED] gai-b2a7907c
    [TRANSLATED] aif-6e437a2e
    [TRANSLATED] soa-f76197f0
    [TRANSLATED] saa-a692557f
    [TRANSLATED] soa-1724acee
  終了=06:43:05  経過=160秒
  チャンク 6: 5件  開始=06:43:05
    [TRANSLATED] clf-b70c786f
    [TRANSLATED] clf-10bcfad4
    [TRANSLATED] aif-c9e58df4
    [TRANSLATED] aif-76739b50
    [TRANSLATED] aif-5731a01b
  終了=06:45:16  経過=131秒

  Questions 完了: OK=0 / 修正=0 / 新規翻訳=30

▶ Tips テーブルを処理中...
  チェック対象: 30件
  チャンク数: 6
  チャンク 1: 5件  開始=06:45:32
    [OK        ] e4774905-a050-4bb9-b2ac-c38a75eb77b3
    [OK        ] dac149ba-73cb-4215-a469-5a0d9548aae0
    [OK        ] 972cec0b-6eca-4c88-99f7-58787e722d2c
    [OK        ] 990074bb-9d95-4a56-8671-3310a6ea1e4c
    [OK        ] 6d26245a-71c3-4da1-a98f-3e6d7750184c
  終了=06:47:17  経過=105秒
  チャンク 2: 5件  開始=06:47:17
    [OK        ] 89171f3a-600a-4e3a-81fe-680d4d3c1a16
    [OK        ] 21deb9d1-5245-4c4f-acdb-aceed51b69df
    [OK        ] 24d8a2e4-4f1a-40a3-9dee-629163febb20
    [OK        ] a39b211a-0f35-42ca-ab20-c0d10bb63874
    [OK        ] f02e163c-a81c-46d9-99af-9ad91224c10a
  終了=06:48:55  経過=98秒
  チャンク 3: 5件  開始=06:48:55
    [OK        ] 745132cf-fcd8-4528-af11-01d61fbdb54d
    [OK        ] c38752e0-a444-4171-a994-f80c0cd9381f
    [OK        ] 86e0fca6-f272-40c4-9845-5356b5f67300
    [OK        ] e532238b-64bb-481c-acff-2e80301594d0
    [OK        ] a3971fd8-ed00-4aae-b5e7-6fd0f08cbcce
  終了=06:50:44  経過=109秒
  チャンク 4: 5件  開始=06:50:44
    [OK        ] 380971e1-06e8-40db-8bb6-3605bb539002
    [OK        ] 2c1acbe3-8cb7-4964-98b0-05dce96dda7a
    [OK        ] b27fe3f4-0d89-4411-8b28-872310870ddc
    [OK        ] d44edd7b-11d3-471b-b8fa-2a7cebbd1bd2
    [OK        ] 9ade1c46-f4dd-4942-a7e8-001f90269a22
  終了=06:52:32  経過=108秒
  チャンク 5: 5件  開始=06:52:32
    [OK        ] 08aca284-0d48-4833-959d-2a75e8b5209b
    [OK        ] 7db90ede-079d-4155-829b-79601208e000
    [OK        ] 8b74d197-cc3a-4f22-9b61-4350c5e3fb0b
    [OK        ] 9990eb1f-8ea3-4628-a31b-16ec91a2fdb3
    [OK        ] 06868110-c303-4937-b9c1-b0e83b0b4c61
  終了=06:54:09  経過=97秒
  チャンク 6: 5件  開始=06:54:09
    [OK        ] 1dc488a9-8fed-4152-954c-083fdaf9af39
    [OK        ] d22c474a-e62d-4e01-ad16-48e0fab40a68
    [OK        ] 98b2eb49-22cc-40c0-98c9-7aae4f9ce025
    [OK        ] 838c1b7a-1cbc-41c0-9a5f-49b5144a3914
    [OK        ] 00787fe4-833d-47d6-b7f4-b7fdf8ac7490
  終了=06:55:48  経過=99秒

  Tips 完了: OK=30 / 更新=0

▶ Releases テーブルを処理中...
  チェック対象: 15件
  チャンク数: 3
  チャンク 1: 5件  開始=06:56:04
    [OK        ] 45fff7ac-0adf-4f82-831b-af39222a5a5a
    [OK        ] d4b2f620-db86-4351-8a9e-ae7b2864c3b7
    [OK        ] cccace27-bbbd-4d48-a8e1-53f0ee079db3
    [UPDATED   ] 8ad724a2-eac5-48fd-b6b3-406a5ce6ac5c
    [OK        ] 82c76f7c-2db1-418e-ae6d-43cb7a41d07e
  終了=06:58:11  経過=127秒
  チャンク 2: 5件  開始=06:58:11
    [OK        ] 1b896688-27ee-406e-89d4-54bb0fc8711a
    [OK        ] 654ed42c-f4de-45de-bc82-f5c4e5bb3cd9
    [OK        ] 3a862fc8-12bd-44a0-98aa-444f50e9fcd8
    [OK        ] f71142c0-5666-41eb-93a7-5dfe7f3660a9
    [OK        ] e5869986-99b7-4d0c-915a-01105c6e71ef
  終了=06:59:55  経過=104秒
  チャンク 3: 5件  開始=06:59:55
    [OK        ] 3e609e9d-1369-4b37-8305-6c9e9f0bb055
    [OK        ] 0b18c9a7-6dc1-4c00-9541-9a77cea73747
    [OK        ] 90d02f24-3211-4f24-b224-8154394d4f93
    [OK        ] fa0c698a-5fc0-4f3f-ba57-955c91ade774
    [OK        ] 8b98b943-0a01-4224-91d8-68cc97827502
  終了=07:01:43  経過=108秒

  Releases 完了: OK=14 / 更新=1

==========================================
英訳チェック終了: Tue May 19 07:01:43 JST 2026
==========================================
