==========================================
英訳チェック開始: Sun May 17 04:33:27 JST 2026
バッチサイズ: 30件 / チャンクサイズ: 5件
==========================================

▶ Questions テーブルを処理中...
  チェック対象: 30問
  チャンク数: 6
  チャンク 1: 5件  開始=04:33:48
  終了=04:34:49  経過=61秒
  チャンク 2: 5件  開始=04:34:49
    [TRANSLATED] dva-3399a126
    [TRANSLATED] soa-775ed925
    [TRANSLATED] gai-4468fd7a
    [TRANSLATED] aif-1f98a80c
    [TRANSLATED] mla-121df703
  終了=04:37:12  経過=143秒
  チャンク 3: 5件  開始=04:37:12
    [TRANSLATED] gai-11e18d95
    [TRANSLATED] aif-3fe3f753
    [TRANSLATED] dop-42a7af4f
    [TRANSLATED] gai-6fb9c622
    [TRANSLATED] gai-1db0dd47
  終了=04:39:43  経過=151秒
  チャンク 4: 5件  開始=04:39:43
    [TRANSLATED] mla-3c6cdb3c
    [TRANSLATED] aif-5cad0e74
    [TRANSLATED] dop-4fc2a41f
    [TRANSLATED] aif-8d68037a
    [TRANSLATED] gai-3c2194a1
  終了=04:41:50  経過=127秒
  チャンク 5: 5件  開始=04:41:50
    [TRANSLATED] dva-4cd20ff2
    [TRANSLATED] mla-ad10ed8e
    [TRANSLATED] soa-3a6730bd
    [TRANSLATED] dop-a5a07a83
    [TRANSLATED] dop-b40a6b98
  終了=04:44:17  経過=147秒
  チャンク 6: 5件  開始=04:44:17
    [TRANSLATED] soa-16c111f0
    [TRANSLATED] dva-a30f7ff3
    [TRANSLATED] aif-1a5502c4
    [TRANSLATED] mla-f4dc2691
    [TRANSLATED] aif-555c96a1
  終了=04:46:29  経過=132秒

  Questions 完了: OK=0 / 修正=0 / 新規翻訳=25

▶ Tips テーブルを処理中...
  チェック対象: 30件
  チャンク数: 6
  チャンク 1: 5件  開始=04:46:45
    [OK        ] 3f926ca4-0123-46d6-8326-e1155102b62f
    [OK        ] 7d2aa344-ec95-4e68-a76e-5a97825393f2
    [OK        ] b54d0025-25b9-46f5-96fb-4db6293ec540
    [OK        ] b62d27f4-26bf-4f60-9ed5-6d4c25ce2d42
    [OK        ] 648f006c-f2a3-4a3e-bad8-727f16b19277
  終了=04:48:25  経過=100秒
  チャンク 2: 5件  開始=04:48:25
    [OK        ] 43d87a36-5cd5-48f4-a1e4-73fe75695154
    [OK        ] 22b8faa7-2bad-4acf-a249-a9f63198715f
    [OK        ] 9f5b2208-3e5f-4143-b3f4-5a3e9f2ca2bf
    [OK        ] 2279fa98-dde1-4176-8707-ced036b52c7b
    [OK        ] 77a9fecf-e2cf-427a-a94d-a355f6356a96
  終了=04:50:07  経過=102秒
  チャンク 3: 5件  開始=04:50:07
    [OK        ] a9985c51-ffd5-4750-94b8-ffd980e1ce29
    [OK        ] a24c7995-0418-4697-9f79-2c6da3818085
    [OK        ] 1fd89a4a-5ee8-4788-8cc2-69d1f1649a5e
    [OK        ] 418124e7-9de3-4e1a-86aa-9691a8ff4ff2
    [OK        ] 674e25de-fa32-48d3-8ecc-c9b1937cb4f9
  終了=04:51:56  経過=109秒
  チャンク 4: 5件  開始=04:51:56
    [OK        ] ea1e888c-924c-45ae-af72-2ed1842b3bc8
    [OK        ] a03171f3-98c4-45a9-bac8-c3584861979f
    [OK        ] 2e15f4fd-d416-41a0-b07f-fc8f269db6ac
    [OK        ] 4c228a16-9c10-4cb4-ba9a-08e56483ca50
    [OK        ] e09f92e5-1bed-45b1-b608-9b04d3367127
  終了=04:53:39  経過=103秒
  チャンク 5: 5件  開始=04:53:40
    [OK        ] 26b8e2c1-d52c-4403-aeeb-60db86fd1608
    [OK        ] 21339c17-5968-45eb-a077-f28163625585
    [OK        ] b48bf741-0e7e-4892-a93b-600c3f88362f
    [OK        ] c97a10c4-4027-49a1-99c5-e4ffa467a8ff
    [OK        ] 3f2b9fef-d40b-4298-a3d7-e4ea71bcf7e4
  終了=04:55:25  経過=105秒
  チャンク 6: 5件  開始=04:55:25
    [OK        ] 20ef239e-65b8-4570-b33b-eb47a5509943
    [OK        ] c933e274-bb91-4fa1-8285-54d5f7c8d9c4
    [OK        ] 6cfb0c59-0752-469b-8486-0ddaf7a71eaf
    [OK        ] 57a1946f-fcc6-498e-9661-454340d6cb00
    [OK        ] 9c5443e1-edc7-4020-b017-a2d024feb933
  終了=04:57:06  経過=101秒

  Tips 完了: OK=30 / 更新=0

▶ Releases テーブルを処理中...
  チェック対象: 15件
  チャンク数: 3
  チャンク 1: 5件  開始=04:57:22
    [UPDATED   ] 45fff7ac-0adf-4f82-831b-af39222a5a5a
    [UPDATED   ] d4b2f620-db86-4351-8a9e-ae7b2864c3b7
    [UPDATED   ] cccace27-bbbd-4d48-a8e1-53f0ee079db3
    [UPDATED   ] 8ad724a2-eac5-48fd-b6b3-406a5ce6ac5c
    [UPDATED   ] 82c76f7c-2db1-418e-ae6d-43cb7a41d07e
  終了=04:59:06  経過=104秒
  チャンク 2: 5件  開始=04:59:06
    [UPDATED   ] e5869986-99b7-4d0c-915a-01105c6e71ef
    [OK        ] 1b896688-27ee-406e-89d4-54bb0fc8711a
    [OK        ] 654ed42c-f4de-45de-bc82-f5c4e5bb3cd9
    [OK        ] 3a862fc8-12bd-44a0-98aa-444f50e9fcd8
    [OK        ] f71142c0-5666-41eb-93a7-5dfe7f3660a9
  終了=05:00:55  経過=109秒
  チャンク 3: 5件  開始=05:00:55
    [OK        ] 8b98b943-0a01-4224-91d8-68cc97827502
    [OK        ] 3e609e9d-1369-4b37-8305-6c9e9f0bb055
    [OK        ] 0b18c9a7-6dc1-4c00-9541-9a77cea73747
    [OK        ] 90d02f24-3211-4f24-b224-8154394d4f93
    [OK        ] fa0c698a-5fc0-4f3f-ba57-955c91ade774
  終了=05:02:44  経過=109秒

  Releases 完了: OK=9 / 更新=6

==========================================
英訳チェック終了: Sun May 17 05:02:44 JST 2026
==========================================
