==========================================
英訳チェック開始: Tue May  5 18:06:08 JST 2026
バッチサイズ: 2件 / チャンクサイズ: 5件
==========================================

▶ Questions テーブルを処理中...
  チェック対象: 2問
  チャンク数: 1
  チャンク 1: 2件  開始=18:06:26
    [TRANSLATED] saa-2ea371a7
    [TRANSLATED] dop-fb31d266
  終了=18:07:28  経過=62秒

  Questions 完了: OK=0 / 修正=0 / 新規翻訳=2

▶ Tips テーブルを処理中...
  チェック対象: 2件
  チャンク数: 1
  チャンク 1: 2件  開始=18:07:44
    [OK        ] 418124e7-9de3-4e1a-86aa-9691a8ff4ff2
    [OK        ] 674e25de-fa32-48d3-8ecc-c9b1937cb4f9
  終了=18:08:30  経過=46秒

  Tips 完了: OK=2 / 更新=0

▶ Releases テーブルを処理中...
  チェック対象: 2件
  チャンク数: 1
  チャンク 1: 2件  開始=18:08:46
  ⚠️  レート制限を検出。Releasesの残りチャンクをスキップ

  Releases 完了: OK=0 / 更新=0

==========================================
英訳チェック終了: Tue May  5 18:08:49 JST 2026
==========================================
