==========================================
英訳チェック開始: Sat May  2 09:20:45 JST 2026
バッチサイズ: 30件 / チャンクサイズ: 5件
==========================================

▶ Questions テーブルを処理中...
  チェック対象: 30問
/home/yuzuki/aws-quiz-app/prompts/night-prompts/scripts/check-translation.sh: line 78: /usr/bin/python3: Argument list too long
  チャンク数: 

  Questions 完了: OK=0 / 修正=0 / 新規翻訳=0

▶ Tips テーブルを処理中...
  チェック対象: 30件
  チャンク数: 6
  チャンク 1: 5件
    [TRANSLATED] 43d87a36-5cd5-48f4-a1e4-73fe75695154
    [TRANSLATED] 22b8faa7-2bad-4acf-a249-a9f63198715f
    [TRANSLATED] 9f5b2208-3e5f-4143-b3f4-5a3e9f2ca2bf
    [TRANSLATED] 2279fa98-dde1-4176-8707-ced036b52c7b
    [TRANSLATED] 77a9fecf-e2cf-427a-a94d-a355f6356a96
  チャンク 2: 5件
    [TRANSLATED] a9985c51-ffd5-4750-94b8-ffd980e1ce29
    [TRANSLATED] a24c7995-0418-4697-9f79-2c6da3818085
    [TRANSLATED] 1fd89a4a-5ee8-4788-8cc2-69d1f1649a5e
    [TRANSLATED] 418124e7-9de3-4e1a-86aa-9691a8ff4ff2
    [TRANSLATED] 674e25de-fa32-48d3-8ecc-c9b1937cb4f9
  チャンク 3: 5件
    [TRANSLATED] ea1e888c-924c-45ae-af72-2ed1842b3bc8
    [TRANSLATED] a03171f3-98c4-45a9-bac8-c3584861979f
    [TRANSLATED] 2e15f4fd-d416-41a0-b07f-fc8f269db6ac
    [TRANSLATED] 4c228a16-9c10-4cb4-ba9a-08e56483ca50
    [TRANSLATED] e09f92e5-1bed-45b1-b608-9b04d3367127
  チャンク 4: 5件
    [TRANSLATED] 26b8e2c1-d52c-4403-aeeb-60db86fd1608
    [TRANSLATED] 21339c17-5968-45eb-a077-f28163625585
    [TRANSLATED] b48bf741-0e7e-4892-a93b-600c3f88362f
    [TRANSLATED] c97a10c4-4027-49a1-99c5-e4ffa467a8ff
    [TRANSLATED] 3f2b9fef-d40b-4298-a3d7-e4ea71bcf7e4
  チャンク 5: 5件
    [TRANSLATED] 20ef239e-65b8-4570-b33b-eb47a5509943
    [TRANSLATED] c933e274-bb91-4fa1-8285-54d5f7c8d9c4
    [TRANSLATED] 6cfb0c59-0752-469b-8486-0ddaf7a71eaf
    [TRANSLATED] 57a1946f-fcc6-498e-9661-454340d6cb00
    [TRANSLATED] 9c5443e1-edc7-4020-b017-a2d024feb933
  チャンク 6: 5件
    [TRANSLATED] 8171e774-6911-4ac9-b76c-465b3dd8128f
    [TRANSLATED] f8eabcb1-fff8-4b06-950f-e5915708c946
    [TRANSLATED] ef330087-ed1d-4990-86c0-1f3d096602fb
    [TRANSLATED] 95121fb3-8b9e-4f93-8c53-62e386ccbcd2
    [TRANSLATED] 6a9a24af-0563-4860-ba8c-3278b827a4b1

  Tips 完了: 30件更新

▶ Releases テーブルを処理中...
  チェック対象: 9件
  チャンク数: 2
  チャンク 1: 5件
    [TRANSLATED] 1b896688-27ee-406e-89d4-54bb0fc8711a
    [TRANSLATED] 654ed42c-f4de-45de-bc82-f5c4e5bb3cd9
    [TRANSLATED] 3a862fc8-12bd-44a0-98aa-444f50e9fcd8
    [TRANSLATED] f71142c0-5666-41eb-93a7-5dfe7f3660a9
    [TRANSLATED] 8b98b943-0a01-4224-91d8-68cc97827502
  チャンク 2: 4件
    [TRANSLATED] 3e609e9d-1369-4b37-8305-6c9e9f0bb055
    [TRANSLATED] 0b18c9a7-6dc1-4c00-9541-9a77cea73747
    [TRANSLATED] 90d02f24-3211-4f24-b224-8154394d4f93
    [TRANSLATED] fa0c698a-5fc0-4f3f-ba57-955c91ade774

  Releases 完了: 9件更新

==========================================
英訳チェック終了: Sat May  2 09:24:07 JST 2026
==========================================
