==========================================
英訳チェック開始: Thu Apr 30 15:34:54 JST 2026
バッチサイズ: 1件 / チャンクサイズ: 5件
==========================================

▶ Questions テーブルを処理中...
  チェック対象: 1問
  チャンク数: 1
  チャンク 1: 1件
    [TRANSLATED] saa-9c63f96c

  Questions 完了: OK=0 / 修正=0 / 新規翻訳=1

▶ Tips テーブルを処理中...
  チェック対象: 1件
  チャンク数: 1
  チャンク 1: 1件
    [TRANSLATED] 5cab6377-f948-417e-b78c-6d8211218e65

  Tips 完了: 1件更新

▶ Releases テーブルを処理中...
  チェック対象: 1件
  チャンク数: 1
  チャンク 1: 1件
    [TRANSLATED] 1b896688-27ee-406e-89d4-54bb0fc8711a

  Releases 完了: 1件更新

==========================================
英訳チェック終了: Thu Apr 30 15:37:19 JST 2026
==========================================
