==========================================
英訳チェック開始: Thu May 21 03:32:18 JST 2026
バッチサイズ: 30件 / チャンクサイズ: 5件
==========================================

▶ Questions テーブルを処理中...
  チェック対象: 30問
  チャンク数: 6
  チャンク 1: 5件  開始=03:32:40
    [TRANSLATED] sap-628bc38b
    [TRANSLATED] aif-cc0eac11
    [TRANSLATED] dop-8846b598
    [TRANSLATED] aif-4ef71795
    [TRANSLATED] clf-5696b34e
  終了=03:35:16  経過=156秒
  チャンク 2: 5件  開始=03:35:16
    [TRANSLATED] clf-15b5425f
    [TRANSLATED] aif-0f4bfcb0
    [TRANSLATED] clf-5153eee0
    [TRANSLATED] sap-ecb5c8cb
    [TRANSLATED] dop-f52c7edf
  終了=03:38:05  経過=169秒
  チャンク 3: 5件  開始=03:38:05
    [TRANSLATED] aif-dcf8a630
    [TRANSLATED] aif-7bb28b42
    [TRANSLATED] soa-d80d3905
    [TRANSLATED] clf-3092915d
    [TRANSLATED] clf-c18bfee3
  終了=03:40:29  経過=144秒
  チャンク 4: 5件  開始=03:40:29
    [TRANSLATED] dop-52657e7f
    [TRANSLATED] clf-0baa793a
    [TRANSLATED] dop-8a289bf4
    [TRANSLATED] gai-c708d97e
    [TRANSLATED] aif-4e64f139
  終了=03:43:04  経過=155秒
  チャンク 5: 5件  開始=03:43:04
    [TRANSLATED] soa-b229d0f2
    [TRANSLATED] dop-5f609816
    [TRANSLATED] dop-ca0e0f5a
    [TRANSLATED] clf-0e7698b8
    [TRANSLATED] sap-b9a08bf7
  終了=03:46:16  経過=192秒
  チャンク 6: 5件  開始=03:46:17
    [TRANSLATED] dop-a036bd39
    [TRANSLATED] sap-b9383ad1
    [TRANSLATED] soa-c2514913
    [TRANSLATED] mla-f21fd647
    [TRANSLATED] gai-c79e1c75
  終了=03:49:01  経過=164秒

  Questions 完了: OK=0 / 修正=0 / 新規翻訳=30

▶ Tips テーブルを処理中...
  チェック対象: 30件
  チャンク数: 6
  チャンク 1: 5件  開始=03:49:17
    [OK        ] b9e5d2fd-8bde-4f49-a15f-d7f76326a37e
    [OK        ] 8706d8b8-dbe7-4f2c-a427-c60bf04a768a
    [OK        ] 009a5949-a6a4-402f-ad93-e819b19d6e6a
    [OK        ] b591140e-71e7-460a-9908-7f5b8a8d07f8
    [OK        ] 49ba5e11-b11b-43b5-8b2c-dc3879866849
  終了=03:50:58  経過=101秒
  チャンク 2: 5件  開始=03:50:58
    [OK        ] 19f0c257-3fa5-46ab-ad70-4da074d8e046
    [OK        ] 37bb82d4-5081-4b9e-82fc-2cddb87d8bad
    [OK        ] ce72e772-f4fd-4ebd-8834-99b4173c0060
    [OK        ] 9b9dca6e-a856-4d79-9221-bea6517322bb
    [OK        ] 83e79919-c59e-4a9f-bee4-ef1f0adf2eee
  終了=03:52:40  経過=102秒
  チャンク 3: 5件  開始=03:52:40
    [OK        ] 9bc2b48a-2d5d-42bd-ae5b-88581837ba05
    [OK        ] 3773b60c-b156-4799-b088-8c62a67e9cc1
    [OK        ] ef3c7834-30a7-4bbd-ad13-2136f20758dd
    [OK        ] 90b726b5-4c93-4bdf-997a-1b7b6ab0d816
    [OK        ] fad548fc-079e-4dea-ad62-4ac9a371f7db
  終了=03:54:35  経過=115秒
  チャンク 4: 5件  開始=03:54:35
    [OK        ] f5ac2671-fe4f-4d48-bfab-d01adec157f4
    [OK        ] e182c221-3739-42ed-8b3d-1773e4d7968e
    [OK        ] db51b468-75ae-4270-87a9-aa76e82bf6a5
    [OK        ] d48f1af7-3509-4e58-a578-1a1928e6c0f5
    [OK        ] 5d953dd4-9cce-4d72-bff5-84ec2f1a2d90
  終了=03:56:20  経過=105秒
  チャンク 5: 5件  開始=03:56:20
    [OK        ] 58782dd9-9ad7-4e7d-8d15-a72eda00bfc7
    [OK        ] 53d21080-eb8e-4e92-a505-fb15bcb2e2ec
    [OK        ] bf7c9b72-914e-4296-a0ca-b3afedfbbbee
    [OK        ] 9c5d05e4-68fa-4aa5-b6ff-655568f98527
    [OK        ] 72437ba8-b858-4492-91ce-ceb0694fc181
  終了=03:58:03  経過=103秒
  チャンク 6: 5件  開始=03:58:03
    [OK        ] ce480295-07da-4e0d-b2d9-16aa1582ac1f
    [OK        ] 7d3ddbdb-9197-47db-8d2b-6185c73dc7b2
    [OK        ] 959315ef-024d-4203-8ff1-6d313d3a7190
    [OK        ] a6f8030b-1c47-4f4e-b7a0-380f29620856
    [OK        ] 0242d341-9465-4ee9-8c30-e54851486355
  終了=03:59:52  経過=109秒

  Tips 完了: OK=30 / 更新=0

▶ Releases テーブルを処理中...
  チェック対象: 15件
  チャンク数: 3
  チャンク 1: 5件  開始=04:00:07
    [OK        ] 45fff7ac-0adf-4f82-831b-af39222a5a5a
    [OK        ] d4b2f620-db86-4351-8a9e-ae7b2864c3b7
    [OK        ] cccace27-bbbd-4d48-a8e1-53f0ee079db3
    [OK        ] 8ad724a2-eac5-48fd-b6b3-406a5ce6ac5c
    [OK        ] 82c76f7c-2db1-418e-ae6d-43cb7a41d07e
  終了=04:01:59  経過=112秒
  チャンク 2: 5件  開始=04:01:59
    [OK        ] 1b896688-27ee-406e-89d4-54bb0fc8711a
    [OK        ] 654ed42c-f4de-45de-bc82-f5c4e5bb3cd9
    [OK        ] 3a862fc8-12bd-44a0-98aa-444f50e9fcd8
    [OK        ] f71142c0-5666-41eb-93a7-5dfe7f3660a9
    [OK        ] e5869986-99b7-4d0c-915a-01105c6e71ef
  終了=04:03:53  経過=114秒
  チャンク 3: 5件  開始=04:03:53
    [OK        ] 3e609e9d-1369-4b37-8305-6c9e9f0bb055
    [OK        ] 0b18c9a7-6dc1-4c00-9541-9a77cea73747
    [OK        ] 90d02f24-3211-4f24-b224-8154394d4f93
    [OK        ] fa0c698a-5fc0-4f3f-ba57-955c91ade774
    [OK        ] 8b98b943-0a01-4224-91d8-68cc97827502
  終了=04:05:47  経過=114秒

  Releases 完了: OK=15 / 更新=0

==========================================
英訳チェック終了: Thu May 21 04:05:47 JST 2026
==========================================
