==========================================
英訳チェック開始: Sun May 10 02:00:09 JST 2026
バッチサイズ: 30件 / チャンクサイズ: 5件
==========================================

▶ Questions テーブルを処理中...
  チェック対象: 30問
  チャンク数: 6
  チャンク 1: 5件  開始=02:00:27
    [TRANSLATED] gai-f3c2d622
    [TRANSLATED] aif-eec23286
    [TRANSLATED] mla-1f9e7f63
    [TRANSLATED] gai-6928ccec
    [TRANSLATED] gai-4548da73
  終了=02:02:42  経過=135秒
  チャンク 2: 5件  開始=02:02:42
    [TRANSLATED] gai-9425e164
    [TRANSLATED] aif-3ce7554a
    [TRANSLATED] mla-01b8e949
    [TRANSLATED] mla-7302a7d9
    [TRANSLATED] saa-66e19bc9
  終了=02:04:48  経過=126秒
  チャンク 3: 5件  開始=02:04:48
    [TRANSLATED] gai-d6f6cac6
    [TRANSLATED] saa-79f551b2
    [TRANSLATED] mla-9d17cb63
    [TRANSLATED] aif-e535ee5c
    [TRANSLATED] aif-c40b1ce4
  終了=02:08:42  経過=234秒
  チャンク 4: 5件  開始=02:08:42
    [TRANSLATED] mla-71b83979
    [TRANSLATED] saa-32ce8270
    [TRANSLATED] mla-c7bffa6e
    [TRANSLATED] saa-e1723178
    [TRANSLATED] mla-00f97293
  終了=02:10:50  経過=128秒
  チャンク 5: 5件  開始=02:10:50
    [TRANSLATED] mla-7e70b020
    [TRANSLATED] aif-945ecb01
    [TRANSLATED] gai-b4687851
    [TRANSLATED] aif-ce9e4ee1
    [TRANSLATED] aif-8f3a1ed2
  終了=02:13:17  経過=147秒
  チャンク 6: 5件  開始=02:13:17
    [TRANSLATED] aif-6bfedf87
    [TRANSLATED] gai-93c1afef
    [TRANSLATED] mla-56660a40
    [TRANSLATED] mla-cd6e6af8
    [TRANSLATED] aif-c92b2ba5
  終了=02:15:34  経過=137秒

  Questions 完了: OK=0 / 修正=0 / 新規翻訳=30

▶ Tips テーブルを処理中...
  チェック対象: 30件
  チャンク数: 6
  チャンク 1: 5件  開始=02:15:50
    [OK        ] 8171e774-6911-4ac9-b76c-465b3dd8128f
    [OK        ] f8eabcb1-fff8-4b06-950f-e5915708c946
    [OK        ] ef330087-ed1d-4990-86c0-1f3d096602fb
    [OK        ] 95121fb3-8b9e-4f93-8c53-62e386ccbcd2
    [OK        ] 6a9a24af-0563-4860-ba8c-3278b827a4b1
  終了=02:17:31  経過=101秒
  チャンク 2: 5件  開始=02:17:31
    [OK        ] 38785b90-f4cf-4569-be4c-c0a3a4e4bc1c
    [OK        ] 61b91696-5ebb-49df-8eac-dd734e1b4717
    [OK        ] d7654674-2812-4ef3-8b59-d8b832be0be0
    [OK        ] ee4bdac1-0df0-45dc-b062-c5178d6a3eeb
    [OK        ] 808c2112-754a-4dc4-9b8d-31469ad3b046
  終了=02:19:08  経過=97秒
  チャンク 3: 5件  開始=02:19:08
    [OK        ] 5cab6377-f948-417e-b78c-6d8211218e65
    [OK        ] 3b22fe8c-31a9-4757-9ea5-eb93786cab17
    [OK        ] cc5d6388-4df5-4106-9481-8f129112a48a
    [OK        ] 2be83f6b-b068-48b7-aa4b-3cc7ec8a1d3f
    [OK        ] 134b33c6-3ff3-4403-836a-fca59986185b
  終了=02:20:44  経過=96秒
  チャンク 4: 5件  開始=02:20:44
    [OK        ] e4774905-a050-4bb9-b2ac-c38a75eb77b3
    [OK        ] dac149ba-73cb-4215-a469-5a0d9548aae0
    [OK        ] 972cec0b-6eca-4c88-99f7-58787e722d2c
    [OK        ] 990074bb-9d95-4a56-8671-3310a6ea1e4c
    [OK        ] 6d26245a-71c3-4da1-a98f-3e6d7750184c
  終了=02:22:19  経過=95秒
  チャンク 5: 5件  開始=02:22:19
    [OK        ] 89171f3a-600a-4e3a-81fe-680d4d3c1a16
    [OK        ] 21deb9d1-5245-4c4f-acdb-aceed51b69df
    [OK        ] 24d8a2e4-4f1a-40a3-9dee-629163febb20
    [OK        ] a39b211a-0f35-42ca-ab20-c0d10bb63874
    [OK        ] f02e163c-a81c-46d9-99af-9ad91224c10a
  終了=02:24:08  経過=109秒
  チャンク 6: 5件  開始=02:24:08
    [OK        ] 745132cf-fcd8-4528-af11-01d61fbdb54d
    [OK        ] c38752e0-a444-4171-a994-f80c0cd9381f
    [OK        ] 86e0fca6-f272-40c4-9845-5356b5f67300
    [OK        ] e532238b-64bb-481c-acff-2e80301594d0
    [OK        ] a3971fd8-ed00-4aae-b5e7-6fd0f08cbcce
  終了=02:26:21  経過=133秒

  Tips 完了: OK=30 / 更新=0

▶ Releases テーブルを処理中...
  チェック対象: 9件
  チャンク数: 2
  チャンク 1: 5件  開始=02:26:37
    [OK        ] 1b896688-27ee-406e-89d4-54bb0fc8711a
    [OK        ] 654ed42c-f4de-45de-bc82-f5c4e5bb3cd9
    [OK        ] 3a862fc8-12bd-44a0-98aa-444f50e9fcd8
    [OK        ] f71142c0-5666-41eb-93a7-5dfe7f3660a9
    [OK        ] 8b98b943-0a01-4224-91d8-68cc97827502
  終了=02:28:24  経過=107秒
  チャンク 2: 4件  開始=02:28:24
    [OK        ] 3e609e9d-1369-4b37-8305-6c9e9f0bb055
    [OK        ] 0b18c9a7-6dc1-4c00-9541-9a77cea73747
    [OK        ] 90d02f24-3211-4f24-b224-8154394d4f93
    [OK        ] fa0c698a-5fc0-4f3f-ba57-955c91ade774
  終了=02:29:55  経過=91秒

  Releases 完了: OK=9 / 更新=0

==========================================
英訳チェック終了: Sun May 10 02:29:55 JST 2026
==========================================
