==========================================
英訳チェック開始: Thu Apr 30 23:32:20 JST 2026
バッチサイズ: 5件 / チャンクサイズ: 5件
==========================================

▶ Questions テーブルを処理中...
  チェック対象: 5問
  チャンク数: 1
  チャンク 1: 5件
    [TRANSLATED] sap-c8f4595c
    [TRANSLATED] sap-754290ae
    [TRANSLATED] sap-021374b7
    [TRANSLATED] sap-5b873e33
    [TRANSLATED] sap-70bdd3ef

  Questions 完了: OK=0 / 修正=0 / 新規翻訳=5

▶ Tips テーブルを処理中...
  チェック対象: 5件
  チャンク数: 1
  チャンク 1: 5件
    [TRANSLATED] 3b22fe8c-31a9-4757-9ea5-eb93786cab17
    [TRANSLATED] e4774905-a050-4bb9-b2ac-c38a75eb77b3
    [TRANSLATED] dac149ba-73cb-4215-a469-5a0d9548aae0
    [TRANSLATED] 972cec0b-6eca-4c88-99f7-58787e722d2c
    [TRANSLATED] 990074bb-9d95-4a56-8671-3310a6ea1e4c

  Tips 完了: 5件更新

▶ Releases テーブルを処理中...
  チェック対象: 5件
  チャンク数: 1
  チャンク 1: 5件
    [TRANSLATED] 654ed42c-f4de-45de-bc82-f5c4e5bb3cd9
    [TRANSLATED] 3e609e9d-1369-4b37-8305-6c9e9f0bb055
    [TRANSLATED] 0b18c9a7-6dc1-4c00-9541-9a77cea73747
    [TRANSLATED] 90d02f24-3211-4f24-b224-8154394d4f93
    [TRANSLATED] fa0c698a-5fc0-4f3f-ba57-955c91ade774

  Releases 完了: 5件更新

==========================================
英訳チェック終了: Thu Apr 30 23:42:41 JST 2026
==========================================
