=== 2026-06-08 02:55:16 | 01-generate-questions.sh | exit:0 ===
==========================================
問題自動生成 開始: Mon Jun  8 02:20:07 JST 2026
==========================================
対象資格: CLF SAA SAP DVA SOA DEA DOP AIF MLA GAI ANS SCS OCIAA
問題数キャッシュを使用...
  CLF: 233問 (キャッシュ)
  SAA: 211問 (キャッシュ)
  SAP: 228問 (キャッシュ)
  DVA: 224問 (キャッシュ)
  SOA: 213問 (キャッシュ)
  DEA: 214問 (キャッシュ)
  DOP: 349問 (キャッシュ)
  AIF: 238問 (キャッシュ)
  MLA: 227問 (キャッシュ)
  GAI: 217問 (キャッシュ)
  ANS: 227問 (キャッシュ)
  SCS: 210問 (キャッシュ)
  OCIAA: 183問 (キャッシュ)
選択: OCIAA (現在183問 — 最少)
⚠️  OCIAA のドメイン定義がありません
