=== 2026-06-23 02:45:53 | 99-send-report.sh | exit:0 ===
==========================================
日次レポート生成 開始: 2026-06-23 02:10 JST
==========================================

--- [1] AWS資格公式情報 変更チェック ---
  フェーズ1完了: has_changes=False
  直近3日以内の変更声明なし

--- [2] 夜間スクリプト成果集計 ---
  生成: 合計 10問生成
  妥当性: 合計: 問題なし=10問 / 自動修正=25問 / 削除=0問
  通報: 2026-06-22: 4件処理

--- [3] DynamoDB稼働状況 ---
  総問題数: 3169 問
  未妥当性確認: 20 問
  未解決通報: 2 件
  資格別:
  CLF: 253問
  AIF: 256問
  SAA: 263問
  DVA: 252問
  SOA: 251問
  DEA: 251問
  MLA: 254問
  SAP: 253問
  DOP: 349問
  AIP: 254問
  SCS: 264問
  ANS: 269問

--- [4] canary テスト ---
  ✅ PASS (passed=13 failed=0 warnings=0)
  失敗詳細:
      ログ:    s3://mugenknock-error-logs/canary-logs/staging/20260623-021124.log
      サマリー: s3://mugenknock-error-logs/canary-logs/staging/20260623-021124.json

--- [5] メール送信 ---
  ✅ メール送信完了 → mugenknock@gmail.com

==========================================
日次レポート 完了: 2026-06-23 02:12 JST
==========================================
