=== 2026-06-13 01:59:53 | 01-generate-questions.sh | exit:0 ===
==========================================
問題自動生成 開始: Sat Jun 13 01:30:04 JST 2026
==========================================
対象資格: CLF SAA SAP DVA SOA DEA DOP AIF MLA GAI ANS SCS
問題数キャッシュを使用...
  CLF: 233問 (キャッシュ)
  SAA: 231問 (キャッシュ)
  SAP: 228問 (キャッシュ)
  DVA: 239問 (キャッシュ)
  SOA: 239問 (キャッシュ)
  DEA: 227問 (キャッシュ)
  DOP: 349問 (キャッシュ)
  AIF: 238問 (キャッシュ)
  MLA: 227問 (キャッシュ)
  GAI: 230問 (キャッシュ)
  ANS: 227問 (キャッシュ)
  SCS: 234問 (キャッシュ)
選択: DEA (現在227問 — 最少)
ドメイン数: 4  /  基本 5問/ドメイン（重み付きで配分）  /  合計予算 20問
開始ドメイン: [0] データの取り込みと変換

--- Cognito 認証中 ---
✓ 認証完了

--- ドメイン別問題数を取得・割り当て計算中 ---
  データの取り込みと変換: 55問
  データストアの管理: 56問
  データのセキュリティとガバナンス: 57問
  データオペレーションとサポート: 59問

ドメイン別生成数（逆数重み付き割り当て）:
  7問 → データの取り込みと変換 (現在55問)
  6問 → データストアの管理 (現在56問)
  5問 → データのセキュリティとガバナンス (現在57問)
  2問 → データオペレーションとサポート (現在59問)
  合計: 20問

--- [データの取り込みと変換] 7問 生成中 --- 開始=01:30:38
⚠️  レート制限を検出。残りをスキップ
出力: You've hit your session limit · resets 6:30am (Asia/Tokyo)
  終了=01:56:44  経過=1566秒

合計インポート: 0問 / 20問

--- 問題数キャッシュを再構築中（DynamoDBから正確な値を取得）---
  CLF: 233問
  SAA: 231問
  SAP: 228問
  DVA: 239問
  SOA: 239問
  DEA: 227問
  DOP: 349問
  AIF: 238問
  MLA: 227問
  GAI: 230問
  ANS: 227問
  SCS: 234問
キャッシュ更新完了
=== 2026-06-13 07:06:24 | 01-generate-questions.sh | exit:0 ===
==========================================
問題自動生成 開始: Sat Jun 13 06:32:08 JST 2026
==========================================
対象資格: CLF SAA SAP DVA SOA DEA DOP AIF MLA GAI ANS SCS
問題数キャッシュを使用...
  CLF: 233問 (キャッシュ)
  SAA: 231問 (キャッシュ)
  SAP: 228問 (キャッシュ)
  DVA: 239問 (キャッシュ)
  SOA: 239問 (キャッシュ)
  DEA: 227問 (キャッシュ)
  DOP: 349問 (キャッシュ)
  AIF: 238問 (キャッシュ)
  MLA: 227問 (キャッシュ)
  GAI: 230問 (キャッシュ)
  ANS: 227問 (キャッシュ)
  SCS: 234問 (キャッシュ)
選択: DEA (現在227問 — 最少)
ドメイン数: 4  /  基本 5問/ドメイン（重み付きで配分）  /  合計予算 20問
開始ドメイン: [0] データの取り込みと変換

--- Cognito 認証中 ---
✓ 認証完了

--- ドメイン別問題数を取得・割り当て計算中 ---
  データの取り込みと変換: 55問
  データストアの管理: 56問
  データのセキュリティとガバナンス: 57問
  データオペレーションとサポート: 59問

ドメイン別生成数（逆数重み付き割り当て）:
  7問 → データの取り込みと変換 (現在55問)
  6問 → データストアの管理 (現在56問)
  5問 → データのセキュリティとガバナンス (現在57問)
  2問 → データオペレーションとサポート (現在59問)
  合計: 20問

--- [データの取り込みと変換] 7問 生成中 --- 開始=06:32:41
  抽出: 7問 → APIインポート中...
  ✓ チャンク1 インポート成功: 7件: dea-cbb4cc88, dea-e4f3d5c1, dea-0ada5d22...
  [データの取り込みと変換] 合計 7/7問 インポート
  終了=06:40:46  経過=485秒

--- [データストアの管理] 6問 生成中 --- 開始=06:40:46
  抽出: 6問 → APIインポート中...
  ✓ チャンク1 インポート成功: 6件: dea-03d903a3, dea-db197f24, dea-f7797037...
  [データストアの管理] 合計 6/6問 インポート
  終了=06:50:34  経過=588秒

--- [データオペレーションとサポート] 2問 生成中 --- 開始=06:50:34
  抽出: 2問 → APIインポート中...
  ✓ チャンク1 インポート成功: 2件: dea-a20311cf, dea-26900f14
  [データオペレーションとサポート] 合計 2/2問 インポート
  終了=06:54:51  経過=257秒

--- [データのセキュリティとガバナンス] 5問 生成中 --- 開始=06:54:51
⚠️  レート制限を検出。残りをスキップ
出力: You've hit your session limit · resets 11:30am (Asia/Tokyo)
  終了=07:03:15  経過=504秒

合計インポート: 15問 / 20問

--- 問題数キャッシュを再構築中（DynamoDBから正確な値を取得）---
  CLF: 233問
  SAA: 231問
  SAP: 228問
  DVA: 239問
  SOA: 239問
  DEA: 242問
  DOP: 349問
  AIF: 238問
  MLA: 227問
  GAI: 230問
  ANS: 227問
  SCS: 234問
キャッシュ更新完了
