=== 2026-06-19 02:24:33 | 01-generate-questions.sh | exit:0 ===
==========================================
問題自動生成 開始: Fri Jun 19 02:00:11 JST 2026
==========================================
対象資格: CLF SAA SAP DVA SOA DEA DOP AIF MLA GAI ANS SCS
問題数キャッシュを使用...
  CLF: 253問 (キャッシュ)
  SAA: 245問 (キャッシュ)
  SAP: 243問 (キャッシュ)
  DVA: 252問 (キャッシュ)
  SOA: 239問 (キャッシュ)
  DEA: 242問 (キャッシュ)
  DOP: 349問 (キャッシュ)
  AIF: 246問 (キャッシュ)
  MLA: 249問 (キャッシュ)
  GAI: 245問 (キャッシュ)
  ANS: 239問 (キャッシュ)
  SCS: 240問 (キャッシュ)
選択: SOA (現在239問 — 最少)
ドメイン数: 5  /  基本 5問/ドメイン（重み付きで配分）  /  合計予算 25問
開始ドメイン: [3] セキュリティとコンプライアンス

--- Cognito 認証中 ---
✓ 認証完了

--- ドメイン別問題数を取得・割り当て計算中 ---
  セキュリティとコンプライアンス: 41問
  デプロイ、プロビジョニング、および自動化: 49問
  モニタリング、ロギング、分析、修復、およびパフォーマンスの最適化: 49問
  信頼性とビジネス継続性: 50問
  ネットワークとコンテンツ配信: 50問

ドメイン別生成数（逆数重み付き割り当て）:
  12問 → セキュリティとコンプライアンス (現在41問)
  4問 → モニタリング、ロギング、分析、修復、およびパフォーマンスの最適化 (現在49問)
  4問 → デプロイ、プロビジョニング、および自動化 (現在49問)
  3問 → 信頼性とビジネス継続性 (現在50問)
  2問 → ネットワークとコンテンツ配信 (現在50問)
  合計: 25問
処理順（問題数少ない順）: セキュリティとコンプライアンス,デプロイ、プロビジョニング、および自動化,モニタリング、ロギング、分析、修復、およびパフォーマンスの最適化,信頼性とビジネス継続性,ネットワークとコンテンツ配信

--- [セキュリティとコンプライアンス] 12問 生成中 (3問×4チャンク) --- 開始=02:00:45
  チャンク 1/4: 3問 生成中...
  抽出: 3問 → APIインポート中...
  ✓ チャンク1 インポート成功: 3件: soa-231d897e, soa-ed40a991, soa-43f73041
  チャンク 2/4: 3問 生成中...
  抽出: 3問 → APIインポート中...
  ✓ チャンク2 インポート成功: 3件: soa-ef4c43da, soa-f214b661, soa-ba3a3725
  チャンク 3/4: 3問 生成中...
  抽出: 3問 → APIインポート中...
  ✓ チャンク3 インポート成功: 3件: soa-f1b27999, soa-04ab5cd2, soa-73818399
  チャンク 4/4: 3問 生成中...
  抽出: 3問 → APIインポート中...
  ✓ チャンク4 インポート成功: 3件: soa-11bc68e6, soa-a156dd41, soa-9c490236
  [セキュリティとコンプライアンス] 合計 12/12問 インポート
  終了=02:21:23  経過=1238秒

--- [デプロイ、プロビジョニング、および自動化] 4問 生成中 --- 開始=02:21:23
⚠️  レート制限を検出。残りをスキップ
出力: You've hit your session limit · resets 7am (Asia/Tokyo)
  終了=02:21:25  経過=2秒

合計インポート: 12問 / 25問

--- 問題数キャッシュを再構築中（DynamoDBから正確な値を取得）---
  CLF: 253問
  SAA: 245問
  SAP: 243問
  DVA: 252問
  SOA: 251問
  DEA: 242問
  DOP: 349問
  AIF: 246問
  MLA: 249問
  GAI: 245問
  ANS: 239問
  SCS: 240問
キャッシュ更新完了
