=== 2026-06-22 01:48:30 | 99-send-report.sh | exit:0 ===
==========================================
日次レポート生成 開始: 2026-06-22 01:10 JST
==========================================

--- [1] AWS資格公式情報 変更チェック ---
  フェーズ1完了: has_changes=False
  直近3日以内の変更声明なし

--- [2] 夜間スクリプト成果集計 ---
  生成: 合計 0問生成
  妥当性: 合計: 問題なし=21問 / 自動修正=29問 / 削除=0問
  通報: 2026-06-21: 4件処理

--- [3] DynamoDB稼働状況 ---
  総問題数: 3115 問
  未妥当性確認: 0 問
  未解決通報: 4 件
  資格別:
  CLF: 253問
  AIF: 246問
  SAA: 263問
  DVA: 252問
  SOA: 251問
  DEA: 251問
  MLA: 249問
  SAP: 249問
  DOP: 349問
  AIP: 254問
  SCS: 249問
  ANS: 249問

--- [4] canary テスト ---
  ✅ PASS (passed=13 failed=0 warnings=0)
  失敗詳細:
      ログ:    s3://mugenknock-error-logs/canary-logs/staging/20260622-011110.log
      サマリー: s3://mugenknock-error-logs/canary-logs/staging/20260622-011110.json

--- [5] メール送信 ---
  ✅ メール送信完了 → mugenknock@gmail.com

==========================================
日次レポート 完了: 2026-06-22 01:11 JST
==========================================
