=== 2026-06-10 05:41:10 | 01-generate-questions.sh | exit:0 ===
==========================================
問題自動生成 開始: Wed Jun 10 05:30:08 JST 2026
==========================================
対象資格: CLF SAA SAP DVA SOA DEA DOP AIF MLA GAI ANS SCS
問題数キャッシュを使用...
  CLF: 233問 (キャッシュ)
  SAA: 223問 (キャッシュ)
  SAP: 228問 (キャッシュ)
  DVA: 224問 (キャッシュ)
  SOA: 224問 (キャッシュ)
  DEA: 222問 (キャッシュ)
  DOP: 349問 (キャッシュ)
  AIF: 238問 (キャッシュ)
  MLA: 227問 (キャッシュ)
  GAI: 217問 (キャッシュ)
  ANS: 227問 (キャッシュ)
  SCS: 222問 (キャッシュ)
選択: GAI (現在217問 — 最少)
ドメイン数: 5  /  基本 5問/ドメイン（重み付きで配分）  /  合計予算 25問
開始ドメイン: [4] テスト、検証、トラブルシューティング

--- Cognito 認証中 ---
✓ 認証完了

--- ドメイン別問題数を取得・割り当て計算中 ---
  基盤モデルの統合、データ管理、コンプライアンス: 40問
  テスト、検証、トラブルシューティング: 42問
  AIの安全性、セキュリティ、ガバナンス: 43問
  実装と統合: 44問
  生成AIアプリケーションの運用効率と最適化: 48問

ドメイン別生成数（逆数重み付き割り当て）:
  9問 → 基盤モデルの統合、データ管理、コンプライアンス (現在40問)
  7問 → テスト、検証、トラブルシューティング (現在42問)
  5問 → AIの安全性、セキュリティ、ガバナンス (現在43問)
  4問 → 実装と統合 (現在44問)
  0問 → 生成AIアプリケーションの運用効率と最適化 (現在48問)
  合計: 25問

--- [テスト、検証、トラブルシューティング] 7問 生成中 (5問×2チャンク) --- 開始=05:30:42
  チャンク 1/2: 5問 生成中...
  抽出: 5問 → APIインポート中...
  ✓ チャンク1 インポート成功: 5件: gai-1ad67ba1, gai-b198e84a, gai-30b1bcc5...
  チャンク 2/2: 2問 生成中...
⚠️  レート制限を検出。残りをスキップ
出力: You've hit your session limit · resets 10am (Asia/Tokyo)
  終了=05:38:00  経過=438秒

合計インポート: 0問 / 25問

--- 問題数キャッシュを再構築中（DynamoDBから正確な値を取得）---
  CLF: 233問
  SAA: 223問
  SAP: 228問
  DVA: 224問
  SOA: 224問
  DEA: 222問
  DOP: 349問
  AIF: 238問
  MLA: 227問
  GAI: 222問
  ANS: 227問
  SCS: 222問
キャッシュ更新完了
