=== 2026-05-29 01:19:46 | 05-check-daily-services.sh | exit:0 ===
==========================================
日めくりサービス体裁チェック開始: Fri May 29 01:00:06 JST 2026
バッチサイズ: 30件 / チャンクサイズ: 8件
==========================================
チェック対象: 30件
チャンク数: 4

--- チャンク 1/4: 8件  開始=01:00:23 ---
  [DELETE] _schedule_: name・shortName・category・description・triviaすべて空。serviceId自体がプレースホルダーで実サービスのエントリではない
  [FIX  ] svc-quicksight-48: descriptionとtriviaで複数特徴/事実が句点のみで区切られており\nが欠如 → 変更: description, trivia
  [FIX  ] svc-backup-54: descriptionとtriviaで複数特徴/事実が句点のみで区切られており\nが欠如 → 変更: description, trivia
  [FIX  ] svc-neptune-55: descriptionとtriviaで複数特徴/事実が句点のみで区切られており\nが欠如 → 変更: description, trivia
  [FIX  ] svc-kinesis-18: descriptionが143字で上限120字超過。triviaの複数事実にも\nが欠如 → 変更: description, trivia
  [FIX  ] svc-keyspaces-104: triviaの1番目と2番目の事実の間に\nが欠如 → 変更: trivia
  [FIX  ] svc-personalize-102: triviaの2番目と3番目の事実の間に\nが欠如 → 変更: trivia
  [FIX  ] svc-elasticache-20: descriptionとtriviaで複数特徴/事実が句点のみで区切られており\nが欠如 → 変更: description, trivia
  → 更新完了: OK=0 修正=7 削除=1
  終了=01:09:12  経過=529秒

--- チャンク 2/4: 8件  開始=01:09:12 ---
⚠️  チャンク 2 でエラー（exit 1）。このチャンクをスキップして続行
stderr: 
stdout: You've hit your session limit · resets 6am (Asia/Tokyo)

--- チャンク 3/4: 8件  開始=01:09:15 ---
⚠️  チャンク 3 でエラー（exit 1）。このチャンクをスキップして続行
stderr: 
stdout: You've hit your session limit · resets 6am (Asia/Tokyo)

--- チャンク 4/4: 6件  開始=01:09:17 ---
⚠️  チャンク 4 でエラー（exit 1）。このチャンクをスキップして続行
stderr: 
stdout: You've hit your session limit · resets 6am (Asia/Tokyo)

完了サマリー: 問題なし=0件 / 自動修正=7件 / 削除=1件

==========================================
チェック終了: Fri May 29 01:09:19 JST 2026
==========================================
=== 2026-05-29 06:17:29 | 05-check-daily-services.sh | exit:0 ===
==========================================
日めくりサービス体裁チェック開始: Fri May 29 06:00:05 JST 2026
バッチサイズ: 30件 / チャンクサイズ: 8件
==========================================
チェック対象: 30件
チャンク数: 4

--- チャンク 1/4: 8件  開始=06:00:22 ---
  [FIX  ] svc-firewall-manager-96: triviaの3つの事実のうち2番目と3番目の間に\nが欠落 → 変更: trivia
  [FIX  ] svc-compute-optimizer-81: descriptionとtriviaの複数特徴・事実が\nで区切られていない → 変更: description, trivia
  [FIX  ] svc-guardduty-39: descriptionとtriviaの複数特徴・事実が\nで区切られていない → 変更: description, trivia
  [FIX  ] svc-macie-62: descriptionの語尾「支援します」→「支援する」に統一、description・triviaの複数特徴が\nで区切られていない → 変更: description, trivia
  [FIX  ] svc-appflow-82: descriptionとtriviaの複数特徴・事実が\nで区切られていない → 変更: description, trivia
  [FIX  ] svc-organizations-38: descriptionとtriviaの複数特徴・事実が\nで区切られていない → 変更: description, trivia
  [FIX  ] svc-dms-43: descriptionとtriviaの複数特徴・事実が\nで区切られていない → 変更: description, trivia
  [FIX  ] svc-timestream-65: descriptionとtriviaの複数特徴・事実が\nで区切られていない → 変更: description, trivia
  → 更新完了: OK=0 修正=8 削除=0
  終了=06:07:56  経過=454秒

--- チャンク 2/4: 8件  開始=06:07:56 ---
  [FIX  ] 2ca534b1-a776-424a-8d0f-0d7a05aab154: descriptionとtriviaに複数特徴があるが\nで区切られていない → 変更: description, trivia
  [OK   ] svc-app-runner-88
  [FIX  ] svc-redshift-19: descriptionとtriviaに複数特徴があるが\nで区切られていない → 変更: description, trivia
  [FIX  ] svc-bedrock-14: description121字で上限120字超過、かつdescription・triviaともに\n区切りなし → 変更: description, trivia
  [FIX  ] svc-secrets-manager-40: descriptionとtriviaに複数特徴があるが\nで区切られていない → 変更: description, trivia
  [FIX  ] 37a9abeb-8fd3-4549-b88d-485144978ef8: descriptionとtriviaに複数特徴があるが\nで区切られていない → 変更: description, trivia
  [FIX  ] svc-shield-46: descriptionとtriviaに複数特徴があるが\nで区切られていない → 変更: description, trivia
  [FIX  ] svc-direct-connect-42: descriptionとtriviaに複数特徴があるが\nで区切られていない → 変更: description, trivia
  → 更新完了: OK=1 修正=7 削除=0
  終了=06:14:16  経過=380秒

--- チャンク 3/4: 8件  開始=06:14:16 ---
⚠️  チャンク 3 でエラー（exit 1）。このチャンクをスキップして続行
stderr: 
stdout: You've hit your session limit · resets 10:30am (Asia/Tokyo)

--- チャンク 4/4: 6件  開始=06:14:18 ---
⚠️  チャンク 4 でエラー（exit 1）。このチャンクをスキップして続行
stderr: 
stdout: You've hit your session limit · resets 10:30am (Asia/Tokyo)

完了サマリー: 問題なし=1件 / 自動修正=15件 / 削除=0件

==========================================
チェック終了: Fri May 29 06:14:20 JST 2026
==========================================
