=== 2026-06-08 02:55:16 | 01-generate-oci-questions.sh | exit:0 ===
==========================================
OCI問題自動生成 開始: Mon Jun  8 02:20:07 JST 2026
試験: OCIAA
==========================================

--- Cognito 認証中 ---
✓ 認証完了

--- ドメイン別問題数を取得中 ---
  可観測性と管理: 1問
  コンピュート: 20問
  OCIアーキテクチャ: 28問
  ストレージ: 28問
  アイデンティティとアクセス管理: 50問
  ネットワーキング: 56問
ドメイン数: 10  /  基本 5問/ドメイン（重み付きで配分）  /  合計予算 50問
開始ドメイン: [0] OCIアーキテクチャ

ドメイン別生成数（逆数重み付き割り当て）:
  11問 → データベース (現在0問)
  10問 → セキュリティ (現在0問)
  10問 → アプリケーション統合 (現在0問)
  10問 → コンテナとファンクション (現在0問)
  9問 → 可観測性と管理 (現在1問)
  0問 → OCIアーキテクチャ (現在28問)
  0問 → コンピュート (現在20問)
  0問 → ストレージ (現在28問)
  0問 → ネットワーキング (現在56問)
  0問 → アイデンティティとアクセス管理 (現在50問)
  合計: 50問

--- [OCIアーキテクチャ] 0問 生成中 --- 開始=02:20:41
  [OCIアーキテクチャ] 合計 0/0問 インポート
  終了=02:20:41  経過=0秒

--- [コンピュート] 0問 生成中 --- 開始=02:20:41
  [コンピュート] 合計 0/0問 インポート
  終了=02:20:41  経過=0秒

--- [ストレージ] 0問 生成中 --- 開始=02:20:41
  [ストレージ] 合計 0/0問 インポート
  終了=02:20:41  経過=0秒

--- [ネットワーキング] 0問 生成中 --- 開始=02:20:41
  [ネットワーキング] 合計 0/0問 インポート
  終了=02:20:41  経過=0秒

--- [アイデンティティとアクセス管理] 0問 生成中 --- 開始=02:20:41
  [アイデンティティとアクセス管理] 合計 0/0問 インポート
  終了=02:20:41  経過=0秒

--- [データベース] 11問 生成中 (3問×4チャンク) --- 開始=02:20:41
  チャンク 1/4: 3問 生成中...
  抽出: 3問 → APIインポート中...
  ✓ チャンク1 インポート成功: 3件: ociaa-ee9afab3, ociaa-bb4f2618, ociaa-003ea7a4
  チャンク 2/4: 3問 生成中...
  抽出: 3問 → APIインポート中...
  ✓ チャンク2 インポート成功: 3件: ociaa-4c10d3fd, ociaa-7cb4501b, ociaa-8f814cd9
  チャンク 3/4: 3問 生成中...
  抽出: 3問 → APIインポート中...
  ✓ チャンク3 インポート成功: 3件: ociaa-f36b93b5, ociaa-9e4ed809, ociaa-8e7afe85
  チャンク 4/4: 2問 生成中...
  抽出: 2問 → APIインポート中...
  ✓ チャンク4 インポート成功: 2件: ociaa-937dfcda, ociaa-765ce5f9
  [データベース] 合計 11/11問 インポート
  終了=02:38:54  経過=1093秒

--- [セキュリティ] 10問 生成中 (3問×4チャンク) --- 開始=02:38:54
  チャンク 1/4: 3問 生成中...
  抽出: 3問 → APIインポート中...
  ✓ チャンク1 インポート成功: 3件: ociaa-f3f88859, ociaa-cbc63dbe, ociaa-1afef841
  チャンク 2/4: 3問 生成中...
  抽出: 3問 → APIインポート中...
  ✓ チャンク2 インポート成功: 3件: ociaa-16b9cb8a, ociaa-f2fe6add, ociaa-c4e00bf8
  チャンク 3/4: 3問 生成中...
⚠️  レート制限を検出。残りをスキップ
出力: You've hit your session limit · resets 7:20am (Asia/Tokyo)
  終了=02:55:16  経過=982秒

合計インポート: 11問 / 50問

==========================================
完了: Mon Jun  8 02:55:16 JST 2026
==========================================
