=== 2026-06-03 00:56:15 | 01-generate-questions.sh | exit:0 ===
==========================================
問題自動生成 開始: Wed Jun  3 00:30:05 JST 2026
==========================================
対象資格: CLF SAA SAP DVA SOA DEA DOP AIF MLA GAI ANS SCS
問題数キャッシュを使用...
  CLF: 229問 (キャッシュ)
  SAA: 211問 (キャッシュ)
  SAP: 203問 (キャッシュ)
  DVA: 204問 (キャッシュ)
  SOA: 206問 (キャッシュ)
  DEA: 185問 (キャッシュ)
  DOP: 333問 (キャッシュ)
  AIF: 208問 (キャッシュ)
  MLA: 207問 (キャッシュ)
  GAI: 202問 (キャッシュ)
  ANS: 180問 (キャッシュ)
  SCS: 185問 (キャッシュ)
選択: ANS (現在180問 — 最少)
ドメイン数: 4  /  基本 5問/ドメイン（重み付きで配分）  /  合計予算 20問
開始ドメイン: [1] ネットワーク実装

--- Cognito 認証中 ---
✓ 認証完了

--- ドメイン別問題数を取得・割り当て計算中 ---
  ネットワークのセキュリティ、コンプライアンス、ガバナンス: 41問
  ネットワーク実装: 42問
  ネットワーク設計: 47問
  ネットワーク管理と運用: 50問

ドメイン別生成数（逆数重み付き割り当て）:
  9問 → ネットワークのセキュリティ、コンプライアンス、ガバナンス (現在41問)
  8問 → ネットワーク実装 (現在42問)
  3問 → ネットワーク設計 (現在47問)
  0問 → ネットワーク管理と運用 (現在50問)
  合計: 20問

--- [ネットワーク実装] 8問 生成中 (5問×2チャンク) --- 開始=00:30:38
  チャンク 1/2: 5問 生成中...
  抽出: 5問 → APIインポート中...
  ✓ チャンク1 インポート成功: 5件: ans-d2e23e7a, ans-bc594300, ans-b9f95916...
  チャンク 2/2: 3問 生成中...
  抽出: 3問 → APIインポート中...
  ✓ チャンク2 インポート成功: 3件: ans-6a91d86d, ans-7f414451, ans-fecd9aea
  [ネットワーク実装] 合計 8/8問 インポート
  終了=00:44:34  経過=836秒

--- [ネットワーク管理と運用] 0問 生成中 --- 開始=00:44:34
  [ネットワーク管理と運用] 合計 0/0問 インポート
  終了=00:44:34  経過=0秒

--- [ネットワークのセキュリティ、コンプライアンス、ガバナンス] 9問 生成中 (5問×2チャンク) --- 開始=00:44:34
  チャンク 1/2: 5問 生成中...
⚠️  レート制限を検出。残りをスキップ
出力: You've hit your session limit · resets 5:30am (Asia/Tokyo)
  🔒 レート制限ロックファイル記録: 2026-06-03 05:30 JST
  終了=00:53:07  経過=513秒

合計インポート: 8問 / 20問

--- 問題数キャッシュを再構築中（DynamoDBから正確な値を取得）---
  CLF: 229問
  SAA: 211問
  SAP: 203問
  DVA: 204問
  SOA: 206問
  DEA: 185問
  DOP: 333問
  AIF: 208問
  MLA: 207問
  GAI: 202問
  ANS: 188問
  SCS: 185問
キャッシュ更新完了
=== 2026-06-03 06:04:00 | 01-generate-questions.sh | exit:0 ===
==========================================
問題自動生成 開始: Wed Jun  3 05:32:05 JST 2026
==========================================
対象資格: CLF SAA SAP DVA SOA DEA DOP AIF MLA GAI ANS SCS
問題数キャッシュを使用...
  CLF: 229問 (キャッシュ)
  SAA: 211問 (キャッシュ)
  SAP: 203問 (キャッシュ)
  DVA: 204問 (キャッシュ)
  SOA: 206問 (キャッシュ)
  DEA: 185問 (キャッシュ)
  DOP: 333問 (キャッシュ)
  AIF: 208問 (キャッシュ)
  MLA: 207問 (キャッシュ)
  GAI: 202問 (キャッシュ)
  ANS: 188問 (キャッシュ)
  SCS: 185問 (キャッシュ)
選択: DEA (現在185問 — 最少)
ドメイン数: 4  /  基本 5問/ドメイン（重み付きで配分）  /  合計予算 20問
開始ドメイン: [1] データストアの管理

--- Cognito 認証中 ---
✓ 認証完了

--- ドメイン別問題数を取得・割り当て計算中 ---
  データストアの管理: 46問
  データオペレーションとサポート: 46問
  データのセキュリティとガバナンス: 46問
  データの取り込みと変換: 47問

ドメイン別生成数（逆数重み付き割り当て）:
  6問 → データストアの管理 (現在46問)
  5問 → データオペレーションとサポート (現在46問)
  5問 → データのセキュリティとガバナンス (現在46問)
  4問 → データの取り込みと変換 (現在47問)
  合計: 20問

--- [データストアの管理] 6問 生成中 (5問×2チャンク) --- 開始=05:32:38
  チャンク 1/2: 5問 生成中...
  抽出: 5問 → APIインポート中...
  ✓ チャンク1 インポート成功: 5件: dea-7fd2903f, dea-7dde4e1d, dea-feb189ac...
  チャンク 2/2: 1問 生成中...
  抽出: 1問 → APIインポート中...
  ✓ チャンク2 インポート成功: 1件: dea-90c8afb8
  [データストアの管理] 合計 6/6問 インポート
  終了=05:40:09  経過=451秒

--- [データオペレーションとサポート] 5問 生成中 --- 開始=05:40:09
  抽出: 5問 → APIインポート中...
  ✓ チャンク1 インポート成功: 5件: dea-492c34c6, dea-f5c39234, dea-c41e9cc3...
  [データオペレーションとサポート] 合計 5/5問 インポート
  終了=05:51:05  経過=656秒

--- [データのセキュリティとガバナンス] 5問 生成中 --- 開始=05:51:05
  抽出: 5問 → APIインポート中...
  ✓ チャンク1 インポート成功: 5件: dea-b29013b7, dea-ebfa1e50, dea-119266e9...
  [データのセキュリティとガバナンス] 合計 5/5問 インポート
  終了=05:59:56  経過=531秒

--- [データの取り込みと変換] 4問 生成中 --- 開始=05:59:56
⚠️  レート制限を検出。残りをスキップ
出力: You've hit your session limit · resets 10:30am (Asia/Tokyo)
  🔒 レート制限ロックファイル記録: 2026-06-03 10:30 JST
  終了=05:59:58  経過=2秒

合計インポート: 16問 / 20問

--- 問題数キャッシュを再構築中（DynamoDBから正確な値を取得）---
  CLF: 229問
  SAA: 211問
  SAP: 203問
  DVA: 204問
  SOA: 206問
  DEA: 201問
  DOP: 333問
  AIF: 208問
  MLA: 207問
  GAI: 202問
  ANS: 188問
  SCS: 185問
キャッシュ更新完了
