=== 2026-06-20 03:45:56 | 01-generate-questions.sh | exit:0 ===
==========================================
問題自動生成 開始: Sat Jun 20 03:00:15 JST 2026
==========================================
対象資格: CLF SAA SAP DVA SOA DEA DOP AIF MLA GAI ANS SCS
問題数キャッシュを使用...
  CLF: 253問 (キャッシュ)
  SAA: 245問 (キャッシュ)
  SAP: 243問 (キャッシュ)
  DVA: 252問 (キャッシュ)
  SOA: 251問 (キャッシュ)
  DEA: 251問 (キャッシュ)
  DOP: 349問 (キャッシュ)
  AIF: 246問 (キャッシュ)
  MLA: 249問 (キャッシュ)
  GAI: 245問 (キャッシュ)
  ANS: 243問 (キャッシュ)
  SCS: 243問 (キャッシュ)
選択: SAP (現在243問 — 最少)
ドメイン数: 4  /  基本 5問/ドメイン（重み付きで配分）  /  合計予算 20問
開始ドメイン: [3] ワークロードの移行とモダン化の加速

--- Cognito 認証中 ---
✓ 認証完了

--- ドメイン別問題数を取得・割り当て計算中 ---
  既存のソリューションの継続的改善: 56問
  新しいソリューションのための設計: 57問
  ワークロードの移行とモダン化の加速: 60問
  組織の複雑さに対応する設計: 70問

ドメイン別生成数（逆数重み付き割り当て）:
  9問 → 既存のソリューションの継続的改善 (現在56問)
  7問 → 新しいソリューションのための設計 (現在57問)
  4問 → ワークロードの移行とモダン化の加速 (現在60問)
  0問 → 組織の複雑さに対応する設計 (現在70問)
  合計: 20問
処理順（問題数少ない順）: 既存のソリューションの継続的改善,新しいソリューションのための設計,ワークロードの移行とモダン化の加速,組織の複雑さに対応する設計

--- [既存のソリューションの継続的改善] 9問 生成中 (3問×3チャンク) --- 開始=03:00:49
  チャンク 1/3: 3問 生成中...
  抽出: 3問 → APIインポート中...
  ✓ チャンク1 インポート成功: 3件: sap-92bc469c, sap-e5863545, sap-2da7b62c
  チャンク 2/3: 3問 生成中...
  抽出: 3問 → APIインポート中...
  ✓ チャンク2 インポート成功: 3件: sap-d3e6e398, sap-bf1a22b3, sap-9be8df78
  チャンク 3/3: 3問 生成中...
⚠️  レート制限を検出。残りをスキップ
出力: You've hit your session limit · resets 8am (Asia/Tokyo)
  終了=03:42:48  経過=2520秒

合計インポート: 0問 / 20問

--- 問題数キャッシュを再構築中（DynamoDBから正確な値を取得）---
  CLF: 253問
  SAA: 245問
  SAP: 249問
  DVA: 252問
  SOA: 251問
  DEA: 251問
  DOP: 349問
  AIF: 246問
  MLA: 249問
  GAI: 245問
  ANS: 243問
  SCS: 243問
キャッシュ更新完了
