=== 2026-05-30 01:55:41 | 01-generate-questions.sh | exit:0 ===
==========================================
問題自動生成 開始: Sat May 30 01:30:08 JST 2026
==========================================
対象資格: CLF SAA SAP DVA SOA DEA DOP AIF MLA GAI ANS SCS
問題数キャッシュを使用...
  CLF: 230問 (キャッシュ)
  SAA: 211問 (キャッシュ)
  SAP: 205問 (キャッシュ)
  DVA: 205問 (キャッシュ)
  SOA: 206問 (キャッシュ)
  DEA: 120問 (キャッシュ)
  DOP: 334問 (キャッシュ)
  AIF: 209問 (キャッシュ)
  MLA: 209問 (キャッシュ)
  GAI: 205問 (キャッシュ)
  ANS: 117問 (キャッシュ)
  SCS: 127問 (キャッシュ)
選択: ANS (現在117問 — 最少)
ドメイン数: 4  /  基本 5問/ドメイン（重み付きで配分）  /  合計予算 20問
開始ドメイン: [0] ネットワーク設計

--- Cognito 認証中 ---
✓ 認証完了

--- ドメイン別問題数を取得・割り当て計算中 ---
  ネットワーク管理と運用: 28問
  ネットワークのセキュリティ、コンプライアンス、ガバナンス: 29問
  ネットワーク設計: 30問
  ネットワーク実装: 30問

ドメイン別生成数（逆数重み付き割り当て）:
  7問 → ネットワーク管理と運用 (現在28問)
  5問 → ネットワークのセキュリティ、コンプライアンス、ガバナンス (現在29問)
  4問 → ネットワーク設計 (現在30問)
  4問 → ネットワーク実装 (現在30問)
  合計: 20問

--- [ネットワーク設計] 4問 生成中 --- 開始=01:30:41
  抽出: 4問 → APIインポート中...
  ✓ チャンク1 インポート成功: 4件: ans-00016d66, ans-86dd9103, ans-d026d99b...
  [ネットワーク設計] 合計 4/4問 インポート
  終了=01:39:27  経過=526秒

--- [ネットワーク実装] 4問 生成中 --- 開始=01:39:27
  抽出: 4問 → APIインポート中...
  ✓ チャンク1 インポート成功: 4件: ans-50fbf2fc, ans-3997a08c, ans-a30f6834...
  [ネットワーク実装] 合計 4/4問 インポート
  終了=01:45:14  経過=347秒

--- [ネットワーク管理と運用] 7問 生成中 (5問×2チャンク) --- 開始=01:45:14
  チャンク 1/2: 5問 生成中...
  抽出: 5問 → APIインポート中...
  ✓ チャンク1 インポート成功: 5件: ans-5a09c41d, ans-78a1da1d, ans-297ab65d...
  チャンク 2/2: 2問 生成中...
  抽出: 2問 → APIインポート中...
  ✓ チャンク2 インポート成功: 2件: ans-2070e0a6, ans-3188149a
  [ネットワーク管理と運用] 合計 7/7問 インポート
  終了=01:52:29  経過=435秒

--- [ネットワークのセキュリティ、コンプライアンス、ガバナンス] 5問 生成中 --- 開始=01:52:29
⚠️  レート制限を検出。残りをスキップ
出力: You've hit your session limit · resets 6:30am (Asia/Tokyo)
  🔒 レート制限ロックファイル記録: 2026-05-30 06:30 JST
  終了=01:52:31  経過=2秒

合計インポート: 15問 / 20問

--- 問題数キャッシュを再構築中（DynamoDBから正確な値を取得）---
  CLF: 230問
  SAA: 211問
  SAP: 205問
  DVA: 205問
  SOA: 206問
  DEA: 120問
  DOP: 334問
  AIF: 209問
  MLA: 209問
  GAI: 205問
  ANS: 132問
  SCS: 127問
キャッシュ更新完了
=== 2026-05-30 07:11:02 | 01-generate-questions.sh | exit:0 ===
==========================================
問題自動生成 開始: Sat May 30 06:32:09 JST 2026
==========================================
対象資格: CLF SAA SAP DVA SOA DEA DOP AIF MLA GAI ANS SCS
問題数キャッシュを使用...
  CLF: 230問 (キャッシュ)
  SAA: 211問 (キャッシュ)
  SAP: 205問 (キャッシュ)
  DVA: 205問 (キャッシュ)
  SOA: 206問 (キャッシュ)
  DEA: 120問 (キャッシュ)
  DOP: 334問 (キャッシュ)
  AIF: 209問 (キャッシュ)
  MLA: 209問 (キャッシュ)
  GAI: 205問 (キャッシュ)
  ANS: 132問 (キャッシュ)
  SCS: 127問 (キャッシュ)
選択: DEA (現在120問 — 最少)
ドメイン数: 4  /  基本 5問/ドメイン（重み付きで配分）  /  合計予算 20問
開始ドメイン: [0] データの取り込みと変換

--- Cognito 認証中 ---
✓ 認証完了

--- ドメイン別問題数を取得・割り当て計算中 ---
  データのセキュリティとガバナンス: 28問
  データの取り込みと変換: 29問
  データストアの管理: 30問
  データオペレーションとサポート: 33問

ドメイン別生成数（逆数重み付き割り当て）:
  7問 → データのセキュリティとガバナンス (現在28問)
  6問 → データの取り込みと変換 (現在29問)
  5問 → データストアの管理 (現在30問)
  2問 → データオペレーションとサポート (現在33問)
  合計: 20問

--- [データの取り込みと変換] 6問 生成中 (5問×2チャンク) --- 開始=06:32:42
  チャンク 1/2: 5問 生成中...
  抽出: 5問 → APIインポート中...
  ✓ チャンク1 インポート成功: 5件: dea-0e703daf, dea-f26c42cf, dea-91291f17...
  チャンク 2/2: 1問 生成中...
  抽出: 1問 → APIインポート中...
  ✓ チャンク2 インポート成功: 1件: dea-8dacb305
  [データの取り込みと変換] 合計 6/6問 インポート
  終了=06:40:40  経過=478秒

--- [データストアの管理] 5問 生成中 --- 開始=06:40:40
  抽出: 5問 → APIインポート中...
  ✓ チャンク1 インポート成功: 5件: dea-c6462991, dea-046c3f0a, dea-eb626ce8...
  [データストアの管理] 合計 5/5問 インポート
  終了=06:45:52  経過=312秒

--- [データオペレーションとサポート] 2問 生成中 --- 開始=06:45:52
  抽出: 2問 → APIインポート中...
  ✓ チャンク1 インポート成功: 2件: dea-cfed9c38, dea-19b2a8f0
  [データオペレーションとサポート] 合計 2/2問 インポート
  終了=06:48:08  経過=136秒

--- [データのセキュリティとガバナンス] 7問 生成中 (5問×2チャンク) --- 開始=06:48:08
  チャンク 1/2: 5問 生成中...
  抽出: 5問 → APIインポート中...
  ✓ チャンク1 インポート成功: 5件: dea-59cde7be, dea-8f601812, dea-910b49f4...
  チャンク 2/2: 2問 生成中...
  抽出: 2問 → APIインポート中...
  ✓ チャンク2 インポート成功: 2件: dea-80f0ea94, dea-cfd11a13
  [データのセキュリティとガバナンス] 合計 7/7問 インポート
  終了=06:54:06  経過=358秒

合計インポート: 20問 / 20問

--- 問題数キャッシュを再構築中（DynamoDBから正確な値を取得）---
  CLF: 230問
  SAA: 211問
  SAP: 205問
  DVA: 205問
  SOA: 206問
  DEA: 140問
  DOP: 334問
  AIF: 209問
  MLA: 209問
  GAI: 205問
  ANS: 132問
  SCS: 127問
キャッシュ更新完了
インポート完了: DEA +20問

==========================================
完了: Sat May 30 06:57:16 JST 2026
==========================================
