=== 2026-06-26 00:50:06 | 99-send-report.sh | exit:0 ===
==========================================
日次レポート生成 開始: 2026-06-26 00:10 JST
==========================================

--- [1] AWS資格公式情報 変更チェック ---
  フェーズ1完了: has_changes=False
  直近3日以内の変更声明なし

--- [2] 夜間スクリプト成果集計 ---
  生成: 合計 29問生成
  妥当性: 合計: 問題なし=8問 / 自動修正=27問 / 削除=0問
  通報: 2026-06-24: 1件処理

--- [3] DynamoDB稼働状況 ---
  総問題数: 3262 問
  未妥当性確認: 3 問
  未解決通報: 1 件
  資格別:
  CLF: 273問
  AIF: 261問
  SAA: 263問
  DVA: 259問
  SOA: 261問
  DEA: 258問
  MLA: 274問
  SAP: 264問
  DOP: 352問
  AIP: 264問
  SCS: 264問
  ANS: 269問

--- [4] canary テスト ---
  ✅ PASS (passed=13 failed=0 warnings=0)
  失敗詳細:
      ログ:    s3://mugenknock-error-logs/canary-logs/staging/20260626-001115.log
      サマリー: s3://mugenknock-error-logs/canary-logs/staging/20260626-001115.json

--- [5] メール送信 ---
  ✅ メール送信完了 → mugenknock@gmail.com

==========================================
日次レポート 完了: 2026-06-26 00:12 JST
==========================================
