=== 2026-06-25 05:01:07 | 01-generate-questions.sh | exit:0 ===
==========================================
問題自動生成 開始: Thu Jun 25 04:24:47 JST 2026
==========================================
対象資格: CLF SAA SAP DVA SOA DEA DOP AIF MLA AIP ANS SCS
問題数キャッシュを使用...
  CLF: 272問 (キャッシュ)
  SAA: 263問 (キャッシュ)
  SAP: 264問 (キャッシュ)
  DVA: 259問 (キャッシュ)
  SOA: 258問 (キャッシュ)
  DEA: 258問 (キャッシュ)
  DOP: 349問 (キャッシュ)
  AIF: 256問 (キャッシュ)
  MLA: 274問 (キャッシュ)
  AIP: 254問 (キャッシュ)
  ANS: 269問 (キャッシュ)
  SCS: 264問 (キャッシュ)
選択: AIP (現在254問 — 最少)
試験ガイドURL: https://aws.amazon.com/jp/certification/certified-generative-ai-developer-professional/
ドメイン数: 5  /  基本 5問/ドメイン（重み付きで配分）  /  合計予算 25問
開始ドメイン: [3] 生成AIアプリケーションの運用効率と最適化

--- Cognito 認証中 ---
✓ 認証完了

--- ドメイン別問題数を取得・割り当て計算中 ---
  基盤モデルの統合、データ管理、コンプライアンス: 43問
  AIの安全性、セキュリティ、ガバナンス: 46問
  テスト、検証、トラブルシューティング: 46問
  生成AIアプリケーションの運用効率と最適化: 50問
  実装と統合: 69問

ドメイン別生成数（逆数重み付き割り当て）:
  10問 → 基盤モデルの統合、データ管理、コンプライアンス (現在43問)
  7問 → AIの安全性、セキュリティ、ガバナンス (現在46問)
  6問 → テスト、検証、トラブルシューティング (現在46問)
  2問 → 生成AIアプリケーションの運用効率と最適化 (現在50問)
  0問 → 実装と統合 (現在69問)
  合計: 25問
処理順（問題数少ない順）: 基盤モデルの統合、データ管理、コンプライアンス,AIの安全性、セキュリティ、ガバナンス,テスト、検証、トラブルシューティング,生成AIアプリケーションの運用効率と最適化,実装と統合

--- [基盤モデルの統合、データ管理、コンプライアンス] 10問 生成中 (5問×2チャンク) --- 開始=04:25:21
  チャンク 1/2: 5問 生成中...
  抽出: 5問 → APIインポート中...
  ✓ チャンク1 インポート成功: 5件: aip-9554759c, aip-fc96b933, aip-5719cb69...
  チャンク 2/2: 5問 生成中...
  抽出: 5問 → APIインポート中...
  ✓ チャンク2 インポート成功: 5件: aip-1ff93185, aip-3b17c08f, aip-8666eb87...
  [基盤モデルの統合、データ管理、コンプライアンス] 合計 10/10問 インポート
  終了=04:57:58  経過=1957秒

--- [AIの安全性、セキュリティ、ガバナンス] 7問 生成中 --- 開始=04:57:58
⚠️  レート制限を検出。残りをスキップ
出力: You've hit your session limit · resets 9:10am (Asia/Tokyo)
  終了=04:58:01  経過=3秒

合計インポート: 10問 / 25問

--- 問題数キャッシュを再構築中（DynamoDBから正確な値を取得）---
  CLF: 272問
  SAA: 263問
  SAP: 264問
  DVA: 259問
  SOA: 258問
  DEA: 258問
  DOP: 349問
  AIF: 256問
  MLA: 274問
  AIP: 264問
  ANS: 269問
  SCS: 264問
キャッシュ更新完了
