=== 2026-06-15 03:38:26 | 01-generate-questions.sh | exit:0 ===
==========================================
問題自動生成 開始: Mon Jun 15 03:00:07 JST 2026
==========================================
対象資格: CLF SAA SAP DVA SOA DEA DOP AIF MLA GAI ANS SCS
問題数キャッシュを使用...
  CLF: 233問 (キャッシュ)
  SAA: 231問 (キャッシュ)
  SAP: 234問 (キャッシュ)
  DVA: 239問 (キャッシュ)
  SOA: 239問 (キャッシュ)
  DEA: 242問 (キャッシュ)
  DOP: 349問 (キャッシュ)
  AIF: 238問 (キャッシュ)
  MLA: 233問 (キャッシュ)
  GAI: 235問 (キャッシュ)
  ANS: 231問 (キャッシュ)
  SCS: 234問 (キャッシュ)
選択: SAA (現在231問 — 最少)
ドメイン数: 4  /  基本 5問/ドメイン（重み付きで配分）  /  合計予算 20問
開始ドメイン: [3] コスト最適化されたアーキテクチャの設計

--- Cognito 認証中 ---
✓ 認証完了

--- ドメイン別問題数を取得・割り当て計算中 ---
  コスト最適化されたアーキテクチャの設計: 49問
  弾力性に優れたアーキテクチャの設計: 60問
  高性能なアーキテクチャの設計: 60問
  セキュアなアーキテクチャの設計: 62問

ドメイン別生成数（逆数重み付き割り当て）:
  14問 → コスト最適化されたアーキテクチャの設計 (現在49問)
  3問 → 弾力性に優れたアーキテクチャの設計 (現在60問)
  3問 → 高性能なアーキテクチャの設計 (現在60問)
  0問 → セキュアなアーキテクチャの設計 (現在62問)
  合計: 20問
処理順（問題数少ない順）: コスト最適化されたアーキテクチャの設計,弾力性に優れたアーキテクチャの設計,高性能なアーキテクチャの設計,セキュアなアーキテクチャの設計

--- [コスト最適化されたアーキテクチャの設計] 14問 生成中 (5問×3チャンク) --- 開始=03:00:41
  チャンク 1/3: 5問 生成中...
  抽出: 5問 → APIインポート中...
  ✓ チャンク1 インポート成功: 5件: saa-4f6c71c0, saa-3acb37ff, saa-d803e277...
  チャンク 2/3: 5問 生成中...
  抽出: 5問 → APIインポート中...
  ✓ チャンク2 インポート成功: 5件: saa-ed9fddfa, saa-330ee9e8, saa-1c60f1ed...
  チャンク 3/3: 4問 生成中...
  抽出: 4問 → APIインポート中...
  ✓ チャンク3 インポート成功: 4件: saa-e824567a, saa-aa8e8b85, saa-48e721d5...
  [コスト最適化されたアーキテクチャの設計] 合計 14/14問 インポート
  終了=03:35:16  経過=2075秒

--- [弾力性に優れたアーキテクチャの設計] 3問 生成中 --- 開始=03:35:16
⚠️  レート制限を検出。残りをスキップ
出力: You've hit your session limit · resets 8am (Asia/Tokyo)
  終了=03:35:18  経過=2秒

合計インポート: 14問 / 20問

--- 問題数キャッシュを再構築中（DynamoDBから正確な値を取得）---
  CLF: 233問
  SAA: 245問
  SAP: 234問
  DVA: 239問
  SOA: 239問
  DEA: 242問
  DOP: 349問
  AIF: 238問
  MLA: 233問
  GAI: 235問
  ANS: 231問
  SCS: 234問
キャッシュ更新完了
