=== 2026-06-26 00:50:06 | refresh-exam-guide-monthly.sh | exit:0 ===
==========================================
試験ガイド更新: Fri Jun 26 00:50:06 JST 2026
対象: CLF AIF SAA DVA SOA DEA MLA SAP DOP AIP SCS ANS
==========================================
⏭  CLF: 5日前に更新済み（< 30日）→ スキップ
⏭  AIF: 5日前に更新済み（< 30日）→ スキップ
⏭  SAA: 5日前に更新済み（< 30日）→ スキップ
⏭  DVA: 5日前に更新済み（< 30日）→ スキップ
⏭  SOA: 5日前に更新済み（< 30日）→ スキップ
⏭  DEA: 5日前に更新済み（< 30日）→ スキップ
⏭  MLA: 5日前に更新済み（< 30日）→ スキップ
⏭  SAP: 5日前に更新済み（< 30日）→ スキップ
⏭  DOP: 5日前に更新済み（< 30日）→ スキップ
⏭  AIP: 5日前に更新済み（< 30日）→ スキップ
⏭  SCS: 5日前に更新済み（< 30日）→ スキップ
⏭  ANS: 5日前に更新済み（< 30日）→ スキップ

==========================================
完了: Fri Jun 26 00:50:06 JST 2026
==========================================
