=== 2026-06-16 04:34:01 | 01-generate-questions.sh | exit:0 ===
==========================================
問題自動生成 開始: Tue Jun 16 04:00:05 JST 2026
==========================================
対象資格: CLF SAA SAP DVA SOA DEA DOP AIF MLA GAI ANS SCS
問題数キャッシュを使用...
  CLF: 253問 (キャッシュ)
  SAA: 245問 (キャッシュ)
  SAP: 234問 (キャッシュ)
  DVA: 239問 (キャッシュ)
  SOA: 239問 (キャッシュ)
  DEA: 242問 (キャッシュ)
  DOP: 349問 (キャッシュ)
  AIF: 238問 (キャッシュ)
  MLA: 233問 (キャッシュ)
  GAI: 235問 (キャッシュ)
  ANS: 239問 (キャッシュ)
  SCS: 234問 (キャッシュ)
選択: MLA (現在233問 — 最少)
ドメイン数: 4  /  基本 5問/ドメイン（重み付きで配分）  /  合計予算 20問
開始ドメイン: [2] MLワークフローのデプロイとオーケストレーション

--- Cognito 認証中 ---
✓ 認証完了

--- ドメイン別問題数を取得・割り当て計算中 ---
  MLソリューションの監視、メンテナンス、セキュリティ: 46問
  MLモデルの開発: 59問
  機械学習のためのデータ準備: 59問
  MLワークフローのデプロイとオーケストレーション: 69問

ドメイン別生成数（逆数重み付き割り当て）:
  16問 → MLソリューションの監視、メンテナンス、セキュリティ (現在46問)
  2問 → 機械学習のためのデータ準備 (現在59問)
  2問 → MLモデルの開発 (現在59問)
  0問 → MLワークフローのデプロイとオーケストレーション (現在69問)
  合計: 20問
処理順（問題数少ない順）: MLソリューションの監視、メンテナンス、セキュリティ,MLモデルの開発,機械学習のためのデータ準備,MLワークフローのデプロイとオーケストレーション

--- [MLソリューションの監視、メンテナンス、セキュリティ] 16問 生成中 (5問×3チャンク) --- 開始=04:00:38
  チャンク 1/3: 6問 生成中...
  抽出: 6問 → APIインポート中...
  ✓ チャンク1 インポート成功: 6件: mla-6badf959, mla-fba53f72, mla-eda3cab7...
  チャンク 2/3: 5問 生成中...
  抽出: 5問 → APIインポート中...
  ✓ チャンク2 インポート成功: 5件: mla-6a70d54d, mla-8eebef1f, mla-457cd18c...
  チャンク 3/3: 5問 生成中...
  抽出: 5問 → APIインポート中...
  ✓ チャンク3 インポート成功: 5件: mla-4d377fc0, mla-4cf9057f, mla-e1dda90d...
  [MLソリューションの監視、メンテナンス、セキュリティ] 合計 16/16問 インポート
  終了=04:30:51  経過=1813秒

--- [MLモデルの開発] 2問 生成中 --- 開始=04:30:51
⚠️  レート制限を検出。残りをスキップ
出力: You've hit your session limit · resets 9am (Asia/Tokyo)
  終了=04:30:52  経過=1秒

合計インポート: 16問 / 20問

--- 問題数キャッシュを再構築中（DynamoDBから正確な値を取得）---
  CLF: 253問
  SAA: 245問
  SAP: 234問
  DVA: 239問
  SOA: 239問
  DEA: 242問
  DOP: 349問
  AIF: 238問
  MLA: 249問
  GAI: 235問
  ANS: 239問
  SCS: 234問
キャッシュ更新完了
