=== 2026-06-09 05:07:37 | 01-generate-questions.sh | exit:0 ===
==========================================
問題自動生成 開始: Tue Jun  9 04:30:09 JST 2026
==========================================
対象資格: CLF SAA SAP DVA SOA DEA DOP AIF MLA GAI ANS SCS
問題数キャッシュを使用...
  CLF: 233問 (キャッシュ)
  SAA: 211問 (キャッシュ)
  SAP: 228問 (キャッシュ)
  DVA: 224問 (キャッシュ)
  SOA: 213問 (キャッシュ)
  DEA: 214問 (キャッシュ)
  DOP: 349問 (キャッシュ)
  AIF: 238問 (キャッシュ)
  MLA: 227問 (キャッシュ)
  GAI: 217問 (キャッシュ)
  ANS: 227問 (キャッシュ)
  SCS: 222問 (キャッシュ)
選択: SAA (現在211問 — 最少)
ドメイン数: 4  /  基本 5問/ドメイン（重み付きで配分）  /  合計予算 20問
開始ドメイン: [2] 高性能なアーキテクチャの設計

--- Cognito 認証中 ---
✓ 認証完了

--- ドメイン別問題数を取得・割り当て計算中 ---
  コスト最適化されたアーキテクチャの設計: 44問
  高性能なアーキテクチャの設計: 49問
  弾力性に優れたアーキテクチャの設計: 56問
  セキュアなアーキテクチャの設計: 62問

ドメイン別生成数（逆数重み付き割り当て）:
  13問 → コスト最適化されたアーキテクチャの設計 (現在44問)
  7問 → 高性能なアーキテクチャの設計 (現在49問)
  0問 → セキュアなアーキテクチャの設計 (現在62問)
  0問 → 弾力性に優れたアーキテクチャの設計 (現在56問)
  合計: 20問

--- [高性能なアーキテクチャの設計] 7問 生成中 (5問×2チャンク) --- 開始=04:31:05
  チャンク 1/2: 5問 生成中...
  抽出: 5問 → APIインポート中...
  ✓ チャンク1 インポート成功: 5件: saa-77743785, saa-a3af8339, saa-9ffb145e...
  チャンク 2/2: 2問 生成中...
  抽出: 2問 → APIインポート中...
  ✓ チャンク2 インポート成功: 2件: saa-8f1ed47f, saa-3bf70c23
  [高性能なアーキテクチャの設計] 合計 7/7問 インポート
  終了=04:46:09  経過=904秒

--- [コスト最適化されたアーキテクチャの設計] 13問 生成中 (5問×3チャンク) --- 開始=04:46:09
  チャンク 1/3: 5問 生成中...
  抽出: 5問 → APIインポート中...
  ✓ チャンク1 インポート成功: 5件: saa-0867bdd0, saa-48f2a24d, saa-32a59c70...
  チャンク 2/3: 5問 生成中...
⚠️  レート制限を検出。残りをスキップ
出力: You've hit your session limit · resets 9:30am (Asia/Tokyo)
  終了=05:03:51  経過=1062秒

合計インポート: 7問 / 20問

--- 問題数キャッシュを再構築中（DynamoDBから正確な値を取得）---
  CLF: 233問
  SAA: 223問
  SAP: 228問
  DVA: 224問
  SOA: 213問
  DEA: 214問
  DOP: 349問
  AIF: 238問
  MLA: 227問
  GAI: 217問
  ANS: 227問
  SCS: 222問
キャッシュ更新完了
