=== 2026-06-25 05:01:07 | 99-send-report.sh | exit:0 ===
==========================================
日次レポート生成 開始: 2026-06-25 04:10 JST
==========================================

--- [1] AWS資格公式情報 変更チェック ---
  フェーズ1完了: has_changes=False
  直近3日以内の変更声明なし

--- [2] 夜間スクリプト成果集計 ---
  生成: 合計 26問生成
  妥当性: 合計: 問題なし=5問 / 自動修正=15問 / 削除=0問
  通報: 2026-06-24: 1件処理

--- [3] DynamoDB稼働状況 ---
  総問題数: 3240 問
  未妥当性確認: 16 問
  未解決通報: 1 件
  資格別:
  CLF: 272問
  AIF: 256問
  SAA: 263問
  DVA: 259問
  SOA: 258問
  DEA: 258問
  MLA: 274問
  SAP: 264問
  DOP: 349問
  AIP: 254問
  SCS: 264問
  ANS: 269問

--- [4] canary テスト ---
  ✅ PASS (passed=13 failed=0 warnings=0)
  失敗詳細:
      ログ:    s3://mugenknock-error-logs/canary-logs/staging/20260625-041115.log
      サマリー: s3://mugenknock-error-logs/canary-logs/staging/20260625-041115.json

--- [5] メール送信 ---
  ✅ メール送信完了 → mugenknock@gmail.com

==========================================
日次レポート 完了: 2026-06-25 04:12 JST
==========================================
